====== 찬짳-鞭u-づ 쩧놓 ====== 2017/11/27 12:45:00 
쯷퐑쪿쨁쩧놓:  TRUE FALSE FALSE FALSE TRUE 
쯷퐑쪿짾⒝쨁쩧놓:  TRUE FALSE FALSE 
====== 찬짳-鞭u-づ 쩧놓 ====== 2017/11/28 08:45:00 
쯷퐑쪿쨁쩧놓:  TRUE FALSE FALSE FALSE FALSE 
쯷퐑쪿짾⒝쨁쩧놓:  TRUE FALSE FALSE 
====== 찬짳-鞭u-づ 쩧놓 ====== 2017/11/28 09:45:00 
쯷퐑쪿쨁쩧놓:  TRUE FALSE FALSE FALSE FALSE 
쯷퐑쪿짾⒝쨁쩧놓:  TRUE FALSE FALSE 
====== 찬짳-鞭u-づ 쩧놓 ====== 2017/11/28 10:45:00 
쯷퐑쪿쨁쩧놓:  TRUE FALSE FALSE FALSE FALSE 
쯷퐑쪿짾⒝쨁쩧놓:  TRUE FALSE FALSE 
====== 찬짳-鞭u-づ 쩧놓 ====== 2017/11/28 11:45:00 
쯷퐑쪿쨁쩧놓:  TRUE FALSE FALSE FALSE FALSE 
쯷퐑쪿짾⒝쨁쩧놓:  TRUE FALSE FALSE 
====== 찬짳-鞭u-づ 쩧놓 ====== 2017/11/28 12:45:00 
쯷퐑쪿쨁쩧놓:  TRUE FALSE FALSE FALSE FALSE 
쯷퐑쪿짾⒝쨁쩧놓:  TRUE FALSE FALSE 
====== 찬짳-鞭u-づ 쩧놓 ====== 2017/11/29 08:45:00 
쯷퐑쪿쨁쩧놓:  TRUE TRUE FALSE TRUE FALSE 
쯷퐑쪿짾⒝쨁쩧놓:  TRUE TRUE FALSE 
====== 찬짳-鞭u-づ 쩧놓 ====== 2017/11/29 09:45:00 
쯷퐑쪿쨁쩧놓:  TRUE TRUE FALSE FALSE TRUE 
쯷퐑쪿짾⒝쨁쩧놓:  TRUE TRUE FALSE 
====== 찬짳-鞭u-づ 쩧놓 ====== 2017/11/29 10:45:00 
쯷퐑쪿쨁쩧놓:  TRUE TRUE FALSE FALSE TRUE 
쯷퐑쪿짾⒝쨁쩧놓:  TRUE TRUE FALSE 
====== 찬짳-鞭u-づ 쩧놓 ====== 2017/11/29 11:45:00 
쯷퐑쪿쨁쩧놓:  TRUE FALSE FALSE FALSE TRUE 
쯷퐑쪿짾⒝쨁쩧놓:  TRUE FALSE FALSE 
====== 찬짳-鞭u-づ 쩧놓 ====== 2017/11/29 12:45:00 
쯷퐑쪿쨁쩧놓:  TRUE TRUE FALSE FALSE TRUE 
쯷퐑쪿짾⒝쨁쩧놓:  TRUE TRUE FALSE 
====== 찬짳-鞭u-づ 쩧놓 ====== 2017/11/30 08:45:00 
쯷퐑쪿쨁쩧놓:  TRUE FALSE TRUE FALSE FALSE 
쯷퐑쪿짾⒝쨁쩧놓:  TRUE FALSE FALSE 
====== 찬짳-鞭u-づ 쩧놓 ====== 2017/11/30 09:45:00 
쯷퐑쪿쨁쩧놓:  TRUE FALSE TRUE FALSE FALSE 
쯷퐑쪿짾⒝쨁쩧놓:  TRUE FALSE FALSE 
====== 찬짳-鞭u-づ 쩧놓 ====== 2017/11/30 10:45:00 
쯷퐑쪿쨁쩧놓:  TRUE FALSE TRUE FALSE FALSE 
쯷퐑쪿짾⒝쨁쩧놓:  TRUE FALSE FALSE 
====== 찬짳-鞭u-づ 쩧놓 ====== 2017/11/30 11:45:00 
쯷퐑쪿쨁쩧놓:  TRUE FALSE TRUE FALSE FALSE 
쯷퐑쪿짾⒝쨁쩧놓:  TRUE FALSE FALSE 
====== 찬짳-鞭u-づ 쩧놓 ====== 2017/11/30 12:45:00 
쯷퐑쪿쨁쩧놓:  TRUE FALSE TRUE FALSE FALSE 
쯷퐑쪿짾⒝쨁쩧놓:  TRUE FALSE FALSE 
====== 찬짳-鞭u-づ 쩧놓 ====== 2017/12/01 08:45:00 
쯷퐑쪿쨁쩧놓:  TRUE FALSE TRUE FALSE FALSE 
쯷퐑쪿짾⒝쨁쩧놓:  TRUE FALSE FALSE 
====== 찬짳-鞭u-づ 쩧놓 ====== 2017/12/01 09:45:00 
쯷퐑쪿쨁쩧놓:  TRUE FALSE TRUE TRUE FALSE 
쯷퐑쪿짾⒝쨁쩧놓:  TRUE FALSE FALSE 
====== 찬짳-鞭u-づ 쩧놓 ====== 2017/12/01 10:45:00 
쯷퐑쪿쨁쩧놓:  TRUE FALSE TRUE TRUE FALSE 
쯷퐑쪿짾⒝쨁쩧놓:  TRUE FALSE FALSE 
====== 찬짳-鞭u-づ 쩧놓 ====== 2017/12/01 11:45:00 
쯷퐑쪿쨁쩧놓:  TRUE TRUE TRUE TRUE FALSE 
쯷퐑쪿짾⒝쨁쩧놓:  TRUE TRUE FALSE 
====== 찬짳-鞭u-づ 쩧놓 ====== 2017/12/01 12:45:00 
쯷퐑쪿쨁쩧놓:  TRUE TRUE TRUE TRUE FALSE 
쯷퐑쪿짾⒝쨁쩧놓:  TRUE TRUE FALSE 
====== 찬짳-鞭u-づ 쩧놓 ====== 2017/11/27 12:45:00 
쯷퐑쪿쨁쩧놓:  TRUE FALSE FALSE FALSE TRUE 
쯷퐑쪿짾⒝쨁쩧놓:  TRUE FALSE FALSE 
====== 찬짳-鞭u-づ 쩧놓 ====== 2017/11/28 08:45:00 
쯷퐑쪿쨁쩧놓:  TRUE FALSE FALSE FALSE FALSE 
쯷퐑쪿짾⒝쨁쩧놓:  TRUE FALSE FALSE 
====== 찬짳-鞭u-づ 쩧놓 ====== 2017/11/28 09:45:00 
쯷퐑쪿쨁쩧놓:  TRUE FALSE FALSE FALSE FALSE 
쯷퐑쪿짾⒝쨁쩧놓:  TRUE FALSE FALSE 
====== 찬짳-鞭u-づ 쩧놓 ====== 2017/11/28 10:45:00 
쯷퐑쪿쨁쩧놓:  TRUE FALSE FALSE FALSE FALSE 
쯷퐑쪿짾⒝쨁쩧놓:  TRUE FALSE FALSE 
====== 찬짳-鞭u-づ 쩧놓 ====== 2017/11/28 11:45:00 
쯷퐑쪿쨁쩧놓:  TRUE FALSE FALSE FALSE FALSE 
쯷퐑쪿짾⒝쨁쩧놓:  TRUE FALSE FALSE 
====== 찬짳-鞭u-づ 쩧놓 ====== 2017/11/28 12:45:00 
쯷퐑쪿쨁쩧놓:  TRUE FALSE FALSE FALSE FALSE 
쯷퐑쪿짾⒝쨁쩧놓:  TRUE FALSE FALSE 
====== 찬짳-鞭u-づ 쩧놓 ====== 2017/11/29 08:45:00 
쯷퐑쪿쨁쩧놓:  TRUE TRUE FALSE TRUE FALSE 
쯷퐑쪿짾⒝쨁쩧놓:  TRUE TRUE FALSE 
====== 찬짳-鞭u-づ 쩧놓 ====== 2017/11/29 09:45:00 
쯷퐑쪿쨁쩧놓:  TRUE TRUE FALSE FALSE TRUE 
쯷퐑쪿짾⒝쨁쩧놓:  TRUE TRUE FALSE 
====== 찬짳-鞭u-づ 쩧놓 ====== 2017/11/29 10:45:00 
쯷퐑쪿쨁쩧놓:  TRUE TRUE FALSE FALSE TRUE 
쯷퐑쪿짾⒝쨁쩧놓:  TRUE TRUE FALSE 
====== 찬짳-鞭u-づ 쩧놓 ====== 2017/11/29 11:45:00 
쯷퐑쪿쨁쩧놓:  TRUE FALSE FALSE FALSE TRUE 
쯷퐑쪿짾⒝쨁쩧놓:  TRUE FALSE FALSE 
====== 찬짳-鞭u-づ 쩧놓 ====== 2017/11/29 12:45:00 
쯷퐑쪿쨁쩧놓:  TRUE TRUE FALSE FALSE TRUE 
쯷퐑쪿짾⒝쨁쩧놓:  TRUE TRUE FALSE 
====== 찬짳-鞭u-づ 쩧놓 ====== 2017/11/30 08:45:00 
쯷퐑쪿쨁쩧놓:  TRUE FALSE TRUE FALSE FALSE 
쯷퐑쪿짾⒝쨁쩧놓:  TRUE FALSE FALSE 
====== 찬짳-鞭u-づ 쩧놓 ====== 2017/11/30 09:45:00 
쯷퐑쪿쨁쩧놓:  TRUE FALSE TRUE FALSE FALSE 
쯷퐑쪿짾⒝쨁쩧놓:  TRUE FALSE FALSE 
====== 찬짳-鞭u-づ 쩧놓 ====== 2017/11/30 10:45:00 
쯷퐑쪿쨁쩧놓:  TRUE FALSE TRUE FALSE FALSE 
쯷퐑쪿짾⒝쨁쩧놓:  TRUE FALSE FALSE 
====== 찬짳-鞭u-づ 쩧놓 ====== 2017/11/30 11:45:00 
쯷퐑쪿쨁쩧놓:  TRUE FALSE TRUE FALSE FALSE 
쯷퐑쪿짾⒝쨁쩧놓:  TRUE FALSE FALSE 
====== 찬짳-鞭u-づ 쩧놓 ====== 2017/11/30 12:45:00 
쯷퐑쪿쨁쩧놓:  TRUE FALSE TRUE FALSE FALSE 
쯷퐑쪿짾⒝쨁쩧놓:  TRUE FALSE FALSE 
====== 찬짳-鞭u-づ 쩧놓 ====== 2017/12/01 08:45:00 
쯷퐑쪿쨁쩧놓:  TRUE FALSE TRUE FALSE FALSE 
쯷퐑쪿짾⒝쨁쩧놓:  TRUE FALSE FALSE 
====== 찬짳-鞭u-づ 쩧놓 ====== 2017/12/01 09:45:00 
쯷퐑쪿쨁쩧놓:  TRUE FALSE TRUE TRUE FALSE 
쯷퐑쪿짾⒝쨁쩧놓:  TRUE FALSE FALSE 
====== 찬짳-鞭u-づ 쩧놓 ====== 2017/12/01 10:45:00 
쯷퐑쪿쨁쩧놓:  TRUE FALSE TRUE TRUE FALSE 
쯷퐑쪿짾⒝쨁쩧놓:  TRUE FALSE FALSE 
====== 찬짳-鞭u-づ 쩧놓 ====== 2017/12/01 11:45:00 
쯷퐑쪿쨁쩧놓:  TRUE TRUE TRUE TRUE FALSE 
쯷퐑쪿짾⒝쨁쩧놓:  TRUE TRUE FALSE 
====== 찬짳-鞭u-づ 쩧놓 ====== 2017/12/01 12:45:00 
쯷퐑쪿쨁쩧놓:  TRUE TRUE TRUE TRUE FALSE 
쯷퐑쪿짾⒝쨁쩧놓:  TRUE TRUE FALSE 
