= 多  2017/12/01 10:34:00 | 指數: 10569 DIF值: 0.0 DIF方向: 0 | -0.01 1552 -1412  = 
= 多  2017/12/01 10:35:00 | 指數: 10559 DIF值: -0.4 DIF方向: -1 | -0.01 1552 -1412  = 
策略執行條件 不成立!! 
= 多  2017/12/01 10:36:00 | 指數: 10556 DIF值: -0.9 DIF方向: -1 | -0.01 1552 -1412  = 
= 多  2017/12/01 10:37:00 | 指數: 10553 DIF值: -1.5 DIF方向: -1 | -0.01 1552 -1412  = 
= 多  2017/12/01 10:38:00 | 指數: 10548 DIF值: -2.2 DIF方向: -1 | -0.01 1552 -1412  = 
= 多  2017/12/01 10:39:00 | 指數: 10549 DIF值: -2.8 DIF方向: -1 | -0.01 1552 -1412  = 
= 多  2017/12/01 10:40:00 | 指數: 10553 DIF值: -3.1 DIF方向: -1 | -0.01 1552 -1412  = 
= 多  2017/12/01 10:41:00 | 指數: 10552 DIF值: -3.4 DIF方向: -1 | -0.01 1552 -1412  = 
= 多  2017/12/01 10:42:00 | 指數: 10544 DIF值: -3.8 DIF方向: -1 | -0.01 1552 -1412  = 
= 多  2017/12/01 10:43:00 | 指數: 10539 DIF值: -4.5 DIF方向: -1 | -0.01 1552 -1412  = 
= 多  2017/12/01 10:44:00 | 指數: 10540 DIF值: -5.0 DIF方向: -1 | -0.01 1552 -1412  = 
= 多  2017/12/01 10:45:00 | 指數: 10550 DIF值: -5.0 DIF方向: -1 | -0.01 1552 -1412  = 
= 多  2017/12/01 10:46:00 | 指數: 10548 DIF值: -5.0 DIF方向: -1 | -0.01 1552 -1412  = 
= 多  2017/12/01 10:47:00 | 指數: 10557 DIF值: -4.7 DIF方向: 1 | -0.01 1552 -1412  = 
= 多  2017/12/01 10:48:00 | 指數: 10560 DIF值: -4.2 DIF方向: 1 | -0.01 1552 -1412  = 
= 多  2017/12/01 10:49:00 | 指數: 10559 DIF值: -3.7 DIF方向: 1 | -0.01 1552 -1412  = 
= 多  2017/12/01 10:50:00 | 指數: 10556 DIF值: -3.4 DIF方向: 1 | -0.01 1552 -1412  = 
= 多  2017/12/01 10:51:00 | 指數: 10552 DIF值: -3.3 DIF方向: 1 | -0.01 1552 -1412  = 
= 多  2017/12/01 10:52:00 | 指數: 10551 DIF值: -3.3 DIF方向: 1 | -0.01 1552 -1412  = 
= 多  2017/12/01 10:53:00 | 指數: 10555 DIF值: -3.1 DIF方向: 1 | -0.01 1552 -1412  = 
= 多  2017/12/01 10:54:00 | 指數: 10549 DIF值: -3.1 DIF方向: 1 | -0.01 1552 -1412  = 
= 多  2017/12/01 10:55:00 | 指數: 10551 DIF值: -3.1 DIF方向: 1 | -0.01 1552 -1412  = 
= 多  2017/12/01 10:56:00 | 指數: 10552 DIF值: -3.0 DIF方向: 1 | -0.01 1552 -1412  = 
= 多  2017/12/01 10:57:00 | 指數: 10556 DIF值: -2.7 DIF方向: 1 | -0.01 1552 -1412  = 
= 多  2017/12/01 10:58:00 | 指數: 10551 DIF值: -2.6 DIF方向: 1 | -0.01 1552 -1412  = 
= 多  2017/12/01 10:59:00 | 指數: 10549 DIF值: -2.6 DIF方向: 1 | -0.01 1552 -1412  = 
= 多  2017/12/01 11:00:00 | 指數: 10557 DIF值: -2.4 DIF方向: 1 | -0.01 1552 -1412  = 
= 多  2017/12/01 11:01:00 | 指數: 10561 DIF值: -1.9 DIF方向: 1 | -0.01 1552 -1412  = 
= 多  2017/12/01 11:02:00 | 指數: 10560 DIF值: -1.6 DIF方向: 1 | -0.01 1552 -1412  = 
= 多  2017/12/01 11:03:00 | 指數: 10559 DIF值: -1.2 DIF方向: 1 | -0.01 1552 -1412  = 
= 多  2017/12/01 11:04:00 | 指數: 10563 DIF值: -0.9 DIF方向: 1 | -0.01 1552 -1412  = 
= 多  2017/12/01 11:05:00 | 指數: 10566 DIF值: -0.4 DIF方向: 1 | -0.01 1552 -1412  = 
= 多  2017/12/01 11:06:00 | 指數: 10564 DIF值: 0.0 DIF方向: 1 | -0.01 1552 -1412  = 
= 多  2017/12/01 11:07:00 | 指數: 10558 DIF值: 0.0 DIF方向: 1 | -0.01 1552 -1412  = 
= 多  2017/12/01 11:08:00 | 指數: 10565 DIF值: 0.3 DIF方向: 1 | -0.01 1552 -1412  = 
= 多  2017/12/01 11:09:00 | 指數: 10573 DIF值: 0.8 DIF方向: 1 | -0.01 1552 -1412  = 
= 多  2017/12/01 11:10:00 | 指數: 10580 DIF值: 1.6 DIF方向: 1 | -0.01 1552 -1412  = 
= 多  2017/12/01 11:11:00 | 指數: 10580 DIF值: 2.3 DIF方向: 1 | -0.01 1552 -1412  = 
= 多  2017/12/01 11:12:00 | 指數: 10578 DIF值: 2.8 DIF方向: 1 | -0.01 1552 -1412  = 
= 多  2017/12/01 11:13:00 | 指數: 10578 DIF值: 3.3 DIF方向: 1 | -0.01 1552 -1412  = 
= 多  2017/12/01 11:14:00 | 指數: 10583 DIF值: 3.7 DIF方向: 1 | -0.01 1552 -1412  = 
= 多  2017/12/01 11:15:00 | 指數: 10576 DIF值: 4.0 DIF方向: 1 | -0.01 1552 -1412  = 
= 多  2017/12/01 11:16:00 | 指數: 10569 DIF值: 3.8 DIF方向: 1 | -0.01 1552 -1412  = 
= 多  2017/12/01 11:17:00 | 指數: 10572 DIF值: 3.7 DIF方向: -1 | -0.01 1552 -1412  = 
= 多  2017/12/01 11:18:00 | 指數: 10573 DIF值: 3.6 DIF方向: -1 | -0.01 1552 -1412  = 
= 多  2017/12/01 11:19:00 | 指數: 10571 DIF值: 3.4 DIF方向: -1 | -0.01 1552 -1412  = 
= 多  2017/12/01 11:20:00 | 指數: 10577 DIF值: 3.5 DIF方向: -1 | -0.01 1552 -1412  = 
= 多  2017/12/01 11:21:00 | 指數: 10579 DIF值: 3.6 DIF方向: 1 | -0.01 1552 -1412  = 
= 多  2017/12/01 11:22:00 | 指數: 10577 DIF值: 3.6 DIF方向: 1 | -0.01 1552 -1412  = 
= 多  2017/12/01 11:23:00 | 指數: 10577 DIF值: 3.6 DIF方向: 1 | -0.01 1552 -1412  = 
= 多  2017/12/01 11:24:00 | 指數: 10581 DIF值: 3.7 DIF方向: 1 | -0.01 1552 -1412  = 
= 多  2017/12/01 11:25:00 | 指數: 10578 DIF值: 3.7 DIF方向: 1 | -0.01 1552 -1412  = 
= 多  2017/12/01 11:26:00 | 指數: 10582 DIF值: 3.8 DIF方向: 1 | -0.01 1552 -1412  = 
= 多  2017/12/01 11:27:00 | 指數: 10577 DIF值: 3.8 DIF方向: 1 | -0.01 1552 -1412  = 
= 多  2017/12/01 11:28:00 | 指數: 10575 DIF值: 3.6 DIF方向: -1 | -0.01 1552 -1412  = 
= 多  2017/12/01 11:29:00 | 指數: 10576 DIF值: 3.4 DIF方向: -1 | -0.01 1552 -1412  = 
= 多  2017/12/01 11:30:00 | 指數: 10579 DIF值: 3.3 DIF方向: -1 | -0.01 1552 -1412  = 
= 多  2017/12/01 11:31:00 | 指數: 10579 DIF值: 3.2 DIF方向: -1 | -0.01 1552 -1412  = 
= 多  2017/12/01 11:32:00 | 指數: 10580 DIF值: 3.2 DIF方向: -1 | -0.01 1552 -1412  = 
= 多  2017/12/01 11:33:00 | 指數: 10580 DIF值: 3.2 DIF方向: -1 | -0.01 1552 -1412  = 
= 多  2017/12/01 11:34:00 | 指數: 10576 DIF值: 3.0 DIF方向: -1 | -0.01 1552 -1412  = 
= 多  2017/12/01 11:35:00 | 指數: 10576 DIF值: 2.8 DIF方向: -1 | -0.01 1552 -1412  = 
= 多  2017/12/01 11:36:00 | 指數: 10575 DIF值: 2.6 DIF方向: -1 | -0.01 1552 -1412  = 
= 多  2017/12/01 11:37:00 | 指數: 10579 DIF值: 2.5 DIF方向: -1 | -0.01 1552 -1412  = 
= 多  2017/12/01 11:38:00 | 指數: 10587 DIF值: 2.7 DIF方向: 1 | -0.01 1552 -1412  = 
= 多  2017/12/01 11:39:00 | 指數: 10599 DIF值: 3.4 DIF方向: 1 | -0.01 1552 -1412  = 
= 多  2017/12/01 11:40:00 | 指數: 10598 DIF值: 4.0 DIF方向: 1 | -0.01 1552 -1412  = 
= 多  2017/12/01 11:41:00 | 指數: 10599 DIF值: 4.5 DIF方向: 1 | -0.01 1552 -1412  = 
= 多  2017/12/01 11:42:00 | 指數: 10599 DIF值: 5.0 DIF方向: 1 | -0.01 1552 -1412  = 
= 多  2017/12/01 11:43:00 | 指數: 10603 DIF值: 5.5 DIF方向: 1 | -0.01 1552 -1412  = 
= 多  2017/12/01 11:44:00 | 指數: 10605 DIF值: 6.0 DIF方向: 1 | -0.01 1552 -1412  = 
= 多  2017/12/01 11:45:00 | 指數: 10603 DIF值: 6.3 DIF方向: 1 | -0.01 1552 -1412  = 
= 多  2017/12/01 11:46:00 | 指數: 10602 DIF值: 6.5 DIF方向: 1 | -0.01 1552 -1412  = 
= 多  2017/12/01 11:47:00 | 指數: 10602 DIF值: 6.6 DIF方向: 1 | -0.01 1552 -1412  = 
= 多  2017/12/01 11:48:00 | 指數: 10602 DIF值: 6.5 DIF方向: 1 | -0.01 1552 -1412  = 
= 多  2017/12/01 11:49:00 | 指數: 10606 DIF值: 6.7 DIF方向: 1 | -0.01 1552 -1412  = 
= 多  2017/12/01 11:50:00 | 指數: 10602 DIF值: 6.6 DIF方向: 1 | -0.01 1552 -1412  = 
= 多  2017/12/01 11:51:00 | 指數: 10601 DIF值: 6.5 DIF方向: -1 | -0.01 1552 -1412  = 
= 多  2017/12/01 11:52:00 | 指數: 10607 DIF值: 6.5 DIF方向: -1 | -0.01 1552 -1412  = 
= 多  2017/12/01 11:53:00 | 指數: 10607 DIF值: 6.5 DIF方向: 1 | -0.01 1552 -1412  = 
= 多  2017/12/01 11:54:00 | 指數: 10610 DIF值: 6.6 DIF方向: 1 | -0.01 1552 -1412  = 
= 多  2017/12/01 11:55:00 | 指數: 10617 DIF值: 6.9 DIF方向: 1 | -0.01 1552 -1412  = 
= 多  2017/12/01 11:56:00 | 指數: 10619 DIF值: 7.3 DIF方向: 1 | -0.01 1552 -1412  = 
= 多  2017/12/01 11:57:00 | 指數: 10617 DIF值: 7.5 DIF方向: 1 | -0.01 1552 -1412  = 
= 多  2017/12/01 11:58:00 | 指數: 10617 DIF值: 7.6 DIF方向: 1 | -0.01 1552 -1412  = 
= 多  2017/12/01 11:59:00 | 指數: 10616 DIF值: 7.6 DIF方向: 1 | -0.01 1552 -1412  = 
= 多  2017/12/01 12:00:00 | 指數: 10612 DIF值: 7.4 DIF方向: -1 | -0.01 1552 -1412  = 
= 多  2017/12/01 12:01:00 | 指數: 10613 DIF值: 7.2 DIF方向: -1 | -0.01 1552 -1412  = 
= 多  2017/12/01 12:02:00 | 指數: 10615 DIF值: 7.0 DIF方向: -1 | -0.01 1552 -1412  = 
= 多  2017/12/01 12:03:00 | 指數: 10615 DIF值: 6.9 DIF方向: -1 | -0.01 1552 -1412  = 
= 多  2017/12/01 12:04:00 | 指數: 10615 DIF值: 6.7 DIF方向: -1 | -0.01 1552 -1412  = 
= 多  2017/12/01 12:05:00 | 指數: 10613 DIF值: 6.5 DIF方向: -1 | -0.01 1552 -1412  = 
= 多  2017/12/01 12:06:00 | 指數: 10614 DIF值: 6.2 DIF方向: -1 | -0.01 1552 -1412  = 
= 多  2017/12/01 12:07:00 | 指數: 10612 DIF值: 5.9 DIF方向: -1 | -0.01 1552 -1412  = 
= 多  2017/12/01 12:08:00 | 指數: 10610 DIF值: 5.6 DIF方向: -1 | -0.01 1552 -1412  = 
= 多  2017/12/01 12:09:00 | 指數: 10610 DIF值: 5.2 DIF方向: -1 | -0.01 1552 -1412  = 
= 多  2017/12/01 12:10:00 | 指數: 10611 DIF值: 4.9 DIF方向: -1 | -0.01 1552 -1412  = 
= 多  2017/12/01 12:11:00 | 指數: 10606 DIF值: 4.5 DIF方向: -1 | -0.01 1552 -1412  = 
= 多  2017/12/01 12:12:00 | 指數: 10610 DIF值: 4.1 DIF方向: -1 | -0.01 1552 -1412  = 
= 多  2017/12/01 12:13:00 | 指數: 10608 DIF值: 3.8 DIF方向: -1 | -0.01 1552 -1412  = 
= 多  2017/12/01 12:14:00 | 指數: 10608 DIF值: 3.5 DIF方向: -1 | -0.01 1552 -1412  = 
= 多  2017/12/01 12:15:00 | 指數: 10607 DIF值: 3.1 DIF方向: -1 | -0.01 1552 -1412  = 
= 多  2017/12/01 12:16:00 | 指數: 10612 DIF值: 3.0 DIF方向: -1 | -0.01 1552 -1412  = 
= 多  2017/12/01 12:17:00 | 指數: 10613 DIF值: 3.0 DIF方向: -1 | -0.01 1552 -1412  = 
= 多  2017/12/01 12:18:00 | 指數: 10614 DIF值: 2.9 DIF方向: -1 | -0.01 1552 -1412  = 
= 多  2017/12/01 12:19:00 | 指數: 10613 DIF值: 2.9 DIF方向: -1 | -0.01 1552 -1412  = 
= 多  2017/12/01 12:20:00 | 指數: 10614 DIF值: 2.8 DIF方向: -1 | -0.01 1552 -1412  = 
= 多  2017/12/01 12:21:00 | 指數: 10615 DIF值: 2.8 DIF方向: -1 | -0.01 1552 -1412  = 
= 多  2017/12/01 12:22:00 | 指數: 10613 DIF值: 2.7 DIF方向: -1 | -0.01 1552 -1412  = 
= 多  2017/12/01 12:23:00 | 指數: 10612 DIF值: 2.6 DIF方向: -1 | -0.01 1552 -1412  = 
= 多  2017/12/01 12:24:00 | 指數: 10614 DIF值: 2.6 DIF方向: -1 | -0.01 1552 -1412  = 
= 多  2017/12/01 12:25:00 | 指數: 10615 DIF值: 2.5 DIF方向: -1 | -0.01 1552 -1412  = 
= 多  2017/12/01 12:26:00 | 指數: 10616 DIF值: 2.5 DIF方向: -1 | -0.01 1552 -1412  = 
= 多  2017/12/01 12:27:00 | 指數: 10618 DIF值: 2.6 DIF方向: 1 | -0.01 1552 -1412  = 
= 多  2017/12/01 12:28:00 | 指數: 10619 DIF值: 2.7 DIF方向: 1 | -0.01 1552 -1412  = 
= 多  2017/12/01 12:29:00 | 指數: 10623 DIF值: 2.9 DIF方向: 1 | -0.01 1552 -1412  = 
= 多  2017/12/01 12:30:00 | 指數: 10625 DIF值: 3.2 DIF方向: 1 | -0.01 1552 -1412  = 
= 多  2017/12/01 12:31:00 | 指數: 10630 DIF值: 3.5 DIF方向: 1 | -0.01 1552 -1412  = 
= 多  2017/12/01 12:32:00 | 指數: 10629 DIF值: 3.9 DIF方向: 1 | -0.01 1552 -1412  = 
= 多  2017/12/01 12:33:00 | 指數: 10635 DIF值: 4.3 DIF方向: 1 | -0.01 1552 -1412  = 
= 多  2017/12/01 12:34:00 | 指數: 10632 DIF值: 4.6 DIF方向: 1 | -0.01 1552 -1412  = 
= 多  2017/12/01 12:35:00 | 指數: 10635 DIF值: 4.9 DIF方向: 1 | -0.01 1552 -1412  = 
= 多  2017/12/01 12:36:00 | 指數: 10634 DIF值: 5.1 DIF方向: 1 | -0.01 1552 -1412  = 
= 多  2017/12/01 12:37:00 | 指數: 10639 DIF值: 5.4 DIF方向: 1 | -0.01 1552 -1412  = 
= 多  2017/12/01 12:38:00 | 指數: 10635 DIF值: 5.6 DIF方向: 1 | -0.01 1552 -1412  = 
= 多  2017/12/01 12:39:00 | 指數: 10639 DIF值: 5.8 DIF方向: 1 | -0.01 1552 -1412  = 
= 多  2017/12/01 12:40:00 | 指數: 10640 DIF值: 6.0 DIF方向: 1 | -0.01 1552 -1412  = 
= 多  2017/12/01 12:41:00 | 指數: 10643 DIF值: 6.2 DIF方向: 1 | -0.01 1552 -1412  = 
= 多  2017/12/01 12:42:00 | 指數: 10643 DIF值: 6.4 DIF方向: 1 | -0.01 1552 -1412  = 
= 多  2017/12/01 12:43:00 | 指數: 10641 DIF值: 6.4 DIF方向: 1 | -0.01 1552 -1412  = 
= 多  2017/12/01 12:44:00 | 指數: 10642 DIF值: 6.4 DIF方向: 1 | -0.01 1552 -1412  = 
= 多  2017/12/01 12:45:00 | 指數: 10645 DIF值: 6.5 DIF方向: 1 | -0.01 1552 -1412  = 
= 多  2017/12/01 12:46:00 | 指數: 10647 DIF值: 6.7 DIF方向: 1 | -0.01 1552 -1412  = 
= 多  2017/12/01 12:47:00 | 指數: 10657 DIF值: 7.1 DIF方向: 1 | -0.01 1552 -1412  = 
= 多  2017/12/01 12:48:00 | 指數: 10658 DIF值: 7.5 DIF方向: 1 | -0.01 1552 -1412  = 
= 多  2017/12/01 12:49:00 | 指數: 10662 DIF值: 8.0 DIF方向: 1 | -0.01 1552 -1412  = 
= 多  2017/12/01 12:50:00 | 指數: 10657 DIF值: 8.3 DIF方向: 1 | -0.01 1552 -1412  = 
= 多  2017/12/01 12:51:00 | 指數: 10656 DIF值: 8.3 DIF方向: 1 | -0.01 1552 -1412  = 
= 多  2017/12/01 12:52:00 | 指數: 10659 DIF值: 8.4 DIF方向: 1 | -0.01 1552 -1412  = 
= 多  2017/12/01 12:53:00 | 指數: 10659 DIF值: 8.4 DIF方向: 1 | -0.01 1552 -1412  = 
= 多  2017/12/01 12:54:00 | 指數: 10656 DIF值: 8.3 DIF方向: -1 | -0.01 1552 -1412  = 
= 多  2017/12/01 12:55:00 | 指數: 10654 DIF值: 8.1 DIF方向: -1 | -0.01 1552 -1412  = 
= 多  2017/12/01 12:56:00 | 指數: 10650 DIF值: 7.7 DIF方向: -1 | -0.01 1552 -1412  = 
= 多  2017/12/01 12:57:00 | 指數: 10647 DIF值: 7.1 DIF方向: -1 | -0.01 1552 -1412  = 
= 多  2017/12/01 12:58:00 | 指數: 10645 DIF值: 6.5 DIF方向: -1 | -0.01 1552 -1412  = 
= 多  2017/12/01 12:59:00 | 指數: 10650 DIF值: 6.1 DIF方向: -1 | -0.01 1552 -1412  = 
= 多  2017/12/01 13:00:00 | 指數: 10649 DIF值: 5.8 DIF方向: -1 | -0.01 1552 -1412  = 
= 多  2017/12/01 13:01:00 | 指數: 10646 DIF值: 5.3 DIF方向: -1 | -0.01 1552 -1412  = 
= 多  2017/12/01 13:02:00 | 指數: 10646 DIF值: 4.8 DIF方向: -1 | -0.01 1552 -1412  = 
= 多  2017/12/01 13:03:00 | 指數: 10643 DIF值: 4.4 DIF方向: -1 | -0.01 1552 -1412  = 
= 多  2017/12/01 13:04:00 | 指數: 10641 DIF值: 3.8 DIF方向: -1 | -0.01 1552 -1412  = 
= 多  2017/12/01 13:05:00 | 指數: 10644 DIF值: 3.4 DIF方向: -1 | -0.01 1552 -1412  = 
= 多  2017/12/01 13:06:00 | 指數: 10642 DIF值: 3.0 DIF方向: -1 | -0.01 1552 -1412  = 
= 多  2017/12/01 13:07:00 | 指數: 10644 DIF值: 2.7 DIF方向: -1 | -0.01 1552 -1412  = 
= 多  2017/12/01 13:08:00 | 指數: 10645 DIF值: 2.5 DIF方向: -1 | -0.01 1552 -1412  = 
= 多  2017/12/01 13:09:00 | 指數: 10648 DIF值: 2.4 DIF方向: -1 | -0.01 1552 -1412  = 
= 多  2017/12/01 13:10:00 | 指數: 10648 DIF值: 2.3 DIF方向: -1 | -0.01 1552 -1412  = 
= 多  2017/12/01 13:11:00 | 指數: 10644 DIF值: 2.1 DIF方向: -1 | -0.01 1552 -1412  = 
= 多  2017/12/01 13:12:00 | 指數: 10642 DIF值: 1.8 DIF方向: -1 | -0.01 1552 -1412  = 
= 多  2017/12/01 13:13:00 | 指數: 10642 DIF值: 1.5 DIF方向: -1 | -0.01 1552 -1412  = 
= 多  2017/12/01 13:14:00 | 指數: 10643 DIF值: 1.3 DIF方向: -1 | -0.01 1552 -1412  = 
= 多  2017/12/01 13:15:00 | 指數: 10636 DIF值: 0.9 DIF方向: -1 | -0.01 1552 -1412  = 
= 多  2017/12/01 13:16:00 | 指數: 10632 DIF值: 0.4 DIF方向: -1 | -0.01 1552 -1412  = 
= 多  2017/12/01 13:17:00 | 指數: 10628 DIF值: -0.3 DIF方向: -1 | -0.01 1552 -1412  = 
= 多  2017/12/01 13:18:00 | 指數: 10628 DIF值: -0.9 DIF方向: -1 | -0.01 1552 -1412  = 
= 多  2017/12/01 13:19:00 | 指數: 10626 DIF值: -1.4 DIF方向: -1 | -0.01 1552 -1412  = 
= 多  2017/12/01 13:20:00 | 指數: 10621 DIF值: -2.1 DIF方向: -1 | -0.01 1552 -1412  = 
= 多  2017/12/01 13:21:00 | 指數: 10614 DIF值: -2.9 DIF方向: -1 | -0.01 1552 -1412  = 
= 多  2017/12/01 13:22:00 | 指數: 10611 DIF值: -3.8 DIF方向: -1 | -0.01 1552 -1412  = 
= 多  2017/12/01 13:23:00 | 指數: 10613 DIF值: -4.4 DIF方向: -1 | -0.01 1552 -1412  = 
= 多  2017/12/01 13:24:00 | 指數: 10612 DIF值: -5.0 DIF方向: -1 | -0.01 1552 -1412  = 
= 多  2017/12/01 13:25:00 | 指數: 10610 DIF值: -5.5 DIF方向: -1 | -0.01 1552 -1412  = 
= 多  2017/12/01 13:26:00 | 指數: 10605 DIF值: -6.1 DIF方向: -1 | -0.01 1552 -1412  = 
= 多  2017/12/01 13:27:00 | 指數: 10600 DIF值: -6.8 DIF方向: -1 | -0.01 1552 -1412  = 
= 多  2017/12/01 13:28:00 | 指數: 10597 DIF值: -7.4 DIF方向: -1 | -0.01 1552 -1412  = 
= 多  2017/12/01 13:29:00 | 指數: 10600 DIF值: -7.8 DIF方向: -1 | -0.01 1552 -1412  = 
= 多  2017/12/01 13:30:00 | 指數: 10603 DIF值: -8.1 DIF方向: -1 | -0.01 1552 -1412  = 
= 多  2017/12/01 13:31:00 | 指數: 10602 DIF值: -8.2 DIF方向: -1 | -0.01 1552 -1412  = 
= 多  2017/12/01 13:32:00 | 指數: 10604 DIF值: -8.2 DIF方向: -1 | -0.01 1552 -1412  = 
= 多  2017/12/01 13:33:00 | 指數: 10603 DIF值: -8.1 DIF方向: 1 | -0.01 1552 -1412  = 
= 多  2017/12/01 13:34:00 | 指數: 10600 DIF值: -8.1 DIF方向: 1 | -0.01 1552 -1412  = 
= 多  2017/12/01 13:35:00 | 指數: 10599 DIF值: -8.1 DIF方向: -1 | -0.01 1552 -1412  = 
= 多  2017/12/01 13:36:00 | 指數: 10598 DIF值: -8.2 DIF方向: -1 | -0.01 1552 -1412  = 
= 多  2017/12/01 13:37:00 | 指數: 10602 DIF值: -8.0 DIF方向: 1 | -0.01 1552 -1412  = 
= 多  2017/12/01 13:38:00 | 指數: 10603 DIF值: -7.7 DIF方向: 1 | -0.01 1552 -1412  = 
= 多  2017/12/01 13:39:00 | 指數: 10600 DIF值: -7.6 DIF方向: 1 | -0.01 1552 -1412  = 
= 多  2017/12/01 13:40:00 | 指數: 10602 DIF值: -7.3 DIF方向: 1 | -0.01 1552 -1412  = 
= 多  2017/12/01 13:41:00 | 指數: 10603 DIF值: -7.0 DIF方向: 1 | -0.01 1552 -1412  = 
= 多  2017/12/01 13:42:00 | 指數: 10602 DIF值: -6.8 DIF方向: 1 | -0.01 1552 -1412  = 
= 多  2017/12/01 13:43:00 | 指數: 10603 DIF值: -6.4 DIF方向: 1 | -0.01 1552 -1412  = 
= 多  2017/12/01 13:44:00 | 指數: 10604 DIF值: -6.1 DIF方向: 1 | -0.01 1552 -1412  = 
= 多  2017/12/01 12:14:00 | 指數: 10608 DIF值: 0.0 DIF方向: 0 | -0.01 1552 -1412  = 
= 多  2017/12/01 12:15:00 | 指數: 10607 DIF值: 0.0 DIF方向: -1 | -0.01 1552 -1412  = 
= 多  2017/12/01 12:16:00 | 指數: 10612 DIF值: 0.1 DIF方向: 1 | -0.01 1552 -1412  = 
= 多  2017/12/01 12:17:00 | 指數: 10613 DIF值: 0.3 DIF方向: 1 | -0.01 1552 -1412  = 
= 多  2017/12/01 12:18:00 | 指數: 10614 DIF值: 0.5 DIF方向: 1 | -0.01 1552 -1412  = 
= 多  2017/12/01 12:19:00 | 指數: 10613 DIF值: 0.7 DIF方向: 1 | -0.01 1552 -1412  = 
= 多  2017/12/01 12:20:00 | 指數: 10614 DIF值: 0.8 DIF方向: 1 | -0.01 1552 -1412  = 
= 多  2017/12/01 12:21:00 | 指數: 10615 DIF值: 1.0 DIF方向: 1 | -0.01 1552 -1412  = 
= 多  2017/12/01 12:22:00 | 指數: 10613 DIF值: 1.0 DIF方向: 1 | -0.01 1552 -1412  = 
= 多  2017/12/01 12:23:00 | 指數: 10612 DIF值: 1.0 DIF方向: 1 | -0.01 1552 -1412  = 
= 多  2017/12/01 12:24:00 | 指數: 10614 DIF值: 1.1 DIF方向: 1 | -0.01 1552 -1412  = 
= 多  2017/12/01 12:25:00 | 指數: 10615 DIF值: 1.2 DIF方向: 1 | -0.01 1552 -1412  = 
= 多  2017/12/01 12:26:00 | 指數: 10616 DIF值: 1.3 DIF方向: 1 | -0.01 1552 -1412  = 
= 多  2017/12/01 12:27:00 | 指數: 10618 DIF值: 1.5 DIF方向: 1 | -0.01 1552 -1412  = 
= 多  2017/12/01 12:28:00 | 指數: 10619 DIF值: 1.6 DIF方向: 1 | -0.01 1552 -1412  = 
= 多  2017/12/01 12:29:00 | 指數: 10623 DIF值: 1.9 DIF方向: 1 | -0.01 1552 -1412  = 
= 多  2017/12/01 12:30:00 | 指數: 10625 DIF值: 2.3 DIF方向: 1 | -0.01 1552 -1412  = 
= 多  2017/12/01 12:31:00 | 指數: 10630 DIF值: 2.7 DIF方向: 1 | -0.01 1552 -1412  = 
= 多  2017/12/01 12:32:00 | 指數: 10629 DIF值: 3.1 DIF方向: 1 | -0.01 1552 -1412  = 
= 多  2017/12/01 12:33:00 | 指數: 10635 DIF值: 3.6 DIF方向: 1 | -0.01 1552 -1412  = 
= 多  2017/12/01 12:34:00 | 指數: 10632 DIF值: 4.0 DIF方向: 1 | -0.01 1552 -1412  = 
= 多  2017/12/01 12:35:00 | 指數: 10635 DIF值: 4.3 DIF方向: 1 | -0.01 1552 -1412  = 
= 多  2017/12/01 12:36:00 | 指數: 10634 DIF值: 4.6 DIF方向: 1 | -0.01 1552 -1412  = 
= 多  2017/12/01 12:37:00 | 指數: 10639 DIF值: 4.9 DIF方向: 1 | -0.01 1552 -1412  = 
= 多  2017/12/01 12:38:00 | 指數: 10635 DIF值: 5.1 DIF方向: 1 | -0.01 1552 -1412  = 
= 多  2017/12/01 12:39:00 | 指數: 10639 DIF值: 5.3 DIF方向: 1 | -0.01 1552 -1412  = 
= 多  2017/12/01 12:40:00 | 指數: 10640 DIF值: 5.6 DIF方向: 1 | -0.01 1552 -1412  = 
= 多  2017/12/01 12:41:00 | 指數: 10643 DIF值: 5.8 DIF方向: 1 | -0.01 1552 -1412  = 
= 多  2017/12/01 12:42:00 | 指數: 10643 DIF值: 6.0 DIF方向: 1 | -0.01 1552 -1412  = 
= 多  2017/12/01 12:43:00 | 指數: 10641 DIF值: 6.1 DIF方向: 1 | -0.01 1552 -1412  = 
= 多  2017/12/01 12:44:00 | 指數: 10642 DIF值: 6.1 DIF方向: 1 | -0.01 1552 -1412  = 
= 多  2017/12/01 12:45:00 | 指數: 10645 DIF值: 6.3 DIF方向: 1 | -0.01 1552 -1412  = 
= 多  2017/12/01 12:46:00 | 指數: 10647 DIF值: 6.4 DIF方向: 1 | -0.01 1552 -1412  = 
= 多  2017/12/01 12:47:00 | 指數: 10657 DIF值: 6.8 DIF方向: 1 | -0.01 1552 -1412  = 
= 多  2017/12/01 12:48:00 | 指數: 10658 DIF值: 7.3 DIF方向: 1 | -0.01 1552 -1412  = 
= 多  2017/12/01 12:49:00 | 指數: 10662 DIF值: 7.8 DIF方向: 1 | -0.01 1552 -1412  = 
= 多  2017/12/01 12:50:00 | 指數: 10657 DIF值: 8.1 DIF方向: 1 | -0.01 1552 -1412  = 
= 多  2017/12/01 12:51:00 | 指數: 10656 DIF值: 8.1 DIF方向: 1 | -0.01 1552 -1412  = 
= 多  2017/12/01 12:52:00 | 指數: 10659 DIF值: 8.3 DIF方向: 1 | -0.01 1552 -1412  = 
= 多  2017/12/01 12:53:00 | 指數: 10659 DIF值: 8.3 DIF方向: 1 | -0.01 1552 -1412  = 
= 多  2017/12/01 12:54:00 | 指數: 10656 DIF值: 8.2 DIF方向: -1 | -0.01 1552 -1412  = 
= 多  2017/12/01 12:55:00 | 指數: 10654 DIF值: 7.9 DIF方向: -1 | -0.01 1552 -1412  = 
= 多  2017/12/01 12:56:00 | 指數: 10650 DIF值: 7.5 DIF方向: -1 | -0.01 1552 -1412  = 
= 多  2017/12/01 12:57:00 | 指數: 10647 DIF值: 7.0 DIF方向: -1 | -0.01 1552 -1412  = 
= 多  2017/12/01 12:58:00 | 指數: 10645 DIF值: 6.4 DIF方向: -1 | -0.01 1552 -1412  = 
= 多  2017/12/01 12:59:00 | 指數: 10650 DIF值: 6.0 DIF方向: -1 | -0.01 1552 -1412  = 
= 多  2017/12/01 13:00:00 | 指數: 10649 DIF值: 5.7 DIF方向: -1 | -0.01 1552 -1412  = 
= 多  2017/12/01 13:01:00 | 指數: 10646 DIF值: 5.2 DIF方向: -1 | -0.01 1552 -1412  = 
= 多  2017/12/01 13:02:00 | 指數: 10646 DIF值: 4.8 DIF方向: -1 | -0.01 1552 -1412  = 
= 多  2017/12/01 13:03:00 | 指數: 10643 DIF值: 4.3 DIF方向: -1 | -0.01 1552 -1412  = 
= 多  2017/12/01 13:04:00 | 指數: 10641 DIF值: 3.7 DIF方向: -1 | -0.01 1552 -1412  = 
= 多  2017/12/01 13:05:00 | 指數: 10644 DIF值: 3.4 DIF方向: -1 | -0.01 1552 -1412  = 
= 多  2017/12/01 13:06:00 | 指數: 10642 DIF值: 3.0 DIF方向: -1 | -0.01 1552 -1412  = 
= 多  2017/12/01 13:07:00 | 指數: 10644 DIF值: 2.7 DIF方向: -1 | -0.01 1552 -1412  = 
= 多  2017/12/01 13:08:00 | 指數: 10645 DIF值: 2.4 DIF方向: -1 | -0.01 1552 -1412  = 
= 多  2017/12/01 13:09:00 | 指數: 10648 DIF值: 2.3 DIF方向: -1 | -0.01 1552 -1412  = 
= 多  2017/12/01 13:10:00 | 指數: 10648 DIF值: 2.3 DIF方向: -1 | -0.01 1552 -1412  = 
= 多  2017/12/01 13:11:00 | 指數: 10644 DIF值: 2.1 DIF方向: -1 | -0.01 1552 -1412  = 
= 多  2017/12/01 13:12:00 | 指數: 10642 DIF值: 1.8 DIF方向: -1 | -0.01 1552 -1412  = 
= 多  2017/12/01 13:13:00 | 指數: 10642 DIF值: 1.5 DIF方向: -1 | -0.01 1552 -1412  = 
= 多  2017/12/01 13:14:00 | 指數: 10643 DIF值: 1.3 DIF方向: -1 | -0.01 1552 -1412  = 
= 多  2017/12/01 13:15:00 | 指數: 10636 DIF值: 0.9 DIF方向: -1 | -0.01 1552 -1412  = 
= 多  2017/12/01 13:16:00 | 指數: 10632 DIF值: 0.3 DIF方向: -1 | -0.01 1552 -1412  = 
= 多  2017/12/01 13:17:00 | 指數: 10628 DIF值: -0.3 DIF方向: -1 | -0.01 1552 -1412  = 
= 多  2017/12/01 13:18:00 | 指數: 10628 DIF值: -0.9 DIF方向: -1 | -0.01 1552 -1412  = 
= 多  2017/12/01 13:19:00 | 指數: 10626 DIF值: -1.4 DIF方向: -1 | -0.01 1552 -1412  = 
= 多  2017/12/01 13:20:00 | 指數: 10621 DIF值: -2.1 DIF方向: -1 | -0.01 1552 -1412  = 
= 多  2017/12/01 13:21:00 | 指數: 10614 DIF值: -2.9 DIF方向: -1 | -0.01 1552 -1412  = 
= 多  2017/12/01 13:22:00 | 指數: 10611 DIF值: -3.8 DIF方向: -1 | -0.01 1552 -1412  = 
= 多  2017/12/01 13:23:00 | 指數: 10613 DIF值: -4.4 DIF方向: -1 | -0.01 1552 -1412  = 
= 多  2017/12/01 13:24:00 | 指數: 10612 DIF值: -5.0 DIF方向: -1 | -0.01 1552 -1412  = 
= 多  2017/12/01 13:25:00 | 指數: 10610 DIF值: -5.5 DIF方向: -1 | -0.01 1552 -1412  = 
= 多  2017/12/01 13:26:00 | 指數: 10605 DIF值: -6.1 DIF方向: -1 | -0.01 1552 -1412  = 
= 多  2017/12/01 13:27:00 | 指數: 10600 DIF值: -6.8 DIF方向: -1 | -0.01 1552 -1412  = 
= 多  2017/12/01 13:28:00 | 指數: 10597 DIF值: -7.4 DIF方向: -1 | -0.01 1552 -1412  = 
= 多  2017/12/01 13:29:00 | 指數: 10600 DIF值: -7.9 DIF方向: -1 | -0.01 1552 -1412  = 
= 多  2017/12/01 13:30:00 | 指數: 10603 DIF值: -8.1 DIF方向: -1 | -0.01 1552 -1412  = 
= 多  2017/12/01 13:31:00 | 指數: 10602 DIF值: -8.2 DIF方向: -1 | -0.01 1552 -1412  = 
= 多  2017/12/01 13:32:00 | 指數: 10604 DIF值: -8.2 DIF方向: -1 | -0.01 1552 -1412  = 
= 多  2017/12/01 13:33:00 | 指數: 10603 DIF值: -8.2 DIF方向: 1 | -0.01 1552 -1412  = 
= 多  2017/12/01 13:34:00 | 指數: 10600 DIF值: -8.2 DIF方向: 1 | -0.01 1552 -1412  = 
= 多  2017/12/01 13:35:00 | 指數: 10599 DIF值: -8.2 DIF方向: -1 | -0.01 1552 -1412  = 
= 多  2017/12/01 13:36:00 | 指數: 10598 DIF值: -8.2 DIF方向: -1 | -0.01 1552 -1412  = 
= 多  2017/12/01 13:37:00 | 指數: 10602 DIF值: -8.0 DIF方向: 1 | -0.01 1552 -1412  = 
= 多  2017/12/01 13:38:00 | 指數: 10603 DIF值: -7.8 DIF方向: 1 | -0.01 1552 -1412  = 
= 多  2017/12/01 13:39:00 | 指數: 10600 DIF值: -7.6 DIF方向: 1 | -0.01 1552 -1412  = 
= 多  2017/12/01 13:40:00 | 指數: 10602 DIF值: -7.3 DIF方向: 1 | -0.01 1552 -1412  = 
= 多  2017/12/01 13:41:00 | 指數: 10603 DIF值: -7.0 DIF方向: 1 | -0.01 1552 -1412  = 
= 多  2017/12/01 13:42:00 | 指數: 10602 DIF值: -6.8 DIF方向: 1 | -0.01 1552 -1412  = 
= 多  2017/12/01 13:43:00 | 指數: 10603 DIF值: -6.4 DIF方向: 1 | -0.01 1552 -1412  = 
= 多  2017/12/01 13:44:00 | 指數: 10604 DIF值: -6.1 DIF方向: 1 | -0.01 1552 -1412  = 
= 多  2017/12/01 12:14:00 | 指數: 10608 DIF值: 0.0 DIF方向: 0 | -0.01 1552 -1412  = 
= 多  2017/12/01 12:15:00 | 指數: 10607 DIF值: 0.0 DIF方向: -1 | -0.01 1552 -1412  = 
= 多  2017/12/01 12:16:00 | 指數: 10612 DIF值: 0.1 DIF方向: 1 | -0.01 1552 -1412  = 
= 多  2017/12/01 12:17:00 | 指數: 10613 DIF值: 0.3 DIF方向: 1 | -0.01 1552 -1412  = 
= 多  2017/12/01 12:18:00 | 指數: 10614 DIF值: 0.5 DIF方向: 1 | -0.01 1552 -1412  = 
= 多  2017/12/01 12:19:00 | 指數: 10613 DIF值: 0.7 DIF方向: 1 | -0.01 1552 -1412  = 
= 多  2017/12/01 12:20:00 | 指數: 10614 DIF值: 0.8 DIF方向: 1 | -0.01 1552 -1412  = 
= 多  2017/12/01 12:21:00 | 指數: 10615 DIF值: 1.0 DIF方向: 1 | -0.01 1552 -1412  = 
= 多  2017/12/01 12:22:00 | 指數: 10613 DIF值: 1.0 DIF方向: 1 | -0.01 1552 -1412  = 
= 多  2017/12/01 12:23:00 | 指數: 10612 DIF值: 1.0 DIF方向: 1 | -0.01 1552 -1412  = 
= 多  2017/12/01 12:24:00 | 指數: 10614 DIF值: 1.1 DIF方向: 1 | -0.01 1552 -1412  = 
= 多  2017/12/01 12:25:00 | 指數: 10615 DIF值: 1.2 DIF方向: 1 | -0.01 1552 -1412  = 
= 多  2017/12/01 12:26:00 | 指數: 10616 DIF值: 1.3 DIF方向: 1 | -0.01 1552 -1412  = 
= 多  2017/12/01 12:27:00 | 指數: 10618 DIF值: 1.5 DIF方向: 1 | -0.01 1552 -1412  = 
= 多  2017/12/01 12:28:00 | 指數: 10619 DIF值: 1.6 DIF方向: 1 | -0.01 1552 -1412  = 
= 多  2017/12/01 12:29:00 | 指數: 10623 DIF值: 1.9 DIF方向: 1 | -0.01 1552 -1412  = 
= 多  2017/12/01 12:30:00 | 指數: 10625 DIF值: 2.3 DIF方向: 1 | -0.01 1552 -1412  = 
= 多  2017/12/01 12:31:00 | 指數: 10630 DIF值: 2.7 DIF方向: 1 | -0.01 1552 -1412  = 
= 多  2017/12/01 12:32:00 | 指數: 10629 DIF值: 3.1 DIF方向: 1 | -0.01 1552 -1412  = 
= 多  2017/12/01 12:33:00 | 指數: 10635 DIF值: 3.6 DIF方向: 1 | -0.01 1552 -1412  = 
= 多  2017/12/01 12:34:00 | 指數: 10632 DIF值: 4.0 DIF方向: 1 | -0.01 1552 -1412  = 
= 多  2017/12/01 12:35:00 | 指數: 10635 DIF值: 4.3 DIF方向: 1 | -0.01 1552 -1412  = 
= 多  2017/12/01 12:36:00 | 指數: 10634 DIF值: 4.6 DIF方向: 1 | -0.01 1552 -1412  = 
= 多  2017/12/01 12:37:00 | 指數: 10639 DIF值: 4.9 DIF方向: 1 | -0.01 1552 -1412  = 
= 多  2017/12/01 12:38:00 | 指數: 10635 DIF值: 5.1 DIF方向: 1 | -0.01 1552 -1412  = 
= 多  2017/12/01 12:39:00 | 指數: 10639 DIF值: 5.3 DIF方向: 1 | -0.01 1552 -1412  = 
= 多  2017/12/01 12:40:00 | 指數: 10640 DIF值: 5.6 DIF方向: 1 | -0.01 1552 -1412  = 
= 多  2017/12/01 12:41:00 | 指數: 10643 DIF值: 5.8 DIF方向: 1 | -0.01 1552 -1412  = 
= 多  2017/12/01 12:42:00 | 指數: 10643 DIF值: 6.0 DIF方向: 1 | -0.01 1552 -1412  = 
= 多  2017/12/01 12:43:00 | 指數: 10641 DIF值: 6.1 DIF方向: 1 | -0.01 1552 -1412  = 
= 多  2017/12/01 12:44:00 | 指數: 10642 DIF值: 6.1 DIF方向: 1 | -0.01 1552 -1412  = 
= 多  2017/12/01 12:45:00 | 指數: 10645 DIF值: 6.3 DIF方向: 1 | -0.01 1552 -1412  = 
= 多  2017/12/01 12:46:00 | 指數: 10647 DIF值: 6.4 DIF方向: 1 | -0.01 1552 -1412  = 
= 多  2017/12/01 12:47:00 | 指數: 10657 DIF值: 6.8 DIF方向: 1 | -0.01 1552 -1412  = 
= 多  2017/12/01 12:48:00 | 指數: 10658 DIF值: 7.3 DIF方向: 1 | -0.01 1552 -1412  = 
= 多  2017/12/01 12:49:00 | 指數: 10662 DIF值: 7.8 DIF方向: 1 | -0.01 1552 -1412  = 
= 多  2017/12/01 12:50:00 | 指數: 10657 DIF值: 8.1 DIF方向: 1 | -0.01 1552 -1412  = 
= 多  2017/12/01 12:51:00 | 指數: 10656 DIF值: 8.1 DIF方向: 1 | -0.01 1552 -1412  = 
= 多  2017/12/01 12:52:00 | 指數: 10659 DIF值: 8.3 DIF方向: 1 | -0.01 1552 -1412  = 
= 多  2017/12/01 12:53:00 | 指數: 10659 DIF值: 8.3 DIF方向: 1 | -0.01 1552 -1412  = 
= 多  2017/12/01 12:54:00 | 指數: 10656 DIF值: 8.2 DIF方向: -1 | -0.01 1552 -1412  = 
= 多  2017/12/01 12:55:00 | 指數: 10654 DIF值: 7.9 DIF方向: -1 | -0.01 1552 -1412  = 
= 多  2017/12/01 12:56:00 | 指數: 10650 DIF值: 7.5 DIF方向: -1 | -0.01 1552 -1412  = 
= 多  2017/12/01 12:57:00 | 指數: 10647 DIF值: 7.0 DIF方向: -1 | -0.01 1552 -1412  = 
= 多  2017/12/01 12:58:00 | 指數: 10645 DIF值: 6.4 DIF方向: -1 | -0.01 1552 -1412  = 
= 多  2017/12/01 12:59:00 | 指數: 10650 DIF值: 6.0 DIF方向: -1 | -0.01 1552 -1412  = 
= 多  2017/12/01 13:00:00 | 指數: 10649 DIF值: 5.7 DIF方向: -1 | -0.01 1552 -1412  = 
= 多  2017/12/01 13:01:00 | 指數: 10646 DIF值: 5.2 DIF方向: -1 | -0.01 1552 -1412  = 
= 多  2017/12/01 13:02:00 | 指數: 10646 DIF值: 4.8 DIF方向: -1 | -0.01 1552 -1412  = 
= 多  2017/12/01 13:03:00 | 指數: 10643 DIF值: 4.3 DIF方向: -1 | -0.01 1552 -1412  = 
= 多  2017/12/01 13:04:00 | 指數: 10641 DIF值: 3.7 DIF方向: -1 | -0.01 1552 -1412  = 
= 多  2017/12/01 13:05:00 | 指數: 10644 DIF值: 3.4 DIF方向: -1 | -0.01 1552 -1412  = 
= 多  2017/12/01 13:06:00 | 指數: 10642 DIF值: 3.0 DIF方向: -1 | -0.01 1552 -1412  = 
= 多  2017/12/01 13:07:00 | 指數: 10644 DIF值: 2.7 DIF方向: -1 | -0.01 1552 -1412  = 
= 多  2017/12/01 13:08:00 | 指數: 10645 DIF值: 2.4 DIF方向: -1 | -0.01 1552 -1412  = 
= 多  2017/12/01 13:09:00 | 指數: 10648 DIF值: 2.3 DIF方向: -1 | -0.01 1552 -1412  = 
= 多  2017/12/01 13:10:00 | 指數: 10648 DIF值: 2.3 DIF方向: -1 | -0.01 1552 -1412  = 
= 多  2017/12/01 13:11:00 | 指數: 10644 DIF值: 2.1 DIF方向: -1 | -0.01 1552 -1412  = 
= 多  2017/12/01 13:12:00 | 指數: 10642 DIF值: 1.8 DIF方向: -1 | -0.01 1552 -1412  = 
= 多  2017/12/01 13:13:00 | 指數: 10642 DIF值: 1.5 DIF方向: -1 | -0.01 1552 -1412  = 
= 多  2017/12/01 13:14:00 | 指數: 10643 DIF值: 1.3 DIF方向: -1 | -0.01 1552 -1412  = 
= 多  2017/12/01 13:15:00 | 指數: 10636 DIF值: 0.9 DIF方向: -1 | -0.01 1552 -1412  = 
= 多  2017/12/01 13:16:00 | 指數: 10632 DIF值: 0.3 DIF方向: -1 | -0.01 1552 -1412  = 
= 多  2017/12/01 13:17:00 | 指數: 10628 DIF值: -0.3 DIF方向: -1 | -0.01 1552 -1412  = 
= 多  2017/12/01 13:18:00 | 指數: 10628 DIF值: -0.9 DIF方向: -1 | -0.01 1552 -1412  = 
= 多  2017/12/01 13:19:00 | 指數: 10626 DIF值: -1.4 DIF方向: -1 | -0.01 1552 -1412  = 
= 多  2017/12/01 13:20:00 | 指數: 10621 DIF值: -2.1 DIF方向: -1 | -0.01 1552 -1412  = 
= 多  2017/12/01 13:21:00 | 指數: 10614 DIF值: -2.9 DIF方向: -1 | -0.01 1552 -1412  = 
= 多  2017/12/01 13:22:00 | 指數: 10611 DIF值: -3.8 DIF方向: -1 | -0.01 1552 -1412  = 
= 多  2017/12/01 13:23:00 | 指數: 10613 DIF值: -4.4 DIF方向: -1 | -0.01 1552 -1412  = 
= 多  2017/12/01 13:24:00 | 指數: 10612 DIF值: -5.0 DIF方向: -1 | -0.01 1552 -1412  = 
= 多  2017/12/01 13:25:00 | 指數: 10610 DIF值: -5.5 DIF方向: -1 | -0.01 1552 -1412  = 
= 多  2017/12/01 13:26:00 | 指數: 10605 DIF值: -6.1 DIF方向: -1 | -0.01 1552 -1412  = 
= 多  2017/12/01 13:27:00 | 指數: 10600 DIF值: -6.8 DIF方向: -1 | -0.01 1552 -1412  = 
= 多  2017/12/01 13:28:00 | 指數: 10597 DIF值: -7.4 DIF方向: -1 | -0.01 1552 -1412  = 
= 多  2017/12/01 13:29:00 | 指數: 10600 DIF值: -7.9 DIF方向: -1 | -0.01 1552 -1412  = 
= 多  2017/12/01 13:30:00 | 指數: 10603 DIF值: -8.1 DIF方向: -1 | -0.01 1552 -1412  = 
= 多  2017/12/01 13:31:00 | 指數: 10602 DIF值: -8.2 DIF方向: -1 | -0.01 1552 -1412  = 
= 多  2017/12/01 13:32:00 | 指數: 10604 DIF值: -8.2 DIF方向: -1 | -0.01 1552 -1412  = 
= 多  2017/12/01 13:33:00 | 指數: 10603 DIF值: -8.2 DIF方向: 1 | -0.01 1552 -1412  = 
= 多  2017/12/01 13:34:00 | 指數: 10600 DIF值: -8.2 DIF方向: 1 | -0.01 1552 -1412  = 
= 多  2017/12/01 13:35:00 | 指數: 10599 DIF值: -8.2 DIF方向: -1 | -0.01 1552 -1412  = 
= 多  2017/12/01 13:36:00 | 指數: 10598 DIF值: -8.2 DIF方向: -1 | -0.01 1552 -1412  = 
= 多  2017/12/01 13:37:00 | 指數: 10602 DIF值: -8.0 DIF方向: 1 | -0.01 1552 -1412  = 
= 多  2017/12/01 13:38:00 | 指數: 10603 DIF值: -7.8 DIF方向: 1 | -0.01 1552 -1412  = 
= 多  2017/12/01 13:39:00 | 指數: 10600 DIF值: -7.6 DIF方向: 1 | -0.01 1552 -1412  = 
= 多  2017/12/01 13:40:00 | 指數: 10602 DIF值: -7.3 DIF方向: 1 | -0.01 1552 -1412  = 
= 多  2017/12/01 13:41:00 | 指數: 10603 DIF值: -7.0 DIF方向: 1 | -0.01 1552 -1412  = 
= 多  2017/12/01 13:42:00 | 指數: 10602 DIF值: -6.8 DIF方向: 1 | -0.01 1552 -1412  = 
= 多  2017/12/01 13:43:00 | 指數: 10603 DIF值: -6.4 DIF方向: 1 | -0.01 1552 -1412  = 
= 多  2017/12/01 13:44:00 | 指數: 10604 DIF值: -6.1 DIF方向: 1 | -0.01 1552 -1412  = 
