aveDir18 分數(需小於-7): 1 
DIF方向(需為負向): 0.000000 
指數(要低於ave18): 10735  ave18: 10810 
2小時均線方向(需為負向): 1.000000 
90小時線離指數差(需小於150): 0.700000 
雙刀-長線-空 策略1:  2017/11/27 12:45:00 FALSE FALSE TRUE FALSE TRUE 
雙刀-長線-空 策略2:  2017/11/27 12:45:00 FALSE TRUE FALSE TRUE FALSE TRUE 
雙刀-長線-空 策略3:  2017/11/27 12:45:00 FALSE FALSE FALSE TRUE FALSE TRUE 
aveDir18 分數(需小於-7): 0 
DIF方向(需為負向): -1.000000 
指數(要低於ave18): 10698  ave18: 10801 
2小時均線方向(需為負向): -1.000000 
90小時線離指數差(需小於150): 36.966667 
雙刀-長線-空 策略1:  2017/11/28 08:45:00 FALSE TRUE TRUE TRUE TRUE 
雙刀-長線-空 策略2:  2017/11/28 08:45:00 FALSE TRUE TRUE TRUE TRUE TRUE 
雙刀-長線-空 策略3:  2017/11/28 08:45:00 FALSE FALSE TRUE TRUE TRUE TRUE 
aveDir18 分數(需小於-7): -1 
DIF方向(需為負向): -1.000000 
指數(要低於ave18): 10711  ave18: 10795 
2小時均線方向(需為負向): -1.000000 
90小時線離指數差(需小於150): 23.177778 
雙刀-長線-空 策略1:  2017/11/28 09:45:00 FALSE TRUE TRUE TRUE TRUE 
雙刀-長線-空 策略2:  2017/11/28 09:45:00 FALSE FALSE TRUE TRUE TRUE TRUE 
雙刀-長線-空 策略3:  2017/11/28 09:45:00 FALSE FALSE TRUE TRUE TRUE TRUE 
aveDir18 分數(需小於-7): -2 
DIF方向(需為負向): -1.000000 
指數(要低於ave18): 10695  ave18: 10788 
2小時均線方向(需為負向): -1.000000 
90小時線離指數差(需小於150): 38.377778 
雙刀-長線-空 策略1:  2017/11/28 10:45:00 FALSE TRUE TRUE TRUE TRUE 
雙刀-長線-空 策略2:  2017/11/28 10:45:00 FALSE FALSE TRUE TRUE TRUE TRUE 
雙刀-長線-空 策略3:  2017/11/28 10:45:00 FALSE FALSE TRUE TRUE TRUE TRUE 
aveDir18 分數(需小於-7): -3 
DIF方向(需為負向): -1.000000 
指數(要低於ave18): 10696  ave18: 10782 
2小時均線方向(需為負向): -1.000000 
90小時線離指數差(需小於150): 36.500000 
雙刀-長線-空 策略1:  2017/11/28 11:45:00 FALSE TRUE TRUE TRUE TRUE 
雙刀-長線-空 策略2:  2017/11/28 11:45:00 FALSE FALSE TRUE TRUE TRUE TRUE 
雙刀-長線-空 策略3:  2017/11/28 11:45:00 FALSE TRUE TRUE TRUE TRUE TRUE 
aveDir18 分數(需小於-7): -4 
DIF方向(需為負向): -1.000000 
指數(要低於ave18): 10694  ave18: 10774 
2小時均線方向(需為負向): -1.000000 
90小時線離指數差(需小於150): 37.700000 
雙刀-長線-空 策略1:  2017/11/28 12:45:00 FALSE TRUE TRUE TRUE TRUE 
雙刀-長線-空 策略2:  2017/11/28 12:45:00 FALSE FALSE TRUE TRUE TRUE TRUE 
雙刀-長線-空 策略3:  2017/11/28 12:45:00 FALSE TRUE TRUE TRUE TRUE TRUE 
aveDir18 分數(需小於-7): -5 
DIF方向(需為負向): 1.000000 
指數(要低於ave18): 10726  ave18: 10768 
2小時均線方向(需為負向): 1.000000 
90小時線離指數差(需小於150): 5.500000 
雙刀-長線-空 策略1:  2017/11/29 08:45:00 FALSE FALSE TRUE FALSE TRUE 
雙刀-長線-空 策略2:  2017/11/29 08:45:00 TRUE FALSE FALSE TRUE FALSE TRUE 
雙刀-長線-空 策略3:  2017/11/29 08:45:00 FALSE TRUE FALSE TRUE FALSE TRUE 
aveDir18 分數(需小於-7): -6 
DIF方向(需為負向): 1.000000 
指數(要低於ave18): 10716  ave18: 10761 
2小時均線方向(需為負向): 1.000000 
90小時線離指數差(需小於150): 15.066667 
雙刀-長線-空 策略1:  2017/11/29 09:45:00 FALSE FALSE TRUE FALSE TRUE 
雙刀-長線-空 策略2:  2017/11/29 09:45:00 TRUE FALSE FALSE TRUE FALSE TRUE 
雙刀-長線-空 策略3:  2017/11/29 09:45:00 FALSE TRUE FALSE TRUE FALSE TRUE 
aveDir18 分數(需小於-7): -7 
DIF方向(需為負向): 1.000000 
指數(要低於ave18): 10705  ave18: 10754 
2小時均線方向(需為負向): -1.000000 
90小時線離指數差(需小於150): 25.500000 
雙刀-長線-空 策略1:  2017/11/29 10:45:00 TRUE FALSE TRUE TRUE TRUE 
雙刀-長線-空 策略2:  2017/11/29 10:45:00 TRUE FALSE FALSE TRUE TRUE TRUE 
雙刀-長線-空 策略3:  2017/11/29 10:45:00 FALSE TRUE FALSE TRUE TRUE TRUE 
aveDir18 分數(需小於-7): -8 
DIF方向(需為負向): -1.000000 
指數(要低於ave18): 10708  ave18: 10747 
2小時均線方向(需為負向): -1.000000 
90小時線離指數差(需小於150): 21.966667 
雙刀-長線-空 策略1:  2017/11/29 11:45:00 TRUE TRUE TRUE TRUE TRUE 
雙刀-長線-空 策略2:  2017/11/29 11:45:00 TRUE FALSE TRUE TRUE TRUE TRUE 
雙刀-長線-空 策略3:  2017/11/29 11:45:00 FALSE TRUE TRUE TRUE TRUE TRUE 
aveDir18 分數(需小於-7): -9 
DIF方向(需為負向): 1.000000 
指數(要低於ave18): 10715  ave18: 10740 
2小時均線方向(需為負向): 1.000000 
90小時線離指數差(需小於150): 14.322222 
雙刀-長線-空 策略1:  2017/11/29 12:45:00 TRUE FALSE TRUE FALSE TRUE 
雙刀-長線-空 策略2:  2017/11/29 12:45:00 TRUE FALSE FALSE TRUE FALSE TRUE 
雙刀-長線-空 策略3:  2017/11/29 12:45:00 FALSE TRUE FALSE TRUE FALSE TRUE 
aveDir18 分數(需小於-7): -10 
DIF方向(需為負向): -1.000000 
指數(要低於ave18): 10602  ave18: 10727 
2小時均線方向(需為負向): -1.000000 
90小時線離指數差(需小於150): 125.555556 
雙刀-長線-空 策略1:  2017/11/30 08:45:00 TRUE TRUE TRUE TRUE TRUE 
雙刀-長線-空 策略2:  2017/11/30 08:45:00 TRUE TRUE TRUE TRUE TRUE TRUE 
雙刀-長線-空 策略3:  2017/11/30 08:45:00 FALSE TRUE TRUE TRUE TRUE TRUE 
aveDir18 分數(需小於-7): -11 
DIF方向(需為負向): -1.000000 
指數(要低於ave18): 10621  ave18: 10716 
2小時均線方向(需為負向): -1.000000 
90小時線離指數差(需小於150): 105.211111 
雙刀-長線-空 策略1:  2017/11/30 09:45:00 TRUE TRUE TRUE TRUE TRUE 
雙刀-長線-空 策略2:  2017/11/30 09:45:00 TRUE TRUE TRUE TRUE TRUE TRUE 
雙刀-長線-空 策略3:  2017/11/30 09:45:00 FALSE TRUE TRUE TRUE TRUE TRUE 
aveDir18 分數(需小於-7): -12 
DIF方向(需為負向): -1.000000 
指數(要低於ave18): 10593  ave18: 10702 
2小時均線方向(需為負向): -1.000000 
90小時線離指數差(需小於150): 131.433333 
雙刀-長線-空 策略1:  2017/11/30 10:45:00 TRUE TRUE TRUE TRUE TRUE 
雙刀-長線-空 策略2:  2017/11/30 10:45:00 TRUE TRUE TRUE TRUE TRUE TRUE 
雙刀-長線-空 策略3:  2017/11/30 10:45:00 FALSE TRUE TRUE TRUE TRUE TRUE 
aveDir18 分數(需小於-7): -13 
DIF方向(需為負向): -1.000000 
指數(要低於ave18): 10580  ave18: 10692 
2小時均線方向(需為負向): -1.000000 
90小時線離指數差(需小於150): 142.533333 
雙刀-長線-空 策略1:  2017/11/30 11:45:00 TRUE TRUE TRUE TRUE TRUE 
雙刀-長線-空 策略2:  2017/11/30 11:45:00 TRUE TRUE TRUE TRUE TRUE TRUE 
雙刀-長線-空 策略3:  2017/11/30 11:45:00 FALSE TRUE TRUE TRUE TRUE TRUE 
aveDir18 分數(需小於-7): -15 
DIF方向(需為負向): -1.000000 
指數(要低於ave18): 10565  ave18: 10681 
2小時均線方向(需為負向): -1.000000 
90小時線離指數差(需小於150): 155.400000 
雙刀-長線-空 策略1:  2017/11/30 12:45:00 TRUE TRUE TRUE TRUE FALSE 
雙刀-長線-空 策略2:  2017/11/30 12:45:00 TRUE TRUE TRUE TRUE TRUE FALSE 
雙刀-長線-空 策略3:  2017/11/30 12:45:00 TRUE TRUE TRUE TRUE TRUE FALSE 
aveDir18 分數(需小於-7): -15 
DIF方向(需為負向): -1.000000 
指數(要低於ave18): 10564  ave18: 10671 
2小時均線方向(需為負向): -1.000000 
90小時線離指數差(需小於150): 153.988889 
雙刀-長線-空 策略1:  2017/12/01 08:45:00 TRUE TRUE TRUE TRUE FALSE 
雙刀-長線-空 策略2:  2017/12/01 08:45:00 TRUE FALSE TRUE TRUE TRUE FALSE 
雙刀-長線-空 策略3:  2017/12/01 08:45:00 FALSE TRUE TRUE TRUE TRUE FALSE 
aveDir18 分數(需小於-7): -15 
DIF方向(需為負向): -1.000000 
指數(要低於ave18): 10527  ave18: 10658 
2小時均線方向(需為負向): -1.000000 
90小時線離指數差(需小於150): 188.133333 
雙刀-長線-空 策略1:  2017/12/01 09:45:00 TRUE TRUE TRUE TRUE FALSE 
雙刀-長線-空 策略2:  2017/12/01 09:45:00 TRUE TRUE TRUE TRUE TRUE FALSE 
雙刀-長線-空 策略3:  2017/12/01 09:45:00 FALSE TRUE TRUE TRUE TRUE FALSE 
aveDir18 分數(需小於-7): -15 
DIF方向(需為負向): -1.000000 
指數(要低於ave18): 10593  ave18: 10651 
2小時均線方向(需為負向): 1.000000 
90小時線離指數差(需小於150): 119.955556 
雙刀-長線-空 策略1:  2017/12/01 10:45:00 TRUE TRUE TRUE FALSE TRUE 
雙刀-長線-空 策略2:  2017/12/01 10:45:00 TRUE FALSE TRUE TRUE FALSE TRUE 
雙刀-長線-空 策略3:  2017/12/01 10:45:00 FALSE TRUE TRUE TRUE FALSE TRUE 
aveDir18 分數(需小於-7): -15 
DIF方向(需為負向): 1.000000 
指數(要低於ave18): 10627  ave18: 10647 
2小時均線方向(需為負向): 1.000000 
90小時線離指數差(需小於150): 84.144444 
雙刀-長線-空 策略1:  2017/12/01 11:45:00 TRUE FALSE TRUE FALSE TRUE 
雙刀-長線-空 策略2:  2017/12/01 11:45:00 TRUE FALSE FALSE TRUE FALSE TRUE 
雙刀-長線-空 策略3:  2017/12/01 11:45:00 FALSE TRUE FALSE TRUE FALSE TRUE 
aveDir18 分數(需小於-7): -15 
DIF方向(需為負向): 1.000000 
指數(要低於ave18): 10590  ave18: 10640 
2小時均線方向(需為負向): -1.000000 
90小時線離指數差(需小於150): 118.711111 
雙刀-長線-空 策略1:  2017/12/01 12:45:00 TRUE FALSE TRUE TRUE TRUE 
雙刀-長線-空 策略2:  2017/12/01 12:45:00 TRUE FALSE FALSE TRUE TRUE TRUE 
雙刀-長線-空 策略3:  2017/12/01 12:45:00 FALSE TRUE FALSE TRUE TRUE TRUE 
aveDir18 分數(需小於-7): 1 
DIF方向(需為負向): 0.000000 
指數(要低於ave18): 10735  ave18: 10810 
2小時均線方向(需為負向): 1.000000 
90小時線離指數差(需小於150): 0.700000 
雙刀-長線-空 策略1:  2017/11/27 12:45:00 FALSE FALSE TRUE FALSE TRUE 
雙刀-長線-空 策略2:  2017/11/27 12:45:00 FALSE TRUE FALSE TRUE FALSE TRUE 
雙刀-長線-空 策略3:  2017/11/27 12:45:00 FALSE FALSE FALSE TRUE FALSE TRUE 
aveDir18 分數(需小於-7): 0 
DIF方向(需為負向): -1.000000 
指數(要低於ave18): 10698  ave18: 10801 
2小時均線方向(需為負向): -1.000000 
90小時線離指數差(需小於150): 36.966667 
雙刀-長線-空 策略1:  2017/11/28 08:45:00 FALSE TRUE TRUE TRUE TRUE 
雙刀-長線-空 策略2:  2017/11/28 08:45:00 FALSE TRUE TRUE TRUE TRUE TRUE 
雙刀-長線-空 策略3:  2017/11/28 08:45:00 FALSE FALSE TRUE TRUE TRUE TRUE 
aveDir18 分數(需小於-7): -1 
DIF方向(需為負向): -1.000000 
指數(要低於ave18): 10711  ave18: 10795 
2小時均線方向(需為負向): -1.000000 
90小時線離指數差(需小於150): 23.177778 
雙刀-長線-空 策略1:  2017/11/28 09:45:00 FALSE TRUE TRUE TRUE TRUE 
雙刀-長線-空 策略2:  2017/11/28 09:45:00 FALSE FALSE TRUE TRUE TRUE TRUE 
雙刀-長線-空 策略3:  2017/11/28 09:45:00 FALSE FALSE TRUE TRUE TRUE TRUE 
aveDir18 分數(需小於-7): -2 
DIF方向(需為負向): -1.000000 
指數(要低於ave18): 10695  ave18: 10788 
2小時均線方向(需為負向): -1.000000 
90小時線離指數差(需小於150): 38.377778 
雙刀-長線-空 策略1:  2017/11/28 10:45:00 FALSE TRUE TRUE TRUE TRUE 
雙刀-長線-空 策略2:  2017/11/28 10:45:00 FALSE FALSE TRUE TRUE TRUE TRUE 
雙刀-長線-空 策略3:  2017/11/28 10:45:00 FALSE FALSE TRUE TRUE TRUE TRUE 
aveDir18 分數(需小於-7): -3 
DIF方向(需為負向): -1.000000 
指數(要低於ave18): 10696  ave18: 10782 
2小時均線方向(需為負向): -1.000000 
90小時線離指數差(需小於150): 36.500000 
雙刀-長線-空 策略1:  2017/11/28 11:45:00 FALSE TRUE TRUE TRUE TRUE 
雙刀-長線-空 策略2:  2017/11/28 11:45:00 FALSE FALSE TRUE TRUE TRUE TRUE 
雙刀-長線-空 策略3:  2017/11/28 11:45:00 FALSE TRUE TRUE TRUE TRUE TRUE 
aveDir18 分數(需小於-7): -4 
DIF方向(需為負向): -1.000000 
指數(要低於ave18): 10694  ave18: 10774 
2小時均線方向(需為負向): -1.000000 
90小時線離指數差(需小於150): 37.700000 
雙刀-長線-空 策略1:  2017/11/28 12:45:00 FALSE TRUE TRUE TRUE TRUE 
雙刀-長線-空 策略2:  2017/11/28 12:45:00 FALSE FALSE TRUE TRUE TRUE TRUE 
雙刀-長線-空 策略3:  2017/11/28 12:45:00 FALSE TRUE TRUE TRUE TRUE TRUE 
aveDir18 分數(需小於-7): -5 
DIF方向(需為負向): 1.000000 
指數(要低於ave18): 10726  ave18: 10768 
2小時均線方向(需為負向): 1.000000 
90小時線離指數差(需小於150): 5.500000 
雙刀-長線-空 策略1:  2017/11/29 08:45:00 FALSE FALSE TRUE FALSE TRUE 
雙刀-長線-空 策略2:  2017/11/29 08:45:00 TRUE FALSE FALSE TRUE FALSE TRUE 
雙刀-長線-空 策略3:  2017/11/29 08:45:00 FALSE TRUE FALSE TRUE FALSE TRUE 
aveDir18 分數(需小於-7): -6 
DIF方向(需為負向): 1.000000 
指數(要低於ave18): 10716  ave18: 10761 
2小時均線方向(需為負向): 1.000000 
90小時線離指數差(需小於150): 15.066667 
雙刀-長線-空 策略1:  2017/11/29 09:45:00 FALSE FALSE TRUE FALSE TRUE 
雙刀-長線-空 策略2:  2017/11/29 09:45:00 TRUE FALSE FALSE TRUE FALSE TRUE 
雙刀-長線-空 策略3:  2017/11/29 09:45:00 FALSE TRUE FALSE TRUE FALSE TRUE 
aveDir18 分數(需小於-7): -7 
DIF方向(需為負向): 1.000000 
指數(要低於ave18): 10705  ave18: 10754 
2小時均線方向(需為負向): -1.000000 
90小時線離指數差(需小於150): 25.500000 
雙刀-長線-空 策略1:  2017/11/29 10:45:00 TRUE FALSE TRUE TRUE TRUE 
雙刀-長線-空 策略2:  2017/11/29 10:45:00 TRUE FALSE FALSE TRUE TRUE TRUE 
雙刀-長線-空 策略3:  2017/11/29 10:45:00 FALSE TRUE FALSE TRUE TRUE TRUE 
aveDir18 分數(需小於-7): -8 
DIF方向(需為負向): -1.000000 
指數(要低於ave18): 10708  ave18: 10747 
2小時均線方向(需為負向): -1.000000 
90小時線離指數差(需小於150): 21.966667 
雙刀-長線-空 策略1:  2017/11/29 11:45:00 TRUE TRUE TRUE TRUE TRUE 
雙刀-長線-空 策略2:  2017/11/29 11:45:00 TRUE FALSE TRUE TRUE TRUE TRUE 
雙刀-長線-空 策略3:  2017/11/29 11:45:00 FALSE TRUE TRUE TRUE TRUE TRUE 
aveDir18 分數(需小於-7): -9 
DIF方向(需為負向): 1.000000 
指數(要低於ave18): 10715  ave18: 10740 
2小時均線方向(需為負向): 1.000000 
90小時線離指數差(需小於150): 14.322222 
雙刀-長線-空 策略1:  2017/11/29 12:45:00 TRUE FALSE TRUE FALSE TRUE 
雙刀-長線-空 策略2:  2017/11/29 12:45:00 TRUE FALSE FALSE TRUE FALSE TRUE 
雙刀-長線-空 策略3:  2017/11/29 12:45:00 FALSE TRUE FALSE TRUE FALSE TRUE 
aveDir18 分數(需小於-7): -10 
DIF方向(需為負向): -1.000000 
指數(要低於ave18): 10602  ave18: 10727 
2小時均線方向(需為負向): -1.000000 
90小時線離指數差(需小於150): 125.555556 
雙刀-長線-空 策略1:  2017/11/30 08:45:00 TRUE TRUE TRUE TRUE TRUE 
雙刀-長線-空 策略2:  2017/11/30 08:45:00 TRUE TRUE TRUE TRUE TRUE TRUE 
雙刀-長線-空 策略3:  2017/11/30 08:45:00 FALSE TRUE TRUE TRUE TRUE TRUE 
aveDir18 分數(需小於-7): -11 
DIF方向(需為負向): -1.000000 
指數(要低於ave18): 10621  ave18: 10716 
2小時均線方向(需為負向): -1.000000 
90小時線離指數差(需小於150): 105.211111 
雙刀-長線-空 策略1:  2017/11/30 09:45:00 TRUE TRUE TRUE TRUE TRUE 
雙刀-長線-空 策略2:  2017/11/30 09:45:00 TRUE TRUE TRUE TRUE TRUE TRUE 
雙刀-長線-空 策略3:  2017/11/30 09:45:00 FALSE TRUE TRUE TRUE TRUE TRUE 
aveDir18 分數(需小於-7): -12 
DIF方向(需為負向): -1.000000 
指數(要低於ave18): 10593  ave18: 10702 
2小時均線方向(需為負向): -1.000000 
90小時線離指數差(需小於150): 131.433333 
雙刀-長線-空 策略1:  2017/11/30 10:45:00 TRUE TRUE TRUE TRUE TRUE 
雙刀-長線-空 策略2:  2017/11/30 10:45:00 TRUE TRUE TRUE TRUE TRUE TRUE 
雙刀-長線-空 策略3:  2017/11/30 10:45:00 FALSE TRUE TRUE TRUE TRUE TRUE 
aveDir18 分數(需小於-7): -13 
DIF方向(需為負向): -1.000000 
指數(要低於ave18): 10580  ave18: 10692 
2小時均線方向(需為負向): -1.000000 
90小時線離指數差(需小於150): 142.533333 
雙刀-長線-空 策略1:  2017/11/30 11:45:00 TRUE TRUE TRUE TRUE TRUE 
雙刀-長線-空 策略2:  2017/11/30 11:45:00 TRUE TRUE TRUE TRUE TRUE TRUE 
雙刀-長線-空 策略3:  2017/11/30 11:45:00 FALSE TRUE TRUE TRUE TRUE TRUE 
aveDir18 分數(需小於-7): -15 
DIF方向(需為負向): -1.000000 
指數(要低於ave18): 10565  ave18: 10681 
2小時均線方向(需為負向): -1.000000 
90小時線離指數差(需小於150): 155.400000 
雙刀-長線-空 策略1:  2017/11/30 12:45:00 TRUE TRUE TRUE TRUE FALSE 
雙刀-長線-空 策略2:  2017/11/30 12:45:00 TRUE TRUE TRUE TRUE TRUE FALSE 
雙刀-長線-空 策略3:  2017/11/30 12:45:00 TRUE TRUE TRUE TRUE TRUE FALSE 
aveDir18 分數(需小於-7): -15 
DIF方向(需為負向): -1.000000 
指數(要低於ave18): 10564  ave18: 10671 
2小時均線方向(需為負向): -1.000000 
90小時線離指數差(需小於150): 153.988889 
雙刀-長線-空 策略1:  2017/12/01 08:45:00 TRUE TRUE TRUE TRUE FALSE 
雙刀-長線-空 策略2:  2017/12/01 08:45:00 TRUE FALSE TRUE TRUE TRUE FALSE 
雙刀-長線-空 策略3:  2017/12/01 08:45:00 FALSE TRUE TRUE TRUE TRUE FALSE 
aveDir18 分數(需小於-7): -15 
DIF方向(需為負向): -1.000000 
指數(要低於ave18): 10527  ave18: 10658 
2小時均線方向(需為負向): -1.000000 
90小時線離指數差(需小於150): 188.133333 
雙刀-長線-空 策略1:  2017/12/01 09:45:00 TRUE TRUE TRUE TRUE FALSE 
雙刀-長線-空 策略2:  2017/12/01 09:45:00 TRUE TRUE TRUE TRUE TRUE FALSE 
雙刀-長線-空 策略3:  2017/12/01 09:45:00 FALSE TRUE TRUE TRUE TRUE FALSE 
aveDir18 分數(需小於-7): -15 
DIF方向(需為負向): -1.000000 
指數(要低於ave18): 10593  ave18: 10651 
2小時均線方向(需為負向): 1.000000 
90小時線離指數差(需小於150): 119.955556 
雙刀-長線-空 策略1:  2017/12/01 10:45:00 TRUE TRUE TRUE FALSE TRUE 
雙刀-長線-空 策略2:  2017/12/01 10:45:00 TRUE FALSE TRUE TRUE FALSE TRUE 
雙刀-長線-空 策略3:  2017/12/01 10:45:00 FALSE TRUE TRUE TRUE FALSE TRUE 
aveDir18 分數(需小於-7): -15 
DIF方向(需為負向): 1.000000 
指數(要低於ave18): 10627  ave18: 10647 
2小時均線方向(需為負向): 1.000000 
90小時線離指數差(需小於150): 84.144444 
雙刀-長線-空 策略1:  2017/12/01 11:45:00 TRUE FALSE TRUE FALSE TRUE 
雙刀-長線-空 策略2:  2017/12/01 11:45:00 TRUE FALSE FALSE TRUE FALSE TRUE 
雙刀-長線-空 策略3:  2017/12/01 11:45:00 FALSE TRUE FALSE TRUE FALSE TRUE 
aveDir18 分數(需小於-7): -15 
DIF方向(需為負向): 1.000000 
指數(要低於ave18): 10590  ave18: 10640 
2小時均線方向(需為負向): -1.000000 
90小時線離指數差(需小於150): 118.711111 
雙刀-長線-空 策略1:  2017/12/01 12:45:00 TRUE FALSE TRUE TRUE TRUE 
雙刀-長線-空 策略2:  2017/12/01 12:45:00 TRUE FALSE FALSE TRUE TRUE TRUE 
雙刀-長線-空 策略3:  2017/12/01 12:45:00 FALSE TRUE FALSE TRUE TRUE TRUE 
