= 多  2017/12/01 12:14:00 
value3 小於-800數量(15分鐘內) : 1.000000 
= 多  2017/12/01 12:15:00 
value3 小於-800數量(15分鐘內) : 2.000000 
= 多  2017/12/01 12:16:00 
value3 小於-800數量(15分鐘內) : 3.000000 
= 多  2017/12/01 12:17:00 
value3 小於-800數量(15分鐘內) : 4.000000 
= 多  2017/12/01 12:18:00 
value3 小於-800數量(15分鐘內) : 5.000000 
= 多  2017/12/01 12:19:00 
value3 小於-800數量(15分鐘內) : 6.000000 
= 多  2017/12/01 12:20:00 
value3 小於-800數量(15分鐘內) : 7.000000 
= 多  2017/12/01 12:21:00 
value3 小於-800數量(15分鐘內) : 8.000000 
= 多  2017/12/01 12:22:00 
value3 小於-800數量(15分鐘內) : 9.000000 
= 多  2017/12/01 12:23:00 
value3 小於-800數量(15分鐘內) : 10.000000 
= 多  2017/12/01 12:24:00 
value3 小於-800數量(15分鐘內) : 11.000000 
= 多  2017/12/01 12:25:00 
value3 小於-800數量(15分鐘內) : 12.000000 
= 多  2017/12/01 12:26:00 
value3 小於-800數量(15分鐘內) : 13.000000 
= 多  2017/12/01 12:27:00 
value3 小於-800數量(15分鐘內) : 14.000000 
= 多  2017/12/01 12:28:00 
value3 小於-800數量(15分鐘內) : 15.000000 
= 多  2017/12/01 12:29:00 
value3 小於-800數量(15分鐘內) : 15.000000 
= 多  2017/12/01 12:30:00 
value3 小於-800數量(15分鐘內) : 15.000000 
= 多  2017/12/01 12:31:00 
value3 小於-800數量(15分鐘內) : 15.000000 
= 多  2017/12/01 12:32:00 
value3 小於-800數量(15分鐘內) : 15.000000 
= 多  2017/12/01 12:33:00 
value3 小於-800數量(15分鐘內) : 15.000000 
= 多  2017/12/01 12:34:00 
value3 小於-800數量(15分鐘內) : 15.000000 
= 多  2017/12/01 12:35:00 
value3 小於-800數量(15分鐘內) : 15.000000 
= 多  2017/12/01 12:36:00 
value3 小於-800數量(15分鐘內) : 15.000000 
= 多  2017/12/01 12:37:00 
value3 小於-800數量(15分鐘內) : 15.000000 
= 多  2017/12/01 12:38:00 
value3 小於-800數量(15分鐘內) : 15.000000 
= 多  2017/12/01 12:39:00 
value3 小於-800數量(15分鐘內) : 15.000000 
= 多  2017/12/01 12:40:00 
value3 小於-800數量(15分鐘內) : 15.000000 
= 多  2017/12/01 12:41:00 
value3 小於-800數量(15分鐘內) : 15.000000 
= 多  2017/12/01 12:42:00 
value3 小於-800數量(15分鐘內) : 15.000000 
= 多  2017/12/01 12:43:00 
value3 小於-800數量(15分鐘內) : 15.000000 
= 多  2017/12/01 12:44:00 
value3 小於-800數量(15分鐘內) : 15.000000 
= 多  2017/12/01 12:45:00 
value3 小於-800數量(15分鐘內) : 15.000000 
= 多  2017/12/01 12:46:00 
value3 小於-800數量(15分鐘內) : 15.000000 
= 多  2017/12/01 12:47:00 
value3 小於-800數量(15分鐘內) : 15.000000 
= 多  2017/12/01 12:48:00 
value3 小於-800數量(15分鐘內) : 15.000000 
= 多  2017/12/01 12:49:00 
value3 小於-800數量(15分鐘內) : 15.000000 
= 多  2017/12/01 12:50:00 
value3 小於-800數量(15分鐘內) : 15.000000 
= 多  2017/12/01 12:51:00 
value3 小於-800數量(15分鐘內) : 15.000000 
= 多  2017/12/01 12:52:00 
value3 小於-800數量(15分鐘內) : 15.000000 
= 多  2017/12/01 12:53:00 
value3 小於-800數量(15分鐘內) : 15.000000 
= 多  2017/12/01 12:54:00 
value3 小於-800數量(15分鐘內) : 15.000000 
= 多  2017/12/01 12:55:00 
value3 小於-800數量(15分鐘內) : 15.000000 
= 多  2017/12/01 12:56:00 
value3 小於-800數量(15分鐘內) : 15.000000 
= 多  2017/12/01 12:57:00 
value3 小於-800數量(15分鐘內) : 15.000000 
= 多  2017/12/01 12:58:00 
value3 小於-800數量(15分鐘內) : 15.000000 
= 多  2017/12/01 12:59:00 
value3 小於-800數量(15分鐘內) : 15.000000 
= 多  2017/12/01 13:00:00 
value3 小於-800數量(15分鐘內) : 15.000000 
= 多  2017/12/01 13:01:00 
value3 小於-800數量(15分鐘內) : 15.000000 
= 多  2017/12/01 13:02:00 
value3 小於-800數量(15分鐘內) : 15.000000 
= 多  2017/12/01 13:03:00 
value3 小於-800數量(15分鐘內) : 15.000000 
= 多  2017/12/01 13:04:00 
value3 小於-800數量(15分鐘內) : 15.000000 
= 多  2017/12/01 13:05:00 
value3 小於-800數量(15分鐘內) : 15.000000 
= 多  2017/12/01 13:06:00 
value3 小於-800數量(15分鐘內) : 15.000000 
= 多  2017/12/01 13:07:00 
value3 小於-800數量(15分鐘內) : 15.000000 
= 多  2017/12/01 13:08:00 
value3 小於-800數量(15分鐘內) : 15.000000 
= 多  2017/12/01 13:09:00 
value3 小於-800數量(15分鐘內) : 15.000000 
= 多  2017/12/01 13:10:00 
value3 小於-800數量(15分鐘內) : 15.000000 
= 多  2017/12/01 13:11:00 
value3 小於-800數量(15分鐘內) : 15.000000 
= 多  2017/12/01 13:12:00 
value3 小於-800數量(15分鐘內) : 15.000000 
= 多  2017/12/01 13:13:00 
value3 小於-800數量(15分鐘內) : 15.000000 
= 多  2017/12/01 13:14:00 
value3 小於-800數量(15分鐘內) : 15.000000 
= 多  2017/12/01 13:15:00 
value3 小於-800數量(15分鐘內) : 15.000000 
= 多  2017/12/01 13:16:00 
value3 小於-800數量(15分鐘內) : 15.000000 
= 多  2017/12/01 13:17:00 
value3 小於-800數量(15分鐘內) : 15.000000 
= 多  2017/12/01 13:18:00 
value3 小於-800數量(15分鐘內) : 15.000000 
= 多  2017/12/01 13:19:00 
value3 小於-800數量(15分鐘內) : 15.000000 
= 多  2017/12/01 13:20:00 
value3 小於-800數量(15分鐘內) : 15.000000 
= 多  2017/12/01 13:21:00 
value3 小於-800數量(15分鐘內) : 15.000000 
= 多  2017/12/01 13:22:00 
value3 小於-800數量(15分鐘內) : 15.000000 
= 多  2017/12/01 13:23:00 
value3 小於-800數量(15分鐘內) : 15.000000 
= 多  2017/12/01 13:24:00 
value3 小於-800數量(15分鐘內) : 15.000000 
= 多  2017/12/01 13:25:00 
value3 小於-800數量(15分鐘內) : 15.000000 
= 多  2017/12/01 13:26:00 
value3 小於-800數量(15分鐘內) : 15.000000 
= 多  2017/12/01 13:27:00 
value3 小於-800數量(15分鐘內) : 15.000000 
= 多  2017/12/01 13:28:00 
value3 小於-800數量(15分鐘內) : 15.000000 
= 多  2017/12/01 13:29:00 
value3 小於-800數量(15分鐘內) : 15.000000 
= 多  2017/12/01 13:30:00 
value3 小於-800數量(15分鐘內) : 15.000000 
= 多  2017/12/01 13:31:00 
value3 小於-800數量(15分鐘內) : 15.000000 
= 多  2017/12/01 13:32:00 
value3 小於-800數量(15分鐘內) : 15.000000 
= 多  2017/12/01 13:33:00 
value3 小於-800數量(15分鐘內) : 15.000000 
= 多  2017/12/01 13:34:00 
value3 小於-800數量(15分鐘內) : 15.000000 
= 多  2017/12/01 13:35:00 
value3 小於-800數量(15分鐘內) : 15.000000 
= 多  2017/12/01 13:36:00 
value3 小於-800數量(15分鐘內) : 15.000000 
= 多  2017/12/01 13:37:00 
value3 小於-800數量(15分鐘內) : 15.000000 
= 多  2017/12/01 13:38:00 
value3 小於-800數量(15分鐘內) : 15.000000 
= 多  2017/12/01 13:39:00 
value3 小於-800數量(15分鐘內) : 15.000000 
= 多  2017/12/01 13:40:00 
value3 小於-800數量(15分鐘內) : 15.000000 
= 多  2017/12/01 13:41:00 
value3 小於-800數量(15分鐘內) : 15.000000 
= 多  2017/12/01 13:42:00 
value3 小於-800數量(15分鐘內) : 15.000000 
= 多  2017/12/01 13:43:00 
value3 小於-800數量(15分鐘內) : 15.000000 
= 多  2017/12/01 13:44:00 
value3 小於-800數量(15分鐘內) : 15.000000 
= 多  2017/12/01 12:14:00 
value3 小於-800數量(15分鐘內) : 1.000000 
= 多  2017/12/01 12:15:00 
value3 小於-800數量(15分鐘內) : 2.000000 
= 多  2017/12/01 12:16:00 
value3 小於-800數量(15分鐘內) : 3.000000 
= 多  2017/12/01 12:17:00 
value3 小於-800數量(15分鐘內) : 4.000000 
= 多  2017/12/01 12:18:00 
value3 小於-800數量(15分鐘內) : 5.000000 
= 多  2017/12/01 12:19:00 
value3 小於-800數量(15分鐘內) : 6.000000 
= 多  2017/12/01 12:20:00 
value3 小於-800數量(15分鐘內) : 7.000000 
= 多  2017/12/01 12:21:00 
value3 小於-800數量(15分鐘內) : 8.000000 
= 多  2017/12/01 12:22:00 
value3 小於-800數量(15分鐘內) : 9.000000 
= 多  2017/12/01 12:23:00 
value3 小於-800數量(15分鐘內) : 10.000000 
= 多  2017/12/01 12:24:00 
value3 小於-800數量(15分鐘內) : 11.000000 
= 多  2017/12/01 12:25:00 
value3 小於-800數量(15分鐘內) : 12.000000 
= 多  2017/12/01 12:26:00 
value3 小於-800數量(15分鐘內) : 13.000000 
= 多  2017/12/01 12:27:00 
value3 小於-800數量(15分鐘內) : 14.000000 
= 多  2017/12/01 12:28:00 
value3 小於-800數量(15分鐘內) : 15.000000 
= 多  2017/12/01 12:29:00 
value3 小於-800數量(15分鐘內) : 15.000000 
= 多  2017/12/01 12:30:00 
value3 小於-800數量(15分鐘內) : 15.000000 
= 多  2017/12/01 12:31:00 
value3 小於-800數量(15分鐘內) : 15.000000 
= 多  2017/12/01 12:32:00 
value3 小於-800數量(15分鐘內) : 15.000000 
= 多  2017/12/01 12:33:00 
value3 小於-800數量(15分鐘內) : 15.000000 
= 多  2017/12/01 12:34:00 
value3 小於-800數量(15分鐘內) : 15.000000 
= 多  2017/12/01 12:35:00 
value3 小於-800數量(15分鐘內) : 15.000000 
= 多  2017/12/01 12:36:00 
value3 小於-800數量(15分鐘內) : 15.000000 
= 多  2017/12/01 12:37:00 
value3 小於-800數量(15分鐘內) : 15.000000 
= 多  2017/12/01 12:38:00 
value3 小於-800數量(15分鐘內) : 15.000000 
= 多  2017/12/01 12:39:00 
value3 小於-800數量(15分鐘內) : 15.000000 
= 多  2017/12/01 12:40:00 
value3 小於-800數量(15分鐘內) : 15.000000 
= 多  2017/12/01 12:41:00 
value3 小於-800數量(15分鐘內) : 15.000000 
= 多  2017/12/01 12:42:00 
value3 小於-800數量(15分鐘內) : 15.000000 
= 多  2017/12/01 12:43:00 
value3 小於-800數量(15分鐘內) : 15.000000 
= 多  2017/12/01 12:44:00 
value3 小於-800數量(15分鐘內) : 15.000000 
= 多  2017/12/01 12:45:00 
value3 小於-800數量(15分鐘內) : 15.000000 
= 多  2017/12/01 12:46:00 
value3 小於-800數量(15分鐘內) : 15.000000 
= 多  2017/12/01 12:47:00 
value3 小於-800數量(15分鐘內) : 15.000000 
= 多  2017/12/01 12:48:00 
value3 小於-800數量(15分鐘內) : 15.000000 
= 多  2017/12/01 12:49:00 
value3 小於-800數量(15分鐘內) : 15.000000 
= 多  2017/12/01 12:50:00 
value3 小於-800數量(15分鐘內) : 15.000000 
= 多  2017/12/01 12:51:00 
value3 小於-800數量(15分鐘內) : 15.000000 
= 多  2017/12/01 12:52:00 
value3 小於-800數量(15分鐘內) : 15.000000 
= 多  2017/12/01 12:53:00 
value3 小於-800數量(15分鐘內) : 15.000000 
= 多  2017/12/01 12:54:00 
value3 小於-800數量(15分鐘內) : 15.000000 
= 多  2017/12/01 12:55:00 
value3 小於-800數量(15分鐘內) : 15.000000 
= 多  2017/12/01 12:56:00 
value3 小於-800數量(15分鐘內) : 15.000000 
= 多  2017/12/01 12:57:00 
value3 小於-800數量(15分鐘內) : 15.000000 
= 多  2017/12/01 12:58:00 
value3 小於-800數量(15分鐘內) : 15.000000 
= 多  2017/12/01 12:59:00 
value3 小於-800數量(15分鐘內) : 15.000000 
= 多  2017/12/01 13:00:00 
value3 小於-800數量(15分鐘內) : 15.000000 
= 多  2017/12/01 13:01:00 
value3 小於-800數量(15分鐘內) : 15.000000 
= 多  2017/12/01 13:02:00 
value3 小於-800數量(15分鐘內) : 15.000000 
= 多  2017/12/01 13:03:00 
value3 小於-800數量(15分鐘內) : 15.000000 
= 多  2017/12/01 13:04:00 
value3 小於-800數量(15分鐘內) : 15.000000 
= 多  2017/12/01 13:05:00 
value3 小於-800數量(15分鐘內) : 15.000000 
= 多  2017/12/01 13:06:00 
value3 小於-800數量(15分鐘內) : 15.000000 
= 多  2017/12/01 13:07:00 
value3 小於-800數量(15分鐘內) : 15.000000 
= 多  2017/12/01 13:08:00 
value3 小於-800數量(15分鐘內) : 15.000000 
= 多  2017/12/01 13:09:00 
value3 小於-800數量(15分鐘內) : 15.000000 
= 多  2017/12/01 13:10:00 
value3 小於-800數量(15分鐘內) : 15.000000 
= 多  2017/12/01 13:11:00 
value3 小於-800數量(15分鐘內) : 15.000000 
= 多  2017/12/01 13:12:00 
value3 小於-800數量(15分鐘內) : 15.000000 
= 多  2017/12/01 13:13:00 
value3 小於-800數量(15分鐘內) : 15.000000 
= 多  2017/12/01 13:14:00 
value3 小於-800數量(15分鐘內) : 15.000000 
= 多  2017/12/01 13:15:00 
value3 小於-800數量(15分鐘內) : 15.000000 
= 多  2017/12/01 13:16:00 
value3 小於-800數量(15分鐘內) : 15.000000 
= 多  2017/12/01 13:17:00 
value3 小於-800數量(15分鐘內) : 15.000000 
= 多  2017/12/01 13:18:00 
value3 小於-800數量(15分鐘內) : 15.000000 
= 多  2017/12/01 13:19:00 
value3 小於-800數量(15分鐘內) : 15.000000 
= 多  2017/12/01 13:20:00 
value3 小於-800數量(15分鐘內) : 15.000000 
= 多  2017/12/01 13:21:00 
value3 小於-800數量(15分鐘內) : 15.000000 
= 多  2017/12/01 13:22:00 
value3 小於-800數量(15分鐘內) : 15.000000 
= 多  2017/12/01 13:23:00 
value3 小於-800數量(15分鐘內) : 15.000000 
= 多  2017/12/01 13:24:00 
value3 小於-800數量(15分鐘內) : 15.000000 
= 多  2017/12/01 13:25:00 
value3 小於-800數量(15分鐘內) : 15.000000 
= 多  2017/12/01 13:26:00 
value3 小於-800數量(15分鐘內) : 15.000000 
= 多  2017/12/01 13:27:00 
value3 小於-800數量(15分鐘內) : 15.000000 
= 多  2017/12/01 13:28:00 
value3 小於-800數量(15分鐘內) : 15.000000 
= 多  2017/12/01 13:29:00 
value3 小於-800數量(15分鐘內) : 15.000000 
= 多  2017/12/01 13:30:00 
value3 小於-800數量(15分鐘內) : 15.000000 
= 多  2017/12/01 13:31:00 
value3 小於-800數量(15分鐘內) : 15.000000 
= 多  2017/12/01 13:32:00 
value3 小於-800數量(15分鐘內) : 15.000000 
= 多  2017/12/01 13:33:00 
value3 小於-800數量(15分鐘內) : 15.000000 
= 多  2017/12/01 13:34:00 
value3 小於-800數量(15分鐘內) : 15.000000 
= 多  2017/12/01 13:35:00 
value3 小於-800數量(15分鐘內) : 15.000000 
= 多  2017/12/01 13:36:00 
value3 小於-800數量(15分鐘內) : 15.000000 
= 多  2017/12/01 13:37:00 
value3 小於-800數量(15分鐘內) : 15.000000 
= 多  2017/12/01 13:38:00 
value3 小於-800數量(15分鐘內) : 15.000000 
= 多  2017/12/01 13:39:00 
value3 小於-800數量(15分鐘內) : 15.000000 
= 多  2017/12/01 13:40:00 
value3 小於-800數量(15分鐘內) : 15.000000 
= 多  2017/12/01 13:41:00 
value3 小於-800數量(15分鐘內) : 15.000000 
= 多  2017/12/01 13:42:00 
value3 小於-800數量(15分鐘內) : 15.000000 
= 多  2017/12/01 13:43:00 
value3 小於-800數量(15分鐘內) : 15.000000 
= 多  2017/12/01 13:44:00 
value3 小於-800數量(15分鐘內) : 15.000000 
= 多  2017/12/01 12:14:00 
value3 小於-800數量(15分鐘內) : -1.000000 
= 多  2017/12/01 12:15:00 
value3 小於-800數量(15分鐘內) : -2.000000 
= 多  2017/12/01 12:16:00 
value3 小於-800數量(15分鐘內) : -3.000000 
= 多  2017/12/01 12:17:00 
value3 小於-800數量(15分鐘內) : -4.000000 
= 多  2017/12/01 12:18:00 
value3 小於-800數量(15分鐘內) : -5.000000 
= 多  2017/12/01 12:19:00 
value3 小於-800數量(15分鐘內) : -6.000000 
= 多  2017/12/01 12:20:00 
value3 小於-800數量(15分鐘內) : -7.000000 
= 多  2017/12/01 12:21:00 
value3 小於-800數量(15分鐘內) : -8.000000 
= 多  2017/12/01 12:22:00 
value3 小於-800數量(15分鐘內) : -9.000000 
= 多  2017/12/01 12:23:00 
value3 小於-800數量(15分鐘內) : -10.000000 
= 多  2017/12/01 12:24:00 
value3 小於-800數量(15分鐘內) : -11.000000 
= 多  2017/12/01 12:25:00 
value3 小於-800數量(15分鐘內) : -12.000000 
= 多  2017/12/01 12:26:00 
value3 小於-800數量(15分鐘內) : -13.000000 
= 多  2017/12/01 12:27:00 
value3 小於-800數量(15分鐘內) : -14.000000 
= 多  2017/12/01 12:28:00 
value3 小於-800數量(15分鐘內) : -15.000000 
= 多  2017/12/01 12:29:00 
value3 小於-800數量(15分鐘內) : -15.000000 
= 多  2017/12/01 12:30:00 
value3 小於-800數量(15分鐘內) : -15.000000 
= 多  2017/12/01 12:31:00 
value3 小於-800數量(15分鐘內) : -15.000000 
= 多  2017/12/01 12:32:00 
value3 小於-800數量(15分鐘內) : -15.000000 
= 多  2017/12/01 12:33:00 
value3 小於-800數量(15分鐘內) : -15.000000 
= 多  2017/12/01 12:34:00 
value3 小於-800數量(15分鐘內) : -15.000000 
= 多  2017/12/01 12:35:00 
value3 小於-800數量(15分鐘內) : -15.000000 
= 多  2017/12/01 12:36:00 
value3 小於-800數量(15分鐘內) : -15.000000 
= 多  2017/12/01 12:37:00 
value3 小於-800數量(15分鐘內) : -15.000000 
= 多  2017/12/01 12:38:00 
value3 小於-800數量(15分鐘內) : -15.000000 
= 多  2017/12/01 12:39:00 
value3 小於-800數量(15分鐘內) : -15.000000 
= 多  2017/12/01 12:40:00 
value3 小於-800數量(15分鐘內) : -15.000000 
= 多  2017/12/01 12:41:00 
value3 小於-800數量(15分鐘內) : -15.000000 
= 多  2017/12/01 12:42:00 
value3 小於-800數量(15分鐘內) : -15.000000 
= 多  2017/12/01 12:43:00 
value3 小於-800數量(15分鐘內) : -15.000000 
= 多  2017/12/01 12:44:00 
value3 小於-800數量(15分鐘內) : -15.000000 
= 多  2017/12/01 12:45:00 
value3 小於-800數量(15分鐘內) : -15.000000 
= 多  2017/12/01 12:46:00 
value3 小於-800數量(15分鐘內) : -15.000000 
= 多  2017/12/01 12:47:00 
value3 小於-800數量(15分鐘內) : -15.000000 
= 多  2017/12/01 12:48:00 
value3 小於-800數量(15分鐘內) : -15.000000 
= 多  2017/12/01 12:49:00 
value3 小於-800數量(15分鐘內) : -15.000000 
= 多  2017/12/01 12:50:00 
value3 小於-800數量(15分鐘內) : -15.000000 
= 多  2017/12/01 12:51:00 
value3 小於-800數量(15分鐘內) : -15.000000 
= 多  2017/12/01 12:52:00 
value3 小於-800數量(15分鐘內) : -15.000000 
= 多  2017/12/01 12:53:00 
value3 小於-800數量(15分鐘內) : -15.000000 
= 多  2017/12/01 12:54:00 
value3 小於-800數量(15分鐘內) : -15.000000 
= 多  2017/12/01 12:55:00 
value3 小於-800數量(15分鐘內) : -15.000000 
= 多  2017/12/01 12:56:00 
value3 小於-800數量(15分鐘內) : -15.000000 
= 多  2017/12/01 12:57:00 
value3 小於-800數量(15分鐘內) : -15.000000 
= 多  2017/12/01 12:58:00 
value3 小於-800數量(15分鐘內) : -15.000000 
= 多  2017/12/01 12:59:00 
value3 小於-800數量(15分鐘內) : -15.000000 
= 多  2017/12/01 13:00:00 
value3 小於-800數量(15分鐘內) : -15.000000 
= 多  2017/12/01 13:01:00 
value3 小於-800數量(15分鐘內) : -15.000000 
= 多  2017/12/01 13:02:00 
value3 小於-800數量(15分鐘內) : -15.000000 
= 多  2017/12/01 13:03:00 
value3 小於-800數量(15分鐘內) : -15.000000 
= 多  2017/12/01 13:04:00 
value3 小於-800數量(15分鐘內) : -15.000000 
= 多  2017/12/01 13:05:00 
value3 小於-800數量(15分鐘內) : -15.000000 
= 多  2017/12/01 13:06:00 
value3 小於-800數量(15分鐘內) : -15.000000 
= 多  2017/12/01 13:07:00 
value3 小於-800數量(15分鐘內) : -15.000000 
= 多  2017/12/01 13:08:00 
value3 小於-800數量(15分鐘內) : -15.000000 
= 多  2017/12/01 13:09:00 
value3 小於-800數量(15分鐘內) : -15.000000 
= 多  2017/12/01 13:10:00 
value3 小於-800數量(15分鐘內) : -15.000000 
= 多  2017/12/01 13:11:00 
value3 小於-800數量(15分鐘內) : -15.000000 
= 多  2017/12/01 13:12:00 
value3 小於-800數量(15分鐘內) : -15.000000 
= 多  2017/12/01 13:13:00 
value3 小於-800數量(15分鐘內) : -15.000000 
= 多  2017/12/01 13:14:00 
value3 小於-800數量(15分鐘內) : -15.000000 
= 多  2017/12/01 13:15:00 
value3 小於-800數量(15分鐘內) : -15.000000 
= 多  2017/12/01 13:16:00 
value3 小於-800數量(15分鐘內) : -15.000000 
= 多  2017/12/01 13:17:00 
value3 小於-800數量(15分鐘內) : -15.000000 
= 多  2017/12/01 13:18:00 
value3 小於-800數量(15分鐘內) : -15.000000 
= 多  2017/12/01 13:19:00 
value3 小於-800數量(15分鐘內) : -15.000000 
= 多  2017/12/01 13:20:00 
value3 小於-800數量(15分鐘內) : -15.000000 
= 多  2017/12/01 13:21:00 
value3 小於-800數量(15分鐘內) : -15.000000 
= 多  2017/12/01 13:22:00 
value3 小於-800數量(15分鐘內) : -15.000000 
= 多  2017/12/01 13:23:00 
value3 小於-800數量(15分鐘內) : -15.000000 
= 多  2017/12/01 13:24:00 
value3 小於-800數量(15分鐘內) : -15.000000 
= 多  2017/12/01 13:25:00 
value3 小於-800數量(15分鐘內) : -15.000000 
= 多  2017/12/01 13:26:00 
value3 小於-800數量(15分鐘內) : -15.000000 
= 多  2017/12/01 13:27:00 
value3 小於-800數量(15分鐘內) : -15.000000 
= 多  2017/12/01 13:28:00 
value3 小於-800數量(15分鐘內) : -15.000000 
= 多  2017/12/01 13:29:00 
value3 小於-800數量(15分鐘內) : -15.000000 
= 多  2017/12/01 13:30:00 
value3 小於-800數量(15分鐘內) : -15.000000 
= 多  2017/12/01 13:31:00 
value3 小於-800數量(15分鐘內) : -15.000000 
= 多  2017/12/01 13:32:00 
value3 小於-800數量(15分鐘內) : -15.000000 
= 多  2017/12/01 13:33:00 
value3 小於-800數量(15分鐘內) : -15.000000 
= 多  2017/12/01 13:34:00 
value3 小於-800數量(15分鐘內) : -15.000000 
= 多  2017/12/01 13:35:00 
value3 小於-800數量(15分鐘內) : -15.000000 
= 多  2017/12/01 13:36:00 
value3 小於-800數量(15分鐘內) : -15.000000 
= 多  2017/12/01 13:37:00 
value3 小於-800數量(15分鐘內) : -15.000000 
= 多  2017/12/01 13:38:00 
value3 小於-800數量(15分鐘內) : -15.000000 
= 多  2017/12/01 13:39:00 
value3 小於-800數量(15分鐘內) : -15.000000 
= 多  2017/12/01 13:40:00 
value3 小於-800數量(15分鐘內) : -15.000000 
= 多  2017/12/01 13:41:00 
value3 小於-800數量(15分鐘內) : -15.000000 
= 多  2017/12/01 13:42:00 
value3 小於-800數量(15分鐘內) : -15.000000 
= 多  2017/12/01 13:43:00 
value3 小於-800數量(15分鐘內) : -15.000000 
= 多  2017/12/01 13:44:00 
value3 小於-800數量(15分鐘內) : -15.000000 
= 多  2017/12/04 08:45:00 
value3 小於-800數量(15分鐘內) : -15.000000 
= 多  2017/12/04 08:46:00 
value3 小於-800數量(15分鐘內) : -15.000000 
= 多  2017/12/04 08:47:00 
value3 小於-800數量(15分鐘內) : -15.000000 
= 多  2017/12/04 08:48:00 
value3 小於-800數量(15分鐘內) : -15.000000 
= 多  2017/12/04 08:49:00 
value3 小於-800數量(15分鐘內) : -15.000000 
= 多  2017/12/04 08:50:00 
value3 小於-800數量(15分鐘內) : -15.000000 
= 多  2017/12/04 08:51:00 
value3 小於-800數量(15分鐘內) : -15.000000 
= 多  2017/12/04 08:52:00 
value3 小於-800數量(15分鐘內) : -15.000000 
= 多  2017/12/04 08:53:00 
value3 小於-800數量(15分鐘內) : -15.000000 
= 多  2017/12/04 08:54:00 
value3 小於-800數量(15分鐘內) : -15.000000 
= 多  2017/12/04 08:55:00 
value3 小於-800數量(15分鐘內) : -15.000000 
= 多  2017/12/04 08:56:00 
value3 小於-800數量(15分鐘內) : -15.000000 
= 多  2017/12/04 08:57:00 
value3 小於-800數量(15分鐘內) : -15.000000 
= 多  2017/12/04 08:58:00 
value3 小於-800數量(15分鐘內) : -15.000000 
= 多  2017/12/04 08:59:00 
value3 小於-800數量(15分鐘內) : -15.000000 
= 多  2017/12/04 09:00:00 
value3 小於-800數量(15分鐘內) : -15.000000 
= 多  2017/12/04 09:01:00 
value3 小於-800數量(15分鐘內) : -15.000000 
= 多  2017/12/04 09:02:00 
value3 小於-800數量(15分鐘內) : -15.000000 
= 多  2017/12/04 09:03:00 
value3 小於-800數量(15分鐘內) : -15.000000 
多-策略02:  FALSE FALSE FALSE TRUE FALSE FALSE 
多-策略01:  TRUE FALSE FALSE FALSE FALSE 
= 多  2017/12/04 09:04:00 
value3 小於-800數量(15分鐘內) : -15.000000 
多-策略02:  FALSE FALSE FALSE FALSE FALSE FALSE 
多-策略01:  TRUE FALSE FALSE FALSE FALSE 
= 多  2017/12/04 09:05:00 
value3 小於-800數量(15分鐘內) : -15.000000 
多-策略03:  FALSE FALSE FALSE FALSE FALSE FALSE 
多-策略02:  TRUE FALSE FALSE FALSE FALSE FALSE 
多-策略01:  FALSE FALSE FALSE FALSE FALSE 
= 多  2017/12/04 09:06:00 
value3 小於-800數量(15分鐘內) : -15.000000 
多-策略03:  FALSE FALSE FALSE FALSE FALSE FALSE 
多-策略02:  TRUE FALSE FALSE FALSE FALSE FALSE 
多-策略01:  FALSE FALSE FALSE FALSE FALSE 
= 多  2017/12/04 09:07:00 
value3 小於-800數量(15分鐘內) : -15.000000 
多-策略03:  FALSE FALSE FALSE FALSE FALSE FALSE 
多-策略02:  TRUE FALSE FALSE FALSE FALSE FALSE 
多-策略01:  FALSE FALSE FALSE FALSE FALSE 
= 多  2017/12/04 09:08:00 
value3 小於-800數量(15分鐘內) : -15.000000 
多-策略03:  FALSE FALSE FALSE FALSE FALSE FALSE 
多-策略02:  TRUE FALSE FALSE FALSE FALSE FALSE 
多-策略01:  FALSE FALSE FALSE FALSE FALSE 
= 多  2017/12/04 09:09:00 
value3 小於-800數量(15分鐘內) : -15.000000 
多-策略03:  FALSE FALSE FALSE FALSE FALSE FALSE 
多-策略02:  TRUE FALSE FALSE FALSE FALSE FALSE 
多-策略01:  FALSE FALSE FALSE FALSE FALSE 
= 多  2017/12/04 09:10:00 
value3 小於-800數量(15分鐘內) : -15.000000 
多-策略03:  FALSE FALSE FALSE FALSE FALSE FALSE 
多-策略02:  TRUE FALSE FALSE FALSE FALSE FALSE 
多-策略01:  FALSE FALSE FALSE FALSE FALSE 
= 多  2017/12/04 09:11:00 
value3 小於-800數量(15分鐘內) : -15.000000 
多-策略03:  FALSE FALSE FALSE FALSE FALSE FALSE 
多-策略02:  TRUE FALSE FALSE FALSE FALSE FALSE 
多-策略01:  FALSE FALSE FALSE FALSE FALSE 
= 多  2017/12/04 09:12:00 
value3 小於-800數量(15分鐘內) : -15.000000 
多-策略03:  FALSE FALSE FALSE FALSE FALSE FALSE 
多-策略02:  TRUE FALSE FALSE FALSE FALSE FALSE 
多-策略01:  FALSE FALSE FALSE FALSE FALSE 
= 多  2017/12/04 09:13:00 
value3 小於-800數量(15分鐘內) : -15.000000 
多-策略03:  FALSE FALSE FALSE FALSE FALSE FALSE 
多-策略02:  TRUE FALSE FALSE FALSE FALSE FALSE 
多-策略01:  FALSE FALSE FALSE FALSE FALSE 
= 多  2017/12/04 09:14:00 
value3 小於-800數量(15分鐘內) : -15.000000 
多-策略03:  FALSE FALSE FALSE FALSE FALSE FALSE 
多-策略02:  TRUE FALSE FALSE FALSE FALSE FALSE 
多-策略01:  FALSE FALSE FALSE FALSE FALSE 
= 多  2017/12/04 09:15:00 
value3 小於-800數量(15分鐘內) : -15.000000 
多-策略03:  FALSE FALSE FALSE FALSE FALSE FALSE 
多-策略02:  TRUE FALSE FALSE FALSE FALSE FALSE 
多-策略01:  FALSE FALSE FALSE FALSE FALSE 
= 多  2017/12/04 09:16:00 
value3 小於-800數量(15分鐘內) : -15.000000 
多-策略03:  FALSE FALSE FALSE FALSE FALSE FALSE 
多-策略02:  TRUE FALSE TRUE FALSE FALSE FALSE 
多-策略01:  FALSE FALSE FALSE FALSE FALSE 
= 多  2017/12/04 09:17:00 
value3 小於-800數量(15分鐘內) : -15.000000 
多-策略03:  FALSE FALSE FALSE FALSE FALSE FALSE 
多-策略02:  TRUE FALSE TRUE FALSE FALSE FALSE 
多-策略01:  FALSE FALSE FALSE FALSE FALSE 
= 多  2017/12/04 09:18:00 
value3 小於-800數量(15分鐘內) : -15.000000 
多-策略03:  FALSE FALSE FALSE FALSE FALSE FALSE 
多-策略02:  TRUE FALSE FALSE FALSE FALSE FALSE 
多-策略01:  FALSE FALSE FALSE FALSE FALSE 
= 多  2017/12/04 09:19:00 
value3 小於-800數量(15分鐘內) : -15.000000 
多-策略03:  TRUE FALSE FALSE FALSE FALSE FALSE 
多-策略02:  FALSE FALSE TRUE TRUE FALSE FALSE 
多-策略01:  TRUE FALSE FALSE FALSE FALSE 
= 多  2017/12/04 09:20:00 
value3 小於-800數量(15分鐘內) : -15.000000 
多-策略03:  FALSE FALSE FALSE TRUE FALSE FALSE 
多-策略02:  TRUE FALSE FALSE TRUE TRUE FALSE 
多-策略01:  FALSE FALSE TRUE FALSE FALSE 
= 多  2017/12/04 09:21:00 
value3 小於-800數量(15分鐘內) : -15.000000 
多-策略03:  FALSE FALSE FALSE TRUE FALSE FALSE 
多-策略02:  TRUE FALSE FALSE TRUE TRUE FALSE 
多-策略01:  FALSE FALSE TRUE FALSE FALSE 
= 多  2017/12/04 09:22:00 
value3 小於-800數量(15分鐘內) : -15.000000 
多-策略03:  FALSE FALSE FALSE FALSE FALSE FALSE 
多-策略02:  TRUE FALSE FALSE TRUE FALSE FALSE 
多-策略01:  FALSE FALSE FALSE FALSE FALSE 
= 多  2017/12/04 09:23:00 
value3 小於-800數量(15分鐘內) : -15.000000 
多-策略03:  FALSE FALSE FALSE FALSE FALSE FALSE 
多-策略02:  TRUE FALSE FALSE TRUE FALSE FALSE 
多-策略01:  FALSE FALSE FALSE FALSE FALSE 
= 多  2017/12/04 09:24:00 
value3 小於-800數量(15分鐘內) : -15.000000 
多-策略03:  FALSE FALSE FALSE FALSE FALSE FALSE 
多-策略02:  TRUE FALSE FALSE TRUE FALSE FALSE 
多-策略01:  FALSE FALSE FALSE FALSE FALSE 
= 多  2017/12/04 09:25:00 
value3 小於-800數量(15分鐘內) : -15.000000 
多-策略03:  FALSE FALSE FALSE FALSE FALSE FALSE 
多-策略02:  TRUE FALSE FALSE FALSE FALSE FALSE 
多-策略01:  FALSE FALSE FALSE FALSE FALSE 
= 多  2017/12/04 09:26:00 
value3 小於-800數量(15分鐘內) : -15.000000 
多-策略03:  FALSE FALSE FALSE FALSE FALSE FALSE 
多-策略02:  TRUE FALSE FALSE FALSE FALSE FALSE 
多-策略01:  FALSE FALSE FALSE FALSE FALSE 
= 多  2017/12/04 09:27:00 
value3 小於-800數量(15分鐘內) : -15.000000 
多-策略03:  FALSE FALSE FALSE FALSE FALSE FALSE 
多-策略02:  TRUE FALSE FALSE FALSE FALSE FALSE 
多-策略01:  FALSE FALSE FALSE FALSE FALSE 
= 多  2017/12/04 09:28:00 
value3 小於-800數量(15分鐘內) : -15.000000 
多-策略03:  FALSE FALSE FALSE FALSE FALSE FALSE 
多-策略02:  TRUE FALSE FALSE FALSE FALSE FALSE 
多-策略01:  FALSE FALSE FALSE FALSE FALSE 
= 多  2017/12/04 09:29:00 
value3 小於-800數量(15分鐘內) : -15.000000 
多-策略03:  FALSE FALSE FALSE FALSE FALSE FALSE 
多-策略02:  TRUE FALSE FALSE FALSE FALSE FALSE 
多-策略01:  FALSE FALSE FALSE FALSE FALSE 
= 多  2017/12/04 09:30:00 
value3 小於-800數量(15分鐘內) : -15.000000 
多-策略03:  FALSE FALSE FALSE FALSE FALSE FALSE 
多-策略02:  TRUE FALSE FALSE FALSE FALSE FALSE 
多-策略01:  FALSE FALSE FALSE FALSE FALSE 
= 多  2017/12/04 09:31:00 
value3 小於-800數量(15分鐘內) : -15.000000 
多-策略03:  FALSE FALSE FALSE FALSE FALSE FALSE 
多-策略02:  TRUE FALSE FALSE FALSE FALSE FALSE 
多-策略01:  FALSE FALSE FALSE FALSE FALSE 
= 多  2017/12/04 09:32:00 
value3 小於-800數量(15分鐘內) : -15.000000 
多-策略03:  FALSE FALSE FALSE FALSE FALSE FALSE 
多-策略02:  TRUE FALSE FALSE FALSE FALSE FALSE 
多-策略01:  FALSE FALSE FALSE FALSE FALSE 
= 多  2017/12/04 09:33:00 
value3 小於-800數量(15分鐘內) : -15.000000 
多-策略03:  FALSE FALSE FALSE FALSE FALSE FALSE 
多-策略02:  TRUE FALSE FALSE FALSE FALSE FALSE 
多-策略01:  FALSE FALSE FALSE FALSE FALSE 
= 多  2017/12/04 09:34:00 
value3 小於-800數量(15分鐘內) : -15.000000 
多-策略03:  FALSE FALSE FALSE FALSE FALSE FALSE 
多-策略02:  TRUE FALSE TRUE FALSE FALSE FALSE 
多-策略01:  FALSE FALSE FALSE FALSE FALSE 
= 多  2017/12/04 09:35:00 
value3 小於-800數量(15分鐘內) : -15.000000 
多-策略03:  FALSE FALSE FALSE FALSE FALSE FALSE 
多-策略02:  TRUE FALSE TRUE FALSE FALSE FALSE 
多-策略01:  FALSE FALSE FALSE FALSE FALSE 
= 多  2017/12/04 09:36:00 
value3 小於-800數量(15分鐘內) : -15.000000 
多-策略03:  FALSE FALSE FALSE TRUE FALSE FALSE 
多-策略02:  TRUE FALSE TRUE FALSE TRUE FALSE 
多-策略01:  FALSE FALSE TRUE FALSE FALSE 
= 多  2017/12/04 09:37:00 
value3 小於-800數量(15分鐘內) : -15.000000 
多-策略03:  FALSE FALSE FALSE TRUE FALSE FALSE 
多-策略02:  TRUE FALSE TRUE FALSE TRUE FALSE 
多-策略01:  FALSE FALSE TRUE FALSE FALSE 
= 多  2017/12/04 09:38:00 
value3 小於-800數量(15分鐘內) : -15.000000 
多-策略03:  FALSE FALSE FALSE TRUE FALSE FALSE 
多-策略02:  TRUE FALSE TRUE TRUE TRUE FALSE 
多-策略01:  FALSE FALSE TRUE FALSE FALSE 
= 多  2017/12/04 09:39:00 
value3 小於-800數量(15分鐘內) : -15.000000 
多-策略03:  FALSE FALSE FALSE TRUE FALSE FALSE 
多-策略02:  TRUE FALSE FALSE TRUE TRUE FALSE 
多-策略01:  FALSE FALSE TRUE FALSE FALSE 
= 多  2017/12/04 09:40:00 
value3 小於-800數量(15分鐘內) : -15.000000 
多-策略03:  FALSE FALSE FALSE TRUE FALSE FALSE 
多-策略02:  TRUE FALSE FALSE TRUE TRUE FALSE 
多-策略01:  FALSE FALSE TRUE FALSE FALSE 
= 多  2017/12/04 09:41:00 
value3 小於-800數量(15分鐘內) : -15.000000 
多-策略03:  FALSE FALSE FALSE TRUE FALSE FALSE 
多-策略02:  TRUE FALSE TRUE TRUE TRUE FALSE 
多-策略01:  FALSE FALSE TRUE FALSE FALSE 
= 多  2017/12/04 09:42:00 
value3 小於-800數量(15分鐘內) : -15.000000 
多-策略03:  FALSE FALSE FALSE TRUE FALSE FALSE 
多-策略02:  TRUE FALSE TRUE TRUE TRUE FALSE 
多-策略01:  FALSE FALSE TRUE FALSE FALSE 
= 多  2017/12/04 09:43:00 
value3 小於-800數量(15分鐘內) : -15.000000 
多-策略03:  FALSE FALSE FALSE TRUE FALSE FALSE 
多-策略02:  TRUE FALSE FALSE TRUE TRUE FALSE 
多-策略01:  FALSE FALSE TRUE FALSE FALSE 
= 多  2017/12/04 09:44:00 
value3 小於-800數量(15分鐘內) : -15.000000 
多-策略03:  FALSE FALSE FALSE FALSE FALSE FALSE 
多-策略02:  TRUE FALSE FALSE TRUE FALSE FALSE 
多-策略01:  FALSE FALSE FALSE FALSE FALSE 
= 多  2017/12/04 09:45:00 
value3 小於-800數量(15分鐘內) : -15.000000 
= 多  2017/12/04 09:46:00 
value3 小於-800數量(15分鐘內) : -15.000000 
= 多  2017/12/04 09:47:00 
value3 小於-800數量(15分鐘內) : -15.000000 
= 多  2017/12/04 09:48:00 
value3 小於-800數量(15分鐘內) : -15.000000 
= 多  2017/12/04 09:49:00 
value3 小於-800數量(15分鐘內) : -15.000000 
= 多  2017/12/04 09:50:00 
value3 小於-800數量(15分鐘內) : -15.000000 
= 多  2017/12/04 09:51:00 
value3 小於-800數量(15分鐘內) : -15.000000 
= 多  2017/12/04 09:52:00 
value3 小於-800數量(15分鐘內) : -15.000000 
= 多  2017/12/04 09:53:00 
value3 小於-800數量(15分鐘內) : -15.000000 
= 多  2017/12/04 09:54:00 
value3 小於-800數量(15分鐘內) : -15.000000 
= 多  2017/12/04 09:55:00 
value3 小於-800數量(15分鐘內) : -15.000000 
= 多  2017/12/04 09:56:00 
value3 小於-800數量(15分鐘內) : -15.000000 
= 多  2017/12/04 09:57:00 
value3 小於-800數量(15分鐘內) : -15.000000 
= 多  2017/12/04 09:58:00 
value3 小於-800數量(15分鐘內) : -15.000000 
= 多  2017/12/04 09:59:00 
value3 小於-800數量(15分鐘內) : -15.000000 
= 多  2017/12/04 10:00:00 
value3 小於-800數量(15分鐘內) : -15.000000 
= 多  2017/12/04 10:01:00 
value3 小於-800數量(15分鐘內) : -15.000000 
= 多  2017/12/04 10:02:00 
value3 小於-800數量(15分鐘內) : -15.000000 
= 多  2017/12/04 10:03:00 
value3 小於-800數量(15分鐘內) : -15.000000 
= 多  2017/12/04 10:04:00 
value3 小於-800數量(15分鐘內) : -15.000000 
= 多  2017/12/04 10:05:00 
value3 小於-800數量(15分鐘內) : -15.000000 
= 多  2017/12/04 10:06:00 
value3 小於-800數量(15分鐘內) : -15.000000 
= 多  2017/12/04 10:07:00 
value3 小於-800數量(15分鐘內) : -15.000000 
= 多  2017/12/04 10:08:00 
value3 小於-800數量(15分鐘內) : -15.000000 
= 多  2017/12/04 10:09:00 
value3 小於-800數量(15分鐘內) : -15.000000 
= 多  2017/12/04 10:10:00 
value3 小於-800數量(15分鐘內) : -15.000000 
= 多  2017/12/04 10:11:00 
value3 小於-800數量(15分鐘內) : -15.000000 
= 多  2017/12/04 10:12:00 
value3 小於-800數量(15分鐘內) : -15.000000 
= 多  2017/12/04 10:13:00 
value3 小於-800數量(15分鐘內) : -15.000000 
= 多  2017/12/04 10:14:00 
value3 小於-800數量(15分鐘內) : -15.000000 
= 多  2017/12/04 10:15:00 
value3 小於-800數量(15分鐘內) : -15.000000 
= 多  2017/12/04 10:16:00 
value3 小於-800數量(15分鐘內) : -15.000000 
= 多  2017/12/04 10:17:00 
value3 小於-800數量(15分鐘內) : -15.000000 
= 多  2017/12/04 10:18:00 
value3 小於-800數量(15分鐘內) : -15.000000 
= 多  2017/12/04 10:19:00 
value3 小於-800數量(15分鐘內) : -15.000000 
= 多  2017/12/04 10:20:00 
value3 小於-800數量(15分鐘內) : -15.000000 
= 多  2017/12/04 10:21:00 
value3 小於-800數量(15分鐘內) : -15.000000 
= 多  2017/12/04 10:22:00 
value3 小於-800數量(15分鐘內) : -15.000000 
= 多  2017/12/04 10:23:00 
value3 小於-800數量(15分鐘內) : -15.000000 
= 多  2017/12/04 10:24:00 
value3 小於-800數量(15分鐘內) : -15.000000 
= 多  2017/12/04 10:25:00 
value3 小於-800數量(15分鐘內) : -15.000000 
= 多  2017/12/04 10:26:00 
value3 小於-800數量(15分鐘內) : -15.000000 
= 多  2017/12/04 10:27:00 
value3 小於-800數量(15分鐘內) : -15.000000 
= 多  2017/12/04 10:28:00 
value3 小於-800數量(15分鐘內) : -15.000000 
= 多  2017/12/04 10:29:00 
value3 小於-800數量(15分鐘內) : -15.000000 
= 多  2017/12/04 10:30:00 
value3 小於-800數量(15分鐘內) : -15.000000 
= 多  2017/12/04 10:31:00 
value3 小於-800數量(15分鐘內) : -15.000000 
= 多  2017/12/04 10:32:00 
value3 小於-800數量(15分鐘內) : -15.000000 
= 多  2017/12/04 10:33:00 
value3 小於-800數量(15分鐘內) : -15.000000 
= 多  2017/12/04 10:34:00 
value3 小於-800數量(15分鐘內) : -15.000000 
= 多  2017/12/04 10:35:00 
value3 小於-800數量(15分鐘內) : -15.000000 
= 多  2017/12/04 10:36:00 
value3 小於-800數量(15分鐘內) : -15.000000 
= 多  2017/12/04 10:37:00 
value3 小於-800數量(15分鐘內) : -15.000000 
= 多  2017/12/04 10:38:00 
value3 小於-800數量(15分鐘內) : -15.000000 
= 多  2017/12/04 10:39:00 
value3 小於-800數量(15分鐘內) : -15.000000 
= 多  2017/12/04 10:40:00 
value3 小於-800數量(15分鐘內) : -15.000000 
= 多  2017/12/04 10:41:00 
value3 小於-800數量(15分鐘內) : -15.000000 
= 多  2017/12/04 10:42:00 
value3 小於-800數量(15分鐘內) : -15.000000 
= 多  2017/12/04 10:43:00 
value3 小於-800數量(15分鐘內) : -15.000000 
= 多  2017/12/04 10:44:00 
value3 小於-800數量(15分鐘內) : -15.000000 
= 多  2017/12/04 10:45:00 
value3 小於-800數量(15分鐘內) : -15.000000 
= 多  2017/12/04 10:46:00 
value3 小於-800數量(15分鐘內) : -15.000000 
= 多  2017/12/04 10:47:00 
value3 小於-800數量(15分鐘內) : -15.000000 
= 多  2017/12/04 10:48:00 
value3 小於-800數量(15分鐘內) : -15.000000 
= 多  2017/12/04 10:49:00 
value3 小於-800數量(15分鐘內) : -15.000000 
= 多  2017/12/04 10:50:00 
value3 小於-800數量(15分鐘內) : -15.000000 
= 多  2017/12/04 10:51:00 
value3 小於-800數量(15分鐘內) : -15.000000 
= 多  2017/12/04 10:52:00 
value3 小於-800數量(15分鐘內) : -15.000000 
= 多  2017/12/04 10:53:00 
value3 小於-800數量(15分鐘內) : -15.000000 
= 多  2017/12/04 10:54:00 
value3 小於-800數量(15分鐘內) : -15.000000 
= 多  2017/12/04 10:55:00 
value3 小於-800數量(15分鐘內) : -15.000000 
= 多  2017/12/04 10:56:00 
value3 小於-800數量(15分鐘內) : -15.000000 
= 多  2017/12/04 10:57:00 
value3 小於-800數量(15分鐘內) : -15.000000 
= 多  2017/12/04 10:58:00 
value3 小於-800數量(15分鐘內) : -15.000000 
= 多  2017/12/04 10:59:00 
value3 小於-800數量(15分鐘內) : -15.000000 
= 多  2017/12/04 11:00:00 
value3 小於-800數量(15分鐘內) : -15.000000 
= 多  2017/12/04 11:01:00 
value3 小於-800數量(15分鐘內) : -15.000000 
= 多  2017/12/04 11:02:00 
value3 小於-800數量(15分鐘內) : -15.000000 
= 多  2017/12/04 11:03:00 
value3 小於-800數量(15分鐘內) : -15.000000 
= 多  2017/12/04 11:04:00 
value3 小於-800數量(15分鐘內) : -15.000000 
= 多  2017/12/04 11:05:00 
value3 小於-800數量(15分鐘內) : -15.000000 
= 多  2017/12/04 11:06:00 
value3 小於-800數量(15分鐘內) : -15.000000 
= 多  2017/12/04 11:07:00 
value3 小於-800數量(15分鐘內) : -15.000000 
= 多  2017/12/04 11:08:00 
value3 小於-800數量(15分鐘內) : -15.000000 
= 多  2017/12/04 11:09:00 
value3 小於-800數量(15分鐘內) : -15.000000 
= 多  2017/12/04 11:10:00 
value3 小於-800數量(15分鐘內) : -15.000000 
= 多  2017/12/04 11:11:00 
value3 小於-800數量(15分鐘內) : -15.000000 
= 多  2017/12/04 11:12:00 
value3 小於-800數量(15分鐘內) : -15.000000 
= 多  2017/12/04 11:13:00 
value3 小於-800數量(15分鐘內) : -15.000000 
= 多  2017/12/04 11:14:00 
value3 小於-800數量(15分鐘內) : -15.000000 
= 多  2017/12/04 11:15:00 
value3 小於-800數量(15分鐘內) : -15.000000 
= 多  2017/12/04 11:16:00 
value3 小於-800數量(15分鐘內) : -15.000000 
= 多  2017/12/04 11:17:00 
value3 小於-800數量(15分鐘內) : -15.000000 
= 多  2017/12/04 11:18:00 
value3 小於-800數量(15分鐘內) : -15.000000 
= 多  2017/12/04 11:19:00 
value3 小於-800數量(15分鐘內) : -15.000000 
= 多  2017/12/04 11:20:00 
value3 小於-800數量(15分鐘內) : -15.000000 
= 多  2017/12/04 11:21:00 
value3 小於-800數量(15分鐘內) : -15.000000 
= 多  2017/12/04 11:22:00 
value3 小於-800數量(15分鐘內) : -15.000000 
= 多  2017/12/04 11:23:00 
value3 小於-800數量(15分鐘內) : -15.000000 
= 多  2017/12/04 11:24:00 
value3 小於-800數量(15分鐘內) : -15.000000 
= 多  2017/12/04 11:25:00 
value3 小於-800數量(15分鐘內) : -15.000000 
= 多  2017/12/04 11:26:00 
value3 小於-800數量(15分鐘內) : -15.000000 
= 多  2017/12/04 11:27:00 
value3 小於-800數量(15分鐘內) : -15.000000 
= 多  2017/12/04 11:28:00 
value3 小於-800數量(15分鐘內) : -15.000000 
= 多  2017/12/04 11:29:00 
value3 小於-800數量(15分鐘內) : -15.000000 
= 多  2017/12/04 11:30:00 
value3 小於-800數量(15分鐘內) : -15.000000 
= 多  2017/12/04 11:31:00 
value3 小於-800數量(15分鐘內) : -15.000000 
= 多  2017/12/04 11:32:00 
value3 小於-800數量(15分鐘內) : -15.000000 
= 多  2017/12/04 11:33:00 
value3 小於-800數量(15分鐘內) : -15.000000 
= 多  2017/12/04 11:34:00 
value3 小於-800數量(15分鐘內) : -15.000000 
= 多  2017/12/04 11:35:00 
value3 小於-800數量(15分鐘內) : -15.000000 
= 多  2017/12/04 11:36:00 
value3 小於-800數量(15分鐘內) : -15.000000 
= 多  2017/12/04 11:37:00 
value3 小於-800數量(15分鐘內) : -15.000000 
= 多  2017/12/04 11:38:00 
value3 小於-800數量(15分鐘內) : -15.000000 
= 多  2017/12/04 11:39:00 
value3 小於-800數量(15分鐘內) : -15.000000 
= 多  2017/12/04 11:40:00 
value3 小於-800數量(15分鐘內) : -15.000000 
= 多  2017/12/04 11:41:00 
value3 小於-800數量(15分鐘內) : -15.000000 
= 多  2017/12/04 11:42:00 
value3 小於-800數量(15分鐘內) : -15.000000 
= 多  2017/12/04 11:43:00 
value3 小於-800數量(15分鐘內) : -15.000000 
= 多  2017/12/04 11:44:00 
value3 小於-800數量(15分鐘內) : -15.000000 
= 多  2017/12/04 11:45:00 
value3 小於-800數量(15分鐘內) : -15.000000 
= 多  2017/12/04 11:46:00 
value3 小於-800數量(15分鐘內) : -15.000000 
= 多  2017/12/04 11:47:00 
value3 小於-800數量(15分鐘內) : -15.000000 
= 多  2017/12/04 11:48:00 
value3 小於-800數量(15分鐘內) : -15.000000 
= 多  2017/12/04 11:49:00 
value3 小於-800數量(15分鐘內) : -15.000000 
= 多  2017/12/04 11:50:00 
value3 小於-800數量(15分鐘內) : -15.000000 
= 多  2017/12/04 11:51:00 
value3 小於-800數量(15分鐘內) : -15.000000 
= 多  2017/12/04 11:52:00 
value3 小於-800數量(15分鐘內) : -15.000000 
= 多  2017/12/04 11:53:00 
value3 小於-800數量(15分鐘內) : -15.000000 
= 多  2017/12/04 11:54:00 
value3 小於-800數量(15分鐘內) : -15.000000 
= 多  2017/12/04 11:55:00 
value3 小於-800數量(15分鐘內) : -15.000000 
= 多  2017/12/04 11:56:00 
value3 小於-800數量(15分鐘內) : -15.000000 
= 多  2017/12/04 11:57:00 
value3 小於-800數量(15分鐘內) : -15.000000 
= 多  2017/12/04 11:58:00 
value3 小於-800數量(15分鐘內) : -15.000000 
= 多  2017/12/04 11:59:00 
value3 小於-800數量(15分鐘內) : -15.000000 
= 多  2017/12/04 12:00:00 
value3 小於-800數量(15分鐘內) : -15.000000 
= 多  2017/12/04 12:01:00 
value3 小於-800數量(15分鐘內) : -15.000000 
= 多  2017/12/04 12:02:00 
value3 小於-800數量(15分鐘內) : -15.000000 
= 多  2017/12/04 12:03:00 
value3 小於-800數量(15分鐘內) : -15.000000 
= 多  2017/12/04 12:04:00 
value3 小於-800數量(15分鐘內) : -15.000000 
= 多  2017/12/04 12:05:00 
value3 小於-800數量(15分鐘內) : -13.000000 
= 多  2017/12/04 12:06:00 
value3 小於-800數量(15分鐘內) : -11.000000 
= 多  2017/12/04 12:07:00 
value3 小於-800數量(15分鐘內) : -9.000000 
= 多  2017/12/04 12:08:00 
value3 小於-800數量(15分鐘內) : -7.000000 
= 多  2017/12/04 12:09:00 
value3 小於-800數量(15分鐘內) : -5.000000 
= 多  2017/12/04 12:10:00 
value3 小於-800數量(15分鐘內) : -3.000000 
= 多  2017/12/04 12:11:00 
value3 小於-800數量(15分鐘內) : -1.000000 
= 多  2017/12/04 12:12:00 
value3 小於-800數量(15分鐘內) : 1.000000 
= 多  2017/12/04 12:13:00 
value3 小於-800數量(15分鐘內) : 3.000000 
= 多  2017/12/04 12:14:00 
value3 小於-800數量(15分鐘內) : 5.000000 
= 多  2017/12/04 12:15:00 
value3 小於-800數量(15分鐘內) : 7.000000 
= 多  2017/12/04 12:16:00 
value3 小於-800數量(15分鐘內) : 9.000000 
= 多  2017/12/04 12:17:00 
value3 小於-800數量(15分鐘內) : 11.000000 
= 多  2017/12/04 12:18:00 
value3 小於-800數量(15分鐘內) : 13.000000 
= 多  2017/12/04 12:19:00 
value3 小於-800數量(15分鐘內) : 15.000000 
= 多  2017/12/04 12:20:00 
value3 小於-800數量(15分鐘內) : 15.000000 
= 多  2017/12/04 12:21:00 
value3 小於-800數量(15分鐘內) : 15.000000 
= 多  2017/12/04 12:22:00 
value3 小於-800數量(15分鐘內) : 15.000000 
= 多  2017/12/04 12:23:00 
value3 小於-800數量(15分鐘內) : 15.000000 
= 多  2017/12/04 12:24:00 
value3 小於-800數量(15分鐘內) : 15.000000 
= 多  2017/12/04 12:25:00 
value3 小於-800數量(15分鐘內) : 15.000000 
= 多  2017/12/04 12:26:00 
value3 小於-800數量(15分鐘內) : 15.000000 
= 多  2017/12/04 12:27:00 
value3 小於-800數量(15分鐘內) : 15.000000 
= 多  2017/12/04 12:28:00 
value3 小於-800數量(15分鐘內) : 15.000000 
= 多  2017/12/04 12:29:00 
value3 小於-800數量(15分鐘內) : 15.000000 
= 多  2017/12/04 12:30:00 
value3 小於-800數量(15分鐘內) : 15.000000 
= 多  2017/12/04 12:31:00 
value3 小於-800數量(15分鐘內) : 15.000000 
= 多  2017/12/04 12:32:00 
value3 小於-800數量(15分鐘內) : 15.000000 
= 多  2017/12/04 12:33:00 
value3 小於-800數量(15分鐘內) : 15.000000 
= 多  2017/12/04 12:34:00 
value3 小於-800數量(15分鐘內) : 15.000000 
= 多  2017/12/04 12:35:00 
value3 小於-800數量(15分鐘內) : 15.000000 
= 多  2017/12/04 12:36:00 
value3 小於-800數量(15分鐘內) : 15.000000 
= 多  2017/12/04 12:37:00 
value3 小於-800數量(15分鐘內) : 15.000000 
= 多  2017/12/04 12:38:00 
value3 小於-800數量(15分鐘內) : 15.000000 
= 多  2017/12/04 12:39:00 
value3 小於-800數量(15分鐘內) : 15.000000 
= 多  2017/12/04 12:40:00 
value3 小於-800數量(15分鐘內) : 15.000000 
= 多  2017/12/04 12:41:00 
value3 小於-800數量(15分鐘內) : 15.000000 
= 多  2017/12/04 12:42:00 
value3 小於-800數量(15分鐘內) : 15.000000 
= 多  2017/12/04 12:43:00 
value3 小於-800數量(15分鐘內) : 15.000000 
= 多  2017/12/04 12:44:00 
value3 小於-800數量(15分鐘內) : 15.000000 
= 多  2017/12/04 12:45:00 
value3 小於-800數量(15分鐘內) : 15.000000 
= 多  2017/12/04 12:46:00 
value3 小於-800數量(15分鐘內) : 15.000000 
= 多  2017/12/04 12:47:00 
value3 小於-800數量(15分鐘內) : 15.000000 
= 多  2017/12/04 12:48:00 
value3 小於-800數量(15分鐘內) : 15.000000 
= 多  2017/12/04 12:49:00 
value3 小於-800數量(15分鐘內) : 15.000000 
= 多  2017/12/04 12:50:00 
value3 小於-800數量(15分鐘內) : 15.000000 
= 多  2017/12/04 12:51:00 
value3 小於-800數量(15分鐘內) : 15.000000 
= 多  2017/12/04 12:52:00 
value3 小於-800數量(15分鐘內) : 15.000000 
= 多  2017/12/04 12:53:00 
value3 小於-800數量(15分鐘內) : 15.000000 
= 多  2017/12/04 12:54:00 
value3 小於-800數量(15分鐘內) : 15.000000 
= 多  2017/12/04 12:55:00 
value3 小於-800數量(15分鐘內) : 15.000000 
= 多  2017/12/04 12:56:00 
value3 小於-800數量(15分鐘內) : 15.000000 
= 多  2017/12/04 12:57:00 
value3 小於-800數量(15分鐘內) : 15.000000 
= 多  2017/12/04 12:58:00 
value3 小於-800數量(15分鐘內) : 15.000000 
= 多  2017/12/04 12:59:00 
value3 小於-800數量(15分鐘內) : 15.000000 
= 多  2017/12/04 13:00:00 
value3 小於-800數量(15分鐘內) : 15.000000 
= 多  2017/12/04 13:01:00 
value3 小於-800數量(15分鐘內) : 15.000000 
= 多  2017/12/04 13:02:00 
value3 小於-800數量(15分鐘內) : 15.000000 
= 多  2017/12/04 13:03:00 
value3 小於-800數量(15分鐘內) : 15.000000 
= 多  2017/12/04 13:04:00 
value3 小於-800數量(15分鐘內) : 15.000000 
= 多  2017/12/04 13:05:00 
value3 小於-800數量(15分鐘內) : 15.000000 
= 多  2017/12/04 13:06:00 
value3 小於-800數量(15分鐘內) : 15.000000 
= 多  2017/12/04 13:07:00 
value3 小於-800數量(15分鐘內) : 15.000000 
= 多  2017/12/04 13:08:00 
value3 小於-800數量(15分鐘內) : 15.000000 
= 多  2017/12/04 13:09:00 
value3 小於-800數量(15分鐘內) : 15.000000 
= 多  2017/12/04 13:10:00 
value3 小於-800數量(15分鐘內) : 15.000000 
= 多  2017/12/04 13:11:00 
value3 小於-800數量(15分鐘內) : 15.000000 
= 多  2017/12/04 13:12:00 
value3 小於-800數量(15分鐘內) : 15.000000 
= 多  2017/12/04 13:13:00 
value3 小於-800數量(15分鐘內) : 15.000000 
= 多  2017/12/04 13:14:00 
value3 小於-800數量(15分鐘內) : 15.000000 
= 多  2017/12/04 13:15:00 
value3 小於-800數量(15分鐘內) : 15.000000 
= 多  2017/12/04 13:16:00 
value3 小於-800數量(15分鐘內) : 15.000000 
= 多  2017/12/04 13:17:00 
value3 小於-800數量(15分鐘內) : 15.000000 
= 多  2017/12/04 13:18:00 
value3 小於-800數量(15分鐘內) : 15.000000 
= 多  2017/12/04 13:19:00 
value3 小於-800數量(15分鐘內) : 15.000000 
= 多  2017/12/04 13:20:00 
value3 小於-800數量(15分鐘內) : 15.000000 
= 多  2017/12/04 13:21:00 
value3 小於-800數量(15分鐘內) : 15.000000 
= 多  2017/12/04 13:22:00 
value3 小於-800數量(15分鐘內) : 15.000000 
= 多  2017/12/04 13:23:00 
value3 小於-800數量(15分鐘內) : 15.000000 
= 多  2017/12/04 13:24:00 
value3 小於-800數量(15分鐘內) : 15.000000 
= 多  2017/12/04 13:25:00 
value3 小於-800數量(15分鐘內) : 15.000000 
= 多  2017/12/04 12:14:00 
value3 小於-800數量(15分鐘內) : 1.000000 
= 多  2017/12/04 12:15:00 
value3 小於-800數量(15分鐘內) : 2.000000 
= 多  2017/12/04 12:16:00 
value3 小於-800數量(15分鐘內) : 3.000000 
= 多  2017/12/04 12:17:00 
value3 小於-800數量(15分鐘內) : 4.000000 
= 多  2017/12/04 12:18:00 
value3 小於-800數量(15分鐘內) : 5.000000 
= 多  2017/12/04 12:19:00 
value3 小於-800數量(15分鐘內) : 6.000000 
= 多  2017/12/04 12:20:00 
value3 小於-800數量(15分鐘內) : 7.000000 
= 多  2017/12/04 12:21:00 
value3 小於-800數量(15分鐘內) : 8.000000 
= 多  2017/12/04 12:22:00 
value3 小於-800數量(15分鐘內) : 9.000000 
= 多  2017/12/04 12:23:00 
value3 小於-800數量(15分鐘內) : 10.000000 
= 多  2017/12/04 12:24:00 
value3 小於-800數量(15分鐘內) : 11.000000 
= 多  2017/12/04 12:25:00 
value3 小於-800數量(15分鐘內) : 12.000000 
= 多  2017/12/04 12:26:00 
value3 小於-800數量(15分鐘內) : 13.000000 
= 多  2017/12/04 12:27:00 
value3 小於-800數量(15分鐘內) : 14.000000 
= 多  2017/12/04 12:28:00 
value3 小於-800數量(15分鐘內) : 15.000000 
= 多  2017/12/04 12:29:00 
value3 小於-800數量(15分鐘內) : 15.000000 
= 多  2017/12/04 12:30:00 
value3 小於-800數量(15分鐘內) : 15.000000 
= 多  2017/12/04 12:31:00 
value3 小於-800數量(15分鐘內) : 15.000000 
= 多  2017/12/04 12:32:00 
value3 小於-800數量(15分鐘內) : 15.000000 
= 多  2017/12/04 12:33:00 
value3 小於-800數量(15分鐘內) : 15.000000 
= 多  2017/12/04 12:34:00 
value3 小於-800數量(15分鐘內) : 15.000000 
= 多  2017/12/04 12:35:00 
value3 小於-800數量(15分鐘內) : 15.000000 
= 多  2017/12/04 12:36:00 
value3 小於-800數量(15分鐘內) : 15.000000 
= 多  2017/12/04 12:37:00 
value3 小於-800數量(15分鐘內) : 15.000000 
= 多  2017/12/04 12:38:00 
value3 小於-800數量(15分鐘內) : 15.000000 
= 多  2017/12/04 12:39:00 
value3 小於-800數量(15分鐘內) : 15.000000 
= 多  2017/12/04 12:40:00 
value3 小於-800數量(15分鐘內) : 15.000000 
= 多  2017/12/04 12:41:00 
value3 小於-800數量(15分鐘內) : 15.000000 
= 多  2017/12/04 12:42:00 
value3 小於-800數量(15分鐘內) : 15.000000 
= 多  2017/12/04 12:43:00 
value3 小於-800數量(15分鐘內) : 15.000000 
= 多  2017/12/04 12:44:00 
value3 小於-800數量(15分鐘內) : 15.000000 
= 多  2017/12/04 12:45:00 
value3 小於-800數量(15分鐘內) : 15.000000 
= 多  2017/12/04 12:46:00 
value3 小於-800數量(15分鐘內) : 15.000000 
= 多  2017/12/04 12:47:00 
value3 小於-800數量(15分鐘內) : 15.000000 
= 多  2017/12/04 12:48:00 
value3 小於-800數量(15分鐘內) : 15.000000 
= 多  2017/12/04 12:49:00 
value3 小於-800數量(15分鐘內) : 15.000000 
= 多  2017/12/04 12:50:00 
value3 小於-800數量(15分鐘內) : 15.000000 
= 多  2017/12/04 12:51:00 
value3 小於-800數量(15分鐘內) : 15.000000 
= 多  2017/12/04 12:52:00 
value3 小於-800數量(15分鐘內) : 15.000000 
= 多  2017/12/04 12:53:00 
value3 小於-800數量(15分鐘內) : 15.000000 
= 多  2017/12/04 12:54:00 
value3 小於-800數量(15分鐘內) : 15.000000 
= 多  2017/12/04 12:55:00 
value3 小於-800數量(15分鐘內) : 15.000000 
= 多  2017/12/04 12:56:00 
value3 小於-800數量(15分鐘內) : 15.000000 
= 多  2017/12/04 12:57:00 
value3 小於-800數量(15分鐘內) : 15.000000 
= 多  2017/12/04 12:58:00 
value3 小於-800數量(15分鐘內) : 15.000000 
= 多  2017/12/04 12:59:00 
value3 小於-800數量(15分鐘內) : 15.000000 
= 多  2017/12/04 13:00:00 
value3 小於-800數量(15分鐘內) : 15.000000 
= 多  2017/12/04 13:01:00 
value3 小於-800數量(15分鐘內) : 15.000000 
= 多  2017/12/04 13:02:00 
value3 小於-800數量(15分鐘內) : 15.000000 
= 多  2017/12/04 13:03:00 
value3 小於-800數量(15分鐘內) : 15.000000 
= 多  2017/12/04 13:04:00 
value3 小於-800數量(15分鐘內) : 15.000000 
= 多  2017/12/04 13:05:00 
value3 小於-800數量(15分鐘內) : 15.000000 
= 多  2017/12/04 13:06:00 
value3 小於-800數量(15分鐘內) : 15.000000 
= 多  2017/12/04 13:07:00 
value3 小於-800數量(15分鐘內) : 15.000000 
= 多  2017/12/04 13:08:00 
value3 小於-800數量(15分鐘內) : 15.000000 
= 多  2017/12/04 13:09:00 
value3 小於-800數量(15分鐘內) : 15.000000 
= 多  2017/12/04 13:10:00 
value3 小於-800數量(15分鐘內) : 15.000000 
= 多  2017/12/04 13:11:00 
value3 小於-800數量(15分鐘內) : 15.000000 
= 多  2017/12/04 13:12:00 
value3 小於-800數量(15分鐘內) : 15.000000 
= 多  2017/12/04 13:13:00 
value3 小於-800數量(15分鐘內) : 15.000000 
= 多  2017/12/04 13:14:00 
value3 小於-800數量(15分鐘內) : 15.000000 
= 多  2017/12/04 13:15:00 
value3 小於-800數量(15分鐘內) : 15.000000 
= 多  2017/12/04 13:16:00 
value3 小於-800數量(15分鐘內) : 15.000000 
= 多  2017/12/04 13:17:00 
value3 小於-800數量(15分鐘內) : 15.000000 
= 多  2017/12/04 13:18:00 
value3 小於-800數量(15分鐘內) : 15.000000 
= 多  2017/12/04 13:19:00 
value3 小於-800數量(15分鐘內) : 15.000000 
= 多  2017/12/04 13:20:00 
value3 小於-800數量(15分鐘內) : 15.000000 
= 多  2017/12/04 13:21:00 
value3 小於-800數量(15分鐘內) : 15.000000 
= 多  2017/12/04 13:22:00 
value3 小於-800數量(15分鐘內) : 15.000000 
= 多  2017/12/04 13:23:00 
value3 小於-800數量(15分鐘內) : 15.000000 
= 多  2017/12/04 13:24:00 
value3 小於-800數量(15分鐘內) : 15.000000 
= 多  2017/12/04 13:25:00 
value3 小於-800數量(15分鐘內) : 15.000000 
= 多  2017/12/04 13:26:00 
value3 小於-800數量(15分鐘內) : 15.000000 
= 多  2017/12/04 13:27:00 
value3 小於-800數量(15分鐘內) : 15.000000 
= 多  2017/12/04 13:28:00 
value3 小於-800數量(15分鐘內) : 15.000000 
= 多  2017/12/04 13:29:00 
value3 小於-800數量(15分鐘內) : 15.000000 
= 多  2017/12/04 13:30:00 
value3 小於-800數量(15分鐘內) : 15.000000 
= 多  2017/12/04 13:31:00 
value3 小於-800數量(15分鐘內) : 15.000000 
= 多  2017/12/04 13:32:00 
value3 小於-800數量(15分鐘內) : 15.000000 
= 多  2017/12/04 13:33:00 
value3 小於-800數量(15分鐘內) : 15.000000 
= 多  2017/12/04 13:34:00 
value3 小於-800數量(15分鐘內) : 15.000000 
= 多  2017/12/04 13:35:00 
value3 小於-800數量(15分鐘內) : 15.000000 
= 多  2017/12/04 13:36:00 
value3 小於-800數量(15分鐘內) : 15.000000 
= 多  2017/12/04 13:37:00 
value3 小於-800數量(15分鐘內) : 15.000000 
= 多  2017/12/04 13:38:00 
value3 小於-800數量(15分鐘內) : 15.000000 
= 多  2017/12/04 13:39:00 
value3 小於-800數量(15分鐘內) : 15.000000 
= 多  2017/12/04 13:40:00 
value3 小於-800數量(15分鐘內) : 15.000000 
= 多  2017/12/04 13:41:00 
value3 小於-800數量(15分鐘內) : 15.000000 
= 多  2017/12/04 13:42:00 
value3 小於-800數量(15分鐘內) : 15.000000 
= 多  2017/12/04 13:43:00 
value3 小於-800數量(15分鐘內) : 15.000000 
= 多  2017/12/04 13:44:00 
value3 小於-800數量(15分鐘內) : 15.000000 
