= 空  2017/12/01 12:14:00 | 指數: 10608 DIF值: 0.0 DIF方向: 0 | -0.01 1552 -1412  = 
= 空  2017/12/01 12:15:00 | 指數: 10607 DIF值: 0.0 DIF方向: -1 | -0.01 1552 -1412  = 
= 空  2017/12/01 12:16:00 | 指數: 10612 DIF值: 0.1 DIF方向: 1 | -0.01 1552 -1412  = 
= 空  2017/12/01 12:17:00 | 指數: 10613 DIF值: 0.3 DIF方向: 1 | -0.01 1552 -1412  = 
= 空  2017/12/01 12:18:00 | 指數: 10614 DIF值: 0.5 DIF方向: 1 | -0.01 1552 -1412  = 
= 空  2017/12/01 12:19:00 | 指數: 10613 DIF值: 0.7 DIF方向: 1 | -0.01 1552 -1412  = 
= 空  2017/12/01 12:20:00 | 指數: 10614 DIF值: 0.8 DIF方向: 1 | -0.01 1552 -1412  = 
= 空  2017/12/01 12:21:00 | 指數: 10615 DIF值: 1.0 DIF方向: 1 | -0.01 1552 -1412  = 
= 空  2017/12/01 12:22:00 | 指數: 10613 DIF值: 1.0 DIF方向: 1 | -0.01 1552 -1412  = 
= 空  2017/12/01 12:23:00 | 指數: 10612 DIF值: 1.0 DIF方向: 1 | -0.01 1552 -1412  = 
= 空  2017/12/01 12:24:00 | 指數: 10614 DIF值: 1.1 DIF方向: 1 | -0.01 1552 -1412  = 
= 空  2017/12/01 12:25:00 | 指數: 10615 DIF值: 1.2 DIF方向: 1 | -0.01 1552 -1412  = 
= 空  2017/12/01 12:26:00 | 指數: 10616 DIF值: 1.3 DIF方向: 1 | -0.01 1552 -1412  = 
= 空  2017/12/01 12:27:00 | 指數: 10618 DIF值: 1.5 DIF方向: 1 | -0.01 1552 -1412  = 
= 空  2017/12/01 12:28:00 | 指數: 10619 DIF值: 1.6 DIF方向: 1 | -0.01 1552 -1412  = 
= 空  2017/12/01 12:29:00 | 指數: 10623 DIF值: 1.9 DIF方向: 1 | -0.01 1552 -1412  = 
= 空  2017/12/01 12:30:00 | 指數: 10625 DIF值: 2.3 DIF方向: 1 | -0.01 1552 -1412  = 
= 空  2017/12/01 12:31:00 | 指數: 10630 DIF值: 2.7 DIF方向: 1 | -0.01 1552 -1412  = 
= 空  2017/12/01 12:32:00 | 指數: 10629 DIF值: 3.1 DIF方向: 1 | -0.01 1552 -1412  = 
= 空  2017/12/01 12:33:00 | 指數: 10635 DIF值: 3.6 DIF方向: 1 | -0.01 1552 -1412  = 
= 空  2017/12/01 12:34:00 | 指數: 10632 DIF值: 4.0 DIF方向: 1 | -0.01 1552 -1412  = 
= 空  2017/12/01 12:35:00 | 指數: 10635 DIF值: 4.3 DIF方向: 1 | -0.01 1552 -1412  = 
= 空  2017/12/01 12:36:00 | 指數: 10634 DIF值: 4.6 DIF方向: 1 | -0.01 1552 -1412  = 
= 空  2017/12/01 12:37:00 | 指數: 10639 DIF值: 4.9 DIF方向: 1 | -0.01 1552 -1412  = 
= 空  2017/12/01 12:38:00 | 指數: 10635 DIF值: 5.1 DIF方向: 1 | -0.01 1552 -1412  = 
= 空  2017/12/01 12:39:00 | 指數: 10639 DIF值: 5.3 DIF方向: 1 | -0.01 1552 -1412  = 
= 空  2017/12/01 12:40:00 | 指數: 10640 DIF值: 5.6 DIF方向: 1 | -0.01 1552 -1412  = 
= 空  2017/12/01 12:41:00 | 指數: 10643 DIF值: 5.8 DIF方向: 1 | -0.01 1552 -1412  = 
= 空  2017/12/01 12:42:00 | 指數: 10643 DIF值: 6.0 DIF方向: 1 | -0.01 1552 -1412  = 
= 空  2017/12/01 12:43:00 | 指數: 10641 DIF值: 6.1 DIF方向: 1 | -0.01 1552 -1412  = 
= 空  2017/12/01 12:44:00 | 指數: 10642 DIF值: 6.1 DIF方向: 1 | -0.01 1552 -1412  = 
= 空  2017/12/01 12:45:00 | 指數: 10645 DIF值: 6.3 DIF方向: 1 | -0.01 1552 -1412  = 
= 空  2017/12/01 12:46:00 | 指數: 10647 DIF值: 6.4 DIF方向: 1 | -0.01 1552 -1412  = 
= 空  2017/12/01 12:47:00 | 指數: 10657 DIF值: 6.8 DIF方向: 1 | -0.01 1552 -1412  = 
= 空  2017/12/01 12:48:00 | 指數: 10658 DIF值: 7.3 DIF方向: 1 | -0.01 1552 -1412  = 
= 空  2017/12/01 12:49:00 | 指數: 10662 DIF值: 7.8 DIF方向: 1 | -0.01 1552 -1412  = 
= 空  2017/12/01 12:50:00 | 指數: 10657 DIF值: 8.1 DIF方向: 1 | -0.01 1552 -1412  = 
= 空  2017/12/01 12:51:00 | 指數: 10656 DIF值: 8.1 DIF方向: 1 | -0.01 1552 -1412  = 
= 空  2017/12/01 12:52:00 | 指數: 10659 DIF值: 8.3 DIF方向: 1 | -0.01 1552 -1412  = 
= 空  2017/12/01 12:53:00 | 指數: 10659 DIF值: 8.3 DIF方向: 1 | -0.01 1552 -1412  = 
= 空  2017/12/01 12:54:00 | 指數: 10656 DIF值: 8.2 DIF方向: -1 | -0.01 1552 -1412  = 
= 空  2017/12/01 12:55:00 | 指數: 10654 DIF值: 7.9 DIF方向: -1 | -0.01 1552 -1412  = 
= 空  2017/12/01 12:56:00 | 指數: 10650 DIF值: 7.5 DIF方向: -1 | -0.01 1552 -1412  = 
= 空  2017/12/01 12:57:00 | 指數: 10647 DIF值: 7.0 DIF方向: -1 | -0.01 1552 -1412  = 
= 空  2017/12/01 12:58:00 | 指數: 10645 DIF值: 6.4 DIF方向: -1 | -0.01 1552 -1412  = 
= 空  2017/12/01 12:59:00 | 指數: 10650 DIF值: 6.0 DIF方向: -1 | -0.01 1552 -1412  = 
= 空  2017/12/01 13:00:00 | 指數: 10649 DIF值: 5.7 DIF方向: -1 | -0.01 1552 -1412  = 
= 空  2017/12/01 13:01:00 | 指數: 10646 DIF值: 5.2 DIF方向: -1 | -0.01 1552 -1412  = 
= 空  2017/12/01 13:02:00 | 指數: 10646 DIF值: 4.8 DIF方向: -1 | -0.01 1552 -1412  = 
= 空  2017/12/01 13:03:00 | 指數: 10643 DIF值: 4.3 DIF方向: -1 | -0.01 1552 -1412  = 
= 空  2017/12/01 13:04:00 | 指數: 10641 DIF值: 3.7 DIF方向: -1 | -0.01 1552 -1412  = 
= 空  2017/12/01 13:05:00 | 指數: 10644 DIF值: 3.4 DIF方向: -1 | -0.01 1552 -1412  = 
= 空  2017/12/01 13:06:00 | 指數: 10642 DIF值: 3.0 DIF方向: -1 | -0.01 1552 -1412  = 
= 空  2017/12/01 13:07:00 | 指數: 10644 DIF值: 2.7 DIF方向: -1 | -0.01 1552 -1412  = 
= 空  2017/12/01 13:08:00 | 指數: 10645 DIF值: 2.4 DIF方向: -1 | -0.01 1552 -1412  = 
= 空  2017/12/01 13:09:00 | 指數: 10648 DIF值: 2.3 DIF方向: -1 | -0.01 1552 -1412  = 
= 空  2017/12/01 13:10:00 | 指數: 10648 DIF值: 2.3 DIF方向: -1 | -0.01 1552 -1412  = 
= 空  2017/12/01 13:11:00 | 指數: 10644 DIF值: 2.1 DIF方向: -1 | -0.01 1552 -1412  = 
= 空  2017/12/01 13:12:00 | 指數: 10642 DIF值: 1.8 DIF方向: -1 | -0.01 1552 -1412  = 
= 空  2017/12/01 13:13:00 | 指數: 10642 DIF值: 1.5 DIF方向: -1 | -0.01 1552 -1412  = 
= 空  2017/12/01 13:14:00 | 指數: 10643 DIF值: 1.3 DIF方向: -1 | -0.01 1552 -1412  = 
= 空  2017/12/01 13:15:00 | 指數: 10636 DIF值: 0.9 DIF方向: -1 | -0.01 1552 -1412  = 
= 空  2017/12/01 13:16:00 | 指數: 10632 DIF值: 0.3 DIF方向: -1 | -0.01 1552 -1412  = 
= 空  2017/12/01 13:17:00 | 指數: 10628 DIF值: -0.3 DIF方向: -1 | -0.01 1552 -1412  = 
= 空  2017/12/01 13:18:00 | 指數: 10628 DIF值: -0.9 DIF方向: -1 | -0.01 1552 -1412  = 
= 空  2017/12/01 13:19:00 | 指數: 10626 DIF值: -1.4 DIF方向: -1 | -0.01 1552 -1412  = 
= 空  2017/12/01 13:20:00 | 指數: 10621 DIF值: -2.1 DIF方向: -1 | -0.01 1552 -1412  = 
= 空  2017/12/01 13:21:00 | 指數: 10614 DIF值: -2.9 DIF方向: -1 | -0.01 1552 -1412  = 
= 空  2017/12/01 13:22:00 | 指數: 10611 DIF值: -3.8 DIF方向: -1 | -0.01 1552 -1412  = 
= 空  2017/12/01 13:23:00 | 指數: 10613 DIF值: -4.4 DIF方向: -1 | -0.01 1552 -1412  = 
= 空  2017/12/01 13:24:00 | 指數: 10612 DIF值: -5.0 DIF方向: -1 | -0.01 1552 -1412  = 
= 空  2017/12/01 13:25:00 | 指數: 10610 DIF值: -5.5 DIF方向: -1 | -0.01 1552 -1412  = 
= 空  2017/12/01 13:26:00 | 指數: 10605 DIF值: -6.1 DIF方向: -1 | -0.01 1552 -1412  = 
= 空  2017/12/01 13:27:00 | 指數: 10600 DIF值: -6.8 DIF方向: -1 | -0.01 1552 -1412  = 
= 空  2017/12/01 13:28:00 | 指數: 10597 DIF值: -7.4 DIF方向: -1 | -0.01 1552 -1412  = 
= 空  2017/12/01 13:29:00 | 指數: 10600 DIF值: -7.9 DIF方向: -1 | -0.01 1552 -1412  = 
= 空  2017/12/01 13:30:00 | 指數: 10603 DIF值: -8.1 DIF方向: -1 | -0.01 1552 -1412  = 
= 空  2017/12/01 13:31:00 | 指數: 10602 DIF值: -8.2 DIF方向: -1 | -0.01 1552 -1412  = 
= 空  2017/12/01 13:32:00 | 指數: 10604 DIF值: -8.2 DIF方向: -1 | -0.01 1552 -1412  = 
= 空  2017/12/01 13:33:00 | 指數: 10603 DIF值: -8.2 DIF方向: 1 | -0.01 1552 -1412  = 
= 空  2017/12/01 13:34:00 | 指數: 10600 DIF值: -8.2 DIF方向: 1 | -0.01 1552 -1412  = 
= 空  2017/12/01 13:35:00 | 指數: 10599 DIF值: -8.2 DIF方向: -1 | -0.01 1552 -1412  = 
= 空  2017/12/01 13:36:00 | 指數: 10598 DIF值: -8.2 DIF方向: -1 | -0.01 1552 -1412  = 
= 空  2017/12/01 13:37:00 | 指數: 10602 DIF值: -8.0 DIF方向: 1 | -0.01 1552 -1412  = 
= 空  2017/12/01 13:38:00 | 指數: 10603 DIF值: -7.8 DIF方向: 1 | -0.01 1552 -1412  = 
= 空  2017/12/01 13:39:00 | 指數: 10600 DIF值: -7.6 DIF方向: 1 | -0.01 1552 -1412  = 
= 空  2017/12/01 13:40:00 | 指數: 10602 DIF值: -7.3 DIF方向: 1 | -0.01 1552 -1412  = 
= 空  2017/12/01 13:41:00 | 指數: 10603 DIF值: -7.0 DIF方向: 1 | -0.01 1552 -1412  = 
= 空  2017/12/01 13:42:00 | 指數: 10602 DIF值: -6.8 DIF方向: 1 | -0.01 1552 -1412  = 
= 空  2017/12/01 13:43:00 | 指數: 10603 DIF值: -6.4 DIF方向: 1 | -0.01 1552 -1412  = 
= 空  2017/12/01 13:44:00 | 指數: 10604 DIF值: -6.1 DIF方向: 1 | -0.01 1552 -1412  = 
= 空  2017/12/01 12:14:00 | 指數: 10608 DIF值: 0.0 DIF方向: 0 | -0.01 1552 -1412  = 
= 空  2017/12/01 12:15:00 | 指數: 10607 DIF值: 0.0 DIF方向: -1 | -0.01 1552 -1412  = 
= 空  2017/12/01 12:16:00 | 指數: 10612 DIF值: 0.1 DIF方向: 1 | -0.01 1552 -1412  = 
= 空  2017/12/01 12:17:00 | 指數: 10613 DIF值: 0.3 DIF方向: 1 | -0.01 1552 -1412  = 
= 空  2017/12/01 12:18:00 | 指數: 10614 DIF值: 0.5 DIF方向: 1 | -0.01 1552 -1412  = 
= 空  2017/12/01 12:19:00 | 指數: 10613 DIF值: 0.7 DIF方向: 1 | -0.01 1552 -1412  = 
= 空  2017/12/01 12:20:00 | 指數: 10614 DIF值: 0.8 DIF方向: 1 | -0.01 1552 -1412  = 
= 空  2017/12/01 12:21:00 | 指數: 10615 DIF值: 1.0 DIF方向: 1 | -0.01 1552 -1412  = 
= 空  2017/12/01 12:22:00 | 指數: 10613 DIF值: 1.0 DIF方向: 1 | -0.01 1552 -1412  = 
= 空  2017/12/01 12:23:00 | 指數: 10612 DIF值: 1.0 DIF方向: 1 | -0.01 1552 -1412  = 
= 空  2017/12/01 12:24:00 | 指數: 10614 DIF值: 1.1 DIF方向: 1 | -0.01 1552 -1412  = 
= 空  2017/12/01 12:25:00 | 指數: 10615 DIF值: 1.2 DIF方向: 1 | -0.01 1552 -1412  = 
= 空  2017/12/01 12:26:00 | 指數: 10616 DIF值: 1.3 DIF方向: 1 | -0.01 1552 -1412  = 
= 空  2017/12/01 12:27:00 | 指數: 10618 DIF值: 1.5 DIF方向: 1 | -0.01 1552 -1412  = 
= 空  2017/12/01 12:28:00 | 指數: 10619 DIF值: 1.6 DIF方向: 1 | -0.01 1552 -1412  = 
= 空  2017/12/01 12:29:00 | 指數: 10623 DIF值: 1.9 DIF方向: 1 | -0.01 1552 -1412  = 
= 空  2017/12/01 12:30:00 | 指數: 10625 DIF值: 2.3 DIF方向: 1 | -0.01 1552 -1412  = 
= 空  2017/12/01 12:31:00 | 指數: 10630 DIF值: 2.7 DIF方向: 1 | -0.01 1552 -1412  = 
= 空  2017/12/01 12:32:00 | 指數: 10629 DIF值: 3.1 DIF方向: 1 | -0.01 1552 -1412  = 
= 空  2017/12/01 12:33:00 | 指數: 10635 DIF值: 3.6 DIF方向: 1 | -0.01 1552 -1412  = 
= 空  2017/12/01 12:34:00 | 指數: 10632 DIF值: 4.0 DIF方向: 1 | -0.01 1552 -1412  = 
= 空  2017/12/01 12:35:00 | 指數: 10635 DIF值: 4.3 DIF方向: 1 | -0.01 1552 -1412  = 
= 空  2017/12/01 12:36:00 | 指數: 10634 DIF值: 4.6 DIF方向: 1 | -0.01 1552 -1412  = 
= 空  2017/12/01 12:37:00 | 指數: 10639 DIF值: 4.9 DIF方向: 1 | -0.01 1552 -1412  = 
= 空  2017/12/01 12:38:00 | 指數: 10635 DIF值: 5.1 DIF方向: 1 | -0.01 1552 -1412  = 
= 空  2017/12/01 12:39:00 | 指數: 10639 DIF值: 5.3 DIF方向: 1 | -0.01 1552 -1412  = 
= 空  2017/12/01 12:40:00 | 指數: 10640 DIF值: 5.6 DIF方向: 1 | -0.01 1552 -1412  = 
= 空  2017/12/01 12:41:00 | 指數: 10643 DIF值: 5.8 DIF方向: 1 | -0.01 1552 -1412  = 
= 空  2017/12/01 12:42:00 | 指數: 10643 DIF值: 6.0 DIF方向: 1 | -0.01 1552 -1412  = 
= 空  2017/12/01 12:43:00 | 指數: 10641 DIF值: 6.1 DIF方向: 1 | -0.01 1552 -1412  = 
= 空  2017/12/01 12:44:00 | 指數: 10642 DIF值: 6.1 DIF方向: 1 | -0.01 1552 -1412  = 
= 空  2017/12/01 12:45:00 | 指數: 10645 DIF值: 6.3 DIF方向: 1 | -0.01 1552 -1412  = 
= 空  2017/12/01 12:46:00 | 指數: 10647 DIF值: 6.4 DIF方向: 1 | -0.01 1552 -1412  = 
= 空  2017/12/01 12:47:00 | 指數: 10657 DIF值: 6.8 DIF方向: 1 | -0.01 1552 -1412  = 
= 空  2017/12/01 12:48:00 | 指數: 10658 DIF值: 7.3 DIF方向: 1 | -0.01 1552 -1412  = 
= 空  2017/12/01 12:49:00 | 指數: 10662 DIF值: 7.8 DIF方向: 1 | -0.01 1552 -1412  = 
= 空  2017/12/01 12:50:00 | 指數: 10657 DIF值: 8.1 DIF方向: 1 | -0.01 1552 -1412  = 
= 空  2017/12/01 12:51:00 | 指數: 10656 DIF值: 8.1 DIF方向: 1 | -0.01 1552 -1412  = 
= 空  2017/12/01 12:52:00 | 指數: 10659 DIF值: 8.3 DIF方向: 1 | -0.01 1552 -1412  = 
= 空  2017/12/01 12:53:00 | 指數: 10659 DIF值: 8.3 DIF方向: 1 | -0.01 1552 -1412  = 
= 空  2017/12/01 12:54:00 | 指數: 10656 DIF值: 8.2 DIF方向: -1 | -0.01 1552 -1412  = 
= 空  2017/12/01 12:55:00 | 指數: 10654 DIF值: 7.9 DIF方向: -1 | -0.01 1552 -1412  = 
= 空  2017/12/01 12:56:00 | 指數: 10650 DIF值: 7.5 DIF方向: -1 | -0.01 1552 -1412  = 
= 空  2017/12/01 12:57:00 | 指數: 10647 DIF值: 7.0 DIF方向: -1 | -0.01 1552 -1412  = 
= 空  2017/12/01 12:58:00 | 指數: 10645 DIF值: 6.4 DIF方向: -1 | -0.01 1552 -1412  = 
= 空  2017/12/01 12:59:00 | 指數: 10650 DIF值: 6.0 DIF方向: -1 | -0.01 1552 -1412  = 
= 空  2017/12/01 13:00:00 | 指數: 10649 DIF值: 5.7 DIF方向: -1 | -0.01 1552 -1412  = 
= 空  2017/12/01 13:01:00 | 指數: 10646 DIF值: 5.2 DIF方向: -1 | -0.01 1552 -1412  = 
= 空  2017/12/01 13:02:00 | 指數: 10646 DIF值: 4.8 DIF方向: -1 | -0.01 1552 -1412  = 
= 空  2017/12/01 13:03:00 | 指數: 10643 DIF值: 4.3 DIF方向: -1 | -0.01 1552 -1412  = 
= 空  2017/12/01 13:04:00 | 指數: 10641 DIF值: 3.7 DIF方向: -1 | -0.01 1552 -1412  = 
= 空  2017/12/01 13:05:00 | 指數: 10644 DIF值: 3.4 DIF方向: -1 | -0.01 1552 -1412  = 
= 空  2017/12/01 13:06:00 | 指數: 10642 DIF值: 3.0 DIF方向: -1 | -0.01 1552 -1412  = 
= 空  2017/12/01 13:07:00 | 指數: 10644 DIF值: 2.7 DIF方向: -1 | -0.01 1552 -1412  = 
= 空  2017/12/01 13:08:00 | 指數: 10645 DIF值: 2.4 DIF方向: -1 | -0.01 1552 -1412  = 
= 空  2017/12/01 13:09:00 | 指數: 10648 DIF值: 2.3 DIF方向: -1 | -0.01 1552 -1412  = 
= 空  2017/12/01 13:10:00 | 指數: 10648 DIF值: 2.3 DIF方向: -1 | -0.01 1552 -1412  = 
= 空  2017/12/01 13:11:00 | 指數: 10644 DIF值: 2.1 DIF方向: -1 | -0.01 1552 -1412  = 
= 空  2017/12/01 13:12:00 | 指數: 10642 DIF值: 1.8 DIF方向: -1 | -0.01 1552 -1412  = 
= 空  2017/12/01 13:13:00 | 指數: 10642 DIF值: 1.5 DIF方向: -1 | -0.01 1552 -1412  = 
= 空  2017/12/01 13:14:00 | 指數: 10643 DIF值: 1.3 DIF方向: -1 | -0.01 1552 -1412  = 
= 空  2017/12/01 13:15:00 | 指數: 10636 DIF值: 0.9 DIF方向: -1 | -0.01 1552 -1412  = 
= 空  2017/12/01 13:16:00 | 指數: 10632 DIF值: 0.3 DIF方向: -1 | -0.01 1552 -1412  = 
= 空  2017/12/01 13:17:00 | 指數: 10628 DIF值: -0.3 DIF方向: -1 | -0.01 1552 -1412  = 
= 空  2017/12/01 13:18:00 | 指數: 10628 DIF值: -0.9 DIF方向: -1 | -0.01 1552 -1412  = 
= 空  2017/12/01 13:19:00 | 指數: 10626 DIF值: -1.4 DIF方向: -1 | -0.01 1552 -1412  = 
= 空  2017/12/01 13:20:00 | 指數: 10621 DIF值: -2.1 DIF方向: -1 | -0.01 1552 -1412  = 
= 空  2017/12/01 13:21:00 | 指數: 10614 DIF值: -2.9 DIF方向: -1 | -0.01 1552 -1412  = 
= 空  2017/12/01 13:22:00 | 指數: 10611 DIF值: -3.8 DIF方向: -1 | -0.01 1552 -1412  = 
= 空  2017/12/01 13:23:00 | 指數: 10613 DIF值: -4.4 DIF方向: -1 | -0.01 1552 -1412  = 
= 空  2017/12/01 13:24:00 | 指數: 10612 DIF值: -5.0 DIF方向: -1 | -0.01 1552 -1412  = 
= 空  2017/12/01 13:25:00 | 指數: 10610 DIF值: -5.5 DIF方向: -1 | -0.01 1552 -1412  = 
= 空  2017/12/01 13:26:00 | 指數: 10605 DIF值: -6.1 DIF方向: -1 | -0.01 1552 -1412  = 
= 空  2017/12/01 13:27:00 | 指數: 10600 DIF值: -6.8 DIF方向: -1 | -0.01 1552 -1412  = 
= 空  2017/12/01 13:28:00 | 指數: 10597 DIF值: -7.4 DIF方向: -1 | -0.01 1552 -1412  = 
= 空  2017/12/01 13:29:00 | 指數: 10600 DIF值: -7.9 DIF方向: -1 | -0.01 1552 -1412  = 
= 空  2017/12/01 13:30:00 | 指數: 10603 DIF值: -8.1 DIF方向: -1 | -0.01 1552 -1412  = 
= 空  2017/12/01 13:31:00 | 指數: 10602 DIF值: -8.2 DIF方向: -1 | -0.01 1552 -1412  = 
= 空  2017/12/01 13:32:00 | 指數: 10604 DIF值: -8.2 DIF方向: -1 | -0.01 1552 -1412  = 
= 空  2017/12/01 13:33:00 | 指數: 10603 DIF值: -8.2 DIF方向: 1 | -0.01 1552 -1412  = 
= 空  2017/12/01 13:34:00 | 指數: 10600 DIF值: -8.2 DIF方向: 1 | -0.01 1552 -1412  = 
= 空  2017/12/01 13:35:00 | 指數: 10599 DIF值: -8.2 DIF方向: -1 | -0.01 1552 -1412  = 
= 空  2017/12/01 13:36:00 | 指數: 10598 DIF值: -8.2 DIF方向: -1 | -0.01 1552 -1412  = 
= 空  2017/12/01 13:37:00 | 指數: 10602 DIF值: -8.0 DIF方向: 1 | -0.01 1552 -1412  = 
= 空  2017/12/01 13:38:00 | 指數: 10603 DIF值: -7.8 DIF方向: 1 | -0.01 1552 -1412  = 
= 空  2017/12/01 13:39:00 | 指數: 10600 DIF值: -7.6 DIF方向: 1 | -0.01 1552 -1412  = 
= 空  2017/12/01 13:40:00 | 指數: 10602 DIF值: -7.3 DIF方向: 1 | -0.01 1552 -1412  = 
= 空  2017/12/01 13:41:00 | 指數: 10603 DIF值: -7.0 DIF方向: 1 | -0.01 1552 -1412  = 
= 空  2017/12/01 13:42:00 | 指數: 10602 DIF值: -6.8 DIF方向: 1 | -0.01 1552 -1412  = 
= 空  2017/12/01 13:43:00 | 指數: 10603 DIF值: -6.4 DIF方向: 1 | -0.01 1552 -1412  = 
= 空  2017/12/01 13:44:00 | 指數: 10604 DIF值: -6.1 DIF方向: 1 | -0.01 1552 -1412  = 
= 空  2017/12/01 12:14:00 | 指數: 10608 DIF值: 0.0 DIF方向: 0 | 0.00 0 0  = 
= 空  2017/12/01 12:15:00 | 指數: 10607 DIF值: 0.0 DIF方向: -1 | 0.00 0 0  = 
= 空  2017/12/01 12:16:00 | 指數: 10612 DIF值: 0.1 DIF方向: 1 | 0.00 0 0  = 
= 空  2017/12/01 12:17:00 | 指數: 10613 DIF值: 0.3 DIF方向: 1 | 0.00 0 0  = 
= 空  2017/12/01 12:18:00 | 指數: 10614 DIF值: 0.5 DIF方向: 1 | 0.00 0 0  = 
= 空  2017/12/01 12:19:00 | 指數: 10613 DIF值: 0.7 DIF方向: 1 | 0.00 0 0  = 
= 空  2017/12/01 12:20:00 | 指數: 10614 DIF值: 0.8 DIF方向: 1 | 0.00 0 0  = 
= 空  2017/12/01 12:21:00 | 指數: 10615 DIF值: 1.0 DIF方向: 1 | 0.00 0 0  = 
= 空  2017/12/01 12:22:00 | 指數: 10613 DIF值: 1.0 DIF方向: 1 | 0.00 0 0  = 
= 空  2017/12/01 12:23:00 | 指數: 10612 DIF值: 1.0 DIF方向: 1 | 0.00 0 0  = 
= 空  2017/12/01 12:24:00 | 指數: 10614 DIF值: 1.1 DIF方向: 1 | 0.00 0 0  = 
= 空  2017/12/01 12:25:00 | 指數: 10615 DIF值: 1.2 DIF方向: 1 | 0.00 0 0  = 
= 空  2017/12/01 12:26:00 | 指數: 10616 DIF值: 1.3 DIF方向: 1 | 0.00 0 0  = 
= 空  2017/12/01 12:27:00 | 指數: 10618 DIF值: 1.5 DIF方向: 1 | 0.00 0 0  = 
= 空  2017/12/01 12:28:00 | 指數: 10619 DIF值: 1.6 DIF方向: 1 | 0.00 0 0  = 
= 空  2017/12/01 12:29:00 | 指數: 10623 DIF值: 1.9 DIF方向: 1 | 0.00 0 0  = 
= 空  2017/12/01 12:30:00 | 指數: 10625 DIF值: 2.3 DIF方向: 1 | 0.00 0 0  = 
= 空  2017/12/01 12:31:00 | 指數: 10630 DIF值: 2.7 DIF方向: 1 | 0.00 0 0  = 
= 空  2017/12/01 12:32:00 | 指數: 10629 DIF值: 3.1 DIF方向: 1 | 0.00 0 0  = 
= 空  2017/12/01 12:33:00 | 指數: 10635 DIF值: 3.6 DIF方向: 1 | 0.00 0 0  = 
= 空  2017/12/01 12:34:00 | 指數: 10632 DIF值: 4.0 DIF方向: 1 | 0.00 0 0  = 
= 空  2017/12/01 12:35:00 | 指數: 10635 DIF值: 4.3 DIF方向: 1 | 0.00 0 0  = 
= 空  2017/12/01 12:36:00 | 指數: 10634 DIF值: 4.6 DIF方向: 1 | 0.00 0 0  = 
= 空  2017/12/01 12:37:00 | 指數: 10639 DIF值: 4.9 DIF方向: 1 | 0.00 0 0  = 
= 空  2017/12/01 12:38:00 | 指數: 10635 DIF值: 5.1 DIF方向: 1 | 0.00 0 0  = 
= 空  2017/12/01 12:39:00 | 指數: 10639 DIF值: 5.3 DIF方向: 1 | 0.00 0 0  = 
= 空  2017/12/01 12:40:00 | 指數: 10640 DIF值: 5.6 DIF方向: 1 | 0.00 0 0  = 
= 空  2017/12/01 12:41:00 | 指數: 10643 DIF值: 5.8 DIF方向: 1 | 0.00 0 0  = 
= 空  2017/12/01 12:42:00 | 指數: 10643 DIF值: 6.0 DIF方向: 1 | 0.00 0 0  = 
= 空  2017/12/01 12:43:00 | 指數: 10641 DIF值: 6.1 DIF方向: 1 | 0.00 0 0  = 
= 空  2017/12/01 12:44:00 | 指數: 10642 DIF值: 6.1 DIF方向: 1 | 0.00 0 0  = 
= 空  2017/12/01 12:45:00 | 指數: 10645 DIF值: 6.3 DIF方向: 1 | 0.00 0 0  = 
= 空  2017/12/01 12:46:00 | 指數: 10647 DIF值: 6.4 DIF方向: 1 | 0.00 0 0  = 
= 空  2017/12/01 12:47:00 | 指數: 10657 DIF值: 6.8 DIF方向: 1 | 0.00 0 0  = 
= 空  2017/12/01 12:48:00 | 指數: 10658 DIF值: 7.3 DIF方向: 1 | 0.00 0 0  = 
= 空  2017/12/01 12:49:00 | 指數: 10662 DIF值: 7.8 DIF方向: 1 | 0.00 0 0  = 
= 空  2017/12/01 12:50:00 | 指數: 10657 DIF值: 8.1 DIF方向: 1 | 0.00 0 0  = 
= 空  2017/12/01 12:51:00 | 指數: 10656 DIF值: 8.1 DIF方向: 1 | 0.00 0 0  = 
= 空  2017/12/01 12:52:00 | 指數: 10659 DIF值: 8.3 DIF方向: 1 | 0.00 0 0  = 
= 空  2017/12/01 12:53:00 | 指數: 10659 DIF值: 8.3 DIF方向: 1 | 0.00 0 0  = 
= 空  2017/12/01 12:54:00 | 指數: 10656 DIF值: 8.2 DIF方向: -1 | 0.00 0 0  = 
= 空  2017/12/01 12:55:00 | 指數: 10654 DIF值: 7.9 DIF方向: -1 | 0.00 0 0  = 
= 空  2017/12/01 12:56:00 | 指數: 10650 DIF值: 7.5 DIF方向: -1 | 0.00 0 0  = 
= 空  2017/12/01 12:57:00 | 指數: 10647 DIF值: 7.0 DIF方向: -1 | 0.00 0 0  = 
= 空  2017/12/01 12:58:00 | 指數: 10645 DIF值: 6.4 DIF方向: -1 | 0.00 0 0  = 
= 空  2017/12/01 12:59:00 | 指數: 10650 DIF值: 6.0 DIF方向: -1 | 0.00 0 0  = 
= 空  2017/12/01 13:00:00 | 指數: 10649 DIF值: 5.7 DIF方向: -1 | 0.00 0 0  = 
= 空  2017/12/01 13:01:00 | 指數: 10646 DIF值: 5.2 DIF方向: -1 | 0.00 0 0  = 
= 空  2017/12/01 13:02:00 | 指數: 10646 DIF值: 4.8 DIF方向: -1 | 0.00 0 0  = 
= 空  2017/12/01 13:03:00 | 指數: 10643 DIF值: 4.3 DIF方向: -1 | 0.00 0 0  = 
= 空  2017/12/01 13:04:00 | 指數: 10641 DIF值: 3.7 DIF方向: -1 | 0.00 0 0  = 
= 空  2017/12/01 13:05:00 | 指數: 10644 DIF值: 3.4 DIF方向: -1 | 0.00 0 0  = 
= 空  2017/12/01 13:06:00 | 指數: 10642 DIF值: 3.0 DIF方向: -1 | 0.00 0 0  = 
= 空  2017/12/01 13:07:00 | 指數: 10644 DIF值: 2.7 DIF方向: -1 | 0.00 0 0  = 
= 空  2017/12/01 13:08:00 | 指數: 10645 DIF值: 2.4 DIF方向: -1 | 0.00 0 0  = 
= 空  2017/12/01 13:09:00 | 指數: 10648 DIF值: 2.3 DIF方向: -1 | 0.00 0 0  = 
= 空  2017/12/01 13:10:00 | 指數: 10648 DIF值: 2.3 DIF方向: -1 | 0.00 0 0  = 
= 空  2017/12/01 13:11:00 | 指數: 10644 DIF值: 2.1 DIF方向: -1 | 0.00 0 0  = 
= 空  2017/12/01 13:12:00 | 指數: 10642 DIF值: 1.8 DIF方向: -1 | 0.00 0 0  = 
= 空  2017/12/01 13:13:00 | 指數: 10642 DIF值: 1.5 DIF方向: -1 | 0.00 0 0  = 
= 空  2017/12/01 13:14:00 | 指數: 10643 DIF值: 1.3 DIF方向: -1 | 0.00 0 0  = 
= 空  2017/12/01 13:15:00 | 指數: 10636 DIF值: 0.9 DIF方向: -1 | 0.00 0 0  = 
= 空  2017/12/01 13:16:00 | 指數: 10632 DIF值: 0.3 DIF方向: -1 | 0.00 0 0  = 
= 空  2017/12/01 13:17:00 | 指數: 10628 DIF值: -0.3 DIF方向: -1 | 0.00 0 0  = 
= 空  2017/12/01 13:18:00 | 指數: 10628 DIF值: -0.9 DIF方向: -1 | 0.00 0 0  = 
= 空  2017/12/01 13:19:00 | 指數: 10626 DIF值: -1.4 DIF方向: -1 | 0.00 0 0  = 
= 空  2017/12/01 13:20:00 | 指數: 10621 DIF值: -2.1 DIF方向: -1 | 0.00 0 0  = 
= 空  2017/12/01 13:21:00 | 指數: 10614 DIF值: -2.9 DIF方向: -1 | 0.00 0 0  = 
= 空  2017/12/01 13:22:00 | 指數: 10611 DIF值: -3.8 DIF方向: -1 | 0.00 0 0  = 
= 空  2017/12/01 13:23:00 | 指數: 10613 DIF值: -4.4 DIF方向: -1 | 0.00 0 0  = 
= 空  2017/12/01 13:24:00 | 指數: 10612 DIF值: -5.0 DIF方向: -1 | 0.00 0 0  = 
= 空  2017/12/01 13:25:00 | 指數: 10610 DIF值: -5.5 DIF方向: -1 | 0.00 0 0  = 
= 空  2017/12/01 13:26:00 | 指數: 10605 DIF值: -6.1 DIF方向: -1 | 0.00 0 0  = 
= 空  2017/12/01 13:27:00 | 指數: 10600 DIF值: -6.8 DIF方向: -1 | 0.00 0 0  = 
= 空  2017/12/01 13:28:00 | 指數: 10597 DIF值: -7.4 DIF方向: -1 | 0.00 0 0  = 
= 空  2017/12/01 13:29:00 | 指數: 10600 DIF值: -7.9 DIF方向: -1 | 0.00 0 0  = 
= 空  2017/12/01 13:30:00 | 指數: 10603 DIF值: -8.1 DIF方向: -1 | 0.00 0 0  = 
= 空  2017/12/01 13:31:00 | 指數: 10602 DIF值: -8.2 DIF方向: -1 | 0.00 0 0  = 
= 空  2017/12/01 13:32:00 | 指數: 10604 DIF值: -8.2 DIF方向: -1 | 0.00 0 0  = 
= 空  2017/12/01 13:33:00 | 指數: 10603 DIF值: -8.2 DIF方向: 1 | 0.00 0 0  = 
= 空  2017/12/01 13:34:00 | 指數: 10600 DIF值: -8.2 DIF方向: 1 | 0.00 0 0  = 
= 空  2017/12/01 13:35:00 | 指數: 10599 DIF值: -8.2 DIF方向: -1 | 0.00 0 0  = 
= 空  2017/12/01 13:36:00 | 指數: 10598 DIF值: -8.2 DIF方向: -1 | 0.00 0 0  = 
= 空  2017/12/01 13:37:00 | 指數: 10602 DIF值: -8.0 DIF方向: 1 | 0.00 0 0  = 
= 空  2017/12/01 13:38:00 | 指數: 10603 DIF值: -7.8 DIF方向: 1 | 0.00 0 0  = 
= 空  2017/12/01 13:39:00 | 指數: 10600 DIF值: -7.6 DIF方向: 1 | 0.00 0 0  = 
= 空  2017/12/01 13:40:00 | 指數: 10602 DIF值: -7.3 DIF方向: 1 | 0.00 0 0  = 
= 空  2017/12/01 13:41:00 | 指數: 10603 DIF值: -7.0 DIF方向: 1 | 0.00 0 0  = 
= 空  2017/12/01 13:42:00 | 指數: 10602 DIF值: -6.8 DIF方向: 1 | 0.00 0 0  = 
= 空  2017/12/01 13:43:00 | 指數: 10603 DIF值: -6.4 DIF方向: 1 | 0.00 0 0  = 
= 空  2017/12/01 13:44:00 | 指數: 10604 DIF值: -6.1 DIF方向: 1 | 0.00 0 0  = 
= 空  2017/12/04 08:45:00 | 指數: 10619 DIF值: -5.3 DIF方向: 1 | 0.95 3285 -71  = 
= 空  2017/12/04 08:46:00 | 指數: 10633 DIF值: -3.9 DIF方向: 1 | 0.74 3095 -66  = 
= 空  2017/12/04 08:47:00 | 指數: 10631 DIF值: -2.7 DIF方向: 1 | 0.76 3009 -95  = 
= 空  2017/12/04 08:48:00 | 指數: 10630 DIF值: -1.6 DIF方向: 1 | 0.70 2691 -164  = 
= 空  2017/12/04 08:49:00 | 指數: 10628 DIF值: -0.8 DIF方向: 1 | 0.65 2178 -136  = 
= 空  2017/12/04 08:50:00 | 指數: 10626 DIF值: -0.2 DIF方向: 1 | 0.65 2118 -115  = 
= 空  2017/12/04 08:51:00 | 指數: 10639 DIF值: 0.7 DIF方向: 1 | 0.56 2872 -347  = 
= 空  2017/12/04 08:52:00 | 指數: 10641 DIF值: 1.7 DIF方向: 1 | 0.52 2709 -421  = 
= 空  2017/12/04 08:53:00 | 指數: 10638 DIF值: 2.4 DIF方向: 1 | 0.49 2067 -361  = 
= 空  2017/12/04 08:54:00 | 指數: 10631 DIF值: 2.7 DIF方向: 1 | 0.47 1958 -326  = 
= 空  2017/12/04 08:55:00 | 指數: 10635 DIF值: 3.0 DIF方向: 1 | 0.50 2641 -330  = 
= 空  2017/12/04 08:56:00 | 指數: 10634 DIF值: 3.3 DIF方向: 1 | 0.43 2011 -288  = 
= 空  2017/12/04 08:57:00 | 指數: 10633 DIF值: 3.4 DIF方向: 1 | 0.41 1876 -270  = 
= 空  2017/12/04 08:58:00 | 指數: 10634 DIF值: 3.6 DIF方向: 1 | 0.41 2017 -270  = 
= 空  2017/12/04 08:59:00 | 指數: 10637 DIF值: 3.7 DIF方向: 1 | 0.43 2195 -240  = 
= 空  2017/12/04 09:00:00 | 指數: 10639 DIF值: 3.9 DIF方向: 1 | 0.40 2375 -270  = 
= 空  2017/12/04 09:01:00 | 指數: 10645 DIF值: 4.2 DIF方向: 1 | 0.36 2284 -420  = 
= 空  2017/12/04 09:02:00 | 指數: 10628 DIF值: 4.1 DIF方向: 1 | 0.34 1953 -322  = 
= 空  2017/12/04 09:03:00 | 指數: 10626 DIF值: 3.6 DIF方向: -1 | 0.35 2240 -199  = 
空-策略02:  TRUE FALSE TRUE FALSE FALSE FALSE 
空-策略01:  FALSE TRUE FALSE FALSE FALSE 
= 空  2017/12/04 09:04:00 | 指數: 10616 DIF值: 2.8 DIF方向: -1 | 0.28 1319 -106  = 
空-策略02:  TRUE FALSE TRUE TRUE FALSE FALSE 
空-策略01:  FALSE TRUE FALSE FALSE TRUE 
= 空  2017/12/04 09:05:00 | 指數: 10611 DIF值: 2.0 DIF方向: -1 | 0.23 975 -5  = 
空-策略03:  TRUE FALSE FALSE FALSE TRUE FALSE 
空-策略02:  FALSE FALSE TRUE TRUE TRUE FALSE 
空-策略01:  TRUE TRUE TRUE FALSE TRUE 
= 空  2017/12/04 09:06:00 | 指數: 10609 DIF值: 1.1 DIF方向: -1 | 0.17 692 104  = 
空-策略03:  TRUE FALSE FALSE FALSE TRUE FALSE 
空-策略02:  FALSE FALSE TRUE TRUE TRUE FALSE 
空-策略01:  TRUE TRUE TRUE FALSE TRUE 
= 空  2017/12/04 09:07:00 | 指數: 10599 DIF值: -0.1 DIF方向: -1 | 0.06 -372 414  = 
空-策略03:  TRUE FALSE FALSE FALSE TRUE FALSE 
空-策略02:  FALSE FALSE TRUE TRUE TRUE FALSE 
空-策略01:  TRUE TRUE TRUE FALSE TRUE 
= 空  2017/12/04 09:08:00 | 指數: 10592 DIF值: -1.4 DIF方向: -1 | 0.08 377 497  = 
空-策略03:  TRUE FALSE FALSE FALSE TRUE FALSE 
空-策略02:  FALSE FALSE TRUE TRUE TRUE FALSE 
空-策略01:  TRUE TRUE TRUE FALSE TRUE 
= 空  2017/12/04 09:09:00 | 指數: 10588 DIF值: -2.6 DIF方向: -1 | 0.04 -96 606  = 
空-策略03:  TRUE TRUE FALSE FALSE TRUE FALSE 
空-策略02:  FALSE FALSE TRUE TRUE TRUE TRUE 
空-策略01:  TRUE FALSE TRUE FALSE TRUE 
= 空  2017/12/04 09:10:00 | 指數: 10599 DIF值: -3.3 DIF方向: -1 | 0.07 751 514  = 
空-策略03:  TRUE FALSE FALSE FALSE TRUE FALSE 
空-策略02:  FALSE FALSE TRUE TRUE TRUE TRUE 
空-策略01:  TRUE TRUE TRUE FALSE TRUE 
= 空  2017/12/04 09:11:00 | 指數: 10609 DIF值: -3.5 DIF方向: -1 | 0.08 1169 346  = 
空-策略03:  TRUE FALSE FALSE FALSE TRUE FALSE 
空-策略02:  FALSE FALSE FALSE TRUE TRUE FALSE 
空-策略01:  TRUE TRUE TRUE FALSE TRUE 
= 空  2017/12/04 09:12:00 | 指數: 10611 DIF值: -3.5 DIF方向: -1 | 0.07 994 284  = 
空-策略03:  TRUE FALSE FALSE FALSE TRUE FALSE 
空-策略02:  FALSE FALSE FALSE TRUE TRUE FALSE 
空-策略01:  TRUE TRUE TRUE FALSE TRUE 
= 空  2017/12/04 09:13:00 | 指數: 10611 DIF值: -3.4 DIF方向: 1 | 0.07 903 254  = 
空-策略03:  TRUE FALSE FALSE FALSE TRUE FALSE 
空-策略02:  FALSE FALSE FALSE TRUE FALSE FALSE 
空-策略01:  TRUE TRUE FALSE FALSE TRUE 
= 空  2017/12/04 09:14:00 | 指數: 10609 DIF值: -3.4 DIF方向: 1 | 0.04 480 267  = 
空-策略03:  TRUE FALSE FALSE FALSE TRUE FALSE 
空-策略02:  FALSE FALSE FALSE TRUE FALSE FALSE 
空-策略01:  TRUE TRUE FALSE FALSE TRUE 
= 空  2017/12/04 09:15:00 | 指數: 10600 DIF值: -3.6 DIF方向: -1 | 0.03 -208 410  = 
空-策略03:  TRUE FALSE FALSE FALSE TRUE FALSE 
空-策略02:  FALSE FALSE FALSE TRUE FALSE FALSE 
空-策略01:  TRUE TRUE FALSE FALSE TRUE 
= 空  2017/12/04 09:16:00 | 指數: 10606 DIF值: -3.8 DIF方向: -1 | 0.05 503 393  = 
空-策略03:  TRUE FALSE FALSE FALSE TRUE FALSE 
空-策略02:  FALSE FALSE FALSE TRUE FALSE FALSE 
空-策略01:  TRUE TRUE FALSE FALSE TRUE 
= 空  2017/12/04 09:17:00 | 指數: 10608 DIF值: -3.7 DIF方向: -1 | 0.01 300 383  = 
空-策略03:  TRUE FALSE FALSE FALSE TRUE FALSE 
空-策略02:  FALSE FALSE FALSE TRUE TRUE TRUE 
空-策略01:  TRUE TRUE TRUE FALSE TRUE 
= 空  2017/12/04 09:18:00 | 指數: 10606 DIF值: -3.6 DIF方向: 1 | 0.01 -65 427  = 
空-策略03:  TRUE FALSE FALSE FALSE TRUE FALSE 
空-策略02:  FALSE FALSE FALSE TRUE FALSE FALSE 
空-策略01:  TRUE TRUE FALSE FALSE TRUE 
= 空  2017/12/04 09:19:00 | 指數: 10611 DIF值: -3.4 DIF方向: 1 | 0.04 602 376  = 
空-策略03:  FALSE FALSE FALSE FALSE TRUE FALSE 
空-策略02:  TRUE FALSE FALSE FALSE FALSE FALSE 
空-策略01:  FALSE TRUE FALSE FALSE FALSE 
= 空  2017/12/04 09:20:00 | 指數: 10609 DIF值: -3.2 DIF方向: 1 | 0.05 691 381  = 
空-策略03:  TRUE FALSE FALSE TRUE TRUE FALSE 
空-策略02:  FALSE FALSE FALSE FALSE FALSE FALSE 
空-策略01:  TRUE TRUE FALSE FALSE FALSE 
= 空  2017/12/04 09:21:00 | 指數: 10604 DIF值: -3.2 DIF方向: 1 | 0.02 268 405  = 
空-策略03:  TRUE FALSE FALSE TRUE TRUE FALSE 
空-策略02:  FALSE FALSE TRUE FALSE FALSE FALSE 
空-策略01:  TRUE TRUE FALSE FALSE TRUE 
= 空  2017/12/04 09:22:00 | 指數: 10602 DIF值: -3.4 DIF方向: -1 | 0.03 434 462  = 
空-策略03:  TRUE FALSE FALSE FALSE TRUE FALSE 
空-策略02:  FALSE FALSE TRUE FALSE FALSE FALSE 
空-策略01:  TRUE TRUE FALSE FALSE TRUE 
= 空  2017/12/04 09:23:00 | 指數: 10600 DIF值: -3.5 DIF方向: -1 | 0.01 39 487  = 
空-策略03:  TRUE FALSE FALSE FALSE TRUE FALSE 
空-策略02:  FALSE FALSE FALSE FALSE FALSE FALSE 
空-策略01:  TRUE TRUE FALSE FALSE TRUE 
= 空  2017/12/04 09:24:00 | 指數: 10594 DIF值: -3.8 DIF方向: -1 | 0.00 -344 628  = 
空-策略03:  TRUE FALSE FALSE FALSE TRUE FALSE 
空-策略02:  FALSE FALSE TRUE FALSE TRUE FALSE 
空-策略01:  TRUE TRUE TRUE FALSE TRUE 
= 空  2017/12/04 09:25:00 | 指數: 10597 DIF值: -4.0 DIF方向: -1 | 0.00 -235 625  = 
空-策略03:  TRUE FALSE FALSE FALSE TRUE FALSE 
空-策略02:  FALSE FALSE TRUE TRUE TRUE FALSE 
空-策略01:  TRUE TRUE TRUE FALSE FALSE 
= 空  2017/12/04 09:26:00 | 指數: 10581 DIF值: -4.7 DIF方向: -1 | -0.01 -1169 861  = 
空-策略03:  TRUE TRUE FALSE FALSE TRUE FALSE 
空-策略02:  FALSE FALSE TRUE TRUE TRUE FALSE 
空-策略01:  TRUE FALSE TRUE FALSE FALSE 
= 空  2017/12/04 09:27:00 | 指數: 10575 DIF值: -5.5 DIF方向: -1 | -0.02 -1437 1112  = 
空-策略03:  TRUE TRUE FALSE FALSE TRUE FALSE 
空-策略02:  FALSE FALSE TRUE TRUE TRUE FALSE 
空-策略01:  TRUE FALSE TRUE FALSE TRUE 
= 空  2017/12/04 09:28:00 | 指數: 10580 DIF值: -6.2 DIF方向: -1 | 0.01 -337 1156  = 
空-策略03:  TRUE TRUE FALSE FALSE TRUE FALSE 
空-策略02:  FALSE FALSE TRUE TRUE TRUE FALSE 
空-策略01:  TRUE FALSE TRUE FALSE TRUE 
= 空  2017/12/04 09:29:00 | 指數: 10576 DIF值: -6.8 DIF方向: -1 | -0.01 -636 1198  = 
空-策略03:  TRUE TRUE FALSE FALSE TRUE FALSE 
空-策略02:  FALSE FALSE TRUE TRUE TRUE TRUE 
空-策略01:  TRUE FALSE TRUE FALSE TRUE 
= 空  2017/12/04 09:30:00 | 指數: 10567 DIF值: -7.6 DIF方向: -1 | -0.01 -1285 1445  = 
空-策略03:  TRUE TRUE FALSE FALSE TRUE FALSE 
空-策略02:  FALSE FALSE TRUE TRUE TRUE TRUE 
空-策略01:  TRUE FALSE TRUE FALSE TRUE 
= 空  2017/12/04 09:31:00 | 指數: 10574 DIF值: -8.1 DIF方向: -1 | -0.02 -737 1508  = 
空-策略03:  TRUE TRUE FALSE FALSE TRUE FALSE 
空-策略02:  FALSE FALSE TRUE TRUE TRUE TRUE 
空-策略01:  TRUE FALSE TRUE FALSE TRUE 
= 空  2017/12/04 09:32:00 | 指數: 10575 DIF值: -8.4 DIF方向: -1 | -0.02 -488 1574  = 
空-策略03:  TRUE TRUE FALSE FALSE TRUE FALSE 
空-策略02:  FALSE FALSE TRUE TRUE TRUE TRUE 
空-策略01:  TRUE FALSE TRUE FALSE TRUE 
= 空  2017/12/04 09:33:00 | 指數: 10584 DIF值: -8.2 DIF方向: -1 | -0.03 -239 1502  = 
空-策略03:  TRUE TRUE FALSE FALSE TRUE TRUE 
空-策略02:  FALSE FALSE FALSE TRUE TRUE TRUE 
空-策略01:  TRUE FALSE TRUE TRUE TRUE 
= 空  2017/12/04 09:34:00 | 指數: 10589 DIF值: -7.7 DIF方向: 1 | -0.04 -624 1360  = 
空-策略03:  TRUE FALSE FALSE FALSE TRUE TRUE 
空-策略02:  FALSE FALSE FALSE TRUE FALSE TRUE 
空-策略01:  TRUE TRUE FALSE TRUE TRUE 
= 空  2017/12/04 09:35:00 | 指數: 10590 DIF值: -7.2 DIF方向: 1 | -0.03 -425 1280  = 
空-策略03:  TRUE FALSE FALSE FALSE TRUE TRUE 
空-策略02:  FALSE FALSE FALSE TRUE FALSE TRUE 
空-策略01:  TRUE TRUE FALSE TRUE FALSE 
= 空  2017/12/04 09:36:00 | 指數: 10595 DIF值: -6.5 DIF方向: 1 | -0.01 45 1230  = 
空-策略03:  TRUE FALSE FALSE TRUE TRUE TRUE 
空-策略02:  FALSE FALSE FALSE TRUE FALSE TRUE 
空-策略01:  TRUE TRUE FALSE TRUE FALSE 
= 空  2017/12/04 09:37:00 | 指數: 10591 DIF值: -6.0 DIF方向: 1 | -0.01 -265 1250  = 
空-策略03:  TRUE FALSE FALSE TRUE TRUE TRUE 
空-策略02:  FALSE FALSE FALSE TRUE FALSE TRUE 
空-策略01:  TRUE TRUE FALSE TRUE FALSE 
= 空  2017/12/04 09:38:00 | 指數: 10589 DIF值: -5.6 DIF方向: 1 | -0.02 -496 1249  = 
空-策略03:  TRUE FALSE FALSE TRUE TRUE TRUE 
空-策略02:  FALSE FALSE FALSE FALSE FALSE FALSE 
空-策略01:  TRUE TRUE FALSE TRUE FALSE 
= 空  2017/12/04 09:39:00 | 指數: 10582 DIF值: -5.5 DIF方向: 1 | -0.03 -902 1314  = 
空-策略03:  TRUE TRUE FALSE TRUE TRUE TRUE 
空-策略02:  FALSE FALSE FALSE FALSE FALSE FALSE 
空-策略01:  TRUE FALSE FALSE TRUE TRUE 
= 空  2017/12/04 09:40:00 | 指數: 10586 DIF值: -5.3 DIF方向: 1 | -0.02 -357 1324  = 
空-策略03:  TRUE FALSE FALSE TRUE TRUE TRUE 
空-策略02:  FALSE FALSE FALSE FALSE FALSE FALSE 
空-策略01:  TRUE TRUE FALSE TRUE FALSE 
= 空  2017/12/04 09:41:00 | 指數: 10594 DIF值: -4.8 DIF方向: 1 | -0.03 -142 1291  = 
空-策略03:  TRUE FALSE FALSE TRUE TRUE TRUE 
空-策略02:  FALSE FALSE FALSE FALSE FALSE FALSE 
空-策略01:  TRUE TRUE FALSE TRUE FALSE 
= 空  2017/12/04 09:42:00 | 指數: 10599 DIF值: -4.1 DIF方向: 1 | -0.04 -325 1195  = 
空-策略03:  TRUE FALSE FALSE TRUE TRUE TRUE 
空-策略02:  FALSE FALSE FALSE FALSE FALSE FALSE 
空-策略01:  TRUE TRUE FALSE TRUE FALSE 
= 空  2017/12/04 09:43:00 | 指數: 10579 DIF值: -4.1 DIF方向: 1 | -0.08 -1904 1422  = 
空-策略03:  TRUE TRUE FALSE TRUE TRUE TRUE 
空-策略02:  FALSE FALSE TRUE FALSE FALSE FALSE 
空-策略01:  TRUE FALSE FALSE TRUE FALSE 
= 空  2017/12/04 09:44:00 | 指數: 10582 DIF值: -4.2 DIF方向: -1 | -0.06 -1318 1437  = 
空-策略03:  TRUE TRUE FALSE FALSE TRUE TRUE 
空-策略02:  FALSE FALSE TRUE FALSE FALSE FALSE 
空-策略01:  TRUE FALSE FALSE TRUE FALSE 
= 空  2017/12/04 09:45:00 | 指數: 10585 DIF值: -4.2 DIF方向: -1 | -0.05 -966 1443  = 
= 空  2017/12/04 09:46:00 | 指數: 10590 DIF值: -3.9 DIF方向: 1 | -0.05 -857 1401  = 
= 空  2017/12/04 09:47:00 | 指數: 10587 DIF值: -3.7 DIF方向: 1 | -0.05 -910 1388  = 
= 空  2017/12/04 09:48:00 | 指數: 10590 DIF值: -3.4 DIF方向: 1 | -0.05 -915 1349  = 
= 空  2017/12/04 09:49:00 | 指數: 10588 DIF值: -3.1 DIF方向: 1 | -0.04 -888 1333  = 
= 空  2017/12/04 09:50:00 | 指數: 10586 DIF值: -3.0 DIF方向: 1 | -0.06 -1399 1393  = 
= 空  2017/12/04 09:51:00 | 指數: 10586 DIF值: -2.9 DIF方向: 1 | -0.06 -1478 1396  = 
= 空  2017/12/04 09:52:00 | 指數: 10584 DIF值: -2.9 DIF方向: 1 | -0.06 -1432 1452  = 
= 空  2017/12/04 09:53:00 | 指數: 10591 DIF值: -2.6 DIF方向: 1 | -0.03 -655 1380  = 
= 空  2017/12/04 09:54:00 | 指數: 10591 DIF值: -2.3 DIF方向: 1 | -0.05 -874 1395  = 
= 空  2017/12/04 09:55:00 | 指數: 10610 DIF值: -1.4 DIF方向: 1 | -0.04 -263 1014  = 
= 空  2017/12/04 09:56:00 | 指數: 10614 DIF值: -0.3 DIF方向: 1 | -0.04 28 860  = 
= 空  2017/12/04 09:57:00 | 指數: 10608 DIF值: 0.5 DIF方向: 1 | -0.03 -176 857  = 
= 空  2017/12/04 09:58:00 | 指數: 10609 DIF值: 1.1 DIF方向: 1 | -0.03 41 844  = 
= 空  2017/12/04 09:59:00 | 指數: 10614 DIF值: 1.8 DIF方向: 1 | -0.03 12 831  = 
= 空  2017/12/04 10:00:00 | 指數: 10613 DIF值: 2.4 DIF方向: 1 | -0.03 33 847  = 
= 空  2017/12/04 10:01:00 | 指數: 10608 DIF值: 2.7 DIF方向: 1 | -0.04 -273 901  = 
= 空  2017/12/04 10:02:00 | 指數: 10611 DIF值: 3.0 DIF方向: 1 | -0.03 -59 872  = 
= 空  2017/12/04 10:03:00 | 指數: 10601 DIF值: 2.9 DIF方向: 1 | -0.04 -737 1071  = 
= 空  2017/12/04 10:04:00 | 指數: 10597 DIF值: 2.5 DIF方向: -1 | -0.04 -650 1126  = 
= 空  2017/12/04 10:05:00 | 指數: 10589 DIF值: 2.0 DIF方向: -1 | -0.04 -992 1197  = 
= 空  2017/12/04 10:06:00 | 指數: 10600 DIF值: 1.8 DIF方向: -1 | -0.03 -528 1126  = 
= 空  2017/12/04 10:07:00 | 指數: 10598 DIF值: 1.6 DIF方向: -1 | -0.03 -390 1146  = 
= 空  2017/12/04 10:08:00 | 指數: 10594 DIF值: 1.3 DIF方向: -1 | -0.04 -579 1177  = 
= 空  2017/12/04 10:09:00 | 指數: 10607 DIF值: 1.4 DIF方向: -1 | -0.03 94 1071  = 
= 空  2017/12/04 10:10:00 | 指數: 10601 DIF值: 1.4 DIF方向: 1 | -0.03 -502 1102  = 
= 空  2017/12/04 10:11:00 | 指數: 10600 DIF值: 1.4 DIF方向: 1 | -0.05 -697 1109  = 
= 空  2017/12/04 10:12:00 | 指數: 10605 DIF值: 1.5 DIF方向: 1 | -0.03 -152 1101  = 
= 空  2017/12/04 10:13:00 | 指數: 10599 DIF值: 1.4 DIF方向: 1 | -0.04 -530 1173  = 
= 空  2017/12/04 10:14:00 | 指數: 10600 DIF值: 1.3 DIF方向: -1 | -0.05 -549 1196  = 
= 空  2017/12/04 10:15:00 | 指數: 10603 DIF值: 1.3 DIF方向: -1 | -0.03 -76 1188  = 
= 空  2017/12/04 10:16:00 | 指數: 10599 DIF值: 1.2 DIF方向: -1 | -0.03 -334 1259  = 
= 空  2017/12/04 10:17:00 | 指數: 10600 DIF值: 1.1 DIF方向: -1 | -0.04 -510 1238  = 
= 空  2017/12/04 10:18:00 | 指數: 10601 DIF值: 1.0 DIF方向: -1 | -0.03 -297 1236  = 
= 空  2017/12/04 10:19:00 | 指數: 10602 DIF值: 1.0 DIF方向: -1 | -0.03 -193 1237  = 
= 空  2017/12/04 10:20:00 | 指數: 10599 DIF值: 0.9 DIF方向: -1 | -0.04 -609 1242  = 
= 空  2017/12/04 10:21:00 | 指數: 10598 DIF值: 0.8 DIF方向: -1 | -0.03 -574 1253  = 
= 空  2017/12/04 10:22:00 | 指數: 10597 DIF值: 0.6 DIF方向: -1 | -0.04 -443 1255  = 
= 空  2017/12/04 10:23:00 | 指數: 10592 DIF值: 0.2 DIF方向: -1 | -0.03 -658 1385  = 
= 空  2017/12/04 10:24:00 | 指數: 10594 DIF值: -0.1 DIF方向: -1 | -0.04 -501 1374  = 
= 空  2017/12/04 10:25:00 | 指數: 10593 DIF值: -0.3 DIF方向: -1 | -0.03 -634 1378  = 
= 空  2017/12/04 10:26:00 | 指數: 10597 DIF值: -0.4 DIF方向: -1 | -0.04 -679 1357  = 
= 空  2017/12/04 10:27:00 | 指數: 10596 DIF值: -0.4 DIF方向: -1 | -0.03 -393 1344  = 
= 空  2017/12/04 10:28:00 | 指數: 10594 DIF值: -0.5 DIF方向: -1 | -0.03 -571 1369  = 
= 空  2017/12/04 10:29:00 | 指數: 10595 DIF值: -0.6 DIF方向: -1 | -0.03 -639 1391  = 
= 空  2017/12/04 10:30:00 | 指數: 10595 DIF值: -0.7 DIF方向: -1 | -0.03 -598 1385  = 
= 空  2017/12/04 10:31:00 | 指數: 10598 DIF值: -0.6 DIF方向: 1 | -0.05 -867 1368  = 
= 空  2017/12/04 10:32:00 | 指數: 10598 DIF值: -0.5 DIF方向: 1 | -0.04 -522 1373  = 
= 空  2017/12/04 10:33:00 | 指數: 10602 DIF值: -0.3 DIF方向: 1 | -0.03 -193 1368  = 
= 空  2017/12/04 10:34:00 | 指數: 10600 DIF值: -0.1 DIF方向: 1 | -0.04 -676 1381  = 
= 空  2017/12/04 10:35:00 | 指數: 10601 DIF值: 0.1 DIF方向: 1 | -0.04 -597 1283  = 
= 空  2017/12/04 10:36:00 | 指數: 10600 DIF值: 0.2 DIF方向: 1 | -0.04 -655 1289  = 
= 空  2017/12/04 10:37:00 | 指數: 10605 DIF值: 0.4 DIF方向: 1 | -0.04 -265 1245  = 
= 空  2017/12/04 10:38:00 | 指數: 10602 DIF值: 0.5 DIF方向: 1 | -0.04 -694 1253  = 
= 空  2017/12/04 10:39:00 | 指數: 10603 DIF值: 0.7 DIF方向: 1 | -0.04 -554 1248  = 
= 空  2017/12/04 10:40:00 | 指數: 10606 DIF值: 0.9 DIF方向: 1 | -0.04 -314 1191  = 
= 空  2017/12/04 10:41:00 | 指數: 10608 DIF值: 1.2 DIF方向: 1 | -0.04 -195 1170  = 
= 空  2017/12/04 10:42:00 | 指數: 10618 DIF值: 1.7 DIF方向: 1 | -0.03 210 938  = 
= 空  2017/12/04 10:43:00 | 指數: 10620 DIF值: 2.4 DIF方向: 1 | -0.03 387 832  = 
= 空  2017/12/04 10:44:00 | 指數: 10620 DIF值: 2.9 DIF方向: 1 | -0.03 68 800  = 
= 空  2017/12/04 10:45:00 | 指數: 10615 DIF值: 3.2 DIF方向: 1 | -0.03 -170 791  = 
= 空  2017/12/04 10:46:00 | 指數: 10613 DIF值: 3.3 DIF方向: 1 | -0.04 -357 821  = 
= 空  2017/12/04 10:47:00 | 指數: 10615 DIF值: 3.4 DIF方向: 1 | -0.02 94 802  = 
= 空  2017/12/04 10:48:00 | 指數: 10617 DIF值: 3.6 DIF方向: 1 | -0.02 179 797  = 
= 空  2017/12/04 10:49:00 | 指數: 10622 DIF值: 3.9 DIF方向: 1 | -0.02 449 618  = 
= 空  2017/12/04 10:50:00 | 指數: 10617 DIF值: 4.0 DIF方向: 1 | -0.03 7 687  = 
= 空  2017/12/04 10:51:00 | 指數: 10615 DIF值: 3.9 DIF方向: 1 | -0.03 -32 697  = 
= 空  2017/12/04 10:52:00 | 指數: 10616 DIF值: 3.9 DIF方向: -1 | -0.03 -110 699  = 
= 空  2017/12/04 10:53:00 | 指數: 10615 DIF值: 3.8 DIF方向: -1 | -0.03 19 754  = 
= 空  2017/12/04 10:54:00 | 指數: 10616 DIF值: 3.7 DIF方向: -1 | -0.03 142 744  = 
= 空  2017/12/04 10:55:00 | 指數: 10613 DIF值: 3.5 DIF方向: -1 | -0.03 -277 791  = 
= 空  2017/12/04 10:56:00 | 指數: 10620 DIF值: 3.5 DIF方向: -1 | -0.03 228 736  = 
= 空  2017/12/04 10:57:00 | 指數: 10618 DIF值: 3.6 DIF方向: 1 | -0.03 -41 747  = 
= 空  2017/12/04 10:58:00 | 指數: 10617 DIF值: 3.5 DIF方向: -1 | -0.03 -163 749  = 
= 空  2017/12/04 10:59:00 | 指數: 10615 DIF值: 3.4 DIF方向: -1 | -0.03 -390 659  = 
= 空  2017/12/04 11:00:00 | 指數: 10619 DIF值: 3.3 DIF方向: -1 | -0.02 137 636  = 
= 空  2017/12/04 11:01:00 | 指數: 10614 DIF值: 3.1 DIF方向: -1 | -0.03 -429 668  = 
= 空  2017/12/04 11:02:00 | 指數: 10617 DIF值: 3.0 DIF方向: -1 | -0.03 -16 659  = 
= 空  2017/12/04 11:03:00 | 指數: 10618 DIF值: 3.0 DIF方向: -1 | -0.03 -12 624  = 
= 空  2017/12/04 11:04:00 | 指數: 10618 DIF值: 2.9 DIF方向: -1 | -0.01 44 624  = 
= 空  2017/12/04 11:05:00 | 指數: 10620 DIF值: 2.9 DIF方向: -1 | -0.02 65 613  = 
= 空  2017/12/04 11:06:00 | 指數: 10616 DIF值: 2.7 DIF方向: -1 | -0.03 -308 630  = 
= 空  2017/12/04 11:07:00 | 指數: 10618 DIF值: 2.6 DIF方向: -1 | -0.02 -211 625  = 
= 空  2017/12/04 11:08:00 | 指數: 10618 DIF值: 2.5 DIF方向: -1 | -0.02 -83 619  = 
= 空  2017/12/04 11:09:00 | 指數: 10618 DIF值: 2.4 DIF方向: -1 | -0.02 -176 626  = 
= 空  2017/12/04 11:10:00 | 指數: 10617 DIF值: 2.3 DIF方向: -1 | -0.02 -236 626  = 
= 空  2017/12/04 11:11:00 | 指數: 10619 DIF值: 2.3 DIF方向: -1 | -0.02 61 601  = 
= 空  2017/12/04 11:12:00 | 指數: 10617 DIF值: 2.2 DIF方向: -1 | -0.02 -312 607  = 
= 空  2017/12/04 11:13:00 | 指數: 10619 DIF值: 2.1 DIF方向: -1 | -0.02 -24 589  = 
= 空  2017/12/04 11:14:00 | 指數: 10622 DIF值: 2.2 DIF方向: 1 | -0.01 163 388  = 
= 空  2017/12/04 11:15:00 | 指數: 10622 DIF值: 2.3 DIF方向: 1 | -0.01 226 355  = 
= 空  2017/12/04 11:16:00 | 指數: 10622 DIF值: 2.3 DIF方向: 1 | -0.01 211 360  = 
= 空  2017/12/04 11:17:00 | 指數: 10620 DIF值: 2.3 DIF方向: -1 | -0.01 -134 385  = 
= 空  2017/12/04 11:18:00 | 指數: 10614 DIF值: 2.0 DIF方向: -1 | -0.02 -491 430  = 
= 空  2017/12/04 11:19:00 | 指數: 10612 DIF值: 1.6 DIF方向: -1 | -0.02 -682 465  = 
= 空  2017/12/04 11:20:00 | 指數: 10615 DIF值: 1.3 DIF方向: -1 | -0.01 -238 406  = 
= 空  2017/12/04 11:21:00 | 指數: 10614 DIF值: 1.1 DIF方向: -1 | -0.02 -596 411  = 
= 空  2017/12/04 11:22:00 | 指數: 10615 DIF值: 1.0 DIF方向: -1 | -0.02 -589 390  = 
= 空  2017/12/04 11:23:00 | 指數: 10610 DIF值: 0.6 DIF方向: -1 | -0.02 -564 537  = 
= 空  2017/12/04 11:24:00 | 指數: 10612 DIF值: 0.4 DIF方向: -1 | -0.02 -631 492  = 
= 空  2017/12/04 11:25:00 | 指數: 10611 DIF值: 0.1 DIF方向: -1 | -0.02 -758 500  = 
= 空  2017/12/04 11:26:00 | 指數: 10615 DIF值: 0.1 DIF方向: -1 | -0.01 -394 469  = 
= 空  2017/12/04 11:27:00 | 指數: 10615 DIF值: 0.0 DIF方向: -1 | -0.01 -413 455  = 
= 空  2017/12/04 11:28:00 | 指數: 10615 DIF值: 0.0 DIF方向: -1 | -0.01 -506 452  = 
= 空  2017/12/04 11:29:00 | 指數: 10615 DIF值: 0.1 DIF方向: 1 | -0.01 -485 429  = 
= 空  2017/12/04 11:30:00 | 指數: 10619 DIF值: 0.2 DIF方向: 1 | -0.01 -107 318  = 
= 空  2017/12/04 11:31:00 | 指數: 10619 DIF值: 0.4 DIF方向: 1 | -0.01 -533 311  = 
= 空  2017/12/04 11:32:00 | 指數: 10621 DIF值: 0.6 DIF方向: 1 | -0.01 -590 275  = 
= 空  2017/12/04 11:33:00 | 指數: 10621 DIF值: 0.7 DIF方向: 1 | -0.01 -445 268  = 
= 空  2017/12/04 11:34:00 | 指數: 10623 DIF值: 0.9 DIF方向: 1 | -0.01 -237 245  = 
= 空  2017/12/04 11:35:00 | 指數: 10622 DIF值: 1.1 DIF方向: 1 | -0.01 -319 242  = 
= 空  2017/12/04 11:36:00 | 指數: 10625 DIF值: 1.3 DIF方向: 1 | -0.01 -81 100  = 
= 空  2017/12/04 11:37:00 | 指數: 10622 DIF值: 1.4 DIF方向: 1 | -0.01 -480 124  = 
= 空  2017/12/04 11:38:00 | 指數: 10623 DIF值: 1.5 DIF方向: 1 | -0.01 -96 112  = 
= 空  2017/12/04 11:39:00 | 指數: 10630 DIF值: 1.8 DIF方向: 1 | -0.01 383 -38  = 
= 空  2017/12/04 11:40:00 | 指數: 10632 DIF值: 2.2 DIF方向: 1 | 0.01 673 -134  = 
= 空  2017/12/04 11:41:00 | 指數: 10630 DIF值: 2.5 DIF方向: 1 | -0.01 374 -160  = 
= 空  2017/12/04 11:42:00 | 指數: 10631 DIF值: 2.7 DIF方向: 1 | 0.00 500 -203  = 
= 空  2017/12/04 11:43:00 | 指數: 10630 DIF值: 2.8 DIF方向: 1 | 0.00 237 -211  = 
= 空  2017/12/04 11:44:00 | 指數: 10630 DIF值: 2.9 DIF方向: 1 | 0.00 238 -217  = 
= 空  2017/12/04 11:45:00 | 指數: 10632 DIF值: 3.1 DIF方向: 1 | 0.01 422 -257  = 
= 空  2017/12/04 11:46:00 | 指數: 10634 DIF值: 3.2 DIF方向: 1 | 0.01 926 -291  = 
= 空  2017/12/04 11:47:00 | 指數: 10631 DIF值: 3.3 DIF方向: 1 | 0.01 716 -287  = 
= 空  2017/12/04 11:48:00 | 指數: 10636 DIF值: 3.4 DIF方向: 1 | 0.03 1587 -440  = 
= 空  2017/12/04 11:49:00 | 指數: 10631 DIF值: 3.4 DIF方向: 1 | 0.03 1235 -392  = 
= 空  2017/12/04 11:50:00 | 指數: 10628 DIF值: 3.2 DIF方向: -1 | 0.02 853 -350  = 
= 空  2017/12/04 11:51:00 | 指數: 10622 DIF值: 2.8 DIF方向: -1 | 0.02 694 -235  = 
= 空  2017/12/04 11:52:00 | 指數: 10621 DIF值: 2.4 DIF方向: -1 | 0.02 754 -223  = 
= 空  2017/12/04 11:53:00 | 指數: 10624 DIF值: 2.1 DIF方向: -1 | 0.03 1112 -227  = 
= 空  2017/12/04 11:54:00 | 指數: 10627 DIF值: 1.9 DIF方向: -1 | 0.03 1408 -278  = 
= 空  2017/12/04 11:55:00 | 指數: 10627 DIF值: 1.8 DIF方向: -1 | 0.03 1062 -325  = 
= 空  2017/12/04 11:56:00 | 指數: 10630 DIF值: 1.9 DIF方向: -1 | 0.03 1593 -365  = 
= 空  2017/12/04 11:57:00 | 指數: 10632 DIF值: 2.0 DIF方向: 1 | 0.03 1515 -422  = 
= 空  2017/12/04 11:58:00 | 指數: 10631 DIF值: 2.0 DIF方向: 1 | 0.03 1283 -410  = 
= 空  2017/12/04 11:59:00 | 指數: 10633 DIF值: 2.1 DIF方向: 1 | 0.03 1486 -437  = 
= 空  2017/12/04 12:00:00 | 指數: 10632 DIF值: 2.2 DIF方向: 1 | 0.02 1347 -522  = 
= 空  2017/12/04 12:01:00 | 指數: 10633 DIF值: 2.2 DIF方向: 1 | 0.03 1413 -536  = 
= 空  2017/12/04 12:02:00 | 指數: 10635 DIF值: 2.3 DIF方向: 1 | 0.04 1656 -559  = 
= 空  2017/12/04 12:03:00 | 指數: 10640 DIF值: 2.5 DIF方向: 1 | 0.04 2117 -688  = 
= 空  2017/12/04 12:04:00 | 指數: 10637 DIF值: 2.7 DIF方向: 1 | 0.04 1869 -732  = 
= 空  2017/12/04 12:05:00 | 指數: 10641 DIF值: 3.0 DIF方向: 1 | 0.04 2340 -851  = 
= 空  2017/12/04 12:06:00 | 指數: 10641 DIF值: 3.2 DIF方向: 1 | 0.04 2156 -856  = 
= 空  2017/12/04 12:07:00 | 指數: 10640 DIF值: 3.3 DIF方向: 1 | 0.04 2060 -845  = 
= 空  2017/12/04 12:08:00 | 指數: 10638 DIF值: 3.3 DIF方向: 1 | 0.04 1844 -834  = 
= 空  2017/12/04 12:09:00 | 指數: 10644 DIF值: 3.4 DIF方向: 1 | 0.05 2650 -954  = 
= 空  2017/12/04 12:10:00 | 指數: 10641 DIF值: 3.5 DIF方向: 1 | 0.04 2103 -951  = 
= 空  2017/12/04 12:11:00 | 指數: 10642 DIF值: 3.5 DIF方向: 1 | 0.05 2429 -976  = 
= 空  2017/12/04 12:12:00 | 指數: 10643 DIF值: 3.6 DIF方向: 1 | 0.05 2525 -1038  = 
= 空  2017/12/04 12:13:00 | 指數: 10643 DIF值: 3.6 DIF方向: 1 | 0.05 2579 -1051  = 
= 空  2017/12/04 12:14:00 | 指數: 10645 DIF值: 3.7 DIF方向: 1 | 0.05 2627 -1242  = 
= 空  2017/12/04 12:15:00 | 指數: 10649 DIF值: 3.9 DIF方向: 1 | 0.05 3340 -1340  = 
= 空  2017/12/04 12:16:00 | 指數: 10651 DIF值: 4.2 DIF方向: 1 | 0.05 3373 -1483  = 
= 空  2017/12/04 12:17:00 | 指數: 10650 DIF值: 4.3 DIF方向: 1 | 0.06 3497 -1509  = 
= 空  2017/12/04 12:18:00 | 指數: 10646 DIF值: 4.3 DIF方向: 1 | 0.05 2855 -1462  = 
= 空  2017/12/04 12:19:00 | 指數: 10647 DIF值: 4.3 DIF方向: -1 | 0.05 3016 -1481  = 
= 空  2017/12/04 12:20:00 | 指數: 10642 DIF值: 4.1 DIF方向: -1 | 0.05 2656 -1415  = 
= 空  2017/12/04 12:21:00 | 指數: 10641 DIF值: 3.7 DIF方向: -1 | 0.05 2431 -1374  = 
= 空  2017/12/04 12:22:00 | 指數: 10643 DIF值: 3.5 DIF方向: -1 | 0.06 2854 -1413  = 
= 空  2017/12/04 12:23:00 | 指數: 10645 DIF值: 3.3 DIF方向: -1 | 0.06 3010 -1445  = 
= 空  2017/12/04 12:24:00 | 指數: 10645 DIF值: 3.2 DIF方向: -1 | 0.06 2863 -1450  = 
= 空  2017/12/04 12:25:00 | 指數: 10643 DIF值: 3.1 DIF方向: -1 | 0.06 2677 -1447  = 
= 空  2017/12/04 12:26:00 | 指數: 10644 DIF值: 2.9 DIF方向: -1 | 0.06 2526 -1457  = 
= 空  2017/12/04 12:27:00 | 指數: 10646 DIF值: 2.8 DIF方向: -1 | 0.06 2966 -1507  = 
= 空  2017/12/04 12:28:00 | 指數: 10645 DIF值: 2.7 DIF方向: -1 | 0.06 2706 -1483  = 
= 空  2017/12/04 12:29:00 | 指數: 10645 DIF值: 2.6 DIF方向: -1 | 0.06 2579 -1488  = 
= 空  2017/12/04 12:30:00 | 指數: 10646 DIF值: 2.6 DIF方向: -1 | 0.06 2719 -1507  = 
= 空  2017/12/04 12:31:00 | 指數: 10643 DIF值: 2.4 DIF方向: -1 | 0.06 2456 -1498  = 
= 空  2017/12/04 12:32:00 | 指數: 10642 DIF值: 2.2 DIF方向: -1 | 0.06 2308 -1503  = 
= 空  2017/12/04 12:33:00 | 指數: 10639 DIF值: 1.9 DIF方向: -1 | 0.06 1985 -1446  = 
= 空  2017/12/04 12:34:00 | 指數: 10641 DIF值: 1.6 DIF方向: -1 | 0.06 2312 -1480  = 
= 空  2017/12/04 12:35:00 | 指數: 10639 DIF值: 1.4 DIF方向: -1 | 0.06 2201 -1475  = 
= 空  2017/12/04 12:36:00 | 指數: 10637 DIF值: 1.1 DIF方向: -1 | 0.06 2000 -1442  = 
= 空  2017/12/04 12:37:00 | 指數: 10640 DIF值: 0.9 DIF方向: -1 | 0.06 2197 -1436  = 
= 空  2017/12/04 12:38:00 | 指數: 10638 DIF值: 0.7 DIF方向: -1 | 0.06 2071 -1416  = 
= 空  2017/12/04 12:39:00 | 指數: 10638 DIF值: 0.5 DIF方向: -1 | 0.06 2031 -1412  = 
= 空  2017/12/04 12:40:00 | 指數: 10637 DIF值: 0.3 DIF方向: -1 | 0.06 2042 -1406  = 
= 空  2017/12/04 12:41:00 | 指數: 10635 DIF值: 0.1 DIF方向: -1 | 0.06 1972 -1362  = 
= 空  2017/12/04 12:42:00 | 指數: 10636 DIF值: -0.1 DIF方向: -1 | 0.06 2062 -1368  = 
= 空  2017/12/04 12:43:00 | 指數: 10637 DIF值: -0.3 DIF方向: -1 | 0.06 2096 -1380  = 
= 空  2017/12/04 12:44:00 | 指數: 10635 DIF值: -0.4 DIF方向: -1 | 0.06 1991 -1373  = 
= 空  2017/12/04 12:45:00 | 指數: 10639 DIF值: -0.5 DIF方向: -1 | 0.06 2393 -1387  = 
= 空  2017/12/04 12:46:00 | 指數: 10638 DIF值: -0.5 DIF方向: -1 | 0.06 2409 -1396  = 
= 空  2017/12/04 12:47:00 | 指數: 10639 DIF值: -0.4 DIF方向: 1 | 0.06 2451 -1391  = 
= 空  2017/12/04 12:48:00 | 指數: 10640 DIF值: -0.4 DIF方向: 1 | 0.06 2474 -1439  = 
= 空  2017/12/04 12:49:00 | 指數: 10641 DIF值: -0.3 DIF方向: 1 | 0.06 2597 -1448  = 
= 空  2017/12/04 12:50:00 | 指數: 10642 DIF值: -0.2 DIF方向: 1 | 0.06 2727 -1447  = 
= 空  2017/12/04 12:51:00 | 指數: 10642 DIF值: 0.0 DIF方向: 1 | 0.06 2662 -1435  = 
= 空  2017/12/04 12:52:00 | 指數: 10642 DIF值: 0.1 DIF方向: 1 | 0.06 2773 -1455  = 
= 空  2017/12/04 12:53:00 | 指數: 10641 DIF值: 0.1 DIF方向: 1 | 0.06 2605 -1450  = 
= 空  2017/12/04 12:54:00 | 指數: 10641 DIF值: 0.2 DIF方向: 1 | 0.06 2573 -1443  = 
= 空  2017/12/04 12:55:00 | 指數: 10638 DIF值: 0.1 DIF方向: -1 | 0.06 2190 -1415  = 
= 空  2017/12/04 12:56:00 | 指數: 10638 DIF值: 0.0 DIF方向: -1 | 0.06 2184 -1408  = 
= 空  2017/12/04 12:57:00 | 指數: 10638 DIF值: -0.1 DIF方向: -1 | 0.06 2238 -1409  = 
= 空  2017/12/04 12:58:00 | 指數: 10639 DIF值: -0.1 DIF方向: -1 | 0.06 2295 -1409  = 
= 空  2017/12/04 12:59:00 | 指數: 10641 DIF值: -0.1 DIF方向: 1 | 0.06 2594 -1439  = 
= 空  2017/12/04 13:00:00 | 指數: 10642 DIF值: 0.0 DIF方向: 1 | 0.06 2688 -1472  = 
= 空  2017/12/04 13:01:00 | 指數: 10640 DIF值: 0.1 DIF方向: 1 | 0.06 2406 -1445  = 
= 空  2017/12/04 13:02:00 | 指數: 10637 DIF值: -0.1 DIF方向: -1 | 0.06 2308 -1383  = 
= 空  2017/12/04 13:03:00 | 指數: 10637 DIF值: -0.2 DIF方向: -1 | 0.06 2451 -1386  = 
= 空  2017/12/04 13:04:00 | 指數: 10636 DIF值: -0.3 DIF方向: -1 | 0.05 2053 -1363  = 
= 空  2017/12/04 13:05:00 | 指數: 10640 DIF值: -0.3 DIF方向: -1 | 0.06 2693 -1390  = 
= 空  2017/12/04 13:06:00 | 指數: 10640 DIF值: -0.2 DIF方向: 1 | 0.06 2550 -1387  = 
= 空  2017/12/04 13:07:00 | 指數: 10638 DIF值: -0.2 DIF方向: 1 | 0.06 2245 -1383  = 
= 空  2017/12/04 13:08:00 | 指數: 10638 DIF值: -0.3 DIF方向: -1 | 0.06 2242 -1382  = 
= 空  2017/12/04 13:09:00 | 指數: 10638 DIF值: -0.3 DIF方向: -1 | 0.06 2299 -1357  = 
= 空  2017/12/04 13:10:00 | 指數: 10640 DIF值: -0.2 DIF方向: 1 | 0.06 2475 -1398  = 
= 空  2017/12/04 13:11:00 | 指數: 10642 DIF值: -0.1 DIF方向: 1 | 0.06 2849 -1416  = 
= 空  2017/12/04 13:12:00 | 指數: 10641 DIF值: 0.0 DIF方向: 1 | 0.06 2700 -1400  = 
= 空  2017/12/04 13:13:00 | 指數: 10642 DIF值: 0.1 DIF方向: 1 | 0.06 2943 -1426  = 
= 空  2017/12/04 13:14:00 | 指數: 10643 DIF值: 0.2 DIF方向: 1 | 0.06 2945 -1445  = 
= 空  2017/12/04 13:15:00 | 指數: 10639 DIF值: 0.2 DIF方向: 1 | 0.06 2345 -1404  = 
= 空  2017/12/04 13:16:00 | 指數: 10640 DIF值: 0.2 DIF方向: -1 | 0.06 2308 -1411  = 
= 空  2017/12/04 13:17:00 | 指數: 10640 DIF值: 0.2 DIF方向: -1 | 0.06 2332 -1415  = 
= 空  2017/12/04 13:18:00 | 指數: 10639 DIF值: 0.1 DIF方向: -1 | 0.06 2285 -1381  = 
= 空  2017/12/04 13:19:00 | 指數: 10639 DIF值: 0.1 DIF方向: -1 | 0.06 2339 -1386  = 
= 空  2017/12/04 13:20:00 | 指數: 10640 DIF值: 0.1 DIF方向: -1 | 0.06 2482 -1381  = 
= 空  2017/12/04 13:21:00 | 指數: 10636 DIF值: -0.1 DIF方向: -1 | 0.05 2122 -1320  = 
= 空  2017/12/04 13:22:00 | 指數: 10636 DIF值: -0.2 DIF方向: -1 | 0.06 2308 -1293  = 
= 空  2017/12/04 13:23:00 | 指數: 10636 DIF值: -0.3 DIF方向: -1 | 0.05 2090 -1251  = 
= 空  2017/12/04 13:24:00 | 指數: 10639 DIF值: -0.3 DIF方向: -1 | 0.07 2612 -1278  = 
= 空  2017/12/04 13:25:00 | 指數: 10641 DIF值: -0.3 DIF方向: 1 | 0.07 2797 -1321  = 
= 空  2017/12/04 12:14:00 | 指數: 10645 DIF值: 0.0 DIF方向: 0 | 0.05 2572 -1441  = 
= 空  2017/12/04 12:15:00 | 指數: 10649 DIF值: 0.1 DIF方向: 1 | 0.05 2572 -1441  = 
= 空  2017/12/04 12:16:00 | 指數: 10651 DIF值: 0.3 DIF方向: 1 | 0.05 2572 -1441  = 
= 空  2017/12/04 12:17:00 | 指數: 10650 DIF值: 0.5 DIF方向: 1 | 0.05 2572 -1441  = 
= 空  2017/12/04 12:18:00 | 指數: 10646 DIF值: 0.5 DIF方向: 1 | 0.05 2572 -1441  = 
= 空  2017/12/04 12:19:00 | 指數: 10647 DIF值: 0.5 DIF方向: 1 | 0.05 2572 -1441  = 
= 空  2017/12/04 12:20:00 | 指數: 10642 DIF值: 0.3 DIF方向: -1 | 0.05 2572 -1441  = 
= 空  2017/12/04 12:21:00 | 指數: 10641 DIF值: 0.1 DIF方向: -1 | 0.05 2572 -1441  = 
= 空  2017/12/04 12:22:00 | 指數: 10643 DIF值: -0.1 DIF方向: -1 | 0.05 2572 -1441  = 
= 空  2017/12/04 12:23:00 | 指數: 10645 DIF值: -0.1 DIF方向: -1 | 0.05 2572 -1441  = 
= 空  2017/12/04 12:24:00 | 指數: 10645 DIF值: -0.1 DIF方向: -1 | 0.05 2572 -1441  = 
= 空  2017/12/04 12:25:00 | 指數: 10643 DIF值: -0.2 DIF方向: -1 | 0.05 2572 -1441  = 
= 空  2017/12/04 12:26:00 | 指數: 10644 DIF值: -0.2 DIF方向: -1 | 0.05 2572 -1441  = 
= 空  2017/12/04 12:27:00 | 指數: 10646 DIF值: -0.2 DIF方向: 1 | 0.05 2572 -1441  = 
= 空  2017/12/04 12:28:00 | 指數: 10645 DIF值: -0.2 DIF方向: 1 | 0.05 2572 -1441  = 
= 空  2017/12/04 12:29:00 | 指數: 10645 DIF值: -0.2 DIF方向: -1 | 0.05 2572 -1441  = 
= 空  2017/12/04 12:30:00 | 指數: 10646 DIF值: -0.1 DIF方向: 1 | 0.05 2572 -1441  = 
= 空  2017/12/04 12:31:00 | 指數: 10643 DIF值: -0.2 DIF方向: 1 | 0.05 2572 -1441  = 
= 空  2017/12/04 12:32:00 | 指數: 10642 DIF值: -0.3 DIF方向: -1 | 0.05 2572 -1441  = 
= 空  2017/12/04 12:33:00 | 指數: 10639 DIF值: -0.5 DIF方向: -1 | 0.05 2572 -1441  = 
= 空  2017/12/04 12:34:00 | 指數: 10641 DIF值: -0.6 DIF方向: -1 | 0.05 2572 -1441  = 
= 空  2017/12/04 12:35:00 | 指數: 10639 DIF值: -0.8 DIF方向: -1 | 0.05 2572 -1441  = 
= 空  2017/12/04 12:36:00 | 指數: 10637 DIF值: -1.0 DIF方向: -1 | 0.05 2572 -1441  = 
= 空  2017/12/04 12:37:00 | 指數: 10640 DIF值: -1.0 DIF方向: -1 | 0.05 2572 -1441  = 
= 空  2017/12/04 12:38:00 | 指數: 10638 DIF值: -1.2 DIF方向: -1 | 0.05 2572 -1441  = 
= 空  2017/12/04 12:39:00 | 指數: 10638 DIF值: -1.3 DIF方向: -1 | 0.05 2572 -1441  = 
= 空  2017/12/04 12:40:00 | 指數: 10637 DIF值: -1.4 DIF方向: -1 | 0.05 2572 -1441  = 
= 空  2017/12/04 12:41:00 | 指數: 10635 DIF值: -1.5 DIF方向: -1 | 0.05 2572 -1441  = 
= 空  2017/12/04 12:42:00 | 指數: 10636 DIF值: -1.6 DIF方向: -1 | 0.05 2572 -1441  = 
= 空  2017/12/04 12:43:00 | 指數: 10637 DIF值: -1.7 DIF方向: -1 | 0.05 2572 -1441  = 
= 空  2017/12/04 12:44:00 | 指數: 10635 DIF值: -1.8 DIF方向: -1 | 0.05 2572 -1441  = 
= 空  2017/12/04 12:45:00 | 指數: 10639 DIF值: -1.7 DIF方向: -1 | 0.05 2572 -1441  = 
= 空  2017/12/04 12:46:00 | 指數: 10638 DIF值: -1.7 DIF方向: 1 | 0.05 2572 -1441  = 
= 空  2017/12/04 12:47:00 | 指數: 10639 DIF值: -1.6 DIF方向: 1 | 0.05 2572 -1441  = 
= 空  2017/12/04 12:48:00 | 指數: 10640 DIF值: -1.5 DIF方向: 1 | 0.05 2572 -1441  = 
= 空  2017/12/04 12:49:00 | 指數: 10641 DIF值: -1.3 DIF方向: 1 | 0.05 2572 -1441  = 
= 空  2017/12/04 12:50:00 | 指數: 10642 DIF值: -1.1 DIF方向: 1 | 0.05 2572 -1441  = 
= 空  2017/12/04 12:51:00 | 指數: 10642 DIF值: -1.0 DIF方向: 1 | 0.05 2572 -1441  = 
= 空  2017/12/04 12:52:00 | 指數: 10642 DIF值: -0.8 DIF方向: 1 | 0.05 2572 -1441  = 
= 空  2017/12/04 12:53:00 | 指數: 10641 DIF值: -0.7 DIF方向: 1 | 0.05 2572 -1441  = 
= 空  2017/12/04 12:54:00 | 指數: 10641 DIF值: -0.6 DIF方向: 1 | 0.05 2572 -1441  = 
= 空  2017/12/04 12:55:00 | 指數: 10638 DIF值: -0.6 DIF方向: 1 | 0.05 2572 -1441  = 
= 空  2017/12/04 12:56:00 | 指數: 10638 DIF值: -0.7 DIF方向: -1 | 0.05 2572 -1441  = 
= 空  2017/12/04 12:57:00 | 指數: 10638 DIF值: -0.8 DIF方向: -1 | 0.05 2572 -1441  = 
= 空  2017/12/04 12:58:00 | 指數: 10639 DIF值: -0.7 DIF方向: -1 | 0.05 2572 -1441  = 
= 空  2017/12/04 12:59:00 | 指數: 10641 DIF值: -0.7 DIF方向: 1 | 0.05 2572 -1441  = 
= 空  2017/12/04 13:00:00 | 指數: 10642 DIF值: -0.5 DIF方向: 1 | 0.05 2572 -1441  = 
= 空  2017/12/04 13:01:00 | 指數: 10640 DIF值: -0.4 DIF方向: 1 | 0.05 2572 -1441  = 
= 空  2017/12/04 13:02:00 | 指數: 10637 DIF值: -0.5 DIF方向: -1 | 0.05 2572 -1441  = 
= 空  2017/12/04 13:03:00 | 指數: 10637 DIF值: -0.6 DIF方向: -1 | 0.05 2572 -1441  = 
= 空  2017/12/04 13:04:00 | 指數: 10636 DIF值: -0.7 DIF方向: -1 | 0.05 2572 -1441  = 
= 空  2017/12/04 13:05:00 | 指數: 10640 DIF值: -0.7 DIF方向: -1 | 0.05 2572 -1441  = 
= 空  2017/12/04 13:06:00 | 指數: 10640 DIF值: -0.6 DIF方向: 1 | 0.05 2572 -1441  = 
= 空  2017/12/04 13:07:00 | 指數: 10638 DIF值: -0.6 DIF方向: 1 | 0.05 2572 -1441  = 
= 空  2017/12/04 13:08:00 | 指數: 10638 DIF值: -0.6 DIF方向: 1 | 0.05 2572 -1441  = 
= 空  2017/12/04 13:09:00 | 指數: 10638 DIF值: -0.6 DIF方向: -1 | 0.05 2572 -1441  = 
= 空  2017/12/04 13:10:00 | 指數: 10640 DIF值: -0.5 DIF方向: 1 | 0.05 2572 -1441  = 
= 空  2017/12/04 13:11:00 | 指數: 10642 DIF值: -0.4 DIF方向: 1 | 0.05 2572 -1441  = 
= 空  2017/12/04 13:12:00 | 指數: 10641 DIF值: -0.3 DIF方向: 1 | 0.05 2572 -1441  = 
= 空  2017/12/04 13:13:00 | 指數: 10642 DIF值: -0.2 DIF方向: 1 | 0.05 2572 -1441  = 
= 空  2017/12/04 13:14:00 | 指數: 10643 DIF值: 0.0 DIF方向: 1 | 0.05 2572 -1441  = 
= 空  2017/12/04 13:15:00 | 指數: 10639 DIF值: 0.0 DIF方向: 1 | 0.05 2572 -1441  = 
= 空  2017/12/04 13:16:00 | 指數: 10640 DIF值: 0.0 DIF方向: 1 | 0.05 2572 -1441  = 
= 空  2017/12/04 13:17:00 | 指數: 10640 DIF值: 0.0 DIF方向: 1 | 0.05 2572 -1441  = 
= 空  2017/12/04 13:18:00 | 指數: 10639 DIF值: -0.1 DIF方向: -1 | 0.05 2572 -1441  = 
= 空  2017/12/04 13:19:00 | 指數: 10639 DIF值: -0.1 DIF方向: -1 | 0.05 2572 -1441  = 
= 空  2017/12/04 13:20:00 | 指數: 10640 DIF值: -0.1 DIF方向: -1 | 0.05 2572 -1441  = 
= 空  2017/12/04 13:21:00 | 指數: 10636 DIF值: -0.2 DIF方向: -1 | 0.05 2572 -1441  = 
= 空  2017/12/04 13:22:00 | 指數: 10636 DIF值: -0.3 DIF方向: -1 | 0.05 2572 -1441  = 
= 空  2017/12/04 13:23:00 | 指數: 10636 DIF值: -0.5 DIF方向: -1 | 0.05 2572 -1441  = 
= 空  2017/12/04 13:24:00 | 指數: 10639 DIF值: -0.5 DIF方向: -1 | 0.05 2572 -1441  = 
= 空  2017/12/04 13:25:00 | 指數: 10641 DIF值: -0.4 DIF方向: 1 | 0.05 2572 -1441  = 
= 空  2017/12/04 13:26:00 | 指數: 10641 DIF值: -0.3 DIF方向: 1 | 0.05 2572 -1441  = 
= 空  2017/12/04 13:27:00 | 指數: 10641 DIF值: -0.2 DIF方向: 1 | 0.05 2572 -1441  = 
= 空  2017/12/04 13:28:00 | 指數: 10640 DIF值: -0.1 DIF方向: 1 | 0.05 2572 -1441  = 
= 空  2017/12/04 13:29:00 | 指數: 10643 DIF值: 0.0 DIF方向: 1 | 0.05 2572 -1441  = 
= 空  2017/12/04 13:30:00 | 指數: 10645 DIF值: 0.2 DIF方向: 1 | 0.05 2572 -1441  = 
= 空  2017/12/04 13:31:00 | 指數: 10644 DIF值: 0.4 DIF方向: 1 | 0.05 2572 -1441  = 
= 空  2017/12/04 13:32:00 | 指數: 10645 DIF值: 0.6 DIF方向: 1 | 0.05 2572 -1441  = 
= 空  2017/12/04 13:33:00 | 指數: 10646 DIF值: 0.7 DIF方向: 1 | 0.05 2572 -1441  = 
= 空  2017/12/04 13:34:00 | 指數: 10647 DIF值: 0.9 DIF方向: 1 | 0.05 2572 -1441  = 
= 空  2017/12/04 13:35:00 | 指數: 10648 DIF值: 1.1 DIF方向: 1 | 0.05 2572 -1441  = 
= 空  2017/12/04 13:36:00 | 指數: 10647 DIF值: 1.2 DIF方向: 1 | 0.05 2572 -1441  = 
= 空  2017/12/04 13:37:00 | 指數: 10648 DIF值: 1.4 DIF方向: 1 | 0.05 2572 -1441  = 
= 空  2017/12/04 13:38:00 | 指數: 10648 DIF值: 1.4 DIF方向: 1 | 0.05 2572 -1441  = 
= 空  2017/12/04 13:39:00 | 指數: 10647 DIF值: 1.5 DIF方向: 1 | 0.05 2572 -1441  = 
= 空  2017/12/04 13:40:00 | 指數: 10648 DIF值: 1.5 DIF方向: 1 | 0.05 2572 -1441  = 
= 空  2017/12/04 13:41:00 | 指數: 10649 DIF值: 1.6 DIF方向: 1 | 0.05 2572 -1441  = 
= 空  2017/12/04 13:42:00 | 指數: 10649 DIF值: 1.7 DIF方向: 1 | 0.05 2572 -1441  = 
= 空  2017/12/04 13:43:00 | 指數: 10650 DIF值: 1.8 DIF方向: 1 | 0.05 2572 -1441  = 
= 空  2017/12/04 13:44:00 | 指數: 10650 DIF值: 1.9 DIF方向: 1 | 0.05 2572 -1441  = 
