= 空-平倉當天  2017/11/29   12:14:00   10722  = 
空-平倉當天-策略1:  FALSE TRUE TRUE FALSE 
= 空-平倉當天  2017/11/29   12:15:00   10718  = 
空-平倉當天-策略1:  FALSE FALSE TRUE FALSE 
= 空-平倉當天  2017/11/29   12:16:00   10719  = 
空-平倉當天-策略1:  FALSE TRUE TRUE FALSE 
= 空-平倉當天  2017/11/29   12:17:00   10719  = 
空-平倉當天-策略1:  FALSE TRUE TRUE FALSE 
= 空-平倉當天  2017/11/29   12:18:00   10717  = 
空-平倉當天-策略1:  FALSE FALSE TRUE FALSE 
= 空-平倉當天  2017/11/29   12:19:00   10718  = 
空-平倉當天-策略1:  FALSE FALSE TRUE FALSE 
= 空-平倉當天  2017/11/29   12:20:00   10719  = 
空-平倉當天-策略1:  FALSE TRUE TRUE FALSE 
= 空-平倉當天  2017/11/29   12:21:00   10717  = 
空-平倉當天-策略1:  FALSE FALSE TRUE FALSE 
= 空-平倉當天  2017/11/29   12:22:00   10717  = 
空-平倉當天-策略1:  FALSE FALSE TRUE FALSE 
= 空-平倉當天  2017/11/29   12:23:00   10720  = 
空-平倉當天-策略1:  FALSE TRUE TRUE FALSE 
= 空-平倉當天  2017/11/29   12:24:00   10717  = 
空-平倉當天-策略1:  FALSE FALSE TRUE FALSE 
= 空-平倉當天  2017/11/29   12:25:00   10720  = 
空-平倉當天-策略1:  FALSE TRUE TRUE TRUE 
= 空-平倉當天  2017/11/29   12:26:00   10721  = 
空-平倉當天-策略1:  FALSE TRUE TRUE TRUE 
= 空-平倉當天  2017/11/29   12:27:00   10720  = 
空-平倉當天-策略1:  FALSE TRUE TRUE TRUE 
= 空-平倉當天  2017/11/29   12:28:00   10720  = 
空-平倉當天-策略1:  FALSE TRUE TRUE TRUE 
= 空-平倉當天  2017/11/29   12:29:00   10719  = 
空-平倉當天-策略1:  FALSE FALSE TRUE TRUE 
= 空-平倉當天  2017/11/29   12:30:00   10720  = 
空-平倉當天-策略1:  TRUE TRUE TRUE TRUE 
= 空-平倉當天  2017/11/29   12:31:00   10719  = 
空-平倉當天-策略1:  TRUE FALSE TRUE TRUE 
= 空-平倉當天  2017/11/29   12:32:00   10719  = 
空-平倉當天-策略1:  TRUE FALSE TRUE FALSE 
= 空-平倉當天  2017/11/29   12:33:00   10718  = 
空-平倉當天-策略1:  TRUE FALSE TRUE FALSE 
= 空-平倉當天  2017/11/29   12:34:00   10717  = 
空-平倉當天-策略1:  TRUE FALSE TRUE FALSE 
= 空-平倉當天  2017/11/29   12:35:00   10717  = 
空-平倉當天-策略1:  TRUE FALSE TRUE FALSE 
= 空-平倉當天  2017/11/29   12:36:00   10717  = 
空-平倉當天-策略1:  TRUE FALSE TRUE FALSE 
= 空-平倉當天  2017/11/29   12:37:00   10717  = 
空-平倉當天-策略1:  TRUE FALSE TRUE FALSE 
= 空-平倉當天  2017/11/29   12:38:00   10719  = 
空-平倉當天-策略1:  TRUE FALSE TRUE TRUE 
= 空-平倉當天  2017/11/29   12:39:00   10719  = 
空-平倉當天-策略1:  TRUE FALSE TRUE TRUE 
= 空-平倉當天  2017/11/29   12:40:00   10718  = 
空-平倉當天-策略1:  TRUE FALSE TRUE TRUE 
= 空-平倉當天  2017/11/29   12:41:00   10719  = 
空-平倉當天-策略1:  TRUE FALSE TRUE TRUE 
= 空-平倉當天  2017/11/29   12:42:00   10719  = 
空-平倉當天-策略1:  FALSE FALSE TRUE TRUE 
= 空-平倉當天  2017/11/29   12:43:00   10721  = 
空-平倉當天-策略1:  FALSE TRUE TRUE TRUE 
= 空-平倉當天  2017/11/29   12:44:00   10722  = 
空-平倉當天-策略1:  FALSE TRUE TRUE TRUE 
= 空-平倉當天  2017/11/29   12:45:00   10722  = 
空-平倉當天-策略2:  FALSE 
空-平倉當天-策略1:  FALSE TRUE TRUE TRUE 
= 空-平倉當天  2017/11/29   12:46:00   10721  = 
空-平倉當天-策略2:  FALSE 
空-平倉當天-策略1:  FALSE TRUE TRUE TRUE 
= 空-平倉當天  2017/11/29   12:47:00   10721  = 
空-平倉當天-策略2:  FALSE 
空-平倉當天-策略1:  FALSE TRUE TRUE TRUE 
= 空-平倉當天  2017/11/29   12:48:00   10721  = 
空-平倉當天-策略2:  FALSE 
空-平倉當天-策略1:  FALSE TRUE TRUE TRUE 
= 空-平倉當天  2017/11/29   12:49:00   10721  = 
空-平倉當天-策略2:  FALSE 
空-平倉當天-策略1:  FALSE TRUE TRUE TRUE 
= 空-平倉當天  2017/11/29   12:50:00   10719  = 
空-平倉當天-策略2:  FALSE 
空-平倉當天-策略1:  FALSE FALSE TRUE TRUE 
= 空-平倉當天  2017/11/29   12:51:00   10719  = 
空-平倉當天-策略2:  FALSE 
空-平倉當天-策略1:  FALSE FALSE TRUE FALSE 
= 空-平倉當天  2017/11/29   12:52:00   10718  = 
空-平倉當天-策略2:  FALSE 
空-平倉當天-策略1:  FALSE FALSE TRUE FALSE 
= 空-平倉當天  2017/11/29   12:53:00   10720  = 
空-平倉當天-策略2:  FALSE 
空-平倉當天-策略1:  FALSE TRUE TRUE FALSE 
= 空-平倉當天  2017/11/29   12:54:00   10717  = 
空-平倉當天-策略2:  FALSE 
空-平倉當天-策略1:  FALSE FALSE TRUE FALSE 
= 空-平倉當天  2017/11/29   12:55:00   10713  = 
空-平倉當天-策略2:  FALSE 
空-平倉當天-策略1:  FALSE FALSE TRUE FALSE 
= 空-平倉當天  2017/11/29   12:56:00   10712  = 
空-平倉當天-策略2:  FALSE 
空-平倉當天-策略1:  FALSE FALSE TRUE FALSE 
= 空-平倉當天  2017/11/29   12:57:00   10715  = 
空-平倉當天-策略2:  FALSE 
空-平倉當天-策略1:  FALSE FALSE TRUE FALSE 
= 空-平倉當天  2017/11/29   12:58:00   10715  = 
空-平倉當天-策略2:  FALSE 
空-平倉當天-策略1:  FALSE FALSE TRUE FALSE 
= 空-平倉當天  2017/11/29   12:59:00   10715  = 
空-平倉當天-策略2:  FALSE 
空-平倉當天-策略1:  FALSE FALSE TRUE FALSE 
= 空-平倉當天  2017/11/29   13:00:00   10713  = 
空-平倉當天-策略2:  FALSE 
空-平倉當天-策略1:  FALSE FALSE TRUE FALSE 
= 空-平倉當天  2017/11/29   13:01:00   10714  = 
空-平倉當天-策略2:  FALSE 
空-平倉當天-策略1:  FALSE FALSE TRUE FALSE 
= 空-平倉當天  2017/11/29   13:02:00   10720  = 
空-平倉當天-策略2:  FALSE 
空-平倉當天-策略1:  FALSE TRUE TRUE TRUE 
= 空-平倉當天  2017/11/29   13:03:00   10720  = 
空-平倉當天-策略2:  FALSE 
空-平倉當天-策略1:  FALSE TRUE TRUE TRUE 
= 空-平倉當天  2017/11/29   13:04:00   10721  = 
空-平倉當天-策略2:  FALSE 
空-平倉當天-策略1:  FALSE TRUE TRUE TRUE 
= 空-平倉當天  2017/11/29   13:05:00   10719  = 
空-平倉當天-策略2:  FALSE 
空-平倉當天-策略1:  FALSE FALSE TRUE TRUE 
= 空-平倉當天  2017/11/29   13:06:00   10716  = 
空-平倉當天-策略2:  FALSE 
空-平倉當天-策略1:  FALSE FALSE TRUE TRUE 
= 空-平倉當天  2017/11/29   13:07:00   10717  = 
空-平倉當天-策略2:  FALSE 
空-平倉當天-策略1:  FALSE FALSE TRUE FALSE 
= 空-平倉當天  2017/11/29   13:08:00   10716  = 
空-平倉當天-策略2:  FALSE 
空-平倉當天-策略1:  FALSE FALSE TRUE FALSE 
= 空-平倉當天  2017/11/29   13:09:00   10715  = 
空-平倉當天-策略2:  FALSE 
空-平倉當天-策略1:  FALSE FALSE TRUE FALSE 
= 空-平倉當天  2017/11/29   13:10:00   10713  = 
空-平倉當天-策略2:  FALSE 
空-平倉當天-策略1:  FALSE FALSE TRUE FALSE 
= 空-平倉當天  2017/11/29   13:11:00   10716  = 
空-平倉當天-策略2:  FALSE 
空-平倉當天-策略1:  FALSE FALSE TRUE FALSE 
= 空-平倉當天  2017/11/29   13:12:00   10716  = 
空-平倉當天-策略2:  FALSE 
空-平倉當天-策略1:  FALSE FALSE TRUE TRUE 
= 空-平倉當天  2017/11/29   13:13:00   10718  = 
空-平倉當天-策略2:  FALSE 
空-平倉當天-策略1:  FALSE FALSE TRUE TRUE 
= 空-平倉當天  2017/11/29   13:14:00   10719  = 
空-平倉當天-策略2:  FALSE 
空-平倉當天-策略1:  FALSE TRUE TRUE TRUE 
= 空-平倉當天  2017/11/29   13:15:00   10720  = 
空-平倉當天-策略2:  FALSE 
空-平倉當天-策略1:  FALSE TRUE TRUE TRUE 
= 空-平倉當天  2017/11/29   13:16:00   10721  = 
空-平倉當天-策略2:  FALSE 
空-平倉當天-策略1:  FALSE TRUE TRUE TRUE 
= 空-平倉當天  2017/11/29   13:17:00   10722  = 
空-平倉當天-策略2:  FALSE 
空-平倉當天-策略1:  FALSE TRUE TRUE TRUE 
= 空-平倉當天  2017/11/29   13:18:00   10722  = 
空-平倉當天-策略2:  FALSE 
空-平倉當天-策略1:  FALSE TRUE TRUE TRUE 
= 空-平倉當天  2017/11/29   13:19:00   10722  = 
空-平倉當天-策略2:  FALSE 
空-平倉當天-策略1:  FALSE TRUE TRUE TRUE 
= 空-平倉當天  2017/11/29   13:20:00   10723  = 
空-平倉當天-策略2:  FALSE 
空-平倉當天-策略1:  FALSE TRUE TRUE TRUE 
= 空-平倉當天  2017/11/29   13:21:00   10722  = 
空-平倉當天-策略2:  FALSE 
空-平倉當天-策略1:  FALSE TRUE TRUE TRUE 
= 空-平倉當天  2017/11/29   13:22:00   10721  = 
空-平倉當天-策略2:  FALSE 
空-平倉當天-策略1:  FALSE TRUE TRUE TRUE 
= 空-平倉當天  2017/11/29   13:23:00   10722  = 
空-平倉當天-策略2:  FALSE 
空-平倉當天-策略1:  FALSE TRUE TRUE TRUE 
= 空-平倉當天  2017/11/29   13:24:00   10724  = 
空-平倉當天-策略2:  FALSE 
空-平倉當天-策略1:  FALSE TRUE TRUE TRUE 
= 空-平倉當天  2017/11/29   13:25:00   10722  = 
空-平倉當天-策略2:  FALSE 
空-平倉當天-策略1:  FALSE TRUE TRUE TRUE 
= 空-平倉當天  2017/11/29   13:26:00   10724  = 
空-平倉當天-策略2:  FALSE 
空-平倉當天-策略1:  FALSE TRUE TRUE TRUE 
= 空-平倉當天  2017/11/29   13:27:00   10724  = 
空-平倉當天-策略2:  FALSE 
空-平倉當天-策略1:  FALSE TRUE TRUE TRUE 
= 空-平倉當天  2017/11/29   13:28:00   10724  = 
空-平倉當天-策略2:  FALSE 
空-平倉當天-策略1:  TRUE TRUE TRUE TRUE 
= 空-平倉當天  2017/11/29   13:29:00   10725  = 
空-平倉當天-策略2:  FALSE 
空-平倉當天-策略1:  TRUE TRUE TRUE TRUE 
= 空-平倉當天  2017/11/29   13:30:00   10722  = 
空-平倉當天-策略2:  FALSE 
空-平倉當天-策略1:  TRUE TRUE TRUE TRUE 
= 空-平倉當天  2017/11/29   13:31:00   10722  = 
空-平倉當天-策略3:  FALSE 
空-平倉當天-策略2:  FALSE 
空-平倉當天-策略1:  TRUE TRUE TRUE FALSE 
= 空-平倉當天  2017/11/29   13:32:00   10723  = 
空-平倉當天-策略3:  FALSE 
空-平倉當天-策略2:  FALSE 
空-平倉當天-策略1:  TRUE TRUE TRUE FALSE 
= 空-平倉當天  2017/11/29   13:33:00   10723  = 
空-平倉當天-策略3:  FALSE 
空-平倉當天-策略2:  FALSE 
空-平倉當天-策略1:  TRUE TRUE TRUE FALSE 
= 空-平倉當天  2017/11/29   13:34:00   10722  = 
空-平倉當天-策略3:  TRUE 
空-平倉當天-策略2:  FALSE 
空-平倉當天-策略1:  TRUE TRUE TRUE FALSE 
= 空-平倉當天  2017/11/29   13:35:00   10723  = 
空-平倉當天-策略3:  TRUE 
空-平倉當天-策略2:  FALSE 
空-平倉當天-策略1:  TRUE TRUE TRUE FALSE 
= 空-平倉當天  2017/11/29   13:36:00   10723  = 
空-平倉當天-策略3:  TRUE 
空-平倉當天-策略2:  FALSE 
空-平倉當天-策略1:  TRUE TRUE TRUE FALSE 
= 空-平倉當天  2017/11/29   13:37:00   10723  = 
空-平倉當天-策略3:  TRUE 
空-平倉當天-策略2:  FALSE 
空-平倉當天-策略1:  TRUE TRUE TRUE FALSE 
= 空-平倉當天  2017/11/29   13:38:00   10724  = 
空-平倉當天-策略3:  TRUE 
空-平倉當天-策略2:  FALSE 
空-平倉當天-策略1:  TRUE TRUE TRUE FALSE 
= 空-平倉當天  2017/11/29   13:39:00   10724  = 
空-平倉當天-策略3:  TRUE 
空-平倉當天-策略2:  FALSE 
空-平倉當天-策略1:  TRUE TRUE TRUE TRUE 
= 空-平倉當天  2017/11/29   13:40:00   10725  = 
空-平倉當天-策略3:  TRUE 
空-平倉當天-策略2:  FALSE 
空-平倉當天-策略1:  TRUE TRUE TRUE TRUE 
= 空-平倉當天  2017/11/29   13:41:00   10728  = 
空-平倉當天-策略3:  TRUE 
空-平倉當天-策略2:  FALSE 
空-平倉當天-策略1:  TRUE TRUE TRUE TRUE 
= 空-平倉當天  2017/11/29   13:42:00   10729  = 
空-平倉當天-策略3:  TRUE 
空-平倉當天-策略2:  FALSE 
空-平倉當天-策略1:  TRUE TRUE TRUE TRUE 
= 空-平倉當天  2017/11/29   13:43:00   10729  = 
空-平倉當天-策略3:  TRUE 
空-平倉當天-策略2:  FALSE 
空-平倉當天-策略1:  TRUE TRUE TRUE TRUE 
= 空-平倉當天  2017/11/29   13:44:00   10729  = 
空-平倉當天-策略1:  TRUE TRUE TRUE TRUE 
= 空-平倉當天  2017/11/30   08:45:00   10649  = 
= 空-平倉當天  2017/11/30   08:46:00   10648  = 
= 空-平倉當天  2017/11/30   08:47:00   10654  = 
= 空-平倉當天  2017/11/30   08:48:00   10657  = 
= 空-平倉當天  2017/11/30   08:49:00   10657  = 
= 空-平倉當天  2017/11/30   08:50:00   10651  = 
= 空-平倉當天  2017/11/30   08:51:00   10651  = 
= 空-平倉當天  2017/11/30   08:52:00   10654  = 
= 空-平倉當天  2017/11/30   08:53:00   10654  = 
= 空-平倉當天  2017/11/30   08:54:00   10652  = 
= 空-平倉當天  2017/11/30   08:55:00   10651  = 
= 空-平倉當天  2017/11/30   08:56:00   10651  = 
= 空-平倉當天  2017/11/30   08:57:00   10648  = 
= 空-平倉當天  2017/11/30   08:58:00   10642  = 
= 空-平倉當天  2017/11/30   08:59:00   10644  = 
= 空-平倉當天  2017/11/30   09:00:00   10632  = 
= 空-平倉當天  2017/11/30   09:01:00   10630  = 
= 空-平倉當天  2017/11/30   09:02:00   10627  = 
= 空-平倉當天  2017/11/30   09:03:00   10634  = 
= 空-平倉當天  2017/11/30   09:04:00   10632  = 
= 空-平倉當天  2017/11/30   09:05:00   10633  = 
= 空-平倉當天  2017/11/30   09:06:00   10636  = 
= 空-平倉當天  2017/11/30   09:07:00   10634  = 
= 空-平倉當天  2017/11/30   09:08:00   10642  = 
= 空-平倉當天  2017/11/30   09:09:00   10641  = 
= 空-平倉當天  2017/11/30   09:10:00   10642  = 
= 空-平倉當天  2017/11/30   09:11:00   10637  = 
= 空-平倉當天  2017/11/30   09:12:00   10635  = 
= 空-平倉當天  2017/11/30   09:13:00   10636  = 
= 空-平倉當天  2017/11/30   09:14:00   10634  = 
= 空-平倉當天  2017/11/30   09:15:00   10634  = 
= 空-平倉當天  2017/11/30   09:16:00   10634  = 
= 空-平倉當天  2017/11/30   09:17:00   10637  = 
= 空-平倉當天  2017/11/30   09:18:00   10638  = 
= 空-平倉當天  2017/11/30   09:19:00   10638  = 
= 空-平倉當天  2017/11/30   09:20:00   10639  = 
= 空-平倉當天  2017/11/30   09:21:00   10639  = 
= 空-平倉當天  2017/11/30   09:22:00   10633  = 
= 空-平倉當天  2017/11/30   09:23:00   10636  = 
= 空-平倉當天  2017/11/30   09:24:00   10637  = 
= 空-平倉當天  2017/11/30   09:25:00   10641  = 
= 空-平倉當天  2017/11/30   09:26:00   10635  = 
= 空-平倉當天  2017/11/30   09:27:00   10639  = 
= 空-平倉當天  2017/11/30   09:28:00   10637  = 
= 空-平倉當天  2017/11/30   09:29:00   10632  = 
= 空-平倉當天  2017/11/30   09:30:00   10627  = 
空-平倉當天-策略4:  FALSE 
= 空-平倉當天  2017/11/30   09:31:00   10627  = 
空-平倉當天-策略4:  FALSE 
= 空-平倉當天  2017/11/30   09:32:00   10626  = 
空-平倉當天-策略4:  FALSE 
= 空-平倉當天  2017/11/30   09:33:00   10620  = 
空-平倉當天-策略4:  FALSE 
= 空-平倉當天  2017/11/30   09:34:00   10619  = 
空-平倉當天-策略4:  FALSE 
= 空-平倉當天  2017/11/30   09:35:00   10625  = 
空-平倉當天-策略4:  FALSE 
= 空-平倉當天  2017/11/30   09:36:00   10624  = 
空-平倉當天-策略4:  FALSE 
= 空-平倉當天  2017/11/30   09:37:00   10630  = 
空-平倉當天-策略4:  FALSE 
= 空-平倉當天  2017/11/30   09:38:00   10626  = 
空-平倉當天-策略4:  FALSE 
= 空-平倉當天  2017/11/30   09:39:00   10627  = 
空-平倉當天-策略4:  FALSE 
= 空-平倉當天  2017/11/30   09:40:00   10623  = 
空-平倉當天-策略4:  FALSE 
= 空-平倉當天  2017/11/30   09:41:00   10621  = 
空-平倉當天-策略4:  FALSE 
= 空-平倉當天  2017/11/30   09:42:00   10624  = 
空-平倉當天-策略4:  FALSE 
= 空-平倉當天  2017/11/30   09:43:00   10615  = 
空-平倉當天-策略4:  FALSE 
= 空-平倉當天  2017/11/30   09:44:00   10610  = 
空-平倉當天-策略4:  FALSE 
= 空-平倉當天  2017/11/30   09:45:00   10606  = 
空-平倉當天-策略4:  FALSE 
= 空-平倉當天  2017/11/30   09:46:00   10602  = 
空-平倉當天-策略4:  FALSE 
= 空-平倉當天  2017/11/30   09:47:00   10607  = 
空-平倉當天-策略4:  FALSE 
= 空-平倉當天  2017/11/30   09:48:00   10608  = 
空-平倉當天-策略4:  FALSE 
= 空-平倉當天  2017/11/30   09:49:00   10606  = 
空-平倉當天-策略4:  FALSE 
= 空-平倉當天  2017/11/30   09:50:00   10607  = 
空-平倉當天-策略4:  FALSE 
= 空-平倉當天  2017/11/30   09:51:00   10608  = 
空-平倉當天-策略4:  FALSE 
= 空-平倉當天  2017/11/30   09:52:00   10611  = 
空-平倉當天-策略4:  FALSE 
= 空-平倉當天  2017/11/30   09:53:00   10611  = 
空-平倉當天-策略4:  FALSE 
= 空-平倉當天  2017/11/30   09:54:00   10609  = 
空-平倉當天-策略4:  FALSE 
= 空-平倉當天  2017/11/30   09:55:00   10615  = 
空-平倉當天-策略4:  FALSE 
= 空-平倉當天  2017/11/30   09:56:00   10613  = 
空-平倉當天-策略4:  FALSE 
= 空-平倉當天  2017/11/30   09:57:00   10615  = 
空-平倉當天-策略4:  FALSE 
= 空-平倉當天  2017/11/30   09:58:00   10619  = 
空-平倉當天-策略4:  FALSE 
= 空-平倉當天  2017/11/30   09:59:00   10619  = 
空-平倉當天-策略4:  FALSE 
= 空-平倉當天  2017/11/30   10:00:00   10618  = 
空-平倉當天-策略4:  FALSE 
= 空-平倉當天  2017/11/30   10:01:00   10620  = 
空-平倉當天-策略4:  FALSE 
= 空-平倉當天  2017/11/30   10:02:00   10624  = 
空-平倉當天-策略4:  FALSE 
= 空-平倉當天  2017/11/30   10:03:00   10619  = 
空-平倉當天-策略4:  FALSE 
= 空-平倉當天  2017/11/30   10:04:00   10622  = 
空-平倉當天-策略4:  FALSE 
= 空-平倉當天  2017/11/30   10:05:00   10617  = 
空-平倉當天-策略4:  FALSE 
= 空-平倉當天  2017/11/30   10:06:00   10618  = 
空-平倉當天-策略4:  FALSE 
= 空-平倉當天  2017/11/30   10:07:00   10614  = 
空-平倉當天-策略4:  FALSE 
= 空-平倉當天  2017/11/30   10:08:00   10613  = 
空-平倉當天-策略4:  FALSE 
= 空-平倉當天  2017/11/30   10:09:00   10618  = 
空-平倉當天-策略4:  FALSE 
= 空-平倉當天  2017/11/30   10:10:00   10618  = 
空-平倉當天-策略4:  FALSE 
= 空-平倉當天  2017/11/30   10:11:00   10620  = 
空-平倉當天-策略4:  FALSE 
= 空-平倉當天  2017/11/30   10:12:00   10622  = 
空-平倉當天-策略4:  FALSE 
= 空-平倉當天  2017/11/30   10:13:00   10625  = 
空-平倉當天-策略4:  FALSE 
= 空-平倉當天  2017/11/30   10:14:00   10626  = 
空-平倉當天-策略4:  FALSE 
= 空-平倉當天  2017/11/30   10:15:00   10625  = 
空-平倉當天-策略4:  FALSE 
= 空-平倉當天  2017/11/30   10:16:00   10626  = 
空-平倉當天-策略4:  FALSE 
= 空-平倉當天  2017/11/30   10:17:00   10624  = 
空-平倉當天-策略4:  FALSE 
= 空-平倉當天  2017/11/30   10:18:00   10625  = 
空-平倉當天-策略4:  FALSE 
= 空-平倉當天  2017/11/30   10:19:00   10621  = 
空-平倉當天-策略4:  FALSE 
= 空-平倉當天  2017/11/30   10:20:00   10622  = 
空-平倉當天-策略4:  FALSE 
= 空-平倉當天  2017/11/30   10:21:00   10624  = 
空-平倉當天-策略4:  FALSE 
= 空-平倉當天  2017/11/30   10:22:00   10621  = 
空-平倉當天-策略4:  FALSE 
= 空-平倉當天  2017/11/30   10:23:00   10617  = 
空-平倉當天-策略4:  FALSE 
= 空-平倉當天  2017/11/30   10:24:00   10615  = 
空-平倉當天-策略4:  FALSE 
= 空-平倉當天  2017/11/30   10:25:00   10621  = 
空-平倉當天-策略4:  FALSE 
= 空-平倉當天  2017/11/30   10:26:00   10615  = 
空-平倉當天-策略4:  FALSE 
= 空-平倉當天  2017/11/30   10:27:00   10622  = 
空-平倉當天-策略4:  FALSE 
= 空-平倉當天  2017/11/30   10:28:00   10622  = 
空-平倉當天-策略4:  FALSE 
= 空-平倉當天  2017/11/30   10:29:00   10622  = 
空-平倉當天-策略4:  FALSE 
= 空-平倉當天  2017/11/30   10:30:00   10623  = 
空-平倉當天-策略4:  FALSE 
= 空-平倉當天  2017/11/30   10:31:00   10624  = 
空-平倉當天-策略4:  FALSE 
= 空-平倉當天  2017/11/30   10:32:00   10624  = 
空-平倉當天-策略4:  FALSE 
= 空-平倉當天  2017/11/30   10:33:00   10626  = 
空-平倉當天-策略4:  FALSE 
= 空-平倉當天  2017/11/30   10:34:00   10639  = 
空-平倉當天-策略4:  FALSE 
= 空-平倉當天  2017/11/30   10:35:00   10638  = 
空-平倉當天-策略4:  FALSE 
= 空-平倉當天  2017/11/30   10:36:00   10638  = 
空-平倉當天-策略4:  FALSE 
= 空-平倉當天  2017/11/30   10:37:00   10637  = 
空-平倉當天-策略4:  FALSE 
= 空-平倉當天  2017/11/30   10:38:00   10636  = 
空-平倉當天-策略4:  FALSE 
= 空-平倉當天  2017/11/30   10:39:00   10637  = 
空-平倉當天-策略4:  FALSE 
= 空-平倉當天  2017/11/30   10:40:00   10635  = 
空-平倉當天-策略4:  FALSE 
= 空-平倉當天  2017/11/30   10:41:00   10634  = 
空-平倉當天-策略4:  FALSE 
= 空-平倉當天  2017/11/30   10:42:00   10632  = 
空-平倉當天-策略4:  FALSE 
= 空-平倉當天  2017/11/30   10:43:00   10633  = 
空-平倉當天-策略4:  FALSE 
= 空-平倉當天  2017/11/30   10:44:00   10635  = 
空-平倉當天-策略4:  FALSE 
= 空-平倉當天  2017/11/30   10:45:00   10632  = 
空-平倉當天-策略4:  FALSE 
= 空-平倉當天  2017/11/30   10:46:00   10629  = 
空-平倉當天-策略4:  FALSE 
= 空-平倉當天  2017/11/30   10:47:00   10629  = 
空-平倉當天-策略4:  FALSE 
= 空-平倉當天  2017/11/30   10:48:00   10629  = 
空-平倉當天-策略4:  FALSE 
= 空-平倉當天  2017/11/30   10:49:00   10627  = 
空-平倉當天-策略4:  FALSE 
= 空-平倉當天  2017/11/30   10:50:00   10626  = 
空-平倉當天-策略4:  FALSE 
空-平倉當天-策略1:  TRUE TRUE TRUE FALSE 
= 空-平倉當天  2017/11/30   10:51:00   10626  = 
空-平倉當天-策略4:  FALSE 
空-平倉當天-策略1:  TRUE TRUE TRUE FALSE 
= 空-平倉當天  2017/11/30   10:52:00   10626  = 
空-平倉當天-策略4:  FALSE 
空-平倉當天-策略1:  TRUE TRUE TRUE FALSE 
= 空-平倉當天  2017/11/30   10:53:00   10628  = 
空-平倉當天-策略4:  FALSE 
空-平倉當天-策略1:  TRUE TRUE TRUE FALSE 
= 空-平倉當天  2017/11/30   10:54:00   10630  = 
空-平倉當天-策略4:  FALSE 
空-平倉當天-策略1:  TRUE TRUE TRUE FALSE 
= 空-平倉當天  2017/11/30   10:55:00   10629  = 
空-平倉當天-策略4:  FALSE 
空-平倉當天-策略1:  TRUE TRUE TRUE FALSE 
= 空-平倉當天  2017/11/30   10:56:00   10628  = 
空-平倉當天-策略4:  FALSE 
空-平倉當天-策略1:  TRUE TRUE TRUE FALSE 
= 空-平倉當天  2017/11/30   10:57:00   10627  = 
空-平倉當天-策略4:  FALSE 
空-平倉當天-策略1:  TRUE TRUE TRUE FALSE 
= 空-平倉當天  2017/11/30   10:58:00   10628  = 
空-平倉當天-策略4:  FALSE 
空-平倉當天-策略1:  TRUE TRUE TRUE FALSE 
= 空-平倉當天  2017/11/30   10:59:00   10626  = 
空-平倉當天-策略4:  FALSE 
空-平倉當天-策略1:  TRUE TRUE TRUE FALSE 
= 空-平倉當天  2017/11/30   11:00:00   10625  = 
空-平倉當天-策略4:  FALSE 
空-平倉當天-策略1:  TRUE TRUE TRUE FALSE 
= 空-平倉當天  2017/11/30   11:01:00   10625  = 
空-平倉當天-策略4:  FALSE 
空-平倉當天-策略1:  TRUE TRUE TRUE FALSE 
= 空-平倉當天  2017/11/30   11:02:00   10626  = 
空-平倉當天-策略4:  FALSE 
空-平倉當天-策略1:  TRUE TRUE TRUE FALSE 
= 空-平倉當天  2017/11/30   11:03:00   10625  = 
空-平倉當天-策略4:  FALSE 
空-平倉當天-策略1:  TRUE TRUE TRUE FALSE 
= 空-平倉當天  2017/11/30   11:04:00   10620  = 
空-平倉當天-策略4:  FALSE 
空-平倉當天-策略1:  TRUE FALSE TRUE FALSE 
= 空-平倉當天  2017/11/30   11:05:00   10620  = 
空-平倉當天-策略1:  TRUE FALSE TRUE FALSE 
= 空-平倉當天  2017/11/30   11:06:00   10618  = 
空-平倉當天-策略1:  TRUE FALSE TRUE FALSE 
= 空-平倉當天  2017/11/30   11:07:00   10618  = 
空-平倉當天-策略1:  TRUE FALSE TRUE FALSE 
= 空-平倉當天  2017/11/30   11:08:00   10619  = 
空-平倉當天-策略1:  TRUE FALSE TRUE FALSE 
= 空-平倉當天  2017/11/30   11:09:00   10619  = 
空-平倉當天-策略1:  TRUE FALSE TRUE FALSE 
= 空-平倉當天  2017/11/30   11:10:00   10615  = 
空-平倉當天-策略1:  TRUE FALSE TRUE FALSE 
= 空-平倉當天  2017/11/30   11:11:00   10616  = 
空-平倉當天-策略1:  FALSE FALSE TRUE FALSE 
= 空-平倉當天  2017/11/30   11:12:00   10617  = 
空-平倉當天-策略1:  FALSE FALSE TRUE FALSE 
= 空-平倉當天  2017/11/30   11:13:00   10613  = 
空-平倉當天-策略1:  FALSE FALSE TRUE FALSE 
= 空-平倉當天  2017/11/30   11:14:00   10609  = 
空-平倉當天-策略1:  FALSE FALSE FALSE FALSE 
= 空-平倉當天  2017/11/30   11:15:00   10610  = 
空-平倉當天-策略1:  FALSE FALSE FALSE FALSE 
= 空-平倉當天  2017/11/30   11:16:00   10610  = 
空-平倉當天-策略1:  FALSE FALSE FALSE FALSE 
= 空-平倉當天  2017/11/30   11:17:00   10611  = 
空-平倉當天-策略1:  FALSE FALSE FALSE FALSE 
= 空-平倉當天  2017/11/30   11:18:00   10612  = 
空-平倉當天-策略1:  FALSE FALSE TRUE FALSE 
= 空-平倉當天  2017/11/30   11:19:00   10613  = 
空-平倉當天-策略1:  FALSE FALSE TRUE TRUE 
= 空-平倉當天  2017/11/30   11:20:00   10614  = 
空-平倉當天-策略1:  FALSE FALSE TRUE TRUE 
= 空-平倉當天  2017/11/30   11:21:00   10614  = 
空-平倉當天-策略1:  FALSE FALSE TRUE TRUE 
= 空-平倉當天  2017/11/30   11:22:00   10615  = 
空-平倉當天-策略1:  FALSE FALSE TRUE TRUE 
= 空-平倉當天  2017/11/30   11:23:00   10615  = 
空-平倉當天-策略1:  FALSE FALSE TRUE TRUE 
= 空-平倉當天  2017/11/30   11:24:00   10611  = 
空-平倉當天-策略1:  FALSE FALSE TRUE TRUE 
= 空-平倉當天  2017/11/30   11:25:00   10609  = 
空-平倉當天-策略1:  FALSE FALSE FALSE FALSE 
= 空-平倉當天  2017/11/30   11:26:00   10610  = 
空-平倉當天-策略1:  FALSE FALSE FALSE FALSE 
= 空-平倉當天  2017/11/30   11:27:00   10610  = 
空-平倉當天-策略1:  FALSE FALSE FALSE FALSE 
= 空-平倉當天  2017/11/30   11:28:00   10607  = 
空-平倉當天-策略1:  FALSE FALSE FALSE FALSE 
= 空-平倉當天  2017/11/30   11:29:00   10606  = 
空-平倉當天-策略1:  FALSE FALSE FALSE FALSE 
= 空-平倉當天  2017/11/30   11:30:00   10607  = 
空-平倉當天-策略1:  FALSE FALSE FALSE FALSE 
= 空-平倉當天  2017/11/30   11:31:00   10606  = 
空-平倉當天-策略1:  FALSE FALSE FALSE FALSE 
= 空-平倉當天  2017/11/30   11:32:00   10601  = 
空-平倉當天-策略1:  FALSE FALSE FALSE FALSE 
= 空-平倉當天  2017/11/30   11:33:00   10607  = 
空-平倉當天-策略1:  FALSE FALSE FALSE FALSE 
= 空-平倉當天  2017/11/30   11:34:00   10609  = 
空-平倉當天-策略1:  FALSE FALSE FALSE TRUE 
= 空-平倉當天  2017/11/30   11:35:00   10608  = 
空-平倉當天-策略1:  FALSE FALSE FALSE TRUE 
= 空-平倉當天  2017/11/30   11:36:00   10610  = 
空-平倉當天-策略1:  FALSE FALSE FALSE TRUE 
= 空-平倉當天  2017/11/30   11:37:00   10610  = 
空-平倉當天-策略1:  FALSE FALSE FALSE TRUE 
= 空-平倉當天  2017/11/30   11:38:00   10610  = 
空-平倉當天-策略1:  FALSE FALSE FALSE TRUE 
= 空-平倉當天  2017/11/30   11:39:00   10607  = 
空-平倉當天-策略1:  FALSE FALSE FALSE TRUE 
= 空-平倉當天  2017/11/30   11:40:00   10608  = 
空-平倉當天-策略1:  FALSE FALSE FALSE TRUE 
= 空-平倉當天  2017/11/30   11:41:00   10607  = 
空-平倉當天-策略1:  FALSE FALSE FALSE TRUE 
= 空-平倉當天  2017/11/30   11:42:00   10604  = 
空-平倉當天-策略1:  FALSE FALSE FALSE TRUE 
= 空-平倉當天  2017/11/30   11:43:00   10604  = 
空-平倉當天-策略1:  FALSE FALSE FALSE FALSE 
= 空-平倉當天  2017/11/30   11:44:00   10605  = 
空-平倉當天-策略1:  FALSE FALSE FALSE FALSE 
= 空-平倉當天  2017/11/30   11:45:00   10605  = 
空-平倉當天-策略1:  FALSE FALSE FALSE TRUE 
= 空-平倉當天  2017/11/30   11:46:00   10606  = 
空-平倉當天-策略1:  FALSE FALSE FALSE TRUE 
= 空-平倉當天  2017/11/30   11:47:00   10610  = 
空-平倉當天-策略1:  FALSE FALSE FALSE TRUE 
= 空-平倉當天  2017/11/30   11:48:00   10608  = 
空-平倉當天-策略1:  FALSE FALSE FALSE TRUE 
= 空-平倉當天  2017/11/30   11:49:00   10608  = 
空-平倉當天-策略1:  FALSE FALSE FALSE TRUE 
= 空-平倉當天  2017/11/30   11:50:00   10608  = 
空-平倉當天-策略1:  FALSE FALSE FALSE TRUE 
= 空-平倉當天  2017/11/30   11:51:00   10609  = 
空-平倉當天-策略1:  FALSE FALSE FALSE TRUE 
= 空-平倉當天  2017/11/30   11:52:00   10607  = 
空-平倉當天-策略1:  FALSE FALSE FALSE TRUE 
= 空-平倉當天  2017/11/30   11:53:00   10608  = 
空-平倉當天-策略1:  FALSE FALSE FALSE TRUE 
= 空-平倉當天  2017/11/30   11:54:00   10611  = 
空-平倉當天-策略1:  FALSE FALSE FALSE TRUE 
= 空-平倉當天  2017/11/30   11:55:00   10609  = 
空-平倉當天-策略1:  FALSE FALSE FALSE TRUE 
= 空-平倉當天  2017/11/30   11:56:00   10610  = 
空-平倉當天-策略1:  FALSE FALSE FALSE TRUE 
= 空-平倉當天  2017/11/30   11:57:00   10610  = 
空-平倉當天-策略1:  FALSE FALSE FALSE TRUE 
= 空-平倉當天  2017/11/30   11:58:00   10609  = 
空-平倉當天-策略1:  FALSE FALSE FALSE TRUE 
= 空-平倉當天  2017/11/30   11:59:00   10610  = 
空-平倉當天-策略1:  FALSE FALSE FALSE TRUE 
= 空-平倉當天  2017/11/30   12:00:00   10611  = 
空-平倉當天-策略1:  FALSE FALSE FALSE TRUE 
= 空-平倉當天  2017/11/30   12:01:00   10613  = 
空-平倉當天-策略1:  FALSE TRUE TRUE TRUE 
= 空-平倉當天  2017/11/30   12:02:00   10612  = 
空-平倉當天-策略1:  FALSE FALSE TRUE TRUE 
= 空-平倉當天  2017/11/30   12:03:00   10613  = 
空-平倉當天-策略1:  FALSE TRUE TRUE TRUE 
= 空-平倉當天  2017/11/30   12:04:00   10617  = 
空-平倉當天-策略1:  FALSE TRUE TRUE TRUE 
= 空-平倉當天  2017/11/30   12:05:00   10611  = 
空-平倉當天-策略1:  FALSE FALSE TRUE TRUE 
= 空-平倉當天  2017/11/30   12:06:00   10614  = 
空-平倉當天-策略1:  FALSE TRUE TRUE TRUE 
= 空-平倉當天  2017/11/30   12:07:00   10613  = 
空-平倉當天-策略1:  FALSE TRUE TRUE TRUE 
= 空-平倉當天  2017/11/30   12:08:00   10612  = 
空-平倉當天-策略1:  FALSE TRUE TRUE TRUE 
= 空-平倉當天  2017/11/30   12:09:00   10612  = 
空-平倉當天-策略1:  FALSE TRUE TRUE FALSE 
= 空-平倉當天  2017/11/30   12:10:00   10613  = 
空-平倉當天-策略1:  FALSE TRUE TRUE TRUE 
= 空-平倉當天  2017/11/30   12:11:00   10610  = 
空-平倉當天-策略1:  FALSE FALSE FALSE FALSE 
= 空-平倉當天  2017/11/30   12:12:00   10610  = 
空-平倉當天-策略1:  FALSE FALSE FALSE FALSE 
= 空-平倉當天  2017/11/30   12:13:00   10613  = 
空-平倉當天-策略1:  FALSE TRUE FALSE FALSE 
= 空-平倉當天  2017/11/30   12:14:00   10614  = 
空-平倉當天-策略1:  FALSE TRUE TRUE TRUE 
= 空-平倉當天  2017/11/30   12:15:00   10613  = 
空-平倉當天-策略1:  FALSE TRUE TRUE TRUE 
= 空-平倉當天  2017/11/30   12:16:00   10612  = 
空-平倉當天-策略1:  FALSE TRUE TRUE FALSE 
= 空-平倉當天  2017/11/30   12:17:00   10609  = 
空-平倉當天-策略1:  FALSE FALSE FALSE FALSE 
= 空-平倉當天  2017/11/30   12:18:00   10609  = 
空-平倉當天-策略1:  FALSE FALSE FALSE FALSE 
= 空-平倉當天  2017/11/30   12:19:00   10608  = 
空-平倉當天-策略1:  FALSE FALSE FALSE FALSE 
= 空-平倉當天  2017/11/30   12:20:00   10605  = 
空-平倉當天-策略1:  FALSE FALSE FALSE FALSE 
= 空-平倉當天  2017/11/30   12:21:00   10606  = 
空-平倉當天-策略1:  FALSE FALSE FALSE FALSE 
= 空-平倉當天  2017/11/30   12:22:00   10602  = 
空-平倉當天-策略1:  FALSE FALSE FALSE FALSE 
= 空-平倉當天  2017/11/30   12:23:00   10602  = 
空-平倉當天-策略1:  FALSE FALSE FALSE FALSE 
= 空-平倉當天  2017/11/30   12:24:00   10605  = 
空-平倉當天-策略1:  FALSE FALSE FALSE FALSE 
= 空-平倉當天  2017/11/30   12:25:00   10601  = 
空-平倉當天-策略1:  FALSE FALSE FALSE FALSE 
= 空-平倉當天  2017/11/30   12:26:00   10601  = 
空-平倉當天-策略1:  FALSE FALSE FALSE FALSE 
= 空-平倉當天  2017/11/30   12:27:00   10596  = 
空-平倉當天-策略1:  FALSE FALSE FALSE FALSE 
= 空-平倉當天  2017/11/30   12:28:00   10595  = 
空-平倉當天-策略1:  FALSE FALSE FALSE FALSE 
= 空-平倉當天  2017/11/30   12:29:00   10598  = 
空-平倉當天-策略1:  FALSE FALSE FALSE FALSE 
= 空-平倉當天  2017/11/30   12:30:00   10595  = 
空-平倉當天-策略1:  FALSE FALSE FALSE FALSE 
= 空-平倉當天  2017/11/30   12:31:00   10593  = 
空-平倉當天-策略1:  FALSE FALSE FALSE FALSE 
= 空-平倉當天  2017/11/30   12:32:00   10594  = 
空-平倉當天-策略1:  FALSE FALSE FALSE FALSE 
= 空-平倉當天  2017/11/30   12:33:00   10596  = 
空-平倉當天-策略1:  FALSE FALSE FALSE FALSE 
= 空-平倉當天  2017/11/30   12:34:00   10595  = 
空-平倉當天-策略1:  FALSE FALSE FALSE FALSE 
= 空-平倉當天  2017/11/30   12:35:00   10597  = 
空-平倉當天-策略1:  FALSE FALSE FALSE FALSE 
= 空-平倉當天  2017/11/30   12:36:00   10593  = 
空-平倉當天-策略1:  FALSE FALSE FALSE FALSE 
= 空-平倉當天  2017/11/30   12:37:00   10592  = 
空-平倉當天-策略1:  FALSE FALSE FALSE FALSE 
= 空-平倉當天  2017/11/30   12:38:00   10586  = 
空-平倉當天-策略1:  FALSE FALSE FALSE FALSE 
= 空-平倉當天  2017/11/30   12:39:00   10587  = 
空-平倉當天-策略1:  FALSE FALSE FALSE FALSE 
= 空-平倉當天  2017/11/30   12:40:00   10591  = 
空-平倉當天-策略1:  FALSE FALSE FALSE FALSE 
= 空-平倉當天  2017/11/30   12:41:00   10590  = 
空-平倉當天-策略1:  FALSE FALSE FALSE FALSE 
= 空-平倉當天  2017/11/30   12:42:00   10590  = 
空-平倉當天-策略1:  FALSE FALSE FALSE TRUE 
= 空-平倉當天  2017/11/30   12:43:00   10593  = 
空-平倉當天-策略1:  FALSE FALSE FALSE TRUE 
= 空-平倉當天  2017/11/30   12:44:00   10593  = 
空-平倉當天-策略1:  FALSE FALSE FALSE TRUE 
= 空-平倉當天  2017/11/30   12:45:00   10592  = 
空-平倉當天-策略2:  FALSE 
空-平倉當天-策略1:  FALSE FALSE FALSE TRUE 
= 空-平倉當天  2017/11/30   12:46:00   10589  = 
空-平倉當天-策略2:  FALSE 
空-平倉當天-策略1:  FALSE FALSE FALSE TRUE 
= 空-平倉當天  2017/11/30   12:47:00   10590  = 
空-平倉當天-策略2:  FALSE 
空-平倉當天-策略1:  FALSE FALSE FALSE TRUE 
= 空-平倉當天  2017/11/30   12:48:00   10586  = 
空-平倉當天-策略2:  FALSE 
空-平倉當天-策略1:  FALSE FALSE FALSE FALSE 
= 空-平倉當天  2017/11/30   12:49:00   10587  = 
空-平倉當天-策略2:  FALSE 
空-平倉當天-策略1:  FALSE FALSE FALSE FALSE 
= 空-平倉當天  2017/11/30   12:50:00   10594  = 
空-平倉當天-策略2:  FALSE 
空-平倉當天-策略1:  FALSE FALSE FALSE TRUE 
= 空-平倉當天  2017/11/30   12:51:00   10593  = 
空-平倉當天-策略2:  FALSE 
空-平倉當天-策略1:  FALSE FALSE FALSE TRUE 
= 空-平倉當天  2017/11/30   12:52:00   10597  = 
空-平倉當天-策略2:  FALSE 
空-平倉當天-策略1:  FALSE FALSE FALSE TRUE 
= 空-平倉當天  2017/11/30   12:53:00   10599  = 
空-平倉當天-策略2:  FALSE 
空-平倉當天-策略1:  FALSE FALSE FALSE TRUE 
= 空-平倉當天  2017/11/30   12:54:00   10597  = 
空-平倉當天-策略2:  FALSE 
空-平倉當天-策略1:  FALSE FALSE FALSE TRUE 
= 空-平倉當天  2017/11/30   12:55:00   10595  = 
空-平倉當天-策略2:  FALSE 
空-平倉當天-策略1:  FALSE FALSE FALSE TRUE 
= 空-平倉當天  2017/11/30   12:56:00   10596  = 
空-平倉當天-策略2:  FALSE 
空-平倉當天-策略1:  FALSE FALSE FALSE TRUE 
= 空-平倉當天  2017/11/30   12:57:00   10597  = 
空-平倉當天-策略2:  FALSE 
空-平倉當天-策略1:  FALSE FALSE FALSE TRUE 
= 空-平倉當天  2017/11/30   12:58:00   10592  = 
空-平倉當天-策略2:  FALSE 
空-平倉當天-策略1:  FALSE FALSE FALSE TRUE 
= 空-平倉當天  2017/11/30   12:59:00   10594  = 
空-平倉當天-策略2:  FALSE 
空-平倉當天-策略1:  FALSE FALSE FALSE TRUE 
= 空-平倉當天  2017/11/30   13:00:00   10594  = 
空-平倉當天-策略2:  FALSE 
空-平倉當天-策略1:  FALSE FALSE FALSE TRUE 
= 空-平倉當天  2017/11/30   13:01:00   10600  = 
空-平倉當天-策略2:  FALSE 
空-平倉當天-策略1:  FALSE FALSE FALSE TRUE 
= 空-平倉當天  2017/11/30   13:02:00   10599  = 
空-平倉當天-策略2:  FALSE 
空-平倉當天-策略1:  FALSE FALSE FALSE TRUE 
= 空-平倉當天  2017/11/30   13:03:00   10603  = 
空-平倉當天-策略2:  FALSE 
空-平倉當天-策略1:  FALSE TRUE FALSE TRUE 
= 空-平倉當天  2017/11/30   13:04:00   10600  = 
空-平倉當天-策略2:  FALSE 
空-平倉當天-策略1:  FALSE FALSE FALSE TRUE 
= 空-平倉當天  2017/11/30   13:05:00   10604  = 
空-平倉當天-策略2:  FALSE 
空-平倉當天-策略1:  FALSE TRUE FALSE TRUE 
= 空-平倉當天  2017/11/30   13:06:00   10603  = 
空-平倉當天-策略2:  FALSE 
空-平倉當天-策略1:  FALSE TRUE FALSE TRUE 
= 空-平倉當天  2017/11/30   13:07:00   10601  = 
空-平倉當天-策略2:  FALSE 
空-平倉當天-策略1:  FALSE TRUE FALSE TRUE 
= 空-平倉當天  2017/11/30   13:08:00   10601  = 
空-平倉當天-策略2:  FALSE 
空-平倉當天-策略1:  FALSE TRUE FALSE TRUE 
= 空-平倉當天  2017/11/30   13:09:00   10596  = 
空-平倉當天-策略2:  FALSE 
空-平倉當天-策略1:  FALSE FALSE FALSE FALSE 
= 空-平倉當天  2017/11/30   13:10:00   10596  = 
空-平倉當天-策略2:  FALSE 
空-平倉當天-策略1:  FALSE FALSE FALSE FALSE 
= 空-平倉當天  2017/11/30   13:11:00   10596  = 
空-平倉當天-策略2:  FALSE 
空-平倉當天-策略1:  FALSE FALSE FALSE FALSE 
= 空-平倉當天  2017/11/30   13:12:00   10596  = 
空-平倉當天-策略2:  FALSE 
空-平倉當天-策略1:  FALSE FALSE FALSE FALSE 
= 空-平倉當天  2017/11/30   13:13:00   10592  = 
空-平倉當天-策略2:  FALSE 
空-平倉當天-策略1:  FALSE FALSE FALSE FALSE 
= 空-平倉當天  2017/11/30   13:14:00   10592  = 
空-平倉當天-策略2:  FALSE 
空-平倉當天-策略1:  FALSE FALSE FALSE FALSE 
= 空-平倉當天  2017/11/30   13:15:00   10590  = 
空-平倉當天-策略2:  FALSE 
空-平倉當天-策略1:  FALSE FALSE FALSE FALSE 
= 空-平倉當天  2017/11/30   13:16:00   10594  = 
空-平倉當天-策略2:  FALSE 
空-平倉當天-策略1:  FALSE FALSE FALSE FALSE 
= 空-平倉當天  2017/11/30   13:17:00   10592  = 
空-平倉當天-策略2:  FALSE 
空-平倉當天-策略1:  FALSE FALSE FALSE FALSE 
= 空-平倉當天  2017/11/30   13:18:00   10590  = 
空-平倉當天-策略2:  FALSE 
空-平倉當天-策略1:  FALSE FALSE FALSE FALSE 
= 空-平倉當天  2017/11/30   13:19:00   10590  = 
空-平倉當天-策略2:  FALSE 
空-平倉當天-策略1:  FALSE FALSE FALSE FALSE 
= 空-平倉當天  2017/11/30   13:20:00   10593  = 
空-平倉當天-策略2:  FALSE 
空-平倉當天-策略1:  FALSE FALSE FALSE FALSE 
= 空-平倉當天  2017/11/30   13:21:00   10595  = 
空-平倉當天-策略2:  FALSE 
空-平倉當天-策略1:  FALSE FALSE FALSE TRUE 
= 空-平倉當天  2017/11/30   13:22:00   10594  = 
空-平倉當天-策略2:  FALSE 
空-平倉當天-策略1:  FALSE FALSE FALSE TRUE 
= 空-平倉當天  2017/11/30   13:23:00   10592  = 
空-平倉當天-策略2:  FALSE 
空-平倉當天-策略1:  FALSE FALSE FALSE TRUE 
= 空-平倉當天  2017/11/30   13:24:00   10599  = 
空-平倉當天-策略2:  FALSE 
空-平倉當天-策略1:  FALSE TRUE FALSE TRUE 
= 空-平倉當天  2017/11/30   13:25:00   10587  = 
空-平倉當天-策略2:  FALSE 
空-平倉當天-策略1:  FALSE FALSE FALSE TRUE 
= 空-平倉當天  2017/11/30   13:26:00   10586  = 
空-平倉當天-策略2:  FALSE 
空-平倉當天-策略1:  FALSE FALSE FALSE FALSE 
= 空-平倉當天  2017/11/30   13:27:00   10578  = 
空-平倉當天-策略2:  FALSE 
空-平倉當天-策略1:  FALSE FALSE FALSE FALSE 
= 空-平倉當天  2017/11/30   13:28:00   10580  = 
空-平倉當天-策略2:  FALSE 
空-平倉當天-策略1:  FALSE FALSE FALSE FALSE 
= 空-平倉當天  2017/11/30   13:29:00   10577  = 
空-平倉當天-策略2:  FALSE 
空-平倉當天-策略1:  FALSE FALSE FALSE FALSE 
= 空-平倉當天  2017/11/30   13:30:00   10575  = 
空-平倉當天-策略2:  FALSE 
空-平倉當天-策略1:  FALSE FALSE FALSE FALSE 
= 空-平倉當天  2017/11/30   13:31:00   10576  = 
空-平倉當天-策略3:  FALSE 
空-平倉當天-策略2:  FALSE 
空-平倉當天-策略1:  FALSE FALSE FALSE FALSE 
= 空-平倉當天  2017/11/30   13:32:00   10571  = 
空-平倉當天-策略3:  FALSE 
空-平倉當天-策略2:  FALSE 
空-平倉當天-策略1:  FALSE FALSE FALSE FALSE 
= 空-平倉當天  2017/11/30   13:33:00   10573  = 
空-平倉當天-策略3:  FALSE 
空-平倉當天-策略2:  FALSE 
空-平倉當天-策略1:  FALSE FALSE FALSE FALSE 
= 空-平倉當天  2017/11/30   13:34:00   10571  = 
空-平倉當天-策略3:  FALSE 
空-平倉當天-策略2:  FALSE 
空-平倉當天-策略1:  FALSE FALSE FALSE FALSE 
= 空-平倉當天  2017/11/30   13:35:00   10572  = 
空-平倉當天-策略3:  FALSE 
空-平倉當天-策略2:  FALSE 
空-平倉當天-策略1:  FALSE FALSE FALSE FALSE 
= 空-平倉當天  2017/11/30   13:36:00   10573  = 
空-平倉當天-策略3:  FALSE 
空-平倉當天-策略2:  FALSE 
空-平倉當天-策略1:  FALSE FALSE FALSE FALSE 
= 空-平倉當天  2017/11/30   13:37:00   10574  = 
空-平倉當天-策略3:  FALSE 
空-平倉當天-策略2:  FALSE 
空-平倉當天-策略1:  FALSE FALSE FALSE FALSE 
= 空-平倉當天  2017/11/30   13:38:00   10575  = 
空-平倉當天-策略3:  FALSE 
空-平倉當天-策略2:  FALSE 
空-平倉當天-策略1:  FALSE FALSE FALSE TRUE 
= 空-平倉當天  2017/11/30   13:39:00   10576  = 
空-平倉當天-策略3:  FALSE 
空-平倉當天-策略2:  FALSE 
空-平倉當天-策略1:  FALSE FALSE FALSE TRUE 
= 空-平倉當天  2017/11/30   13:40:00   10579  = 
空-平倉當天-策略3:  FALSE 
空-平倉當天-策略2:  FALSE 
空-平倉當天-策略1:  FALSE FALSE FALSE TRUE 
= 空-平倉當天  2017/11/30   13:41:00   10579  = 
空-平倉當天-策略3:  FALSE 
空-平倉當天-策略2:  FALSE 
空-平倉當天-策略1:  FALSE FALSE FALSE TRUE 
= 空-平倉當天  2017/11/30   13:42:00   10577  = 
空-平倉當天-策略3:  FALSE 
空-平倉當天-策略2:  FALSE 
空-平倉當天-策略1:  FALSE FALSE FALSE TRUE 
= 空-平倉當天  2017/11/30   13:43:00   10577  = 
空-平倉當天-策略3:  FALSE 
空-平倉當天-策略2:  FALSE 
空-平倉當天-策略1:  FALSE FALSE FALSE TRUE 
= 空-平倉當天  2017/11/30   12:14:00   10614  = 
空-平倉當天-策略1:  FALSE TRUE TRUE FALSE 
= 空-平倉當天  2017/11/30   12:15:00   10613  = 
空-平倉當天-策略1:  FALSE TRUE TRUE FALSE 
= 空-平倉當天  2017/11/30   12:16:00   10612  = 
空-平倉當天-策略1:  FALSE TRUE TRUE FALSE 
= 空-平倉當天  2017/11/30   12:17:00   10609  = 
空-平倉當天-策略1:  FALSE FALSE FALSE FALSE 
= 空-平倉當天  2017/11/30   12:18:00   10609  = 
空-平倉當天-策略1:  FALSE FALSE FALSE FALSE 
= 空-平倉當天  2017/11/30   12:19:00   10608  = 
空-平倉當天-策略1:  FALSE FALSE FALSE FALSE 
= 空-平倉當天  2017/11/30   12:20:00   10605  = 
空-平倉當天-策略1:  FALSE FALSE FALSE FALSE 
= 空-平倉當天  2017/11/30   12:21:00   10606  = 
空-平倉當天-策略1:  FALSE FALSE FALSE FALSE 
= 空-平倉當天  2017/11/30   12:22:00   10602  = 
空-平倉當天-策略1:  FALSE FALSE FALSE FALSE 
= 空-平倉當天  2017/11/30   12:23:00   10602  = 
空-平倉當天-策略1:  FALSE FALSE FALSE FALSE 
= 空-平倉當天  2017/11/30   12:24:00   10605  = 
空-平倉當天-策略1:  FALSE FALSE FALSE FALSE 
= 空-平倉當天  2017/11/30   12:25:00   10601  = 
空-平倉當天-策略1:  FALSE FALSE FALSE FALSE 
= 空-平倉當天  2017/11/30   12:26:00   10601  = 
空-平倉當天-策略1:  FALSE FALSE FALSE FALSE 
= 空-平倉當天  2017/11/30   12:27:00   10596  = 
空-平倉當天-策略1:  FALSE FALSE FALSE FALSE 
= 空-平倉當天  2017/11/30   12:28:00   10595  = 
空-平倉當天-策略1:  FALSE FALSE FALSE FALSE 
= 空-平倉當天  2017/11/30   12:29:00   10598  = 
空-平倉當天-策略1:  FALSE FALSE FALSE FALSE 
= 空-平倉當天  2017/11/30   12:30:00   10595  = 
空-平倉當天-策略1:  FALSE FALSE FALSE FALSE 
= 空-平倉當天  2017/11/30   12:31:00   10593  = 
空-平倉當天-策略1:  FALSE FALSE FALSE FALSE 
= 空-平倉當天  2017/11/30   12:32:00   10594  = 
空-平倉當天-策略1:  FALSE FALSE FALSE FALSE 
= 空-平倉當天  2017/11/30   12:33:00   10596  = 
空-平倉當天-策略1:  FALSE FALSE FALSE FALSE 
= 空-平倉當天  2017/11/30   12:34:00   10595  = 
空-平倉當天-策略1:  FALSE FALSE FALSE FALSE 
= 空-平倉當天  2017/11/30   12:35:00   10597  = 
空-平倉當天-策略1:  FALSE FALSE FALSE TRUE 
= 空-平倉當天  2017/11/30   12:36:00   10593  = 
空-平倉當天-策略1:  FALSE FALSE FALSE FALSE 
= 空-平倉當天  2017/11/30   12:37:00   10592  = 
空-平倉當天-策略1:  FALSE FALSE FALSE FALSE 
= 空-平倉當天  2017/11/30   12:38:00   10586  = 
空-平倉當天-策略1:  FALSE FALSE FALSE FALSE 
= 空-平倉當天  2017/11/30   12:39:00   10587  = 
空-平倉當天-策略1:  FALSE FALSE FALSE FALSE 
= 空-平倉當天  2017/11/30   12:40:00   10591  = 
空-平倉當天-策略1:  FALSE FALSE FALSE FALSE 
= 空-平倉當天  2017/11/30   12:41:00   10590  = 
空-平倉當天-策略1:  FALSE FALSE FALSE FALSE 
= 空-平倉當天  2017/11/30   12:42:00   10590  = 
空-平倉當天-策略1:  FALSE FALSE FALSE TRUE 
= 空-平倉當天  2017/11/30   12:43:00   10593  = 
空-平倉當天-策略1:  FALSE FALSE FALSE TRUE 
= 空-平倉當天  2017/11/30   12:44:00   10593  = 
空-平倉當天-策略1:  FALSE FALSE FALSE TRUE 
= 空-平倉當天  2017/11/30   12:45:00   10592  = 
空-平倉當天-策略2:  FALSE 
空-平倉當天-策略1:  FALSE FALSE FALSE TRUE 
= 空-平倉當天  2017/11/30   12:46:00   10589  = 
空-平倉當天-策略2:  FALSE 
空-平倉當天-策略1:  FALSE FALSE FALSE TRUE 
= 空-平倉當天  2017/11/30   12:47:00   10590  = 
空-平倉當天-策略2:  FALSE 
空-平倉當天-策略1:  FALSE FALSE FALSE TRUE 
= 空-平倉當天  2017/11/30   12:48:00   10586  = 
空-平倉當天-策略2:  FALSE 
空-平倉當天-策略1:  FALSE FALSE FALSE FALSE 
= 空-平倉當天  2017/11/30   12:49:00   10587  = 
空-平倉當天-策略2:  FALSE 
空-平倉當天-策略1:  FALSE FALSE FALSE FALSE 
= 空-平倉當天  2017/11/30   12:50:00   10594  = 
空-平倉當天-策略2:  FALSE 
空-平倉當天-策略1:  FALSE FALSE FALSE TRUE 
= 空-平倉當天  2017/11/30   12:51:00   10593  = 
空-平倉當天-策略2:  FALSE 
空-平倉當天-策略1:  FALSE FALSE FALSE TRUE 
= 空-平倉當天  2017/11/30   12:52:00   10597  = 
空-平倉當天-策略2:  FALSE 
空-平倉當天-策略1:  FALSE FALSE FALSE TRUE 
= 空-平倉當天  2017/11/30   12:53:00   10599  = 
空-平倉當天-策略2:  FALSE 
空-平倉當天-策略1:  FALSE FALSE FALSE TRUE 
= 空-平倉當天  2017/11/30   12:54:00   10597  = 
空-平倉當天-策略2:  FALSE 
空-平倉當天-策略1:  FALSE FALSE FALSE TRUE 
= 空-平倉當天  2017/11/30   12:55:00   10595  = 
空-平倉當天-策略2:  FALSE 
空-平倉當天-策略1:  FALSE FALSE FALSE TRUE 
= 空-平倉當天  2017/11/30   12:56:00   10596  = 
空-平倉當天-策略2:  FALSE 
空-平倉當天-策略1:  FALSE FALSE FALSE TRUE 
= 空-平倉當天  2017/11/30   12:57:00   10597  = 
空-平倉當天-策略2:  FALSE 
空-平倉當天-策略1:  FALSE FALSE FALSE TRUE 
= 空-平倉當天  2017/11/30   12:58:00   10592  = 
空-平倉當天-策略2:  FALSE 
空-平倉當天-策略1:  FALSE FALSE FALSE TRUE 
= 空-平倉當天  2017/11/30   12:59:00   10594  = 
空-平倉當天-策略2:  FALSE 
空-平倉當天-策略1:  FALSE FALSE FALSE TRUE 
= 空-平倉當天  2017/11/30   13:00:00   10594  = 
空-平倉當天-策略2:  FALSE 
空-平倉當天-策略1:  FALSE FALSE FALSE TRUE 
= 空-平倉當天  2017/11/30   13:01:00   10600  = 
空-平倉當天-策略2:  FALSE 
空-平倉當天-策略1:  FALSE FALSE FALSE TRUE 
= 空-平倉當天  2017/11/30   13:02:00   10599  = 
空-平倉當天-策略2:  FALSE 
空-平倉當天-策略1:  FALSE FALSE FALSE TRUE 
= 空-平倉當天  2017/11/30   13:03:00   10603  = 
空-平倉當天-策略2:  FALSE 
空-平倉當天-策略1:  FALSE TRUE FALSE TRUE 
= 空-平倉當天  2017/11/30   13:04:00   10600  = 
空-平倉當天-策略2:  FALSE 
空-平倉當天-策略1:  FALSE FALSE FALSE TRUE 
= 空-平倉當天  2017/11/30   13:05:00   10604  = 
空-平倉當天-策略2:  FALSE 
空-平倉當天-策略1:  FALSE TRUE FALSE TRUE 
= 空-平倉當天  2017/11/30   13:06:00   10603  = 
空-平倉當天-策略2:  FALSE 
空-平倉當天-策略1:  FALSE TRUE FALSE TRUE 
= 空-平倉當天  2017/11/30   13:07:00   10601  = 
空-平倉當天-策略2:  FALSE 
空-平倉當天-策略1:  FALSE TRUE FALSE TRUE 
= 空-平倉當天  2017/11/30   13:08:00   10601  = 
空-平倉當天-策略2:  FALSE 
空-平倉當天-策略1:  FALSE TRUE FALSE TRUE 
= 空-平倉當天  2017/11/30   13:09:00   10596  = 
空-平倉當天-策略2:  FALSE 
空-平倉當天-策略1:  FALSE FALSE FALSE FALSE 
= 空-平倉當天  2017/11/30   13:10:00   10596  = 
空-平倉當天-策略2:  FALSE 
空-平倉當天-策略1:  FALSE FALSE FALSE FALSE 
= 空-平倉當天  2017/11/30   13:11:00   10596  = 
空-平倉當天-策略2:  FALSE 
空-平倉當天-策略1:  FALSE FALSE FALSE FALSE 
= 空-平倉當天  2017/11/30   13:12:00   10596  = 
空-平倉當天-策略2:  FALSE 
空-平倉當天-策略1:  FALSE FALSE FALSE FALSE 
= 空-平倉當天  2017/11/30   13:13:00   10592  = 
空-平倉當天-策略2:  FALSE 
空-平倉當天-策略1:  FALSE FALSE FALSE FALSE 
= 空-平倉當天  2017/11/30   13:14:00   10592  = 
空-平倉當天-策略2:  FALSE 
空-平倉當天-策略1:  FALSE FALSE FALSE FALSE 
= 空-平倉當天  2017/11/30   13:15:00   10590  = 
空-平倉當天-策略2:  FALSE 
空-平倉當天-策略1:  FALSE FALSE FALSE FALSE 
= 空-平倉當天  2017/11/30   13:16:00   10594  = 
空-平倉當天-策略2:  FALSE 
空-平倉當天-策略1:  FALSE FALSE FALSE FALSE 
= 空-平倉當天  2017/11/30   13:17:00   10592  = 
空-平倉當天-策略2:  FALSE 
空-平倉當天-策略1:  FALSE FALSE FALSE FALSE 
= 空-平倉當天  2017/11/30   13:18:00   10590  = 
空-平倉當天-策略2:  FALSE 
空-平倉當天-策略1:  FALSE FALSE FALSE FALSE 
= 空-平倉當天  2017/11/30   13:19:00   10590  = 
空-平倉當天-策略2:  FALSE 
空-平倉當天-策略1:  FALSE FALSE FALSE FALSE 
= 空-平倉當天  2017/11/30   13:20:00   10593  = 
空-平倉當天-策略2:  FALSE 
空-平倉當天-策略1:  FALSE FALSE FALSE FALSE 
= 空-平倉當天  2017/11/30   13:21:00   10595  = 
空-平倉當天-策略2:  FALSE 
空-平倉當天-策略1:  FALSE FALSE FALSE TRUE 
= 空-平倉當天  2017/11/30   13:22:00   10594  = 
空-平倉當天-策略2:  FALSE 
空-平倉當天-策略1:  FALSE FALSE FALSE TRUE 
= 空-平倉當天  2017/11/30   13:23:00   10592  = 
空-平倉當天-策略2:  FALSE 
空-平倉當天-策略1:  FALSE FALSE FALSE TRUE 
= 空-平倉當天  2017/11/30   13:24:00   10599  = 
空-平倉當天-策略2:  FALSE 
空-平倉當天-策略1:  FALSE TRUE FALSE TRUE 
= 空-平倉當天  2017/11/30   13:25:00   10587  = 
空-平倉當天-策略2:  FALSE 
空-平倉當天-策略1:  FALSE FALSE FALSE TRUE 
= 空-平倉當天  2017/11/30   13:26:00   10586  = 
空-平倉當天-策略2:  FALSE 
空-平倉當天-策略1:  FALSE FALSE FALSE FALSE 
= 空-平倉當天  2017/11/30   13:27:00   10578  = 
空-平倉當天-策略2:  FALSE 
空-平倉當天-策略1:  FALSE FALSE FALSE FALSE 
= 空-平倉當天  2017/11/30   13:28:00   10580  = 
空-平倉當天-策略2:  FALSE 
空-平倉當天-策略1:  FALSE FALSE FALSE FALSE 
= 空-平倉當天  2017/11/30   13:29:00   10577  = 
空-平倉當天-策略2:  FALSE 
空-平倉當天-策略1:  FALSE FALSE FALSE FALSE 
= 空-平倉當天  2017/11/30   13:30:00   10575  = 
空-平倉當天-策略2:  FALSE 
空-平倉當天-策略1:  FALSE FALSE FALSE FALSE 
= 空-平倉當天  2017/11/30   13:31:00   10576  = 
空-平倉當天-策略3:  FALSE 
空-平倉當天-策略2:  FALSE 
空-平倉當天-策略1:  FALSE FALSE FALSE FALSE 
= 空-平倉當天  2017/11/30   13:32:00   10571  = 
空-平倉當天-策略3:  FALSE 
空-平倉當天-策略2:  FALSE 
空-平倉當天-策略1:  FALSE FALSE FALSE FALSE 
= 空-平倉當天  2017/11/30   13:33:00   10573  = 
空-平倉當天-策略3:  FALSE 
空-平倉當天-策略2:  FALSE 
空-平倉當天-策略1:  FALSE FALSE FALSE FALSE 
= 空-平倉當天  2017/11/30   13:34:00   10571  = 
空-平倉當天-策略3:  FALSE 
空-平倉當天-策略2:  FALSE 
空-平倉當天-策略1:  FALSE FALSE FALSE FALSE 
= 空-平倉當天  2017/11/30   13:35:00   10572  = 
空-平倉當天-策略3:  FALSE 
空-平倉當天-策略2:  FALSE 
空-平倉當天-策略1:  FALSE FALSE FALSE FALSE 
= 空-平倉當天  2017/11/30   13:36:00   10573  = 
空-平倉當天-策略3:  FALSE 
空-平倉當天-策略2:  FALSE 
空-平倉當天-策略1:  FALSE FALSE FALSE FALSE 
= 空-平倉當天  2017/11/30   13:37:00   10574  = 
空-平倉當天-策略3:  FALSE 
空-平倉當天-策略2:  FALSE 
空-平倉當天-策略1:  FALSE FALSE FALSE FALSE 
= 空-平倉當天  2017/11/30   13:38:00   10575  = 
空-平倉當天-策略3:  FALSE 
空-平倉當天-策略2:  FALSE 
空-平倉當天-策略1:  FALSE FALSE FALSE TRUE 
= 空-平倉當天  2017/11/30   13:39:00   10576  = 
空-平倉當天-策略3:  FALSE 
空-平倉當天-策略2:  FALSE 
空-平倉當天-策略1:  FALSE FALSE FALSE TRUE 
= 空-平倉當天  2017/11/30   13:40:00   10579  = 
空-平倉當天-策略3:  FALSE 
空-平倉當天-策略2:  FALSE 
空-平倉當天-策略1:  FALSE FALSE FALSE TRUE 
= 空-平倉當天  2017/11/30   13:41:00   10579  = 
空-平倉當天-策略3:  FALSE 
空-平倉當天-策略2:  FALSE 
空-平倉當天-策略1:  FALSE FALSE FALSE TRUE 
= 空-平倉當天  2017/11/30   13:42:00   10577  = 
空-平倉當天-策略3:  FALSE 
空-平倉當天-策略2:  FALSE 
空-平倉當天-策略1:  FALSE FALSE FALSE TRUE 
= 空-平倉當天  2017/11/30   13:43:00   10577  = 
空-平倉當天-策略3:  FALSE 
空-平倉當天-策略2:  FALSE 
空-平倉當天-策略1:  FALSE FALSE FALSE TRUE 
= 空-平倉當天  2017/11/30   13:44:00   10575  = 
空-平倉當天-策略1:  FALSE FALSE FALSE TRUE 
