====== 찬짳-鞭u-づ 쩧놓 ====== 2017/10/27 12:45:00 
쯷퐑쪿쨁쩧놓:  TRUE FALSE FALSE FALSE 
쯷퐑쪿짾⒝쨁쩧놓:  TRUE FALSE FALSE 
====== 찬짳-鞭u-づ 쩧놓 ====== 2017/10/30 08:45:00 
쯷퐑쪿쨁쩧놓:  TRUE TRUE FALSE TRUE 
쯷퐑쪿짾⒝쨁쩧놓:  TRUE TRUE FALSE 
====== 찬짳-鞭u-づ 쩧놓 ====== 2017/10/30 09:45:00 
쯷퐑쪿쨁쩧놓:  TRUE TRUE FALSE TRUE 
쯷퐑쪿짾⒝쨁쩧놓:  TRUE TRUE TRUE 
====== 찬짳-鞭u-づ 쩧놓 ====== 2017/10/30 10:45:00 
쯷퐑쪿쨁쩧놓:  TRUE TRUE FALSE TRUE 
쯷퐑쪿짾⒝쨁쩧놓:  TRUE TRUE TRUE 
====== 찬짳-鞭u-づ 쩧놓 ====== 2017/10/30 11:45:00 
쯷퐑쪿쨁쩧놓:  TRUE TRUE FALSE TRUE 
쯷퐑쪿짾⒝쨁쩧놓:  TRUE TRUE TRUE 
====== 찬짳-鞭u-づ 쩧놓 ====== 2017/10/30 12:45:00 
쯷퐑쪿쨁쩧놓:  TRUE TRUE FALSE FALSE 
쯷퐑쪿짾⒝쨁쩧놓:  TRUE TRUE TRUE 
====== 찬짳-鞭u-づ 쩧놓 ====== 2017/10/31 08:45:00 
쯷퐑쪿쨁쩧놓:  TRUE TRUE FALSE FALSE 
쯷퐑쪿짾⒝쨁쩧놓:  TRUE TRUE TRUE 
====== 찬짳-鞭u-づ 쩧놓 ====== 2017/10/31 09:45:00 
쯷퐑쪿쨁쩧놓:  TRUE TRUE FALSE FALSE 
쯷퐑쪿짾⒝쨁쩧놓:  TRUE TRUE TRUE 
====== 찬짳-鞭u-づ 쩧놓 ====== 2017/10/31 10:45:00 
쯷퐑쪿쨁쩧놓:  TRUE TRUE FALSE TRUE 
쯷퐑쪿짾⒝쨁쩧놓:  TRUE TRUE TRUE 
====== 찬짳-鞭u-づ 쩧놓 ====== 2017/10/31 11:45:00 
쯷퐑쪿쨁쩧놓:  TRUE TRUE FALSE TRUE 
쯷퐑쪿짾⒝쨁쩧놓:  TRUE TRUE TRUE 
====== 찬짳-鞭u-づ 쩧놓 ====== 2017/10/31 12:45:00 
쯷퐑쪿쨁쩧놓:  TRUE TRUE FALSE TRUE 
쯷퐑쪿짾⒝쨁쩧놓:  TRUE TRUE TRUE 
====== 찬짳-鞭u-づ 쩧놓 ====== 2017/11/01 08:45:00 
쯷퐑쪿쨁쩧놓:  TRUE TRUE FALSE TRUE 
쯷퐑쪿짾⒝쨁쩧놓:  TRUE TRUE TRUE 
====== 찬짳-鞭u-づ 쩧놓 ====== 2017/11/01 09:45:00 
쯷퐑쪿쨁쩧놓:  TRUE TRUE FALSE TRUE 
쯷퐑쪿짾⒝쨁쩧놓:  TRUE TRUE TRUE 
====== 찬짳-鞭u-づ 쩧놓 ====== 2017/11/01 10:45:00 
쯷퐑쪿쨁쩧놓:  TRUE TRUE FALSE FALSE 
쯷퐑쪿짾⒝쨁쩧놓:  TRUE TRUE TRUE 
====== 찬짳-鞭u-づ 쩧놓 ====== 2017/11/01 11:45:00 
쯷퐑쪿쨁쩧놓:  TRUE FALSE FALSE FALSE 
쯷퐑쪿짾⒝쨁쩧놓:  TRUE FALSE TRUE 
====== 찬짳-鞭u-づ 쩧놓 ====== 2017/11/01 12:45:00 
쯷퐑쪿쨁쩧놓:  TRUE FALSE FALSE FALSE 
쯷퐑쪿짾⒝쨁쩧놓:  TRUE FALSE TRUE 
====== 찬짳-鞭u-づ 쩧놓 ====== 2017/11/02 08:45:00 
쯷퐑쪿쨁쩧놓:  TRUE FALSE FALSE FALSE 
쯷퐑쪿짾⒝쨁쩧놓:  TRUE FALSE TRUE 
====== 찬짳-鞭u-づ 쩧놓 ====== 2017/11/02 09:45:00 
쯷퐑쪿쨁쩧놓:  TRUE FALSE FALSE FALSE 
쯷퐑쪿짾⒝쨁쩧놓:  TRUE FALSE TRUE 
====== 찬짳-鞭u-づ 쩧놓 ====== 2017/11/02 10:45:00 
쯷퐑쪿쨁쩧놓:  TRUE FALSE FALSE FALSE 
쯷퐑쪿짾⒝쨁쩧놓:  TRUE FALSE TRUE 
====== 찬짳-鞭u-づ 쩧놓 ====== 2017/11/02 11:45:00 
쯷퐑쪿쨁쩧놓:  TRUE FALSE FALSE FALSE 
쯷퐑쪿짾⒝쨁쩧놓:  TRUE FALSE TRUE 
====== 찬짳-鞭u-づ 쩧놓 ====== 2017/11/02 12:45:00 
쯷퐑쪿쨁쩧놓:  TRUE FALSE FALSE FALSE 
쯷퐑쪿짾⒝쨁쩧놓:  TRUE FALSE FALSE 
====== 찬짳-鞭u-づ 쩧놓 ====== 2017/11/03 08:45:00 
쯷퐑쪿쨁쩧놓:  TRUE FALSE FALSE FALSE 
쯷퐑쪿짾⒝쨁쩧놓:  TRUE FALSE FALSE 
====== 찬짳-鞭u-づ 쩧놓 ====== 2017/11/03 09:45:00 
쯷퐑쪿쨁쩧놓:  TRUE FALSE FALSE FALSE 
쯷퐑쪿짾⒝쨁쩧놓:  TRUE FALSE FALSE 
====== 찬짳-鞭u-づ 쩧놓 ====== 2017/11/03 10:45:00 
쯷퐑쪿쨁쩧놓:  TRUE FALSE FALSE FALSE 
쯷퐑쪿짾⒝쨁쩧놓:  TRUE FALSE FALSE 
====== 찬짳-鞭u-づ 쩧놓 ====== 2017/11/03 11:45:00 
쯷퐑쪿쨁쩧놓:  TRUE FALSE FALSE FALSE 
쯷퐑쪿짾⒝쨁쩧놓:  TRUE FALSE FALSE 
====== 찬짳-鞭u-づ 쩧놓 ====== 2017/11/03 12:45:00 
쯷퐑쪿쨁쩧놓:  TRUE FALSE FALSE FALSE 
쯷퐑쪿짾⒝쨁쩧놓:  TRUE FALSE FALSE 
====== 찬짳-鞭u-づ 쩧놓 ====== 2017/11/06 08:45:00 
쯷퐑쪿쨁쩧놓:  TRUE FALSE FALSE FALSE 
쯷퐑쪿짾⒝쨁쩧놓:  TRUE FALSE FALSE 
====== 찬짳-鞭u-づ 쩧놓 ====== 2017/11/06 09:45:00 
쯷퐑쪿쨁쩧놓:  TRUE FALSE FALSE FALSE 
쯷퐑쪿짾⒝쨁쩧놓:  TRUE FALSE FALSE 
====== 찬짳-鞭u-づ 쩧놓 ====== 2017/11/06 10:45:00 
쯷퐑쪿쨁쩧놓:  TRUE FALSE FALSE FALSE 
쯷퐑쪿짾⒝쨁쩧놓:  TRUE FALSE FALSE 
====== 찬짳-鞭u-づ 쩧놓 ====== 2017/11/06 11:45:00 
쯷퐑쪿쨁쩧놓:  TRUE FALSE FALSE FALSE 
쯷퐑쪿짾⒝쨁쩧놓:  TRUE FALSE FALSE 
====== 찬짳-鞭u-づ 쩧놓 ====== 2017/11/06 12:45:00 
쯷퐑쪿쨁쩧놓:  TRUE FALSE FALSE FALSE 
쯷퐑쪿짾⒝쨁쩧놓:  TRUE FALSE FALSE 
====== 찬짳-鞭u-づ 쩧놓 ====== 2017/11/07 08:45:00 
쯷퐑쪿쨁쩧놓:  TRUE TRUE FALSE TRUE 
쯷퐑쪿짾⒝쨁쩧놓:  TRUE TRUE FALSE 
====== 찬짳-鞭u-づ 쩧놓 ====== 2017/11/07 09:45:00 
쯷퐑쪿쨁쩧놓:  TRUE TRUE FALSE TRUE 
쯷퐑쪿짾⒝쨁쩧놓:  TRUE TRUE TRUE 
====== 찬짳-鞭u-づ 쩧놓 ====== 2017/11/07 10:45:00 
쯷퐑쪿쨁쩧놓:  TRUE TRUE FALSE TRUE 
쯷퐑쪿짾⒝쨁쩧놓:  TRUE TRUE TRUE 
====== 찬짳-鞭u-づ 쩧놓 ====== 2017/11/07 11:45:00 
쯷퐑쪿쨁쩧놓:  TRUE TRUE FALSE FALSE 
쯷퐑쪿짾⒝쨁쩧놓:  TRUE TRUE TRUE 
====== 찬짳-鞭u-づ 쩧놓 ====== 2017/11/07 12:45:00 
쯷퐑쪿쨁쩧놓:  TRUE TRUE FALSE TRUE 
쯷퐑쪿짾⒝쨁쩧놓:  TRUE TRUE TRUE 
====== 찬짳-鞭u-づ 쩧놓 ====== 2017/11/08 08:45:00 
쯷퐑쪿쨁쩧놓:  TRUE TRUE FALSE FALSE 
쯷퐑쪿짾⒝쨁쩧놓:  TRUE TRUE TRUE 
====== 찬짳-鞭u-づ 쩧놓 ====== 2017/11/08 09:45:00 
쯷퐑쪿쨁쩧놓:  TRUE TRUE FALSE FALSE 
쯷퐑쪿짾⒝쨁쩧놓:  TRUE TRUE TRUE 
====== 찬짳-鞭u-づ 쩧놓 ====== 2017/11/08 10:45:00 
쯷퐑쪿쨁쩧놓:  TRUE TRUE FALSE FALSE 
쯷퐑쪿짾⒝쨁쩧놓:  TRUE TRUE TRUE 
====== 찬짳-鞭u-づ 쩧놓 ====== 2017/11/08 11:45:00 
쯷퐑쪿쨁쩧놓:  TRUE TRUE FALSE FALSE 
쯷퐑쪿짾⒝쨁쩧놓:  TRUE TRUE TRUE 
====== 찬짳-鞭u-づ 쩧놓 ====== 2017/11/08 12:45:00 
쯷퐑쪿쨁쩧놓:  TRUE FALSE FALSE FALSE 
쯷퐑쪿짾⒝쨁쩧놓:  TRUE FALSE TRUE 
====== 찬짳-鞭u-づ 쩧놓 ====== 2017/11/09 08:45:00 
쯷퐑쪿쨁쩧놓:  TRUE FALSE FALSE FALSE 
쯷퐑쪿짾⒝쨁쩧놓:  TRUE FALSE TRUE 
====== 찬짳-鞭u-づ 쩧놓 ====== 2017/11/09 09:45:00 
쯷퐑쪿쨁쩧놓:  TRUE FALSE FALSE FALSE 
쯷퐑쪿짾⒝쨁쩧놓:  TRUE FALSE TRUE 
====== 찬짳-鞭u-づ 쩧놓 ====== 2017/11/09 10:45:00 
쯷퐑쪿쨁쩧놓:  TRUE FALSE FALSE FALSE 
쯷퐑쪿짾⒝쨁쩧놓:  TRUE FALSE TRUE 
====== 찬짳-鞭u-づ 쩧놓 ====== 2017/11/09 11:45:00 
쯷퐑쪿쨁쩧놓:  TRUE FALSE FALSE FALSE 
쯷퐑쪿짾⒝쨁쩧놓:  TRUE FALSE FALSE 
====== 찬짳-鞭u-づ 쩧놓 ====== 2017/11/09 12:45:00 
쯷퐑쪿쨁쩧놓:  TRUE FALSE FALSE FALSE 
쯷퐑쪿짾⒝쨁쩧놓:  TRUE FALSE FALSE 
====== 찬짳-鞭u-づ 쩧놓 ====== 2017/11/10 08:45:00 
쯷퐑쪿쨁쩧놓:  TRUE FALSE FALSE FALSE 
쯷퐑쪿짾⒝쨁쩧놓:  TRUE FALSE FALSE 
====== 찬짳-鞭u-づ 쩧놓 ====== 2017/11/10 09:45:00 
쯷퐑쪿쨁쩧놓:  TRUE FALSE FALSE FALSE 
쯷퐑쪿짾⒝쨁쩧놓:  TRUE FALSE FALSE 
====== 찬짳-鞭u-づ 쩧놓 ====== 2017/11/10 10:45:00 
쯷퐑쪿쨁쩧놓:  TRUE FALSE FALSE TRUE 
쯷퐑쪿짾⒝쨁쩧놓:  TRUE FALSE FALSE 
====== 찬짳-鞭u-づ 쩧놓 ====== 2017/11/10 11:45:00 
쯷퐑쪿쨁쩧놓:  TRUE FALSE FALSE TRUE 
쯷퐑쪿짾⒝쨁쩧놓:  TRUE FALSE FALSE 
====== 찬짳-鞭u-づ 쩧놓 ====== 2017/11/10 12:45:00 
쯷퐑쪿쨁쩧놓:  TRUE FALSE FALSE TRUE 
쯷퐑쪿짾⒝쨁쩧놓:  TRUE FALSE FALSE 
====== 찬짳-鞭u-づ 쩧놓 ====== 2017/11/13 08:45:00 
쯷퐑쪿쨁쩧놓:  TRUE FALSE FALSE FALSE 
쯷퐑쪿짾⒝쨁쩧놓:  TRUE FALSE FALSE 
====== 찬짳-鞭u-づ 쩧놓 ====== 2017/11/13 09:45:00 
쯷퐑쪿쨁쩧놓:  TRUE FALSE FALSE FALSE 
쯷퐑쪿짾⒝쨁쩧놓:  TRUE FALSE FALSE 
====== 찬짳-鞭u-づ 쩧놓 ====== 2017/11/13 10:45:00 
쯷퐑쪿쨁쩧놓:  TRUE TRUE FALSE FALSE 
쯷퐑쪿짾⒝쨁쩧놓:  TRUE TRUE FALSE 
====== 찬짳-鞭u-づ 쩧놓 ====== 2017/11/13 11:45:00 
쯷퐑쪿쨁쩧놓:  TRUE TRUE FALSE FALSE 
쯷퐑쪿짾⒝쨁쩧놓:  TRUE TRUE FALSE 
====== 찬짳-鞭u-づ 쩧놓 ====== 2017/11/13 12:45:00 
쯷퐑쪿쨁쩧놓:  TRUE FALSE FALSE FALSE 
쯷퐑쪿짾⒝쨁쩧놓:  TRUE FALSE FALSE 
====== 찬짳-鞭u-づ 쩧놓 ====== 2017/11/14 08:45:00 
쯷퐑쪿쨁쩧놓:  TRUE FALSE FALSE FALSE 
쯷퐑쪿짾⒝쨁쩧놓:  TRUE FALSE FALSE 
====== 찬짳-鞭u-づ 쩧놓 ====== 2017/11/14 09:45:00 
쯷퐑쪿쨁쩧놓:  TRUE FALSE FALSE FALSE 
쯷퐑쪿짾⒝쨁쩧놓:  TRUE FALSE FALSE 
====== 찬짳-鞭u-づ 쩧놓 ====== 2017/11/14 10:45:00 
쯷퐑쪿쨁쩧놓:  TRUE FALSE FALSE FALSE 
쯷퐑쪿짾⒝쨁쩧놓:  TRUE FALSE FALSE 
====== 찬짳-鞭u-づ 쩧놓 ====== 2017/11/14 11:45:00 
쯷퐑쪿쨁쩧놓:  TRUE FALSE FALSE FALSE 
쯷퐑쪿짾⒝쨁쩧놓:  TRUE FALSE FALSE 
====== 찬짳-鞭u-づ 쩧놓 ====== 2017/11/14 12:45:00 
쯷퐑쪿쨁쩧놓:  TRUE FALSE FALSE FALSE 
쯷퐑쪿짾⒝쨁쩧놓:  TRUE FALSE FALSE 
====== 찬짳-鞭u-づ 쩧놓 ====== 2017/11/15 08:45:00 
쯷퐑쪿쨁쩧놓:  TRUE FALSE FALSE FALSE 
쯷퐑쪿짾⒝쨁쩧놓:  TRUE FALSE FALSE 
====== 찬짳-鞭u-づ 쩧놓 ====== 2017/11/15 09:45:00 
쯷퐑쪿쨁쩧놓:  TRUE FALSE FALSE FALSE 
쯷퐑쪿짾⒝쨁쩧놓:  TRUE FALSE FALSE 
====== 찬짳-鞭u-づ 쩧놓 ====== 2017/11/15 10:45:00 
쯷퐑쪿쨁쩧놓:  TRUE FALSE TRUE FALSE 
쯷퐑쪿짾⒝쨁쩧놓:  TRUE FALSE FALSE 
====== 찬짳-鞭u-づ 쩧놓 ====== 2017/11/15 11:45:00 
쯷퐑쪿쨁쩧놓:  TRUE FALSE TRUE FALSE 
쯷퐑쪿짾⒝쨁쩧놓:  TRUE FALSE FALSE 
====== 찬짳-鞭u-づ 쩧놓 ====== 2017/11/15 12:45:00 
쯷퐑쪿쨁쩧놓:  TRUE FALSE TRUE FALSE 
쯷퐑쪿짾⒝쨁쩧놓:  TRUE FALSE FALSE 
====== 찬짳-鞭u-づ 쩧놓 ====== 2017/11/16 08:45:00 
쯷퐑쪿쨁쩧놓:  TRUE FALSE TRUE FALSE 
쯷퐑쪿짾⒝쨁쩧놓:  TRUE FALSE FALSE 
====== 찬짳-鞭u-づ 쩧놓 ====== 2017/11/16 09:45:00 
쯷퐑쪿쨁쩧놓:  TRUE FALSE TRUE TRUE 
쯷퐑쪿짾⒝쨁쩧놓:  TRUE FALSE FALSE 
====== 찬짳-鞭u-づ 쩧놓 ====== 2017/11/16 10:45:00 
쯷퐑쪿쨁쩧놓:  TRUE TRUE TRUE TRUE 
쯷퐑쪿짾⒝쨁쩧놓:  TRUE TRUE FALSE 
====== 찬짳-鞭u-づ 쩧놓 ====== 2017/11/16 11:45:00 
쯷퐑쪿쨁쩧놓:  TRUE TRUE TRUE TRUE 
쯷퐑쪿짾⒝쨁쩧놓:  TRUE TRUE FALSE 
====== 찬짳-鞭u-づ 쩧놓 ====== 2017/11/16 12:45:00 
쯷퐑쪿쨁쩧놓:  TRUE TRUE TRUE FALSE 
쯷퐑쪿짾⒝쨁쩧놓:  TRUE TRUE FALSE 
====== 찬짳-鞭u-づ 쩧놓 ====== 2017/11/17 08:45:00 
쯷퐑쪿쨁쩧놓:  TRUE TRUE TRUE TRUE 
쯷퐑쪿짾⒝쨁쩧놓:  TRUE TRUE FALSE 
====== 찬짳-鞭u-づ 쩧놓 ====== 2017/11/17 09:45:00 
쯷퐑쪿쨁쩧놓:  TRUE TRUE TRUE TRUE 
쯷퐑쪿짾⒝쨁쩧놓:  TRUE TRUE TRUE 
====== 찬짳-鞭u-づ 쩧놓 ====== 2017/11/17 10:45:00 
쯷퐑쪿쨁쩧놓:  TRUE TRUE TRUE TRUE 
쯷퐑쪿짾⒝쨁쩧놓:  TRUE TRUE TRUE 
====== 찬짳-鞭u-づ 쩧놓 ====== 2017/11/17 11:45:00 
쯷퐑쪿쨁쩧놓:  TRUE TRUE TRUE TRUE 
쯷퐑쪿짾⒝쨁쩧놓:  TRUE TRUE TRUE 
====== 찬짳-鞭u-づ 쩧놓 ====== 2017/11/17 12:45:00 
쯷퐑쪿쨁쩧놓:  TRUE TRUE FALSE FALSE 
쯷퐑쪿짾⒝쨁쩧놓:  TRUE TRUE TRUE 
====== 찬짳-鞭u-づ 쩧놓 ====== 2017/11/20 08:45:00 
쯷퐑쪿쨁쩧놓:  TRUE TRUE FALSE FALSE 
쯷퐑쪿짾⒝쨁쩧놓:  TRUE TRUE TRUE 
====== 찬짳-鞭u-づ 쩧놓 ====== 2017/11/20 09:45:00 
쯷퐑쪿쨁쩧놓:  TRUE TRUE FALSE FALSE 
쯷퐑쪿짾⒝쨁쩧놓:  TRUE TRUE TRUE 
====== 찬짳-鞭u-づ 쩧놓 ====== 2017/11/20 10:45:00 
쯷퐑쪿쨁쩧놓:  TRUE TRUE FALSE FALSE 
쯷퐑쪿짾⒝쨁쩧놓:  TRUE TRUE TRUE 
====== 찬짳-鞭u-づ 쩧놓 ====== 2017/11/20 11:45:00 
쯷퐑쪿쨁쩧놓:  TRUE TRUE FALSE FALSE 
쯷퐑쪿짾⒝쨁쩧놓:  TRUE TRUE TRUE 
====== 찬짳-鞭u-づ 쩧놓 ====== 2017/11/20 12:45:00 
쯷퐑쪿쨁쩧놓:  TRUE FALSE FALSE FALSE 
쯷퐑쪿짾⒝쨁쩧놓:  TRUE FALSE TRUE 
====== 찬짳-鞭u-づ 쩧놓 ====== 2017/11/21 08:45:00 
쯷퐑쪿쨁쩧놓:  TRUE TRUE FALSE FALSE 
쯷퐑쪿짾⒝쨁쩧놓:  TRUE TRUE TRUE 
====== 찬짳-鞭u-づ 쩧놓 ====== 2017/11/21 09:45:00 
쯷퐑쪿쨁쩧놓:  TRUE TRUE FALSE TRUE 
쯷퐑쪿짾⒝쨁쩧놓:  TRUE TRUE TRUE 
====== 찬짳-鞭u-づ 쩧놓 ====== 2017/11/21 10:45:00 
쯷퐑쪿쨁쩧놓:  TRUE TRUE FALSE TRUE 
쯷퐑쪿짾⒝쨁쩧놓:  TRUE TRUE TRUE 
====== 찬짳-鞭u-づ 쩧놓 ====== 2017/11/21 11:45:00 
쯷퐑쪿쨁쩧놓:  TRUE TRUE FALSE TRUE 
쯷퐑쪿짾⒝쨁쩧놓:  TRUE TRUE TRUE 
====== 찬짳-鞭u-づ 쩧놓 ====== 2017/11/21 12:45:00 
쯷퐑쪿쨁쩧놓:  TRUE TRUE FALSE TRUE 
쯷퐑쪿짾⒝쨁쩧놓:  TRUE TRUE TRUE 
====== 찬짳-鞭u-づ 쩧놓 ====== 2017/11/22 08:45:00 
쯷퐑쪿쨁쩧놓:  TRUE TRUE FALSE TRUE 
쯷퐑쪿짾⒝쨁쩧놓:  TRUE TRUE TRUE 
====== 찬짳-鞭u-づ 쩧놓 ====== 2017/11/22 09:45:00 
쯷퐑쪿쨁쩧놓:  TRUE TRUE FALSE TRUE 
쯷퐑쪿짾⒝쨁쩧놓:  TRUE TRUE TRUE 
====== 찬짳-鞭u-づ 쩧놓 ====== 2017/11/22 10:45:00 
쯷퐑쪿쨁쩧놓:  TRUE TRUE FALSE TRUE 
쯷퐑쪿짾⒝쨁쩧놓:  TRUE TRUE TRUE 
====== 찬짳-鞭u-づ 쩧놓 ====== 2017/11/22 11:45:00 
쯷퐑쪿쨁쩧놓:  TRUE TRUE FALSE TRUE 
쯷퐑쪿짾⒝쨁쩧놓:  TRUE TRUE TRUE 
====== 찬짳-鞭u-づ 쩧놓 ====== 2017/11/22 12:45:00 
쯷퐑쪿쨁쩧놓:  TRUE TRUE FALSE FALSE 
쯷퐑쪿짾⒝쨁쩧놓:  TRUE TRUE TRUE 
====== 찬짳-鞭u-づ 쩧놓 ====== 2017/11/23 08:45:00 
쯷퐑쪿쨁쩧놓:  TRUE TRUE FALSE FALSE 
쯷퐑쪿짾⒝쨁쩧놓:  TRUE TRUE TRUE 
====== 찬짳-鞭u-づ 쩧놓 ====== 2017/11/23 09:45:00 
쯷퐑쪿쨁쩧놓:  TRUE TRUE FALSE TRUE 
쯷퐑쪿짾⒝쨁쩧놓:  TRUE TRUE TRUE 
====== 찬짳-鞭u-づ 쩧놓 ====== 2017/11/23 10:45:00 
쯷퐑쪿쨁쩧놓:  TRUE TRUE FALSE FALSE 
쯷퐑쪿짾⒝쨁쩧놓:  TRUE TRUE TRUE 
====== 찬짳-鞭u-づ 쩧놓 ====== 2017/11/23 11:45:00 
쯷퐑쪿쨁쩧놓:  TRUE TRUE FALSE TRUE 
쯷퐑쪿짾⒝쨁쩧놓:  TRUE TRUE TRUE 
====== 찬짳-鞭u-づ 쩧놓 ====== 2017/11/23 12:45:00 
쯷퐑쪿쨁쩧놓:  TRUE TRUE FALSE TRUE 
쯷퐑쪿짾⒝쨁쩧놓:  TRUE TRUE TRUE 
====== 찬짳-鞭u-づ 쩧놓 ====== 2017/11/24 08:45:00 
쯷퐑쪿쨁쩧놓:  TRUE FALSE FALSE FALSE 
쯷퐑쪿짾⒝쨁쩧놓:  TRUE FALSE TRUE 
====== 찬짳-鞭u-づ 쩧놓 ====== 2017/11/24 09:45:00 
쯷퐑쪿쨁쩧놓:  TRUE FALSE FALSE FALSE 
쯷퐑쪿짾⒝쨁쩧놓:  TRUE FALSE TRUE 
====== 찬짳-鞭u-づ 쩧놓 ====== 2017/11/24 10:45:00 
쯷퐑쪿쨁쩧놓:  TRUE FALSE FALSE FALSE 
쯷퐑쪿짾⒝쨁쩧놓:  TRUE FALSE TRUE 
====== 찬짳-鞭u-づ 쩧놓 ====== 2017/11/24 11:45:00 
쯷퐑쪿쨁쩧놓:  TRUE FALSE FALSE FALSE 
쯷퐑쪿짾⒝쨁쩧놓:  TRUE FALSE TRUE 
====== 찬짳-鞭u-づ 쩧놓 ====== 2017/11/24 12:45:00 
쯷퐑쪿쨁쩧놓:  TRUE FALSE FALSE FALSE 
쯷퐑쪿짾⒝쨁쩧놓:  TRUE FALSE TRUE 
====== 찬짳-鞭u-づ 쩧놓 ====== 2017/11/27 08:45:00 
쯷퐑쪿쨁쩧놓:  TRUE FALSE FALSE FALSE 
쯷퐑쪿짾⒝쨁쩧놓:  TRUE FALSE FALSE 
====== 찬짳-鞭u-づ 쩧놓 ====== 2017/11/27 09:45:00 
쯷퐑쪿쨁쩧놓:  TRUE FALSE FALSE FALSE 
쯷퐑쪿짾⒝쨁쩧놓:  TRUE FALSE FALSE 
====== 찬짳-鞭u-づ 쩧놓 ====== 2017/11/27 10:45:00 
쯷퐑쪿쨁쩧놓:  TRUE FALSE FALSE FALSE 
쯷퐑쪿짾⒝쨁쩧놓:  TRUE FALSE FALSE 
====== 찬짳-鞭u-づ 쩧놓 ====== 2017/11/27 11:45:00 
쯷퐑쪿쨁쩧놓:  TRUE FALSE FALSE FALSE 
쯷퐑쪿짾⒝쨁쩧놓:  TRUE FALSE FALSE 
====== 찬짳-鞭u-づ 쩧놓 ====== 2017/11/27 12:45:00 
쯷퐑쪿쨁쩧놓:  TRUE FALSE FALSE FALSE 
쯷퐑쪿짾⒝쨁쩧놓:  TRUE FALSE FALSE 
====== 찬짳-鞭u-づ 쩧놓 ====== 2017/11/28 08:45:00 
쯷퐑쪿쨁쩧놓:  TRUE FALSE FALSE FALSE 
쯷퐑쪿짾⒝쨁쩧놓:  TRUE FALSE FALSE 
====== 찬짳-鞭u-づ 쩧놓 ====== 2017/11/28 09:45:00 
쯷퐑쪿쨁쩧놓:  TRUE FALSE FALSE FALSE 
쯷퐑쪿짾⒝쨁쩧놓:  TRUE FALSE FALSE 
====== 찬짳-鞭u-づ 쩧놓 ====== 2017/11/28 10:45:00 
쯷퐑쪿쨁쩧놓:  TRUE FALSE FALSE FALSE 
쯷퐑쪿짾⒝쨁쩧놓:  TRUE FALSE FALSE 
====== 찬짳-鞭u-づ 쩧놓 ====== 2017/11/28 11:45:00 
쯷퐑쪿쨁쩧놓:  TRUE FALSE FALSE FALSE 
쯷퐑쪿짾⒝쨁쩧놓:  TRUE FALSE FALSE 
====== 찬짳-鞭u-づ 쩧놓 ====== 2017/11/28 12:45:00 
쯷퐑쪿쨁쩧놓:  TRUE FALSE FALSE FALSE 
쯷퐑쪿짾⒝쨁쩧놓:  TRUE FALSE FALSE 
====== 찬짳-鞭u-づ 쩧놓 ====== 2017/11/29 08:45:00 
쯷퐑쪿쨁쩧놓:  TRUE FALSE FALSE TRUE 
쯷퐑쪿짾⒝쨁쩧놓:  TRUE FALSE FALSE 
====== 찬짳-鞭u-づ 쩧놓 ====== 2017/11/29 09:45:00 
쯷퐑쪿쨁쩧놓:  TRUE TRUE FALSE FALSE 
쯷퐑쪿짾⒝쨁쩧놓:  TRUE TRUE FALSE 
====== 찬짳-鞭u-づ 쩧놓 ====== 2017/11/29 10:45:00 
쯷퐑쪿쨁쩧놓:  TRUE FALSE FALSE FALSE 
쯷퐑쪿짾⒝쨁쩧놓:  TRUE FALSE FALSE 
====== 찬짳-鞭u-づ 쩧놓 ====== 2017/11/29 11:45:00 
쯷퐑쪿쨁쩧놓:  TRUE FALSE FALSE FALSE 
쯷퐑쪿짾⒝쨁쩧놓:  TRUE FALSE FALSE 
====== 찬짳-鞭u-づ 쩧놓 ====== 2017/11/29 12:45:00 
쯷퐑쪿쨁쩧놓:  TRUE FALSE FALSE FALSE 
쯷퐑쪿짾⒝쨁쩧놓:  TRUE FALSE FALSE 
====== 찬짳-鞭u-づ 쩧놓 ====== 2017/11/30 08:45:00 
쯷퐑쪿쨁쩧놓:  TRUE FALSE TRUE FALSE 
쯷퐑쪿짾⒝쨁쩧놓:  TRUE FALSE FALSE 
====== 찬짳-鞭u-づ 쩧놓 ====== 2017/11/30 09:45:00 
쯷퐑쪿쨁쩧놓:  TRUE FALSE TRUE FALSE 
쯷퐑쪿짾⒝쨁쩧놓:  TRUE FALSE FALSE 
====== 찬짳-鞭u-づ 쩧놓 ====== 2017/11/30 10:45:00 
쯷퐑쪿쨁쩧놓:  TRUE FALSE TRUE FALSE 
쯷퐑쪿짾⒝쨁쩧놓:  TRUE FALSE FALSE 
====== 찬짳-鞭u-づ 쩧놓 ====== 2017/11/30 11:45:00 
쯷퐑쪿쨁쩧놓:  TRUE FALSE TRUE FALSE 
쯷퐑쪿짾⒝쨁쩧놓:  TRUE FALSE FALSE 
====== 찬짳-鞭u-づ 쩧놓 ====== 2017/11/30 12:45:00 
쯷퐑쪿쨁쩧놓:  FALSE FALSE TRUE FALSE 
쯷퐑쪿짾⒝쨁쩧놓:  TRUE FALSE FALSE 
====== 찬짳-鞭u-づ 쩧놓 ====== 2017/12/01 08:45:00 
쯷퐑쪿쨁쩧놓:  TRUE FALSE TRUE FALSE 
쯷퐑쪿짾⒝쨁쩧놓:  TRUE FALSE FALSE 
====== 찬짳-鞭u-づ 쩧놓 ====== 2017/12/01 09:45:00 
쯷퐑쪿쨁쩧놓:  TRUE FALSE TRUE TRUE 
쯷퐑쪿짾⒝쨁쩧놓:  TRUE FALSE FALSE 
====== 찬짳-鞭u-づ 쩧놓 ====== 2017/12/01 10:45:00 
쯷퐑쪿쨁쩧놓:  TRUE FALSE TRUE TRUE 
쯷퐑쪿짾⒝쨁쩧놓:  TRUE FALSE FALSE 
====== 찬짳-鞭u-づ 쩧놓 ====== 2017/12/01 11:45:00 
쯷퐑쪿쨁쩧놓:  TRUE TRUE TRUE TRUE 
쯷퐑쪿짾⒝쨁쩧놓:  TRUE TRUE FALSE 
====== 찬짳-鞭u-づ 쩧놓 ====== 2017/10/30 12:45:00 
쯷퐑쪿쨁쩧놓:  TRUE FALSE FALSE FALSE 
쯷퐑쪿짾⒝쨁쩧놓:  TRUE FALSE TRUE 
====== 찬짳-鞭u-づ 쩧놓 ====== 2017/10/31 08:45:00 
쯷퐑쪿쨁쩧놓:  TRUE FALSE FALSE FALSE 
쯷퐑쪿짾⒝쨁쩧놓:  TRUE FALSE TRUE 
====== 찬짳-鞭u-づ 쩧놓 ====== 2017/10/31 09:45:00 
쯷퐑쪿쨁쩧놓:  TRUE TRUE FALSE FALSE 
쯷퐑쪿짾⒝쨁쩧놓:  TRUE TRUE TRUE 
====== 찬짳-鞭u-づ 쩧놓 ====== 2017/10/31 10:45:00 
쯷퐑쪿쨁쩧놓:  TRUE TRUE FALSE TRUE 
쯷퐑쪿짾⒝쨁쩧놓:  TRUE TRUE TRUE 
====== 찬짳-鞭u-づ 쩧놓 ====== 2017/10/31 11:45:00 
쯷퐑쪿쨁쩧놓:  TRUE TRUE FALSE TRUE 
쯷퐑쪿짾⒝쨁쩧놓:  TRUE TRUE TRUE 
====== 찬짳-鞭u-づ 쩧놓 ====== 2017/10/31 12:45:00 
쯷퐑쪿쨁쩧놓:  TRUE TRUE FALSE TRUE 
쯷퐑쪿짾⒝쨁쩧놓:  TRUE TRUE TRUE 
====== 찬짳-鞭u-づ 쩧놓 ====== 2017/11/01 08:45:00 
쯷퐑쪿쨁쩧놓:  TRUE TRUE FALSE TRUE 
쯷퐑쪿짾⒝쨁쩧놓:  TRUE TRUE TRUE 
====== 찬짳-鞭u-づ 쩧놓 ====== 2017/11/01 09:45:00 
쯷퐑쪿쨁쩧놓:  TRUE TRUE FALSE TRUE 
쯷퐑쪿짾⒝쨁쩧놓:  TRUE TRUE TRUE 
====== 찬짳-鞭u-づ 쩧놓 ====== 2017/11/01 10:45:00 
쯷퐑쪿쨁쩧놓:  TRUE TRUE FALSE FALSE 
쯷퐑쪿짾⒝쨁쩧놓:  TRUE TRUE TRUE 
====== 찬짳-鞭u-づ 쩧놓 ====== 2017/11/01 11:45:00 
쯷퐑쪿쨁쩧놓:  TRUE FALSE FALSE FALSE 
쯷퐑쪿짾⒝쨁쩧놓:  TRUE FALSE TRUE 
====== 찬짳-鞭u-づ 쩧놓 ====== 2017/11/01 12:45:00 
쯷퐑쪿쨁쩧놓:  TRUE TRUE FALSE FALSE 
쯷퐑쪿짾⒝쨁쩧놓:  TRUE TRUE TRUE 
====== 찬짳-鞭u-づ 쩧놓 ====== 2017/11/02 08:45:00 
쯷퐑쪿쨁쩧놓:  TRUE FALSE FALSE FALSE 
쯷퐑쪿짾⒝쨁쩧놓:  TRUE FALSE TRUE 
====== 찬짳-鞭u-づ 쩧놓 ====== 2017/11/02 09:45:00 
쯷퐑쪿쨁쩧놓:  TRUE FALSE FALSE FALSE 
쯷퐑쪿짾⒝쨁쩧놓:  TRUE FALSE TRUE 
====== 찬짳-鞭u-づ 쩧놓 ====== 2017/11/02 10:45:00 
쯷퐑쪿쨁쩧놓:  TRUE FALSE FALSE FALSE 
쯷퐑쪿짾⒝쨁쩧놓:  TRUE FALSE TRUE 
====== 찬짳-鞭u-づ 쩧놓 ====== 2017/11/02 11:45:00 
쯷퐑쪿쨁쩧놓:  TRUE FALSE FALSE FALSE 
쯷퐑쪿짾⒝쨁쩧놓:  TRUE FALSE TRUE 
====== 찬짳-鞭u-づ 쩧놓 ====== 2017/11/02 12:45:00 
쯷퐑쪿쨁쩧놓:  TRUE FALSE FALSE FALSE 
쯷퐑쪿짾⒝쨁쩧놓:  TRUE FALSE FALSE 
====== 찬짳-鞭u-づ 쩧놓 ====== 2017/11/03 08:45:00 
쯷퐑쪿쨁쩧놓:  TRUE FALSE FALSE FALSE 
쯷퐑쪿짾⒝쨁쩧놓:  TRUE FALSE FALSE 
====== 찬짳-鞭u-づ 쩧놓 ====== 2017/11/03 09:45:00 
쯷퐑쪿쨁쩧놓:  TRUE FALSE FALSE FALSE 
쯷퐑쪿짾⒝쨁쩧놓:  TRUE FALSE FALSE 
====== 찬짳-鞭u-づ 쩧놓 ====== 2017/11/03 10:45:00 
쯷퐑쪿쨁쩧놓:  TRUE FALSE FALSE FALSE 
쯷퐑쪿짾⒝쨁쩧놓:  TRUE FALSE FALSE 
====== 찬짳-鞭u-づ 쩧놓 ====== 2017/11/03 11:45:00 
쯷퐑쪿쨁쩧놓:  TRUE FALSE FALSE FALSE 
쯷퐑쪿짾⒝쨁쩧놓:  TRUE FALSE FALSE 
====== 찬짳-鞭u-づ 쩧놓 ====== 2017/11/03 12:45:00 
쯷퐑쪿쨁쩧놓:  TRUE FALSE FALSE FALSE 
쯷퐑쪿짾⒝쨁쩧놓:  TRUE FALSE FALSE 
====== 찬짳-鞭u-づ 쩧놓 ====== 2017/11/06 08:45:00 
쯷퐑쪿쨁쩧놓:  TRUE TRUE FALSE FALSE 
쯷퐑쪿짾⒝쨁쩧놓:  TRUE TRUE FALSE 
====== 찬짳-鞭u-づ 쩧놓 ====== 2017/11/06 09:45:00 
쯷퐑쪿쨁쩧놓:  TRUE FALSE FALSE FALSE 
쯷퐑쪿짾⒝쨁쩧놓:  TRUE FALSE FALSE 
====== 찬짳-鞭u-づ 쩧놓 ====== 2017/11/06 10:45:00 
쯷퐑쪿쨁쩧놓:  TRUE FALSE FALSE FALSE 
쯷퐑쪿짾⒝쨁쩧놓:  TRUE FALSE FALSE 
====== 찬짳-鞭u-づ 쩧놓 ====== 2017/11/06 11:45:00 
쯷퐑쪿쨁쩧놓:  TRUE FALSE FALSE FALSE 
쯷퐑쪿짾⒝쨁쩧놓:  TRUE FALSE FALSE 
====== 찬짳-鞭u-づ 쩧놓 ====== 2017/11/06 12:45:00 
쯷퐑쪿쨁쩧놓:  TRUE FALSE FALSE FALSE 
쯷퐑쪿짾⒝쨁쩧놓:  TRUE FALSE FALSE 
====== 찬짳-鞭u-づ 쩧놓 ====== 2017/11/07 08:45:00 
쯷퐑쪿쨁쩧놓:  TRUE TRUE FALSE TRUE 
쯷퐑쪿짾⒝쨁쩧놓:  TRUE TRUE FALSE 
====== 찬짳-鞭u-づ 쩧놓 ====== 2017/11/07 09:45:00 
쯷퐑쪿쨁쩧놓:  TRUE TRUE FALSE TRUE 
쯷퐑쪿짾⒝쨁쩧놓:  TRUE TRUE TRUE 
====== 찬짳-鞭u-づ 쩧놓 ====== 2017/11/07 10:45:00 
쯷퐑쪿쨁쩧놓:  TRUE TRUE FALSE TRUE 
쯷퐑쪿짾⒝쨁쩧놓:  TRUE TRUE TRUE 
====== 찬짳-鞭u-づ 쩧놓 ====== 2017/11/07 11:45:00 
쯷퐑쪿쨁쩧놓:  TRUE TRUE FALSE FALSE 
쯷퐑쪿짾⒝쨁쩧놓:  TRUE TRUE TRUE 
====== 찬짳-鞭u-づ 쩧놓 ====== 2017/11/07 12:45:00 
쯷퐑쪿쨁쩧놓:  TRUE TRUE FALSE TRUE 
쯷퐑쪿짾⒝쨁쩧놓:  TRUE TRUE TRUE 
====== 찬짳-鞭u-づ 쩧놓 ====== 2017/11/08 08:45:00 
쯷퐑쪿쨁쩧놓:  TRUE TRUE FALSE FALSE 
쯷퐑쪿짾⒝쨁쩧놓:  TRUE TRUE TRUE 
====== 찬짳-鞭u-づ 쩧놓 ====== 2017/11/08 09:45:00 
쯷퐑쪿쨁쩧놓:  TRUE TRUE FALSE FALSE 
쯷퐑쪿짾⒝쨁쩧놓:  TRUE TRUE TRUE 
====== 찬짳-鞭u-づ 쩧놓 ====== 2017/11/08 10:45:00 
쯷퐑쪿쨁쩧놓:  TRUE TRUE FALSE FALSE 
쯷퐑쪿짾⒝쨁쩧놓:  TRUE TRUE TRUE 
====== 찬짳-鞭u-づ 쩧놓 ====== 2017/11/08 11:45:00 
쯷퐑쪿쨁쩧놓:  TRUE TRUE FALSE FALSE 
쯷퐑쪿짾⒝쨁쩧놓:  TRUE TRUE TRUE 
====== 찬짳-鞭u-づ 쩧놓 ====== 2017/11/08 12:45:00 
쯷퐑쪿쨁쩧놓:  TRUE FALSE FALSE FALSE 
쯷퐑쪿짾⒝쨁쩧놓:  TRUE FALSE TRUE 
====== 찬짳-鞭u-づ 쩧놓 ====== 2017/11/09 08:45:00 
쯷퐑쪿쨁쩧놓:  TRUE FALSE FALSE FALSE 
쯷퐑쪿짾⒝쨁쩧놓:  TRUE FALSE TRUE 
====== 찬짳-鞭u-づ 쩧놓 ====== 2017/11/09 09:45:00 
쯷퐑쪿쨁쩧놓:  TRUE FALSE FALSE FALSE 
쯷퐑쪿짾⒝쨁쩧놓:  TRUE FALSE TRUE 
====== 찬짳-鞭u-づ 쩧놓 ====== 2017/11/09 10:45:00 
쯷퐑쪿쨁쩧놓:  TRUE FALSE FALSE FALSE 
쯷퐑쪿짾⒝쨁쩧놓:  TRUE FALSE TRUE 
====== 찬짳-鞭u-づ 쩧놓 ====== 2017/11/09 11:45:00 
쯷퐑쪿쨁쩧놓:  TRUE FALSE FALSE FALSE 
쯷퐑쪿짾⒝쨁쩧놓:  TRUE FALSE FALSE 
====== 찬짳-鞭u-づ 쩧놓 ====== 2017/11/09 12:45:00 
쯷퐑쪿쨁쩧놓:  TRUE FALSE FALSE FALSE 
쯷퐑쪿짾⒝쨁쩧놓:  TRUE FALSE FALSE 
====== 찬짳-鞭u-づ 쩧놓 ====== 2017/11/10 08:45:00 
쯷퐑쪿쨁쩧놓:  TRUE FALSE FALSE FALSE 
쯷퐑쪿짾⒝쨁쩧놓:  TRUE FALSE FALSE 
====== 찬짳-鞭u-づ 쩧놓 ====== 2017/11/10 09:45:00 
쯷퐑쪿쨁쩧놓:  TRUE FALSE FALSE FALSE 
쯷퐑쪿짾⒝쨁쩧놓:  TRUE FALSE FALSE 
====== 찬짳-鞭u-づ 쩧놓 ====== 2017/11/10 10:45:00 
쯷퐑쪿쨁쩧놓:  TRUE FALSE FALSE TRUE 
쯷퐑쪿짾⒝쨁쩧놓:  TRUE FALSE FALSE 
====== 찬짳-鞭u-づ 쩧놓 ====== 2017/11/10 11:45:00 
쯷퐑쪿쨁쩧놓:  TRUE FALSE FALSE TRUE 
쯷퐑쪿짾⒝쨁쩧놓:  TRUE FALSE FALSE 
====== 찬짳-鞭u-づ 쩧놓 ====== 2017/11/10 12:45:00 
쯷퐑쪿쨁쩧놓:  TRUE FALSE FALSE TRUE 
쯷퐑쪿짾⒝쨁쩧놓:  TRUE FALSE FALSE 
====== 찬짳-鞭u-づ 쩧놓 ====== 2017/11/13 08:45:00 
쯷퐑쪿쨁쩧놓:  TRUE FALSE FALSE FALSE 
쯷퐑쪿짾⒝쨁쩧놓:  TRUE FALSE FALSE 
====== 찬짳-鞭u-づ 쩧놓 ====== 2017/11/13 09:45:00 
쯷퐑쪿쨁쩧놓:  TRUE FALSE FALSE FALSE 
쯷퐑쪿짾⒝쨁쩧놓:  TRUE FALSE FALSE 
====== 찬짳-鞭u-づ 쩧놓 ====== 2017/11/13 10:45:00 
쯷퐑쪿쨁쩧놓:  TRUE TRUE FALSE FALSE 
쯷퐑쪿짾⒝쨁쩧놓:  TRUE TRUE FALSE 
====== 찬짳-鞭u-づ 쩧놓 ====== 2017/11/13 11:45:00 
쯷퐑쪿쨁쩧놓:  TRUE TRUE FALSE FALSE 
쯷퐑쪿짾⒝쨁쩧놓:  TRUE TRUE FALSE 
====== 찬짳-鞭u-づ 쩧놓 ====== 2017/11/13 12:45:00 
쯷퐑쪿쨁쩧놓:  TRUE FALSE FALSE FALSE 
쯷퐑쪿짾⒝쨁쩧놓:  TRUE FALSE FALSE 
====== 찬짳-鞭u-づ 쩧놓 ====== 2017/11/14 08:45:00 
쯷퐑쪿쨁쩧놓:  TRUE FALSE FALSE FALSE 
쯷퐑쪿짾⒝쨁쩧놓:  TRUE FALSE FALSE 
====== 찬짳-鞭u-づ 쩧놓 ====== 2017/11/14 09:45:00 
쯷퐑쪿쨁쩧놓:  TRUE FALSE FALSE FALSE 
쯷퐑쪿짾⒝쨁쩧놓:  TRUE FALSE FALSE 
====== 찬짳-鞭u-づ 쩧놓 ====== 2017/11/14 10:45:00 
쯷퐑쪿쨁쩧놓:  TRUE FALSE FALSE FALSE 
쯷퐑쪿짾⒝쨁쩧놓:  TRUE FALSE FALSE 
====== 찬짳-鞭u-づ 쩧놓 ====== 2017/11/14 11:45:00 
쯷퐑쪿쨁쩧놓:  TRUE FALSE FALSE FALSE 
쯷퐑쪿짾⒝쨁쩧놓:  TRUE FALSE FALSE 
====== 찬짳-鞭u-づ 쩧놓 ====== 2017/11/14 12:45:00 
쯷퐑쪿쨁쩧놓:  TRUE FALSE FALSE FALSE 
쯷퐑쪿짾⒝쨁쩧놓:  TRUE FALSE FALSE 
====== 찬짳-鞭u-づ 쩧놓 ====== 2017/11/15 08:45:00 
쯷퐑쪿쨁쩧놓:  TRUE FALSE FALSE FALSE 
쯷퐑쪿짾⒝쨁쩧놓:  TRUE FALSE FALSE 
====== 찬짳-鞭u-づ 쩧놓 ====== 2017/11/15 09:45:00 
쯷퐑쪿쨁쩧놓:  TRUE FALSE FALSE FALSE 
쯷퐑쪿짾⒝쨁쩧놓:  TRUE FALSE FALSE 
====== 찬짳-鞭u-づ 쩧놓 ====== 2017/11/15 10:45:00 
쯷퐑쪿쨁쩧놓:  TRUE FALSE TRUE FALSE 
쯷퐑쪿짾⒝쨁쩧놓:  TRUE FALSE FALSE 
====== 찬짳-鞭u-づ 쩧놓 ====== 2017/11/15 11:45:00 
쯷퐑쪿쨁쩧놓:  TRUE FALSE TRUE FALSE 
쯷퐑쪿짾⒝쨁쩧놓:  TRUE FALSE FALSE 
====== 찬짳-鞭u-づ 쩧놓 ====== 2017/11/15 12:45:00 
쯷퐑쪿쨁쩧놓:  TRUE FALSE TRUE FALSE 
쯷퐑쪿짾⒝쨁쩧놓:  TRUE FALSE FALSE 
====== 찬짳-鞭u-づ 쩧놓 ====== 2017/11/16 08:45:00 
쯷퐑쪿쨁쩧놓:  TRUE FALSE TRUE FALSE 
쯷퐑쪿짾⒝쨁쩧놓:  TRUE FALSE FALSE 
====== 찬짳-鞭u-づ 쩧놓 ====== 2017/11/16 09:45:00 
쯷퐑쪿쨁쩧놓:  TRUE FALSE TRUE TRUE 
쯷퐑쪿짾⒝쨁쩧놓:  TRUE FALSE FALSE 
====== 찬짳-鞭u-づ 쩧놓 ====== 2017/11/16 10:45:00 
쯷퐑쪿쨁쩧놓:  TRUE TRUE TRUE TRUE 
쯷퐑쪿짾⒝쨁쩧놓:  TRUE TRUE FALSE 
====== 찬짳-鞭u-づ 쩧놓 ====== 2017/11/16 11:45:00 
쯷퐑쪿쨁쩧놓:  TRUE TRUE TRUE TRUE 
쯷퐑쪿짾⒝쨁쩧놓:  TRUE TRUE FALSE 
====== 찬짳-鞭u-づ 쩧놓 ====== 2017/11/16 12:45:00 
쯷퐑쪿쨁쩧놓:  TRUE TRUE TRUE FALSE 
쯷퐑쪿짾⒝쨁쩧놓:  TRUE TRUE FALSE 
====== 찬짳-鞭u-づ 쩧놓 ====== 2017/11/17 08:45:00 
쯷퐑쪿쨁쩧놓:  TRUE TRUE TRUE TRUE 
쯷퐑쪿짾⒝쨁쩧놓:  TRUE TRUE FALSE 
====== 찬짳-鞭u-づ 쩧놓 ====== 2017/11/17 09:45:00 
쯷퐑쪿쨁쩧놓:  TRUE TRUE TRUE TRUE 
쯷퐑쪿짾⒝쨁쩧놓:  TRUE TRUE TRUE 
====== 찬짳-鞭u-づ 쩧놓 ====== 2017/11/17 10:45:00 
쯷퐑쪿쨁쩧놓:  TRUE TRUE TRUE TRUE 
쯷퐑쪿짾⒝쨁쩧놓:  TRUE TRUE TRUE 
====== 찬짳-鞭u-づ 쩧놓 ====== 2017/11/17 11:45:00 
쯷퐑쪿쨁쩧놓:  TRUE TRUE TRUE TRUE 
쯷퐑쪿짾⒝쨁쩧놓:  TRUE TRUE TRUE 
====== 찬짳-鞭u-づ 쩧놓 ====== 2017/11/17 12:45:00 
쯷퐑쪿쨁쩧놓:  TRUE TRUE FALSE FALSE 
쯷퐑쪿짾⒝쨁쩧놓:  TRUE TRUE TRUE 
====== 찬짳-鞭u-づ 쩧놓 ====== 2017/11/20 08:45:00 
쯷퐑쪿쨁쩧놓:  TRUE TRUE FALSE FALSE 
쯷퐑쪿짾⒝쨁쩧놓:  TRUE TRUE TRUE 
====== 찬짳-鞭u-づ 쩧놓 ====== 2017/11/20 09:45:00 
쯷퐑쪿쨁쩧놓:  TRUE TRUE FALSE FALSE 
쯷퐑쪿짾⒝쨁쩧놓:  TRUE TRUE TRUE 
====== 찬짳-鞭u-づ 쩧놓 ====== 2017/11/20 10:45:00 
쯷퐑쪿쨁쩧놓:  TRUE TRUE FALSE FALSE 
쯷퐑쪿짾⒝쨁쩧놓:  TRUE TRUE TRUE 
====== 찬짳-鞭u-づ 쩧놓 ====== 2017/11/20 11:45:00 
쯷퐑쪿쨁쩧놓:  TRUE TRUE FALSE FALSE 
쯷퐑쪿짾⒝쨁쩧놓:  TRUE TRUE TRUE 
====== 찬짳-鞭u-づ 쩧놓 ====== 2017/11/20 12:45:00 
쯷퐑쪿쨁쩧놓:  TRUE FALSE FALSE FALSE 
쯷퐑쪿짾⒝쨁쩧놓:  TRUE FALSE TRUE 
====== 찬짳-鞭u-づ 쩧놓 ====== 2017/11/21 08:45:00 
쯷퐑쪿쨁쩧놓:  TRUE TRUE FALSE FALSE 
쯷퐑쪿짾⒝쨁쩧놓:  TRUE TRUE TRUE 
====== 찬짳-鞭u-づ 쩧놓 ====== 2017/11/21 09:45:00 
쯷퐑쪿쨁쩧놓:  TRUE TRUE FALSE TRUE 
쯷퐑쪿짾⒝쨁쩧놓:  TRUE TRUE TRUE 
====== 찬짳-鞭u-づ 쩧놓 ====== 2017/11/21 10:45:00 
쯷퐑쪿쨁쩧놓:  TRUE TRUE FALSE TRUE 
쯷퐑쪿짾⒝쨁쩧놓:  TRUE TRUE TRUE 
====== 찬짳-鞭u-づ 쩧놓 ====== 2017/11/21 11:45:00 
쯷퐑쪿쨁쩧놓:  TRUE TRUE FALSE TRUE 
쯷퐑쪿짾⒝쨁쩧놓:  TRUE TRUE TRUE 
====== 찬짳-鞭u-づ 쩧놓 ====== 2017/11/21 12:45:00 
쯷퐑쪿쨁쩧놓:  TRUE TRUE FALSE TRUE 
쯷퐑쪿짾⒝쨁쩧놓:  TRUE TRUE TRUE 
====== 찬짳-鞭u-づ 쩧놓 ====== 2017/11/22 08:45:00 
쯷퐑쪿쨁쩧놓:  TRUE TRUE FALSE TRUE 
쯷퐑쪿짾⒝쨁쩧놓:  TRUE TRUE TRUE 
====== 찬짳-鞭u-づ 쩧놓 ====== 2017/11/22 09:45:00 
쯷퐑쪿쨁쩧놓:  TRUE TRUE FALSE TRUE 
쯷퐑쪿짾⒝쨁쩧놓:  TRUE TRUE TRUE 
====== 찬짳-鞭u-づ 쩧놓 ====== 2017/11/22 10:45:00 
쯷퐑쪿쨁쩧놓:  TRUE TRUE FALSE TRUE 
쯷퐑쪿짾⒝쨁쩧놓:  TRUE TRUE TRUE 
====== 찬짳-鞭u-づ 쩧놓 ====== 2017/11/22 11:45:00 
쯷퐑쪿쨁쩧놓:  TRUE TRUE FALSE TRUE 
쯷퐑쪿짾⒝쨁쩧놓:  TRUE TRUE TRUE 
====== 찬짳-鞭u-づ 쩧놓 ====== 2017/11/22 12:45:00 
쯷퐑쪿쨁쩧놓:  TRUE TRUE FALSE FALSE 
쯷퐑쪿짾⒝쨁쩧놓:  TRUE TRUE TRUE 
====== 찬짳-鞭u-づ 쩧놓 ====== 2017/11/23 08:45:00 
쯷퐑쪿쨁쩧놓:  TRUE TRUE FALSE FALSE 
쯷퐑쪿짾⒝쨁쩧놓:  TRUE TRUE TRUE 
====== 찬짳-鞭u-づ 쩧놓 ====== 2017/11/23 09:45:00 
쯷퐑쪿쨁쩧놓:  TRUE TRUE FALSE TRUE 
쯷퐑쪿짾⒝쨁쩧놓:  TRUE TRUE TRUE 
====== 찬짳-鞭u-づ 쩧놓 ====== 2017/11/23 10:45:00 
쯷퐑쪿쨁쩧놓:  TRUE TRUE FALSE FALSE 
쯷퐑쪿짾⒝쨁쩧놓:  TRUE TRUE TRUE 
====== 찬짳-鞭u-づ 쩧놓 ====== 2017/11/23 11:45:00 
쯷퐑쪿쨁쩧놓:  TRUE TRUE FALSE TRUE 
쯷퐑쪿짾⒝쨁쩧놓:  TRUE TRUE TRUE 
====== 찬짳-鞭u-づ 쩧놓 ====== 2017/11/23 12:45:00 
쯷퐑쪿쨁쩧놓:  TRUE TRUE FALSE TRUE 
쯷퐑쪿짾⒝쨁쩧놓:  TRUE TRUE TRUE 
====== 찬짳-鞭u-づ 쩧놓 ====== 2017/11/24 08:45:00 
쯷퐑쪿쨁쩧놓:  TRUE FALSE FALSE FALSE 
쯷퐑쪿짾⒝쨁쩧놓:  TRUE FALSE TRUE 
====== 찬짳-鞭u-づ 쩧놓 ====== 2017/11/24 09:45:00 
쯷퐑쪿쨁쩧놓:  TRUE FALSE FALSE FALSE 
쯷퐑쪿짾⒝쨁쩧놓:  TRUE FALSE TRUE 
====== 찬짳-鞭u-づ 쩧놓 ====== 2017/11/24 10:45:00 
쯷퐑쪿쨁쩧놓:  TRUE FALSE FALSE FALSE 
쯷퐑쪿짾⒝쨁쩧놓:  TRUE FALSE TRUE 
====== 찬짳-鞭u-づ 쩧놓 ====== 2017/11/24 11:45:00 
쯷퐑쪿쨁쩧놓:  TRUE FALSE FALSE FALSE 
쯷퐑쪿짾⒝쨁쩧놓:  TRUE FALSE TRUE 
====== 찬짳-鞭u-づ 쩧놓 ====== 2017/11/24 12:45:00 
쯷퐑쪿쨁쩧놓:  TRUE FALSE FALSE FALSE 
쯷퐑쪿짾⒝쨁쩧놓:  TRUE FALSE TRUE 
====== 찬짳-鞭u-づ 쩧놓 ====== 2017/11/27 08:45:00 
쯷퐑쪿쨁쩧놓:  TRUE FALSE FALSE FALSE 
쯷퐑쪿짾⒝쨁쩧놓:  TRUE FALSE FALSE 
====== 찬짳-鞭u-づ 쩧놓 ====== 2017/11/27 09:45:00 
쯷퐑쪿쨁쩧놓:  TRUE FALSE FALSE FALSE 
쯷퐑쪿짾⒝쨁쩧놓:  TRUE FALSE FALSE 
====== 찬짳-鞭u-づ 쩧놓 ====== 2017/11/27 10:45:00 
쯷퐑쪿쨁쩧놓:  TRUE FALSE FALSE FALSE 
쯷퐑쪿짾⒝쨁쩧놓:  TRUE FALSE FALSE 
====== 찬짳-鞭u-づ 쩧놓 ====== 2017/11/27 11:45:00 
쯷퐑쪿쨁쩧놓:  TRUE FALSE FALSE FALSE 
쯷퐑쪿짾⒝쨁쩧놓:  TRUE FALSE FALSE 
====== 찬짳-鞭u-づ 쩧놓 ====== 2017/11/27 12:45:00 
쯷퐑쪿쨁쩧놓:  TRUE FALSE FALSE FALSE 
쯷퐑쪿짾⒝쨁쩧놓:  TRUE FALSE FALSE 
====== 찬짳-鞭u-づ 쩧놓 ====== 2017/11/28 08:45:00 
쯷퐑쪿쨁쩧놓:  TRUE FALSE FALSE FALSE 
쯷퐑쪿짾⒝쨁쩧놓:  TRUE FALSE FALSE 
====== 찬짳-鞭u-づ 쩧놓 ====== 2017/11/28 09:45:00 
쯷퐑쪿쨁쩧놓:  TRUE FALSE FALSE FALSE 
쯷퐑쪿짾⒝쨁쩧놓:  TRUE FALSE FALSE 
====== 찬짳-鞭u-づ 쩧놓 ====== 2017/11/28 10:45:00 
쯷퐑쪿쨁쩧놓:  TRUE FALSE FALSE FALSE 
쯷퐑쪿짾⒝쨁쩧놓:  TRUE FALSE FALSE 
====== 찬짳-鞭u-づ 쩧놓 ====== 2017/11/28 11:45:00 
쯷퐑쪿쨁쩧놓:  TRUE FALSE FALSE FALSE 
쯷퐑쪿짾⒝쨁쩧놓:  TRUE FALSE FALSE 
====== 찬짳-鞭u-づ 쩧놓 ====== 2017/11/28 12:45:00 
쯷퐑쪿쨁쩧놓:  TRUE FALSE FALSE FALSE 
쯷퐑쪿짾⒝쨁쩧놓:  TRUE FALSE FALSE 
====== 찬짳-鞭u-づ 쩧놓 ====== 2017/11/29 08:45:00 
쯷퐑쪿쨁쩧놓:  TRUE FALSE FALSE TRUE 
쯷퐑쪿짾⒝쨁쩧놓:  TRUE FALSE FALSE 
====== 찬짳-鞭u-づ 쩧놓 ====== 2017/11/29 09:45:00 
쯷퐑쪿쨁쩧놓:  TRUE TRUE FALSE FALSE 
쯷퐑쪿짾⒝쨁쩧놓:  TRUE TRUE FALSE 
====== 찬짳-鞭u-づ 쩧놓 ====== 2017/11/29 10:45:00 
쯷퐑쪿쨁쩧놓:  TRUE FALSE FALSE FALSE 
쯷퐑쪿짾⒝쨁쩧놓:  TRUE FALSE FALSE 
====== 찬짳-鞭u-づ 쩧놓 ====== 2017/11/29 11:45:00 
쯷퐑쪿쨁쩧놓:  TRUE FALSE FALSE FALSE 
쯷퐑쪿짾⒝쨁쩧놓:  TRUE FALSE FALSE 
====== 찬짳-鞭u-づ 쩧놓 ====== 2017/11/29 12:45:00 
쯷퐑쪿쨁쩧놓:  TRUE FALSE FALSE FALSE 
쯷퐑쪿짾⒝쨁쩧놓:  TRUE FALSE FALSE 
====== 찬짳-鞭u-づ 쩧놓 ====== 2017/11/30 08:45:00 
쯷퐑쪿쨁쩧놓:  TRUE FALSE TRUE FALSE 
쯷퐑쪿짾⒝쨁쩧놓:  TRUE FALSE FALSE 
====== 찬짳-鞭u-づ 쩧놓 ====== 2017/11/30 09:45:00 
쯷퐑쪿쨁쩧놓:  TRUE FALSE TRUE FALSE 
쯷퐑쪿짾⒝쨁쩧놓:  TRUE FALSE FALSE 
====== 찬짳-鞭u-づ 쩧놓 ====== 2017/11/30 10:45:00 
쯷퐑쪿쨁쩧놓:  TRUE FALSE TRUE FALSE 
쯷퐑쪿짾⒝쨁쩧놓:  TRUE FALSE FALSE 
====== 찬짳-鞭u-づ 쩧놓 ====== 2017/11/30 11:45:00 
쯷퐑쪿쨁쩧놓:  TRUE FALSE TRUE FALSE 
쯷퐑쪿짾⒝쨁쩧놓:  TRUE FALSE FALSE 
====== 찬짳-鞭u-づ 쩧놓 ====== 2017/11/30 12:45:00 
쯷퐑쪿쨁쩧놓:  FALSE FALSE TRUE FALSE 
쯷퐑쪿짾⒝쨁쩧놓:  TRUE FALSE FALSE 
====== 찬짳-鞭u-づ 쩧놓 ====== 2017/12/01 08:45:00 
쯷퐑쪿쨁쩧놓:  TRUE FALSE TRUE FALSE 
쯷퐑쪿짾⒝쨁쩧놓:  TRUE FALSE FALSE 
====== 찬짳-鞭u-づ 쩧놓 ====== 2017/12/01 09:45:00 
쯷퐑쪿쨁쩧놓:  TRUE FALSE TRUE TRUE 
쯷퐑쪿짾⒝쨁쩧놓:  TRUE FALSE FALSE 
====== 찬짳-鞭u-づ 쩧놓 ====== 2017/12/01 10:45:00 
쯷퐑쪿쨁쩧놓:  TRUE FALSE TRUE TRUE 
쯷퐑쪿짾⒝쨁쩧놓:  TRUE FALSE FALSE 
====== 찬짳-鞭u-づ 쩧놓 ====== 2017/12/01 11:45:00 
쯷퐑쪿쨁쩧놓:  TRUE TRUE TRUE TRUE 
쯷퐑쪿짾⒝쨁쩧놓:  TRUE TRUE FALSE 
====== 찬짳-鞭u-づ 쩧놓 ====== 2017/12/01 12:45:00 
쯷퐑쪿쨁쩧놓:  TRUE TRUE TRUE TRUE 
쯷퐑쪿짾⒝쨁쩧놓:  TRUE TRUE FALSE 
====== 찬짳-鞭u-づ 쩧놓 ====== 2017/10/30 12:45:00 
쯷퐑쪿쨁쩧놓:  TRUE FALSE FALSE FALSE 
쯷퐑쪿짾⒝쨁쩧놓:  TRUE FALSE TRUE 
====== 찬짳-鞭u-づ 쩧놓 ====== 2017/10/31 08:45:00 
쯷퐑쪿쨁쩧놓:  TRUE FALSE FALSE FALSE 
쯷퐑쪿짾⒝쨁쩧놓:  TRUE FALSE TRUE 
====== 찬짳-鞭u-づ 쩧놓 ====== 2017/10/31 09:45:00 
쯷퐑쪿쨁쩧놓:  TRUE TRUE FALSE FALSE 
쯷퐑쪿짾⒝쨁쩧놓:  TRUE TRUE TRUE 
====== 찬짳-鞭u-づ 쩧놓 ====== 2017/10/31 10:45:00 
쯷퐑쪿쨁쩧놓:  TRUE TRUE FALSE TRUE 
쯷퐑쪿짾⒝쨁쩧놓:  TRUE TRUE TRUE 
====== 찬짳-鞭u-づ 쩧놓 ====== 2017/10/31 11:45:00 
쯷퐑쪿쨁쩧놓:  TRUE TRUE FALSE TRUE 
쯷퐑쪿짾⒝쨁쩧놓:  TRUE TRUE TRUE 
====== 찬짳-鞭u-づ 쩧놓 ====== 2017/10/31 12:45:00 
쯷퐑쪿쨁쩧놓:  TRUE TRUE FALSE TRUE 
쯷퐑쪿짾⒝쨁쩧놓:  TRUE TRUE TRUE 
====== 찬짳-鞭u-づ 쩧놓 ====== 2017/11/01 08:45:00 
쯷퐑쪿쨁쩧놓:  TRUE TRUE FALSE TRUE 
쯷퐑쪿짾⒝쨁쩧놓:  TRUE TRUE TRUE 
====== 찬짳-鞭u-づ 쩧놓 ====== 2017/11/01 09:45:00 
쯷퐑쪿쨁쩧놓:  TRUE TRUE FALSE TRUE 
쯷퐑쪿짾⒝쨁쩧놓:  TRUE TRUE TRUE 
====== 찬짳-鞭u-づ 쩧놓 ====== 2017/11/01 10:45:00 
쯷퐑쪿쨁쩧놓:  TRUE TRUE FALSE FALSE 
쯷퐑쪿짾⒝쨁쩧놓:  TRUE TRUE TRUE 
====== 찬짳-鞭u-づ 쩧놓 ====== 2017/11/01 11:45:00 
쯷퐑쪿쨁쩧놓:  TRUE FALSE FALSE FALSE 
쯷퐑쪿짾⒝쨁쩧놓:  TRUE FALSE TRUE 
====== 찬짳-鞭u-づ 쩧놓 ====== 2017/11/01 12:45:00 
쯷퐑쪿쨁쩧놓:  TRUE TRUE FALSE FALSE 
쯷퐑쪿짾⒝쨁쩧놓:  TRUE TRUE TRUE 
====== 찬짳-鞭u-づ 쩧놓 ====== 2017/11/02 08:45:00 
쯷퐑쪿쨁쩧놓:  TRUE FALSE FALSE FALSE 
쯷퐑쪿짾⒝쨁쩧놓:  TRUE FALSE TRUE 
====== 찬짳-鞭u-づ 쩧놓 ====== 2017/11/02 09:45:00 
쯷퐑쪿쨁쩧놓:  TRUE FALSE FALSE FALSE 
쯷퐑쪿짾⒝쨁쩧놓:  TRUE FALSE TRUE 
====== 찬짳-鞭u-づ 쩧놓 ====== 2017/11/02 10:45:00 
쯷퐑쪿쨁쩧놓:  TRUE FALSE FALSE FALSE 
쯷퐑쪿짾⒝쨁쩧놓:  TRUE FALSE TRUE 
====== 찬짳-鞭u-づ 쩧놓 ====== 2017/11/02 11:45:00 
쯷퐑쪿쨁쩧놓:  TRUE FALSE FALSE FALSE 
쯷퐑쪿짾⒝쨁쩧놓:  TRUE FALSE TRUE 
====== 찬짳-鞭u-づ 쩧놓 ====== 2017/11/02 12:45:00 
쯷퐑쪿쨁쩧놓:  TRUE FALSE FALSE FALSE 
쯷퐑쪿짾⒝쨁쩧놓:  TRUE FALSE FALSE 
====== 찬짳-鞭u-づ 쩧놓 ====== 2017/11/03 08:45:00 
쯷퐑쪿쨁쩧놓:  TRUE FALSE FALSE FALSE 
쯷퐑쪿짾⒝쨁쩧놓:  TRUE FALSE FALSE 
====== 찬짳-鞭u-づ 쩧놓 ====== 2017/11/03 09:45:00 
쯷퐑쪿쨁쩧놓:  TRUE FALSE FALSE FALSE 
쯷퐑쪿짾⒝쨁쩧놓:  TRUE FALSE FALSE 
====== 찬짳-鞭u-づ 쩧놓 ====== 2017/11/03 10:45:00 
쯷퐑쪿쨁쩧놓:  TRUE FALSE FALSE FALSE 
쯷퐑쪿짾⒝쨁쩧놓:  TRUE FALSE FALSE 
====== 찬짳-鞭u-づ 쩧놓 ====== 2017/11/03 11:45:00 
쯷퐑쪿쨁쩧놓:  TRUE FALSE FALSE FALSE 
쯷퐑쪿짾⒝쨁쩧놓:  TRUE FALSE FALSE 
====== 찬짳-鞭u-づ 쩧놓 ====== 2017/11/03 12:45:00 
쯷퐑쪿쨁쩧놓:  TRUE FALSE FALSE FALSE 
쯷퐑쪿짾⒝쨁쩧놓:  TRUE FALSE FALSE 
====== 찬짳-鞭u-づ 쩧놓 ====== 2017/11/06 08:45:00 
쯷퐑쪿쨁쩧놓:  TRUE TRUE FALSE FALSE 
쯷퐑쪿짾⒝쨁쩧놓:  TRUE TRUE FALSE 
====== 찬짳-鞭u-づ 쩧놓 ====== 2017/11/06 09:45:00 
쯷퐑쪿쨁쩧놓:  TRUE FALSE FALSE FALSE 
쯷퐑쪿짾⒝쨁쩧놓:  TRUE FALSE FALSE 
====== 찬짳-鞭u-づ 쩧놓 ====== 2017/11/06 10:45:00 
쯷퐑쪿쨁쩧놓:  TRUE FALSE FALSE FALSE 
쯷퐑쪿짾⒝쨁쩧놓:  TRUE FALSE FALSE 
====== 찬짳-鞭u-づ 쩧놓 ====== 2017/11/06 11:45:00 
쯷퐑쪿쨁쩧놓:  TRUE FALSE FALSE FALSE 
쯷퐑쪿짾⒝쨁쩧놓:  TRUE FALSE FALSE 
====== 찬짳-鞭u-づ 쩧놓 ====== 2017/11/06 12:45:00 
쯷퐑쪿쨁쩧놓:  TRUE FALSE FALSE FALSE 
쯷퐑쪿짾⒝쨁쩧놓:  TRUE FALSE FALSE 
====== 찬짳-鞭u-づ 쩧놓 ====== 2017/11/07 08:45:00 
쯷퐑쪿쨁쩧놓:  TRUE TRUE FALSE TRUE 
쯷퐑쪿짾⒝쨁쩧놓:  TRUE TRUE FALSE 
====== 찬짳-鞭u-づ 쩧놓 ====== 2017/11/07 09:45:00 
쯷퐑쪿쨁쩧놓:  TRUE TRUE FALSE TRUE 
쯷퐑쪿짾⒝쨁쩧놓:  TRUE TRUE TRUE 
====== 찬짳-鞭u-づ 쩧놓 ====== 2017/11/07 10:45:00 
쯷퐑쪿쨁쩧놓:  TRUE TRUE FALSE TRUE 
쯷퐑쪿짾⒝쨁쩧놓:  TRUE TRUE TRUE 
====== 찬짳-鞭u-づ 쩧놓 ====== 2017/11/07 11:45:00 
쯷퐑쪿쨁쩧놓:  TRUE TRUE FALSE FALSE 
쯷퐑쪿짾⒝쨁쩧놓:  TRUE TRUE TRUE 
====== 찬짳-鞭u-づ 쩧놓 ====== 2017/11/07 12:45:00 
쯷퐑쪿쨁쩧놓:  TRUE TRUE FALSE TRUE 
쯷퐑쪿짾⒝쨁쩧놓:  TRUE TRUE TRUE 
====== 찬짳-鞭u-づ 쩧놓 ====== 2017/11/08 08:45:00 
쯷퐑쪿쨁쩧놓:  TRUE TRUE FALSE FALSE 
쯷퐑쪿짾⒝쨁쩧놓:  TRUE TRUE TRUE 
====== 찬짳-鞭u-づ 쩧놓 ====== 2017/11/08 09:45:00 
쯷퐑쪿쨁쩧놓:  TRUE TRUE FALSE FALSE 
쯷퐑쪿짾⒝쨁쩧놓:  TRUE TRUE TRUE 
====== 찬짳-鞭u-づ 쩧놓 ====== 2017/11/08 10:45:00 
쯷퐑쪿쨁쩧놓:  TRUE TRUE FALSE FALSE 
쯷퐑쪿짾⒝쨁쩧놓:  TRUE TRUE TRUE 
====== 찬짳-鞭u-づ 쩧놓 ====== 2017/11/08 11:45:00 
쯷퐑쪿쨁쩧놓:  TRUE TRUE FALSE FALSE 
쯷퐑쪿짾⒝쨁쩧놓:  TRUE TRUE TRUE 
====== 찬짳-鞭u-づ 쩧놓 ====== 2017/11/08 12:45:00 
쯷퐑쪿쨁쩧놓:  TRUE FALSE FALSE FALSE 
쯷퐑쪿짾⒝쨁쩧놓:  TRUE FALSE TRUE 
====== 찬짳-鞭u-づ 쩧놓 ====== 2017/11/09 08:45:00 
쯷퐑쪿쨁쩧놓:  TRUE FALSE FALSE FALSE 
쯷퐑쪿짾⒝쨁쩧놓:  TRUE FALSE TRUE 
====== 찬짳-鞭u-づ 쩧놓 ====== 2017/11/09 09:45:00 
쯷퐑쪿쨁쩧놓:  TRUE FALSE FALSE FALSE 
쯷퐑쪿짾⒝쨁쩧놓:  TRUE FALSE TRUE 
====== 찬짳-鞭u-づ 쩧놓 ====== 2017/11/09 10:45:00 
쯷퐑쪿쨁쩧놓:  TRUE FALSE FALSE FALSE 
쯷퐑쪿짾⒝쨁쩧놓:  TRUE FALSE TRUE 
====== 찬짳-鞭u-づ 쩧놓 ====== 2017/11/09 11:45:00 
쯷퐑쪿쨁쩧놓:  TRUE FALSE FALSE FALSE 
쯷퐑쪿짾⒝쨁쩧놓:  TRUE FALSE FALSE 
====== 찬짳-鞭u-づ 쩧놓 ====== 2017/11/09 12:45:00 
쯷퐑쪿쨁쩧놓:  TRUE FALSE FALSE FALSE 
쯷퐑쪿짾⒝쨁쩧놓:  TRUE FALSE FALSE 
====== 찬짳-鞭u-づ 쩧놓 ====== 2017/11/10 08:45:00 
쯷퐑쪿쨁쩧놓:  TRUE FALSE FALSE FALSE 
쯷퐑쪿짾⒝쨁쩧놓:  TRUE FALSE FALSE 
====== 찬짳-鞭u-づ 쩧놓 ====== 2017/11/10 09:45:00 
쯷퐑쪿쨁쩧놓:  TRUE FALSE FALSE FALSE 
쯷퐑쪿짾⒝쨁쩧놓:  TRUE FALSE FALSE 
====== 찬짳-鞭u-づ 쩧놓 ====== 2017/11/10 10:45:00 
쯷퐑쪿쨁쩧놓:  TRUE FALSE FALSE TRUE 
쯷퐑쪿짾⒝쨁쩧놓:  TRUE FALSE FALSE 
====== 찬짳-鞭u-づ 쩧놓 ====== 2017/11/10 11:45:00 
쯷퐑쪿쨁쩧놓:  TRUE FALSE FALSE TRUE 
쯷퐑쪿짾⒝쨁쩧놓:  TRUE FALSE FALSE 
====== 찬짳-鞭u-づ 쩧놓 ====== 2017/11/10 12:45:00 
쯷퐑쪿쨁쩧놓:  TRUE FALSE FALSE TRUE 
쯷퐑쪿짾⒝쨁쩧놓:  TRUE FALSE FALSE 
====== 찬짳-鞭u-づ 쩧놓 ====== 2017/11/13 08:45:00 
쯷퐑쪿쨁쩧놓:  TRUE FALSE FALSE FALSE 
쯷퐑쪿짾⒝쨁쩧놓:  TRUE FALSE FALSE 
====== 찬짳-鞭u-づ 쩧놓 ====== 2017/11/13 09:45:00 
쯷퐑쪿쨁쩧놓:  TRUE FALSE FALSE FALSE 
쯷퐑쪿짾⒝쨁쩧놓:  TRUE FALSE FALSE 
====== 찬짳-鞭u-づ 쩧놓 ====== 2017/11/13 10:45:00 
쯷퐑쪿쨁쩧놓:  TRUE TRUE FALSE FALSE 
쯷퐑쪿짾⒝쨁쩧놓:  TRUE TRUE FALSE 
====== 찬짳-鞭u-づ 쩧놓 ====== 2017/11/13 11:45:00 
쯷퐑쪿쨁쩧놓:  TRUE TRUE FALSE FALSE 
쯷퐑쪿짾⒝쨁쩧놓:  TRUE TRUE FALSE 
====== 찬짳-鞭u-づ 쩧놓 ====== 2017/11/13 12:45:00 
쯷퐑쪿쨁쩧놓:  TRUE FALSE FALSE FALSE 
쯷퐑쪿짾⒝쨁쩧놓:  TRUE FALSE FALSE 
====== 찬짳-鞭u-づ 쩧놓 ====== 2017/11/14 08:45:00 
쯷퐑쪿쨁쩧놓:  TRUE FALSE FALSE FALSE 
쯷퐑쪿짾⒝쨁쩧놓:  TRUE FALSE FALSE 
====== 찬짳-鞭u-づ 쩧놓 ====== 2017/11/14 09:45:00 
쯷퐑쪿쨁쩧놓:  TRUE FALSE FALSE FALSE 
쯷퐑쪿짾⒝쨁쩧놓:  TRUE FALSE FALSE 
====== 찬짳-鞭u-づ 쩧놓 ====== 2017/11/14 10:45:00 
쯷퐑쪿쨁쩧놓:  TRUE FALSE FALSE FALSE 
쯷퐑쪿짾⒝쨁쩧놓:  TRUE FALSE FALSE 
====== 찬짳-鞭u-づ 쩧놓 ====== 2017/11/14 11:45:00 
쯷퐑쪿쨁쩧놓:  TRUE FALSE FALSE FALSE 
쯷퐑쪿짾⒝쨁쩧놓:  TRUE FALSE FALSE 
====== 찬짳-鞭u-づ 쩧놓 ====== 2017/11/14 12:45:00 
쯷퐑쪿쨁쩧놓:  TRUE FALSE FALSE FALSE 
쯷퐑쪿짾⒝쨁쩧놓:  TRUE FALSE FALSE 
====== 찬짳-鞭u-づ 쩧놓 ====== 2017/11/15 08:45:00 
쯷퐑쪿쨁쩧놓:  TRUE FALSE FALSE FALSE 
쯷퐑쪿짾⒝쨁쩧놓:  TRUE FALSE FALSE 
====== 찬짳-鞭u-づ 쩧놓 ====== 2017/11/15 09:45:00 
쯷퐑쪿쨁쩧놓:  TRUE FALSE FALSE FALSE 
쯷퐑쪿짾⒝쨁쩧놓:  TRUE FALSE FALSE 
====== 찬짳-鞭u-づ 쩧놓 ====== 2017/11/15 10:45:00 
쯷퐑쪿쨁쩧놓:  TRUE FALSE TRUE FALSE 
쯷퐑쪿짾⒝쨁쩧놓:  TRUE FALSE FALSE 
====== 찬짳-鞭u-づ 쩧놓 ====== 2017/11/15 11:45:00 
쯷퐑쪿쨁쩧놓:  TRUE FALSE TRUE FALSE 
쯷퐑쪿짾⒝쨁쩧놓:  TRUE FALSE FALSE 
====== 찬짳-鞭u-づ 쩧놓 ====== 2017/11/15 12:45:00 
쯷퐑쪿쨁쩧놓:  TRUE FALSE TRUE FALSE 
쯷퐑쪿짾⒝쨁쩧놓:  TRUE FALSE FALSE 
====== 찬짳-鞭u-づ 쩧놓 ====== 2017/11/16 08:45:00 
쯷퐑쪿쨁쩧놓:  TRUE FALSE TRUE FALSE 
쯷퐑쪿짾⒝쨁쩧놓:  TRUE FALSE FALSE 
====== 찬짳-鞭u-づ 쩧놓 ====== 2017/11/16 09:45:00 
쯷퐑쪿쨁쩧놓:  TRUE FALSE TRUE TRUE 
쯷퐑쪿짾⒝쨁쩧놓:  TRUE FALSE FALSE 
====== 찬짳-鞭u-づ 쩧놓 ====== 2017/11/16 10:45:00 
쯷퐑쪿쨁쩧놓:  TRUE TRUE TRUE TRUE 
쯷퐑쪿짾⒝쨁쩧놓:  TRUE TRUE FALSE 
====== 찬짳-鞭u-づ 쩧놓 ====== 2017/11/16 11:45:00 
쯷퐑쪿쨁쩧놓:  TRUE TRUE TRUE TRUE 
쯷퐑쪿짾⒝쨁쩧놓:  TRUE TRUE FALSE 
====== 찬짳-鞭u-づ 쩧놓 ====== 2017/11/16 12:45:00 
쯷퐑쪿쨁쩧놓:  TRUE TRUE TRUE FALSE 
쯷퐑쪿짾⒝쨁쩧놓:  TRUE TRUE FALSE 
====== 찬짳-鞭u-づ 쩧놓 ====== 2017/11/17 08:45:00 
쯷퐑쪿쨁쩧놓:  TRUE TRUE TRUE TRUE 
쯷퐑쪿짾⒝쨁쩧놓:  TRUE TRUE FALSE 
====== 찬짳-鞭u-づ 쩧놓 ====== 2017/11/17 09:45:00 
쯷퐑쪿쨁쩧놓:  TRUE TRUE TRUE TRUE 
쯷퐑쪿짾⒝쨁쩧놓:  TRUE TRUE TRUE 
====== 찬짳-鞭u-づ 쩧놓 ====== 2017/11/17 10:45:00 
쯷퐑쪿쨁쩧놓:  TRUE TRUE TRUE TRUE 
쯷퐑쪿짾⒝쨁쩧놓:  TRUE TRUE TRUE 
====== 찬짳-鞭u-づ 쩧놓 ====== 2017/11/17 11:45:00 
쯷퐑쪿쨁쩧놓:  TRUE TRUE TRUE TRUE 
쯷퐑쪿짾⒝쨁쩧놓:  TRUE TRUE TRUE 
====== 찬짳-鞭u-づ 쩧놓 ====== 2017/11/17 12:45:00 
쯷퐑쪿쨁쩧놓:  TRUE TRUE FALSE FALSE 
쯷퐑쪿짾⒝쨁쩧놓:  TRUE TRUE TRUE 
====== 찬짳-鞭u-づ 쩧놓 ====== 2017/11/20 08:45:00 
쯷퐑쪿쨁쩧놓:  TRUE TRUE FALSE FALSE 
쯷퐑쪿짾⒝쨁쩧놓:  TRUE TRUE TRUE 
====== 찬짳-鞭u-づ 쩧놓 ====== 2017/11/20 09:45:00 
쯷퐑쪿쨁쩧놓:  TRUE TRUE FALSE FALSE 
쯷퐑쪿짾⒝쨁쩧놓:  TRUE TRUE TRUE 
====== 찬짳-鞭u-づ 쩧놓 ====== 2017/11/20 10:45:00 
쯷퐑쪿쨁쩧놓:  TRUE TRUE FALSE FALSE 
쯷퐑쪿짾⒝쨁쩧놓:  TRUE TRUE TRUE 
====== 찬짳-鞭u-づ 쩧놓 ====== 2017/11/20 11:45:00 
쯷퐑쪿쨁쩧놓:  TRUE TRUE FALSE FALSE 
쯷퐑쪿짾⒝쨁쩧놓:  TRUE TRUE TRUE 
====== 찬짳-鞭u-づ 쩧놓 ====== 2017/11/20 12:45:00 
쯷퐑쪿쨁쩧놓:  TRUE FALSE FALSE FALSE 
쯷퐑쪿짾⒝쨁쩧놓:  TRUE FALSE TRUE 
====== 찬짳-鞭u-づ 쩧놓 ====== 2017/11/21 08:45:00 
쯷퐑쪿쨁쩧놓:  TRUE TRUE FALSE FALSE 
쯷퐑쪿짾⒝쨁쩧놓:  TRUE TRUE TRUE 
====== 찬짳-鞭u-づ 쩧놓 ====== 2017/11/21 09:45:00 
쯷퐑쪿쨁쩧놓:  TRUE TRUE FALSE TRUE 
쯷퐑쪿짾⒝쨁쩧놓:  TRUE TRUE TRUE 
====== 찬짳-鞭u-づ 쩧놓 ====== 2017/11/21 10:45:00 
쯷퐑쪿쨁쩧놓:  TRUE TRUE FALSE TRUE 
쯷퐑쪿짾⒝쨁쩧놓:  TRUE TRUE TRUE 
====== 찬짳-鞭u-づ 쩧놓 ====== 2017/11/21 11:45:00 
쯷퐑쪿쨁쩧놓:  TRUE TRUE FALSE TRUE 
쯷퐑쪿짾⒝쨁쩧놓:  TRUE TRUE TRUE 
====== 찬짳-鞭u-づ 쩧놓 ====== 2017/11/21 12:45:00 
쯷퐑쪿쨁쩧놓:  TRUE TRUE FALSE TRUE 
쯷퐑쪿짾⒝쨁쩧놓:  TRUE TRUE TRUE 
====== 찬짳-鞭u-づ 쩧놓 ====== 2017/11/22 08:45:00 
쯷퐑쪿쨁쩧놓:  TRUE TRUE FALSE TRUE 
쯷퐑쪿짾⒝쨁쩧놓:  TRUE TRUE TRUE 
====== 찬짳-鞭u-づ 쩧놓 ====== 2017/11/22 09:45:00 
쯷퐑쪿쨁쩧놓:  TRUE TRUE FALSE TRUE 
쯷퐑쪿짾⒝쨁쩧놓:  TRUE TRUE TRUE 
====== 찬짳-鞭u-づ 쩧놓 ====== 2017/11/22 10:45:00 
쯷퐑쪿쨁쩧놓:  TRUE TRUE FALSE TRUE 
쯷퐑쪿짾⒝쨁쩧놓:  TRUE TRUE TRUE 
====== 찬짳-鞭u-づ 쩧놓 ====== 2017/11/22 11:45:00 
쯷퐑쪿쨁쩧놓:  TRUE TRUE FALSE TRUE 
쯷퐑쪿짾⒝쨁쩧놓:  TRUE TRUE TRUE 
====== 찬짳-鞭u-づ 쩧놓 ====== 2017/11/22 12:45:00 
쯷퐑쪿쨁쩧놓:  TRUE TRUE FALSE FALSE 
쯷퐑쪿짾⒝쨁쩧놓:  TRUE TRUE TRUE 
====== 찬짳-鞭u-づ 쩧놓 ====== 2017/11/23 08:45:00 
쯷퐑쪿쨁쩧놓:  TRUE TRUE FALSE FALSE 
쯷퐑쪿짾⒝쨁쩧놓:  TRUE TRUE TRUE 
====== 찬짳-鞭u-づ 쩧놓 ====== 2017/11/23 09:45:00 
쯷퐑쪿쨁쩧놓:  TRUE TRUE FALSE TRUE 
쯷퐑쪿짾⒝쨁쩧놓:  TRUE TRUE TRUE 
====== 찬짳-鞭u-づ 쩧놓 ====== 2017/11/23 10:45:00 
쯷퐑쪿쨁쩧놓:  TRUE TRUE FALSE FALSE 
쯷퐑쪿짾⒝쨁쩧놓:  TRUE TRUE TRUE 
====== 찬짳-鞭u-づ 쩧놓 ====== 2017/11/23 11:45:00 
쯷퐑쪿쨁쩧놓:  TRUE TRUE FALSE TRUE 
쯷퐑쪿짾⒝쨁쩧놓:  TRUE TRUE TRUE 
====== 찬짳-鞭u-づ 쩧놓 ====== 2017/11/23 12:45:00 
쯷퐑쪿쨁쩧놓:  TRUE TRUE FALSE TRUE 
쯷퐑쪿짾⒝쨁쩧놓:  TRUE TRUE TRUE 
====== 찬짳-鞭u-づ 쩧놓 ====== 2017/11/24 08:45:00 
쯷퐑쪿쨁쩧놓:  TRUE FALSE FALSE FALSE 
쯷퐑쪿짾⒝쨁쩧놓:  TRUE FALSE TRUE 
====== 찬짳-鞭u-づ 쩧놓 ====== 2017/11/24 09:45:00 
쯷퐑쪿쨁쩧놓:  TRUE FALSE FALSE FALSE 
쯷퐑쪿짾⒝쨁쩧놓:  TRUE FALSE TRUE 
====== 찬짳-鞭u-づ 쩧놓 ====== 2017/11/24 10:45:00 
쯷퐑쪿쨁쩧놓:  TRUE FALSE FALSE FALSE 
쯷퐑쪿짾⒝쨁쩧놓:  TRUE FALSE TRUE 
====== 찬짳-鞭u-づ 쩧놓 ====== 2017/11/24 11:45:00 
쯷퐑쪿쨁쩧놓:  TRUE FALSE FALSE FALSE 
쯷퐑쪿짾⒝쨁쩧놓:  TRUE FALSE TRUE 
====== 찬짳-鞭u-づ 쩧놓 ====== 2017/11/24 12:45:00 
쯷퐑쪿쨁쩧놓:  TRUE FALSE FALSE FALSE 
쯷퐑쪿짾⒝쨁쩧놓:  TRUE FALSE TRUE 
====== 찬짳-鞭u-づ 쩧놓 ====== 2017/11/27 08:45:00 
쯷퐑쪿쨁쩧놓:  TRUE FALSE FALSE FALSE 
쯷퐑쪿짾⒝쨁쩧놓:  TRUE FALSE FALSE 
====== 찬짳-鞭u-づ 쩧놓 ====== 2017/11/27 09:45:00 
쯷퐑쪿쨁쩧놓:  TRUE FALSE FALSE FALSE 
쯷퐑쪿짾⒝쨁쩧놓:  TRUE FALSE FALSE 
====== 찬짳-鞭u-づ 쩧놓 ====== 2017/11/27 10:45:00 
쯷퐑쪿쨁쩧놓:  TRUE FALSE FALSE FALSE 
쯷퐑쪿짾⒝쨁쩧놓:  TRUE FALSE FALSE 
====== 찬짳-鞭u-づ 쩧놓 ====== 2017/11/27 11:45:00 
쯷퐑쪿쨁쩧놓:  TRUE FALSE FALSE FALSE 
쯷퐑쪿짾⒝쨁쩧놓:  TRUE FALSE FALSE 
====== 찬짳-鞭u-づ 쩧놓 ====== 2017/11/27 12:45:00 
쯷퐑쪿쨁쩧놓:  TRUE FALSE FALSE FALSE 
쯷퐑쪿짾⒝쨁쩧놓:  TRUE FALSE FALSE 
====== 찬짳-鞭u-づ 쩧놓 ====== 2017/11/28 08:45:00 
쯷퐑쪿쨁쩧놓:  TRUE FALSE FALSE FALSE 
쯷퐑쪿짾⒝쨁쩧놓:  TRUE FALSE FALSE 
====== 찬짳-鞭u-づ 쩧놓 ====== 2017/11/28 09:45:00 
쯷퐑쪿쨁쩧놓:  TRUE FALSE FALSE FALSE 
쯷퐑쪿짾⒝쨁쩧놓:  TRUE FALSE FALSE 
====== 찬짳-鞭u-づ 쩧놓 ====== 2017/11/28 10:45:00 
쯷퐑쪿쨁쩧놓:  TRUE FALSE FALSE FALSE 
쯷퐑쪿짾⒝쨁쩧놓:  TRUE FALSE FALSE 
====== 찬짳-鞭u-づ 쩧놓 ====== 2017/11/28 11:45:00 
쯷퐑쪿쨁쩧놓:  TRUE FALSE FALSE FALSE 
쯷퐑쪿짾⒝쨁쩧놓:  TRUE FALSE FALSE 
====== 찬짳-鞭u-づ 쩧놓 ====== 2017/11/28 12:45:00 
쯷퐑쪿쨁쩧놓:  TRUE FALSE FALSE FALSE 
쯷퐑쪿짾⒝쨁쩧놓:  TRUE FALSE FALSE 
====== 찬짳-鞭u-づ 쩧놓 ====== 2017/11/29 08:45:00 
쯷퐑쪿쨁쩧놓:  TRUE FALSE FALSE TRUE 
쯷퐑쪿짾⒝쨁쩧놓:  TRUE FALSE FALSE 
====== 찬짳-鞭u-づ 쩧놓 ====== 2017/11/29 09:45:00 
쯷퐑쪿쨁쩧놓:  TRUE TRUE FALSE FALSE 
쯷퐑쪿짾⒝쨁쩧놓:  TRUE TRUE FALSE 
====== 찬짳-鞭u-づ 쩧놓 ====== 2017/11/29 10:45:00 
쯷퐑쪿쨁쩧놓:  TRUE FALSE FALSE FALSE 
쯷퐑쪿짾⒝쨁쩧놓:  TRUE FALSE FALSE 
====== 찬짳-鞭u-づ 쩧놓 ====== 2017/11/29 11:45:00 
쯷퐑쪿쨁쩧놓:  TRUE FALSE FALSE FALSE 
쯷퐑쪿짾⒝쨁쩧놓:  TRUE FALSE FALSE 
====== 찬짳-鞭u-づ 쩧놓 ====== 2017/11/29 12:45:00 
쯷퐑쪿쨁쩧놓:  TRUE FALSE FALSE FALSE 
쯷퐑쪿짾⒝쨁쩧놓:  TRUE FALSE FALSE 
====== 찬짳-鞭u-づ 쩧놓 ====== 2017/11/30 08:45:00 
쯷퐑쪿쨁쩧놓:  TRUE FALSE TRUE FALSE 
쯷퐑쪿짾⒝쨁쩧놓:  TRUE FALSE FALSE 
====== 찬짳-鞭u-づ 쩧놓 ====== 2017/11/30 09:45:00 
쯷퐑쪿쨁쩧놓:  TRUE FALSE TRUE FALSE 
쯷퐑쪿짾⒝쨁쩧놓:  TRUE FALSE FALSE 
====== 찬짳-鞭u-づ 쩧놓 ====== 2017/11/30 10:45:00 
쯷퐑쪿쨁쩧놓:  TRUE FALSE TRUE FALSE 
쯷퐑쪿짾⒝쨁쩧놓:  TRUE FALSE FALSE 
====== 찬짳-鞭u-づ 쩧놓 ====== 2017/11/30 11:45:00 
쯷퐑쪿쨁쩧놓:  TRUE FALSE TRUE FALSE 
쯷퐑쪿짾⒝쨁쩧놓:  TRUE FALSE FALSE 
====== 찬짳-鞭u-づ 쩧놓 ====== 2017/11/30 12:45:00 
쯷퐑쪿쨁쩧놓:  FALSE FALSE TRUE FALSE 
쯷퐑쪿짾⒝쨁쩧놓:  TRUE FALSE FALSE 
====== 찬짳-鞭u-づ 쩧놓 ====== 2017/12/01 08:45:00 
쯷퐑쪿쨁쩧놓:  TRUE FALSE TRUE FALSE 
쯷퐑쪿짾⒝쨁쩧놓:  TRUE FALSE FALSE 
====== 찬짳-鞭u-づ 쩧놓 ====== 2017/12/01 09:45:00 
쯷퐑쪿쨁쩧놓:  TRUE FALSE TRUE TRUE 
쯷퐑쪿짾⒝쨁쩧놓:  TRUE FALSE FALSE 
====== 찬짳-鞭u-づ 쩧놓 ====== 2017/12/01 10:45:00 
쯷퐑쪿쨁쩧놓:  TRUE FALSE TRUE TRUE 
쯷퐑쪿짾⒝쨁쩧놓:  TRUE FALSE FALSE 
====== 찬짳-鞭u-づ 쩧놓 ====== 2017/12/01 11:45:00 
쯷퐑쪿쨁쩧놓:  TRUE TRUE TRUE TRUE 
쯷퐑쪿짾⒝쨁쩧놓:  TRUE TRUE FALSE 
====== 찬짳-鞭u-づ 쩧놓 ====== 2017/12/01 12:45:00 
쯷퐑쪿쨁쩧놓:  TRUE TRUE TRUE TRUE 
쯷퐑쪿짾⒝쨁쩧놓:  TRUE TRUE FALSE 
