aveDir18 分數(需小於-7): 1 
DIF方向(需為負向): 0.000000 
指數(要低於ave18): 10816  ave18: 10734 
2小時均線方向(需為負向): 1.000000 
90小時線離指數差(需小於150): -87.588889 
雙刀-長線-空 策略1:  2017/11/22 12:45:00 FALSE FALSE FALSE FALSE TRUE 
雙刀-長線-空 策略2:  2017/11/22 12:45:00 FALSE FALSE FALSE FALSE FALSE TRUE 
雙刀-長線-空 策略3:  2017/11/22 12:45:00 FALSE FALSE FALSE FALSE FALSE TRUE 
aveDir18 分數(需小於-7): 2 
DIF方向(需為負向): -1.000000 
指數(要低於ave18): 10805  ave18: 10740 
2小時均線方向(需為負向): -1.000000 
90小時線離指數差(需小於150): -75.888889 
雙刀-長線-空 策略1:  2017/11/23 08:45:00 FALSE TRUE FALSE TRUE TRUE 
雙刀-長線-空 策略2:  2017/11/23 08:45:00 FALSE FALSE TRUE FALSE TRUE TRUE 
雙刀-長線-空 策略3:  2017/11/23 08:45:00 FALSE FALSE TRUE FALSE TRUE TRUE 
aveDir18 分數(需小於-7): 3 
DIF方向(需為負向): 1.000000 
指數(要低於ave18): 10836  ave18: 10749 
2小時均線方向(需為負向): 1.000000 
90小時線離指數差(需小於150): -105.788889 
雙刀-長線-空 策略1:  2017/11/23 09:45:00 FALSE FALSE FALSE FALSE TRUE 
雙刀-長線-空 策略2:  2017/11/23 09:45:00 FALSE FALSE FALSE FALSE FALSE TRUE 
雙刀-長線-空 策略3:  2017/11/23 09:45:00 FALSE FALSE FALSE FALSE FALSE TRUE 
aveDir18 分數(需小於-7): 4 
DIF方向(需為負向): 1.000000 
指數(要低於ave18): 10833  ave18: 10756 
2小時均線方向(需為負向): 1.000000 
90小時線離指數差(需小於150): -101.811111 
雙刀-長線-空 策略1:  2017/11/23 10:45:00 FALSE FALSE FALSE FALSE TRUE 
雙刀-長線-空 策略2:  2017/11/23 10:45:00 FALSE FALSE FALSE FALSE FALSE TRUE 
雙刀-長線-空 策略3:  2017/11/23 10:45:00 FALSE FALSE FALSE FALSE FALSE TRUE 
aveDir18 分數(需小於-7): 5 
DIF方向(需為負向): 1.000000 
指數(要低於ave18): 10839  ave18: 10765 
2小時均線方向(需為負向): 1.000000 
90小時線離指數差(需小於150): -106.677778 
雙刀-長線-空 策略1:  2017/11/23 11:45:00 FALSE FALSE FALSE FALSE TRUE 
雙刀-長線-空 策略2:  2017/11/23 11:45:00 FALSE FALSE FALSE FALSE FALSE TRUE 
雙刀-長線-空 策略3:  2017/11/23 11:45:00 FALSE FALSE FALSE FALSE FALSE TRUE 
aveDir18 分數(需小於-7): 6 
DIF方向(需為負向): 1.000000 
指數(要低於ave18): 10843  ave18: 10775 
2小時均線方向(需為負向): 1.000000 
90小時線離指數差(需小於150): -109.477778 
雙刀-長線-空 策略1:  2017/11/23 12:45:00 FALSE FALSE FALSE FALSE TRUE 
雙刀-長線-空 策略2:  2017/11/23 12:45:00 FALSE FALSE FALSE FALSE FALSE TRUE 
雙刀-長線-空 策略3:  2017/11/23 12:45:00 FALSE FALSE FALSE FALSE FALSE TRUE 
aveDir18 分數(需小於-7): 7 
DIF方向(需為負向): 1.000000 
指數(要低於ave18): 10835  ave18: 10784 
2小時均線方向(需為負向): -1.000000 
90小時線離指數差(需小於150): -100.377778 
雙刀-長線-空 策略1:  2017/11/24 08:45:00 FALSE FALSE FALSE TRUE TRUE 
雙刀-長線-空 策略2:  2017/11/24 08:45:00 FALSE FALSE FALSE FALSE TRUE TRUE 
雙刀-長線-空 策略3:  2017/11/24 08:45:00 FALSE FALSE FALSE FALSE TRUE TRUE 
aveDir18 分數(需小於-7): 8 
DIF方向(需為負向): 1.000000 
指數(要低於ave18): 10832  ave18: 10795 
2小時均線方向(需為負向): -1.000000 
90小時線離指數差(需小於150): -96.477778 
雙刀-長線-空 策略1:  2017/11/24 09:45:00 FALSE FALSE FALSE TRUE TRUE 
雙刀-長線-空 策略2:  2017/11/24 09:45:00 FALSE FALSE FALSE FALSE TRUE TRUE 
雙刀-長線-空 策略3:  2017/11/24 09:45:00 FALSE FALSE FALSE FALSE TRUE TRUE 
aveDir18 分數(需小於-7): 9 
DIF方向(需為負向): 1.000000 
指數(要低於ave18): 10835  ave18: 10805 
2小時均線方向(需為負向): 0.000000 
90小時線離指數差(需小於150): -98.700000 
雙刀-長線-空 策略1:  2017/11/24 10:45:00 FALSE FALSE FALSE FALSE TRUE 
雙刀-長線-空 策略2:  2017/11/24 10:45:00 FALSE FALSE FALSE FALSE FALSE TRUE 
雙刀-長線-空 策略3:  2017/11/24 10:45:00 FALSE FALSE FALSE FALSE FALSE TRUE 
aveDir18 分數(需小於-7): 10 
DIF方向(需為負向): 1.000000 
指數(要低於ave18): 10830  ave18: 10813 
2小時均線方向(需為負向): -1.000000 
90小時線離指數差(需小於150): -93.033333 
雙刀-長線-空 策略1:  2017/11/24 11:45:00 FALSE FALSE FALSE TRUE TRUE 
雙刀-長線-空 策略2:  2017/11/24 11:45:00 FALSE FALSE FALSE FALSE TRUE TRUE 
雙刀-長線-空 策略3:  2017/11/24 11:45:00 FALSE FALSE FALSE FALSE TRUE TRUE 
aveDir18 分數(需小於-7): 11 
DIF方向(需為負向): 1.000000 
指數(要低於ave18): 10842  ave18: 10819 
2小時均線方向(需為負向): 1.000000 
90小時線離指數差(需小於150): -104.255556 
雙刀-長線-空 策略1:  2017/11/24 12:45:00 FALSE FALSE FALSE FALSE TRUE 
雙刀-長線-空 策略2:  2017/11/24 12:45:00 FALSE FALSE FALSE FALSE FALSE TRUE 
雙刀-長線-空 策略3:  2017/11/24 12:45:00 FALSE FALSE FALSE FALSE FALSE TRUE 
aveDir18 分數(需小於-7): 12 
DIF方向(需為負向): -1.000000 
指數(要低於ave18): 10761  ave18: 10820 
2小時均線方向(需為負向): -1.000000 
90小時線離指數差(需小於150): -23.700000 
雙刀-長線-空 策略1:  2017/11/27 08:45:00 FALSE TRUE TRUE TRUE TRUE 
雙刀-長線-空 策略2:  2017/11/27 08:45:00 FALSE FALSE TRUE TRUE TRUE TRUE 
雙刀-長線-空 策略3:  2017/11/27 08:45:00 FALSE FALSE TRUE TRUE TRUE TRUE 
aveDir18 分數(需小於-7): 13 
DIF方向(需為負向): -1.000000 
指數(要低於ave18): 10758  ave18: 10821 
2小時均線方向(需為負向): -1.000000 
90小時線離指數差(需小於150): -21.122222 
雙刀-長線-空 策略1:  2017/11/27 09:45:00 FALSE TRUE TRUE TRUE TRUE 
雙刀-長線-空 策略2:  2017/11/27 09:45:00 FALSE FALSE TRUE TRUE TRUE TRUE 
雙刀-長線-空 策略3:  2017/11/27 09:45:00 FALSE FALSE TRUE TRUE TRUE TRUE 
aveDir18 分數(需小於-7): 12 
DIF方向(需為負向): -1.000000 
指數(要低於ave18): 10754  ave18: 10820 
2小時均線方向(需為負向): -1.000000 
90小時線離指數差(需小於150): -17.322222 
雙刀-長線-空 策略1:  2017/11/27 10:45:00 FALSE TRUE TRUE TRUE TRUE 
雙刀-長線-空 策略2:  2017/11/27 10:45:00 FALSE FALSE TRUE TRUE TRUE TRUE 
雙刀-長線-空 策略3:  2017/11/27 10:45:00 FALSE FALSE TRUE TRUE TRUE TRUE 
aveDir18 分數(需小於-7): 11 
DIF方向(需為負向): -1.000000 
指數(要低於ave18): 10745  ave18: 10817 
2小時均線方向(需為負向): -1.000000 
90小時線離指數差(需小於150): -8.633333 
雙刀-長線-空 策略1:  2017/11/27 11:45:00 FALSE TRUE TRUE TRUE TRUE 
雙刀-長線-空 策略2:  2017/11/27 11:45:00 FALSE FALSE TRUE TRUE TRUE TRUE 
雙刀-長線-空 策略3:  2017/11/27 11:45:00 FALSE FALSE TRUE TRUE TRUE TRUE 
aveDir18 分數(需小於-7): 9 
DIF方向(需為負向): -1.000000 
指數(要低於ave18): 10735  ave18: 10810 
2小時均線方向(需為負向): -1.000000 
90小時線離指數差(需小於150): 0.700000 
雙刀-長線-空 策略1:  2017/11/27 12:45:00 FALSE TRUE TRUE TRUE TRUE 
雙刀-長線-空 策略2:  2017/11/27 12:45:00 FALSE TRUE TRUE TRUE TRUE TRUE 
雙刀-長線-空 策略3:  2017/11/27 12:45:00 FALSE FALSE TRUE TRUE TRUE TRUE 
aveDir18 分數(需小於-7): 7 
DIF方向(需為負向): -1.000000 
指數(要低於ave18): 10698  ave18: 10801 
2小時均線方向(需為負向): -1.000000 
90小時線離指數差(需小於150): 36.966667 
雙刀-長線-空 策略1:  2017/11/28 08:45:00 FALSE TRUE TRUE TRUE TRUE 
雙刀-長線-空 策略2:  2017/11/28 08:45:00 FALSE TRUE TRUE TRUE TRUE TRUE 
雙刀-長線-空 策略3:  2017/11/28 08:45:00 FALSE FALSE TRUE TRUE TRUE TRUE 
aveDir18 分數(需小於-7): 5 
DIF方向(需為負向): -1.000000 
指數(要低於ave18): 10711  ave18: 10795 
2小時均線方向(需為負向): -1.000000 
90小時線離指數差(需小於150): 23.177778 
雙刀-長線-空 策略1:  2017/11/28 09:45:00 FALSE TRUE TRUE TRUE TRUE 
雙刀-長線-空 策略2:  2017/11/28 09:45:00 FALSE FALSE TRUE TRUE TRUE TRUE 
雙刀-長線-空 策略3:  2017/11/28 09:45:00 FALSE FALSE TRUE TRUE TRUE TRUE 
aveDir18 分數(需小於-7): 3 
DIF方向(需為負向): -1.000000 
指數(要低於ave18): 10695  ave18: 10788 
2小時均線方向(需為負向): -1.000000 
90小時線離指數差(需小於150): 38.377778 
雙刀-長線-空 策略1:  2017/11/28 10:45:00 FALSE TRUE TRUE TRUE TRUE 
雙刀-長線-空 策略2:  2017/11/28 10:45:00 FALSE FALSE TRUE TRUE TRUE TRUE 
雙刀-長線-空 策略3:  2017/11/28 10:45:00 FALSE FALSE TRUE TRUE TRUE TRUE 
aveDir18 分數(需小於-7): 1 
DIF方向(需為負向): -1.000000 
指數(要低於ave18): 10696  ave18: 10782 
2小時均線方向(需為負向): -1.000000 
90小時線離指數差(需小於150): 36.500000 
雙刀-長線-空 策略1:  2017/11/28 11:45:00 FALSE TRUE TRUE TRUE TRUE 
雙刀-長線-空 策略2:  2017/11/28 11:45:00 FALSE FALSE TRUE TRUE TRUE TRUE 
雙刀-長線-空 策略3:  2017/11/28 11:45:00 FALSE FALSE TRUE TRUE TRUE TRUE 
aveDir18 分數(需小於-7): -1 
DIF方向(需為負向): -1.000000 
指數(要低於ave18): 10694  ave18: 10774 
2小時均線方向(需為負向): -1.000000 
90小時線離指數差(需小於150): 37.700000 
雙刀-長線-空 策略1:  2017/11/28 12:45:00 FALSE TRUE TRUE TRUE TRUE 
雙刀-長線-空 策略2:  2017/11/28 12:45:00 FALSE FALSE TRUE TRUE TRUE TRUE 
雙刀-長線-空 策略3:  2017/11/28 12:45:00 FALSE FALSE TRUE TRUE TRUE TRUE 
aveDir18 分數(需小於-7): -3 
DIF方向(需為負向): -1.000000 
指數(要低於ave18): 10726  ave18: 10768 
2小時均線方向(需為負向): 1.000000 
90小時線離指數差(需小於150): 5.500000 
雙刀-長線-空 策略1:  2017/11/29 08:45:00 FALSE TRUE TRUE FALSE TRUE 
雙刀-長線-空 策略2:  2017/11/29 08:45:00 FALSE FALSE TRUE TRUE FALSE TRUE 
雙刀-長線-空 策略3:  2017/11/29 08:45:00 FALSE TRUE TRUE TRUE FALSE TRUE 
aveDir18 分數(需小於-7): -5 
DIF方向(需為負向): 1.000000 
指數(要低於ave18): 10716  ave18: 10761 
2小時均線方向(需為負向): 1.000000 
90小時線離指數差(需小於150): 15.066667 
雙刀-長線-空 策略1:  2017/11/29 09:45:00 FALSE FALSE TRUE FALSE TRUE 
雙刀-長線-空 策略2:  2017/11/29 09:45:00 TRUE FALSE FALSE TRUE FALSE TRUE 
雙刀-長線-空 策略3:  2017/11/29 09:45:00 FALSE TRUE FALSE TRUE FALSE TRUE 
aveDir18 分數(需小於-7): -7 
DIF方向(需為負向): 1.000000 
指數(要低於ave18): 10705  ave18: 10754 
2小時均線方向(需為負向): -1.000000 
90小時線離指數差(需小於150): 25.500000 
雙刀-長線-空 策略1:  2017/11/29 10:45:00 TRUE FALSE TRUE TRUE TRUE 
雙刀-長線-空 策略2:  2017/11/29 10:45:00 TRUE FALSE FALSE TRUE TRUE TRUE 
雙刀-長線-空 策略3:  2017/11/29 10:45:00 FALSE TRUE FALSE TRUE TRUE TRUE 
aveDir18 分數(需小於-7): 1 
DIF方向(需為負向): 0.000000 
指數(要低於ave18): 10843  ave18: 10775 
2小時均線方向(需為負向): 1.000000 
90小時線離指數差(需小於150): -109.477778 
雙刀-長線-空 策略1:  2017/11/23 12:45:00 FALSE FALSE FALSE FALSE TRUE 
雙刀-長線-空 策略2:  2017/11/23 12:45:00 FALSE FALSE FALSE FALSE FALSE TRUE 
雙刀-長線-空 策略3:  2017/11/23 12:45:00 FALSE FALSE FALSE FALSE FALSE TRUE 
aveDir18 分數(需小於-7): 2 
DIF方向(需為負向): -1.000000 
指數(要低於ave18): 10835  ave18: 10784 
2小時均線方向(需為負向): -1.000000 
90小時線離指數差(需小於150): -100.377778 
雙刀-長線-空 策略1:  2017/11/24 08:45:00 FALSE TRUE FALSE TRUE TRUE 
雙刀-長線-空 策略2:  2017/11/24 08:45:00 FALSE FALSE TRUE FALSE TRUE TRUE 
雙刀-長線-空 策略3:  2017/11/24 08:45:00 FALSE FALSE TRUE FALSE TRUE TRUE 
aveDir18 分數(需小於-7): 3 
DIF方向(需為負向): -1.000000 
指數(要低於ave18): 10832  ave18: 10795 
2小時均線方向(需為負向): -1.000000 
90小時線離指數差(需小於150): -96.477778 
雙刀-長線-空 策略1:  2017/11/24 09:45:00 FALSE TRUE FALSE TRUE TRUE 
雙刀-長線-空 策略2:  2017/11/24 09:45:00 FALSE FALSE TRUE FALSE TRUE TRUE 
雙刀-長線-空 策略3:  2017/11/24 09:45:00 FALSE FALSE TRUE FALSE TRUE TRUE 
aveDir18 分數(需小於-7): 4 
DIF方向(需為負向): -1.000000 
指數(要低於ave18): 10835  ave18: 10805 
2小時均線方向(需為負向): 0.000000 
90小時線離指數差(需小於150): -98.700000 
雙刀-長線-空 策略1:  2017/11/24 10:45:00 FALSE TRUE FALSE FALSE TRUE 
雙刀-長線-空 策略2:  2017/11/24 10:45:00 FALSE FALSE TRUE FALSE FALSE TRUE 
雙刀-長線-空 策略3:  2017/11/24 10:45:00 FALSE FALSE TRUE FALSE FALSE TRUE 
aveDir18 分數(需小於-7): 5 
DIF方向(需為負向): -1.000000 
指數(要低於ave18): 10830  ave18: 10813 
2小時均線方向(需為負向): -1.000000 
90小時線離指數差(需小於150): -93.033333 
雙刀-長線-空 策略1:  2017/11/24 11:45:00 FALSE TRUE FALSE TRUE TRUE 
雙刀-長線-空 策略2:  2017/11/24 11:45:00 FALSE FALSE TRUE FALSE TRUE TRUE 
雙刀-長線-空 策略3:  2017/11/24 11:45:00 FALSE FALSE TRUE FALSE TRUE TRUE 
aveDir18 分數(需小於-7): 6 
DIF方向(需為負向): 1.000000 
指數(要低於ave18): 10842  ave18: 10819 
2小時均線方向(需為負向): 1.000000 
90小時線離指數差(需小於150): -104.255556 
雙刀-長線-空 策略1:  2017/11/24 12:45:00 FALSE FALSE FALSE FALSE TRUE 
雙刀-長線-空 策略2:  2017/11/24 12:45:00 FALSE FALSE FALSE FALSE FALSE TRUE 
雙刀-長線-空 策略3:  2017/11/24 12:45:00 FALSE FALSE FALSE FALSE FALSE TRUE 
aveDir18 分數(需小於-7): 7 
DIF方向(需為負向): -1.000000 
指數(要低於ave18): 10761  ave18: 10820 
2小時均線方向(需為負向): -1.000000 
90小時線離指數差(需小於150): -23.700000 
雙刀-長線-空 策略1:  2017/11/27 08:45:00 FALSE TRUE TRUE TRUE TRUE 
雙刀-長線-空 策略2:  2017/11/27 08:45:00 FALSE FALSE TRUE TRUE TRUE TRUE 
雙刀-長線-空 策略3:  2017/11/27 08:45:00 FALSE FALSE TRUE TRUE TRUE TRUE 
aveDir18 分數(需小於-7): 8 
DIF方向(需為負向): -1.000000 
指數(要低於ave18): 10758  ave18: 10821 
2小時均線方向(需為負向): -1.000000 
90小時線離指數差(需小於150): -21.122222 
雙刀-長線-空 策略1:  2017/11/27 09:45:00 FALSE TRUE TRUE TRUE TRUE 
雙刀-長線-空 策略2:  2017/11/27 09:45:00 FALSE FALSE TRUE TRUE TRUE TRUE 
雙刀-長線-空 策略3:  2017/11/27 09:45:00 FALSE FALSE TRUE TRUE TRUE TRUE 
aveDir18 分數(需小於-7): 7 
DIF方向(需為負向): -1.000000 
指數(要低於ave18): 10754  ave18: 10820 
2小時均線方向(需為負向): -1.000000 
90小時線離指數差(需小於150): -17.322222 
雙刀-長線-空 策略1:  2017/11/27 10:45:00 FALSE TRUE TRUE TRUE TRUE 
雙刀-長線-空 策略2:  2017/11/27 10:45:00 FALSE FALSE TRUE TRUE TRUE TRUE 
雙刀-長線-空 策略3:  2017/11/27 10:45:00 FALSE FALSE TRUE TRUE TRUE TRUE 
aveDir18 分數(需小於-7): 6 
DIF方向(需為負向): -1.000000 
指數(要低於ave18): 10745  ave18: 10817 
2小時均線方向(需為負向): -1.000000 
90小時線離指數差(需小於150): -8.633333 
雙刀-長線-空 策略1:  2017/11/27 11:45:00 FALSE TRUE TRUE TRUE TRUE 
雙刀-長線-空 策略2:  2017/11/27 11:45:00 FALSE FALSE TRUE TRUE TRUE TRUE 
雙刀-長線-空 策略3:  2017/11/27 11:45:00 FALSE FALSE TRUE TRUE TRUE TRUE 
aveDir18 分數(需小於-7): 5 
DIF方向(需為負向): -1.000000 
指數(要低於ave18): 10735  ave18: 10810 
2小時均線方向(需為負向): -1.000000 
90小時線離指數差(需小於150): 0.700000 
雙刀-長線-空 策略1:  2017/11/27 12:45:00 FALSE TRUE TRUE TRUE TRUE 
雙刀-長線-空 策略2:  2017/11/27 12:45:00 FALSE TRUE TRUE TRUE TRUE TRUE 
雙刀-長線-空 策略3:  2017/11/27 12:45:00 FALSE FALSE TRUE TRUE TRUE TRUE 
aveDir18 分數(需小於-7): 4 
DIF方向(需為負向): -1.000000 
指數(要低於ave18): 10698  ave18: 10801 
2小時均線方向(需為負向): -1.000000 
90小時線離指數差(需小於150): 36.966667 
雙刀-長線-空 策略1:  2017/11/28 08:45:00 FALSE TRUE TRUE TRUE TRUE 
雙刀-長線-空 策略2:  2017/11/28 08:45:00 FALSE TRUE TRUE TRUE TRUE TRUE 
雙刀-長線-空 策略3:  2017/11/28 08:45:00 FALSE FALSE TRUE TRUE TRUE TRUE 
aveDir18 分數(需小於-7): 3 
DIF方向(需為負向): -1.000000 
指數(要低於ave18): 10711  ave18: 10795 
2小時均線方向(需為負向): -1.000000 
90小時線離指數差(需小於150): 23.177778 
雙刀-長線-空 策略1:  2017/11/28 09:45:00 FALSE TRUE TRUE TRUE TRUE 
雙刀-長線-空 策略2:  2017/11/28 09:45:00 FALSE FALSE TRUE TRUE TRUE TRUE 
雙刀-長線-空 策略3:  2017/11/28 09:45:00 FALSE FALSE TRUE TRUE TRUE TRUE 
aveDir18 分數(需小於-7): 2 
DIF方向(需為負向): -1.000000 
指數(要低於ave18): 10695  ave18: 10788 
2小時均線方向(需為負向): -1.000000 
90小時線離指數差(需小於150): 38.377778 
雙刀-長線-空 策略1:  2017/11/28 10:45:00 FALSE TRUE TRUE TRUE TRUE 
雙刀-長線-空 策略2:  2017/11/28 10:45:00 FALSE FALSE TRUE TRUE TRUE TRUE 
雙刀-長線-空 策略3:  2017/11/28 10:45:00 FALSE FALSE TRUE TRUE TRUE TRUE 
aveDir18 分數(需小於-7): 1 
DIF方向(需為負向): -1.000000 
指數(要低於ave18): 10696  ave18: 10782 
2小時均線方向(需為負向): -1.000000 
90小時線離指數差(需小於150): 36.500000 
雙刀-長線-空 策略1:  2017/11/28 11:45:00 FALSE TRUE TRUE TRUE TRUE 
雙刀-長線-空 策略2:  2017/11/28 11:45:00 FALSE FALSE TRUE TRUE TRUE TRUE 
雙刀-長線-空 策略3:  2017/11/28 11:45:00 FALSE FALSE TRUE TRUE TRUE TRUE 
aveDir18 分數(需小於-7): -1 
DIF方向(需為負向): -1.000000 
指數(要低於ave18): 10694  ave18: 10774 
2小時均線方向(需為負向): -1.000000 
90小時線離指數差(需小於150): 37.700000 
雙刀-長線-空 策略1:  2017/11/28 12:45:00 FALSE TRUE TRUE TRUE TRUE 
雙刀-長線-空 策略2:  2017/11/28 12:45:00 FALSE FALSE TRUE TRUE TRUE TRUE 
雙刀-長線-空 策略3:  2017/11/28 12:45:00 FALSE FALSE TRUE TRUE TRUE TRUE 
aveDir18 分數(需小於-7): -3 
DIF方向(需為負向): 1.000000 
指數(要低於ave18): 10726  ave18: 10768 
2小時均線方向(需為負向): 1.000000 
90小時線離指數差(需小於150): 5.500000 
雙刀-長線-空 策略1:  2017/11/29 08:45:00 FALSE FALSE TRUE FALSE TRUE 
雙刀-長線-空 策略2:  2017/11/29 08:45:00 FALSE FALSE FALSE TRUE FALSE TRUE 
雙刀-長線-空 策略3:  2017/11/29 08:45:00 FALSE TRUE FALSE TRUE FALSE TRUE 
aveDir18 分數(需小於-7): -5 
DIF方向(需為負向): 1.000000 
指數(要低於ave18): 10716  ave18: 10761 
2小時均線方向(需為負向): 1.000000 
90小時線離指數差(需小於150): 15.066667 
雙刀-長線-空 策略1:  2017/11/29 09:45:00 FALSE FALSE TRUE FALSE TRUE 
雙刀-長線-空 策略2:  2017/11/29 09:45:00 TRUE FALSE FALSE TRUE FALSE TRUE 
雙刀-長線-空 策略3:  2017/11/29 09:45:00 FALSE TRUE FALSE TRUE FALSE TRUE 
aveDir18 分數(需小於-7): -7 
DIF方向(需為負向): 1.000000 
指數(要低於ave18): 10705  ave18: 10754 
2小時均線方向(需為負向): -1.000000 
90小時線離指數差(需小於150): 25.500000 
雙刀-長線-空 策略1:  2017/11/29 10:45:00 TRUE FALSE TRUE TRUE TRUE 
雙刀-長線-空 策略2:  2017/11/29 10:45:00 TRUE FALSE FALSE TRUE TRUE TRUE 
雙刀-長線-空 策略3:  2017/11/29 10:45:00 FALSE TRUE FALSE TRUE TRUE TRUE 
aveDir18 分數(需小於-7): -9 
DIF方向(需為負向): 1.000000 
指數(要低於ave18): 10708  ave18: 10747 
2小時均線方向(需為負向): -1.000000 
90小時線離指數差(需小於150): 21.966667 
雙刀-長線-空 策略1:  2017/11/29 11:45:00 TRUE FALSE TRUE TRUE TRUE 
雙刀-長線-空 策略2:  2017/11/29 11:45:00 TRUE FALSE FALSE TRUE TRUE TRUE 
雙刀-長線-空 策略3:  2017/11/29 11:45:00 FALSE TRUE FALSE TRUE TRUE TRUE 
aveDir18 分數(需小於-7): -11 
DIF方向(需為負向): 1.000000 
指數(要低於ave18): 10715  ave18: 10740 
2小時均線方向(需為負向): 1.000000 
90小時線離指數差(需小於150): 14.322222 
雙刀-長線-空 策略1:  2017/11/29 12:45:00 TRUE FALSE TRUE FALSE TRUE 
雙刀-長線-空 策略2:  2017/11/29 12:45:00 TRUE FALSE FALSE TRUE FALSE TRUE 
雙刀-長線-空 策略3:  2017/11/29 12:45:00 FALSE TRUE FALSE TRUE FALSE TRUE 
aveDir18 分數(需小於-7): -13 
DIF方向(需為負向): -1.000000 
指數(要低於ave18): 10602  ave18: 10727 
2小時均線方向(需為負向): -1.000000 
90小時線離指數差(需小於150): 125.555556 
雙刀-長線-空 策略1:  2017/11/30 08:45:00 TRUE TRUE TRUE TRUE TRUE 
雙刀-長線-空 策略2:  2017/11/30 08:45:00 TRUE TRUE TRUE TRUE TRUE TRUE 
雙刀-長線-空 策略3:  2017/11/30 08:45:00 FALSE TRUE TRUE TRUE TRUE TRUE 
aveDir18 分數(需小於-7): -15 
DIF方向(需為負向): -1.000000 
指數(要低於ave18): 10621  ave18: 10716 
2小時均線方向(需為負向): -1.000000 
90小時線離指數差(需小於150): 105.211111 
雙刀-長線-空 策略1:  2017/11/30 09:45:00 TRUE TRUE TRUE TRUE TRUE 
雙刀-長線-空 策略2:  2017/11/30 09:45:00 TRUE TRUE TRUE TRUE TRUE TRUE 
雙刀-長線-空 策略3:  2017/11/30 09:45:00 FALSE TRUE TRUE TRUE TRUE TRUE 
aveDir18 分數(需小於-7): -15 
DIF方向(需為負向): -1.000000 
指數(要低於ave18): 10593  ave18: 10702 
2小時均線方向(需為負向): -1.000000 
90小時線離指數差(需小於150): 131.433333 
雙刀-長線-空 策略1:  2017/11/30 10:45:00 TRUE TRUE TRUE TRUE TRUE 
雙刀-長線-空 策略2:  2017/11/30 10:45:00 TRUE TRUE TRUE TRUE TRUE TRUE 
雙刀-長線-空 策略3:  2017/11/30 10:45:00 FALSE TRUE TRUE TRUE TRUE TRUE 
aveDir18 分數(需小於-7): -15 
DIF方向(需為負向): -1.000000 
指數(要低於ave18): 10580  ave18: 10692 
2小時均線方向(需為負向): -1.000000 
90小時線離指數差(需小於150): 142.533333 
雙刀-長線-空 策略1:  2017/11/30 11:45:00 TRUE TRUE TRUE TRUE TRUE 
雙刀-長線-空 策略2:  2017/11/30 11:45:00 TRUE TRUE TRUE TRUE TRUE TRUE 
雙刀-長線-空 策略3:  2017/11/30 11:45:00 FALSE TRUE TRUE TRUE TRUE TRUE 
aveDir18 分數(需小於-7): 1 
DIF方向(需為負向): 0.000000 
指數(要低於ave18): 10842  ave18: 10819 
2小時均線方向(需為負向): 1.000000 
90小時線離指數差(需小於150): -104.255556 
雙刀-長線-空 策略1:  2017/11/24 12:45:00 FALSE FALSE FALSE FALSE TRUE 
雙刀-長線-空 策略2:  2017/11/24 12:45:00 FALSE FALSE FALSE FALSE FALSE TRUE 
雙刀-長線-空 策略3:  2017/11/24 12:45:00 FALSE FALSE FALSE FALSE FALSE TRUE 
aveDir18 分數(需小於-7): 2 
DIF方向(需為負向): -1.000000 
指數(要低於ave18): 10761  ave18: 10820 
2小時均線方向(需為負向): -1.000000 
90小時線離指數差(需小於150): -23.700000 
雙刀-長線-空 策略1:  2017/11/27 08:45:00 FALSE TRUE TRUE TRUE TRUE 
雙刀-長線-空 策略2:  2017/11/27 08:45:00 FALSE FALSE TRUE TRUE TRUE TRUE 
雙刀-長線-空 策略3:  2017/11/27 08:45:00 FALSE FALSE TRUE TRUE TRUE TRUE 
aveDir18 分數(需小於-7): 3 
DIF方向(需為負向): -1.000000 
指數(要低於ave18): 10758  ave18: 10821 
2小時均線方向(需為負向): -1.000000 
90小時線離指數差(需小於150): -21.122222 
雙刀-長線-空 策略1:  2017/11/27 09:45:00 FALSE TRUE TRUE TRUE TRUE 
雙刀-長線-空 策略2:  2017/11/27 09:45:00 FALSE FALSE TRUE TRUE TRUE TRUE 
雙刀-長線-空 策略3:  2017/11/27 09:45:00 FALSE FALSE TRUE TRUE TRUE TRUE 
aveDir18 分數(需小於-7): 2 
DIF方向(需為負向): -1.000000 
指數(要低於ave18): 10754  ave18: 10820 
2小時均線方向(需為負向): -1.000000 
90小時線離指數差(需小於150): -17.322222 
雙刀-長線-空 策略1:  2017/11/27 10:45:00 FALSE TRUE TRUE TRUE TRUE 
雙刀-長線-空 策略2:  2017/11/27 10:45:00 FALSE FALSE TRUE TRUE TRUE TRUE 
雙刀-長線-空 策略3:  2017/11/27 10:45:00 FALSE FALSE TRUE TRUE TRUE TRUE 
aveDir18 分數(需小於-7): 1 
DIF方向(需為負向): -1.000000 
指數(要低於ave18): 10745  ave18: 10817 
2小時均線方向(需為負向): -1.000000 
90小時線離指數差(需小於150): -8.633333 
雙刀-長線-空 策略1:  2017/11/27 11:45:00 FALSE TRUE TRUE TRUE TRUE 
雙刀-長線-空 策略2:  2017/11/27 11:45:00 FALSE FALSE TRUE TRUE TRUE TRUE 
雙刀-長線-空 策略3:  2017/11/27 11:45:00 FALSE FALSE TRUE TRUE TRUE TRUE 
aveDir18 分數(需小於-7): 0 
DIF方向(需為負向): -1.000000 
指數(要低於ave18): 10735  ave18: 10810 
2小時均線方向(需為負向): -1.000000 
90小時線離指數差(需小於150): 0.700000 
雙刀-長線-空 策略1:  2017/11/27 12:45:00 FALSE TRUE TRUE TRUE TRUE 
雙刀-長線-空 策略2:  2017/11/27 12:45:00 FALSE TRUE TRUE TRUE TRUE TRUE 
雙刀-長線-空 策略3:  2017/11/27 12:45:00 FALSE FALSE TRUE TRUE TRUE TRUE 
aveDir18 分數(需小於-7): -1 
DIF方向(需為負向): -1.000000 
指數(要低於ave18): 10698  ave18: 10801 
2小時均線方向(需為負向): -1.000000 
90小時線離指數差(需小於150): 36.966667 
雙刀-長線-空 策略1:  2017/11/28 08:45:00 FALSE TRUE TRUE TRUE TRUE 
雙刀-長線-空 策略2:  2017/11/28 08:45:00 FALSE TRUE TRUE TRUE TRUE TRUE 
雙刀-長線-空 策略3:  2017/11/28 08:45:00 FALSE FALSE TRUE TRUE TRUE TRUE 
aveDir18 分數(需小於-7): -2 
DIF方向(需為負向): -1.000000 
指數(要低於ave18): 10711  ave18: 10795 
2小時均線方向(需為負向): -1.000000 
90小時線離指數差(需小於150): 23.177778 
雙刀-長線-空 策略1:  2017/11/28 09:45:00 FALSE TRUE TRUE TRUE TRUE 
雙刀-長線-空 策略2:  2017/11/28 09:45:00 FALSE FALSE TRUE TRUE TRUE TRUE 
雙刀-長線-空 策略3:  2017/11/28 09:45:00 FALSE FALSE TRUE TRUE TRUE TRUE 
aveDir18 分數(需小於-7): -3 
DIF方向(需為負向): -1.000000 
指數(要低於ave18): 10695  ave18: 10788 
2小時均線方向(需為負向): -1.000000 
90小時線離指數差(需小於150): 38.377778 
雙刀-長線-空 策略1:  2017/11/28 10:45:00 FALSE TRUE TRUE TRUE TRUE 
雙刀-長線-空 策略2:  2017/11/28 10:45:00 FALSE FALSE TRUE TRUE TRUE TRUE 
雙刀-長線-空 策略3:  2017/11/28 10:45:00 FALSE TRUE TRUE TRUE TRUE TRUE 
aveDir18 分數(需小於-7): -4 
DIF方向(需為負向): -1.000000 
指數(要低於ave18): 10696  ave18: 10782 
2小時均線方向(需為負向): -1.000000 
90小時線離指數差(需小於150): 36.500000 
雙刀-長線-空 策略1:  2017/11/28 11:45:00 FALSE TRUE TRUE TRUE TRUE 
雙刀-長線-空 策略2:  2017/11/28 11:45:00 FALSE FALSE TRUE TRUE TRUE TRUE 
雙刀-長線-空 策略3:  2017/11/28 11:45:00 FALSE TRUE TRUE TRUE TRUE TRUE 
aveDir18 分數(需小於-7): -5 
DIF方向(需為負向): -1.000000 
指數(要低於ave18): 10694  ave18: 10774 
2小時均線方向(需為負向): -1.000000 
90小時線離指數差(需小於150): 37.700000 
雙刀-長線-空 策略1:  2017/11/28 12:45:00 FALSE TRUE TRUE TRUE TRUE 
雙刀-長線-空 策略2:  2017/11/28 12:45:00 TRUE FALSE TRUE TRUE TRUE TRUE 
雙刀-長線-空 策略3:  2017/11/28 12:45:00 FALSE TRUE TRUE TRUE TRUE TRUE 
aveDir18 分數(需小於-7): -6 
DIF方向(需為負向): 1.000000 
指數(要低於ave18): 10726  ave18: 10768 
2小時均線方向(需為負向): 1.000000 
90小時線離指數差(需小於150): 5.500000 
雙刀-長線-空 策略1:  2017/11/29 08:45:00 FALSE FALSE TRUE FALSE TRUE 
雙刀-長線-空 策略2:  2017/11/29 08:45:00 TRUE FALSE FALSE TRUE FALSE TRUE 
雙刀-長線-空 策略3:  2017/11/29 08:45:00 FALSE TRUE FALSE TRUE FALSE TRUE 
aveDir18 分數(需小於-7): -7 
DIF方向(需為負向): 1.000000 
指數(要低於ave18): 10716  ave18: 10761 
2小時均線方向(需為負向): 1.000000 
90小時線離指數差(需小於150): 15.066667 
雙刀-長線-空 策略1:  2017/11/29 09:45:00 TRUE FALSE TRUE FALSE TRUE 
雙刀-長線-空 策略2:  2017/11/29 09:45:00 TRUE FALSE FALSE TRUE FALSE TRUE 
雙刀-長線-空 策略3:  2017/11/29 09:45:00 FALSE TRUE FALSE TRUE FALSE TRUE 
aveDir18 分數(需小於-7): -8 
DIF方向(需為負向): 1.000000 
指數(要低於ave18): 10705  ave18: 10754 
2小時均線方向(需為負向): -1.000000 
90小時線離指數差(需小於150): 25.500000 
雙刀-長線-空 策略1:  2017/11/29 10:45:00 TRUE FALSE TRUE TRUE TRUE 
雙刀-長線-空 策略2:  2017/11/29 10:45:00 TRUE FALSE FALSE TRUE TRUE TRUE 
雙刀-長線-空 策略3:  2017/11/29 10:45:00 FALSE TRUE FALSE TRUE TRUE TRUE 
aveDir18 分數(需小於-7): -9 
DIF方向(需為負向): 1.000000 
指數(要低於ave18): 10708  ave18: 10747 
2小時均線方向(需為負向): -1.000000 
90小時線離指數差(需小於150): 21.966667 
雙刀-長線-空 策略1:  2017/11/29 11:45:00 TRUE FALSE TRUE TRUE TRUE 
雙刀-長線-空 策略2:  2017/11/29 11:45:00 TRUE FALSE FALSE TRUE TRUE TRUE 
雙刀-長線-空 策略3:  2017/11/29 11:45:00 FALSE TRUE FALSE TRUE TRUE TRUE 
aveDir18 分數(需小於-7): -11 
DIF方向(需為負向): 1.000000 
指數(要低於ave18): 10715  ave18: 10740 
2小時均線方向(需為負向): 1.000000 
90小時線離指數差(需小於150): 14.322222 
雙刀-長線-空 策略1:  2017/11/29 12:45:00 TRUE FALSE TRUE FALSE TRUE 
雙刀-長線-空 策略2:  2017/11/29 12:45:00 TRUE FALSE FALSE TRUE FALSE TRUE 
雙刀-長線-空 策略3:  2017/11/29 12:45:00 FALSE TRUE FALSE TRUE FALSE TRUE 
aveDir18 分數(需小於-7): -13 
DIF方向(需為負向): -1.000000 
指數(要低於ave18): 10602  ave18: 10727 
2小時均線方向(需為負向): -1.000000 
90小時線離指數差(需小於150): 125.555556 
雙刀-長線-空 策略1:  2017/11/30 08:45:00 TRUE TRUE TRUE TRUE TRUE 
雙刀-長線-空 策略2:  2017/11/30 08:45:00 TRUE TRUE TRUE TRUE TRUE TRUE 
雙刀-長線-空 策略3:  2017/11/30 08:45:00 FALSE TRUE TRUE TRUE TRUE TRUE 
aveDir18 分數(需小於-7): -15 
DIF方向(需為負向): -1.000000 
指數(要低於ave18): 10621  ave18: 10716 
2小時均線方向(需為負向): -1.000000 
90小時線離指數差(需小於150): 105.211111 
雙刀-長線-空 策略1:  2017/11/30 09:45:00 TRUE TRUE TRUE TRUE TRUE 
雙刀-長線-空 策略2:  2017/11/30 09:45:00 TRUE TRUE TRUE TRUE TRUE TRUE 
雙刀-長線-空 策略3:  2017/11/30 09:45:00 FALSE TRUE TRUE TRUE TRUE TRUE 
aveDir18 分數(需小於-7): -15 
DIF方向(需為負向): -1.000000 
指數(要低於ave18): 10593  ave18: 10702 
2小時均線方向(需為負向): -1.000000 
90小時線離指數差(需小於150): 131.433333 
雙刀-長線-空 策略1:  2017/11/30 10:45:00 TRUE TRUE TRUE TRUE TRUE 
雙刀-長線-空 策略2:  2017/11/30 10:45:00 TRUE TRUE TRUE TRUE TRUE TRUE 
雙刀-長線-空 策略3:  2017/11/30 10:45:00 FALSE TRUE TRUE TRUE TRUE TRUE 
aveDir18 分數(需小於-7): -15 
DIF方向(需為負向): -1.000000 
指數(要低於ave18): 10580  ave18: 10692 
2小時均線方向(需為負向): -1.000000 
90小時線離指數差(需小於150): 142.533333 
雙刀-長線-空 策略1:  2017/11/30 11:45:00 TRUE TRUE TRUE TRUE TRUE 
雙刀-長線-空 策略2:  2017/11/30 11:45:00 TRUE TRUE TRUE TRUE TRUE TRUE 
雙刀-長線-空 策略3:  2017/11/30 11:45:00 FALSE TRUE TRUE TRUE TRUE TRUE 
aveDir18 分數(需小於-7): -15 
DIF方向(需為負向): -1.000000 
指數(要低於ave18): 10565  ave18: 10681 
2小時均線方向(需為負向): -1.000000 
90小時線離指數差(需小於150): 155.400000 
雙刀-長線-空 策略1:  2017/11/30 12:45:00 TRUE TRUE TRUE TRUE FALSE 
雙刀-長線-空 策略2:  2017/11/30 12:45:00 TRUE TRUE TRUE TRUE TRUE FALSE 
雙刀-長線-空 策略3:  2017/11/30 12:45:00 TRUE TRUE TRUE TRUE TRUE FALSE 
aveDir18 分數(需小於-7): 1 
DIF方向(需為負向): 0.000000 
指數(要低於ave18): 10842  ave18: 10819 
2小時均線方向(需為負向): 1.000000 
90小時線離指數差(需小於150): -104.255556 
雙刀-長線-空 策略1:  2017/11/24 12:45:00 FALSE FALSE FALSE FALSE TRUE 
雙刀-長線-空 策略2:  2017/11/24 12:45:00 FALSE FALSE FALSE FALSE FALSE TRUE 
雙刀-長線-空 策略3:  2017/11/24 12:45:00 FALSE FALSE FALSE FALSE FALSE TRUE 
aveDir18 分數(需小於-7): 2 
DIF方向(需為負向): -1.000000 
指數(要低於ave18): 10761  ave18: 10820 
2小時均線方向(需為負向): -1.000000 
90小時線離指數差(需小於150): -23.700000 
雙刀-長線-空 策略1:  2017/11/27 08:45:00 FALSE TRUE TRUE TRUE TRUE 
雙刀-長線-空 策略2:  2017/11/27 08:45:00 FALSE FALSE TRUE TRUE TRUE TRUE 
雙刀-長線-空 策略3:  2017/11/27 08:45:00 FALSE FALSE TRUE TRUE TRUE TRUE 
aveDir18 分數(需小於-7): 3 
DIF方向(需為負向): -1.000000 
指數(要低於ave18): 10758  ave18: 10821 
2小時均線方向(需為負向): -1.000000 
90小時線離指數差(需小於150): -21.122222 
雙刀-長線-空 策略1:  2017/11/27 09:45:00 FALSE TRUE TRUE TRUE TRUE 
雙刀-長線-空 策略2:  2017/11/27 09:45:00 FALSE FALSE TRUE TRUE TRUE TRUE 
雙刀-長線-空 策略3:  2017/11/27 09:45:00 FALSE FALSE TRUE TRUE TRUE TRUE 
aveDir18 分數(需小於-7): 2 
DIF方向(需為負向): -1.000000 
指數(要低於ave18): 10754  ave18: 10820 
2小時均線方向(需為負向): -1.000000 
90小時線離指數差(需小於150): -17.322222 
雙刀-長線-空 策略1:  2017/11/27 10:45:00 FALSE TRUE TRUE TRUE TRUE 
雙刀-長線-空 策略2:  2017/11/27 10:45:00 FALSE FALSE TRUE TRUE TRUE TRUE 
雙刀-長線-空 策略3:  2017/11/27 10:45:00 FALSE FALSE TRUE TRUE TRUE TRUE 
aveDir18 分數(需小於-7): 1 
DIF方向(需為負向): -1.000000 
指數(要低於ave18): 10745  ave18: 10817 
2小時均線方向(需為負向): -1.000000 
90小時線離指數差(需小於150): -8.633333 
雙刀-長線-空 策略1:  2017/11/27 11:45:00 FALSE TRUE TRUE TRUE TRUE 
雙刀-長線-空 策略2:  2017/11/27 11:45:00 FALSE FALSE TRUE TRUE TRUE TRUE 
雙刀-長線-空 策略3:  2017/11/27 11:45:00 FALSE FALSE TRUE TRUE TRUE TRUE 
aveDir18 分數(需小於-7): 0 
DIF方向(需為負向): -1.000000 
指數(要低於ave18): 10735  ave18: 10810 
2小時均線方向(需為負向): -1.000000 
90小時線離指數差(需小於150): 0.700000 
雙刀-長線-空 策略1:  2017/11/27 12:45:00 FALSE TRUE TRUE TRUE TRUE 
雙刀-長線-空 策略2:  2017/11/27 12:45:00 FALSE TRUE TRUE TRUE TRUE TRUE 
雙刀-長線-空 策略3:  2017/11/27 12:45:00 FALSE FALSE TRUE TRUE TRUE TRUE 
aveDir18 分數(需小於-7): -1 
DIF方向(需為負向): -1.000000 
指數(要低於ave18): 10698  ave18: 10801 
2小時均線方向(需為負向): -1.000000 
90小時線離指數差(需小於150): 36.966667 
雙刀-長線-空 策略1:  2017/11/28 08:45:00 FALSE TRUE TRUE TRUE TRUE 
雙刀-長線-空 策略2:  2017/11/28 08:45:00 FALSE TRUE TRUE TRUE TRUE TRUE 
雙刀-長線-空 策略3:  2017/11/28 08:45:00 FALSE FALSE TRUE TRUE TRUE TRUE 
aveDir18 分數(需小於-7): -2 
DIF方向(需為負向): -1.000000 
指數(要低於ave18): 10711  ave18: 10795 
2小時均線方向(需為負向): -1.000000 
90小時線離指數差(需小於150): 23.177778 
雙刀-長線-空 策略1:  2017/11/28 09:45:00 FALSE TRUE TRUE TRUE TRUE 
雙刀-長線-空 策略2:  2017/11/28 09:45:00 FALSE FALSE TRUE TRUE TRUE TRUE 
雙刀-長線-空 策略3:  2017/11/28 09:45:00 FALSE FALSE TRUE TRUE TRUE TRUE 
aveDir18 分數(需小於-7): -3 
DIF方向(需為負向): -1.000000 
指數(要低於ave18): 10695  ave18: 10788 
2小時均線方向(需為負向): -1.000000 
90小時線離指數差(需小於150): 38.377778 
雙刀-長線-空 策略1:  2017/11/28 10:45:00 FALSE TRUE TRUE TRUE TRUE 
雙刀-長線-空 策略2:  2017/11/28 10:45:00 FALSE FALSE TRUE TRUE TRUE TRUE 
雙刀-長線-空 策略3:  2017/11/28 10:45:00 FALSE TRUE TRUE TRUE TRUE TRUE 
aveDir18 分數(需小於-7): -4 
DIF方向(需為負向): -1.000000 
指數(要低於ave18): 10696  ave18: 10782 
2小時均線方向(需為負向): -1.000000 
90小時線離指數差(需小於150): 36.500000 
雙刀-長線-空 策略1:  2017/11/28 11:45:00 FALSE TRUE TRUE TRUE TRUE 
雙刀-長線-空 策略2:  2017/11/28 11:45:00 FALSE FALSE TRUE TRUE TRUE TRUE 
雙刀-長線-空 策略3:  2017/11/28 11:45:00 FALSE TRUE TRUE TRUE TRUE TRUE 
aveDir18 分數(需小於-7): -5 
DIF方向(需為負向): -1.000000 
指數(要低於ave18): 10694  ave18: 10774 
2小時均線方向(需為負向): -1.000000 
90小時線離指數差(需小於150): 37.700000 
雙刀-長線-空 策略1:  2017/11/28 12:45:00 FALSE TRUE TRUE TRUE TRUE 
雙刀-長線-空 策略2:  2017/11/28 12:45:00 TRUE FALSE TRUE TRUE TRUE TRUE 
雙刀-長線-空 策略3:  2017/11/28 12:45:00 FALSE TRUE TRUE TRUE TRUE TRUE 
aveDir18 分數(需小於-7): -6 
DIF方向(需為負向): 1.000000 
指數(要低於ave18): 10726  ave18: 10768 
2小時均線方向(需為負向): 1.000000 
90小時線離指數差(需小於150): 5.500000 
雙刀-長線-空 策略1:  2017/11/29 08:45:00 FALSE FALSE TRUE FALSE TRUE 
雙刀-長線-空 策略2:  2017/11/29 08:45:00 TRUE FALSE FALSE TRUE FALSE TRUE 
雙刀-長線-空 策略3:  2017/11/29 08:45:00 FALSE TRUE FALSE TRUE FALSE TRUE 
aveDir18 分數(需小於-7): -7 
DIF方向(需為負向): 1.000000 
指數(要低於ave18): 10716  ave18: 10761 
2小時均線方向(需為負向): 1.000000 
90小時線離指數差(需小於150): 15.066667 
雙刀-長線-空 策略1:  2017/11/29 09:45:00 TRUE FALSE TRUE FALSE TRUE 
雙刀-長線-空 策略2:  2017/11/29 09:45:00 TRUE FALSE FALSE TRUE FALSE TRUE 
雙刀-長線-空 策略3:  2017/11/29 09:45:00 FALSE TRUE FALSE TRUE FALSE TRUE 
aveDir18 分數(需小於-7): -8 
DIF方向(需為負向): 1.000000 
指數(要低於ave18): 10705  ave18: 10754 
2小時均線方向(需為負向): -1.000000 
90小時線離指數差(需小於150): 25.500000 
雙刀-長線-空 策略1:  2017/11/29 10:45:00 TRUE FALSE TRUE TRUE TRUE 
雙刀-長線-空 策略2:  2017/11/29 10:45:00 TRUE FALSE FALSE TRUE TRUE TRUE 
雙刀-長線-空 策略3:  2017/11/29 10:45:00 FALSE TRUE FALSE TRUE TRUE TRUE 
aveDir18 分數(需小於-7): -9 
DIF方向(需為負向): 1.000000 
指數(要低於ave18): 10708  ave18: 10747 
2小時均線方向(需為負向): -1.000000 
90小時線離指數差(需小於150): 21.966667 
雙刀-長線-空 策略1:  2017/11/29 11:45:00 TRUE FALSE TRUE TRUE TRUE 
雙刀-長線-空 策略2:  2017/11/29 11:45:00 TRUE FALSE FALSE TRUE TRUE TRUE 
雙刀-長線-空 策略3:  2017/11/29 11:45:00 FALSE TRUE FALSE TRUE TRUE TRUE 
aveDir18 分數(需小於-7): -11 
DIF方向(需為負向): 1.000000 
指數(要低於ave18): 10715  ave18: 10740 
2小時均線方向(需為負向): 1.000000 
90小時線離指數差(需小於150): 14.322222 
雙刀-長線-空 策略1:  2017/11/29 12:45:00 TRUE FALSE TRUE FALSE TRUE 
雙刀-長線-空 策略2:  2017/11/29 12:45:00 TRUE FALSE FALSE TRUE FALSE TRUE 
雙刀-長線-空 策略3:  2017/11/29 12:45:00 FALSE TRUE FALSE TRUE FALSE TRUE 
aveDir18 分數(需小於-7): -13 
DIF方向(需為負向): -1.000000 
指數(要低於ave18): 10602  ave18: 10727 
2小時均線方向(需為負向): -1.000000 
90小時線離指數差(需小於150): 125.555556 
雙刀-長線-空 策略1:  2017/11/30 08:45:00 TRUE TRUE TRUE TRUE TRUE 
雙刀-長線-空 策略2:  2017/11/30 08:45:00 TRUE TRUE TRUE TRUE TRUE TRUE 
雙刀-長線-空 策略3:  2017/11/30 08:45:00 FALSE TRUE TRUE TRUE TRUE TRUE 
aveDir18 分數(需小於-7): -15 
DIF方向(需為負向): -1.000000 
指數(要低於ave18): 10621  ave18: 10716 
2小時均線方向(需為負向): -1.000000 
90小時線離指數差(需小於150): 105.211111 
雙刀-長線-空 策略1:  2017/11/30 09:45:00 TRUE TRUE TRUE TRUE TRUE 
雙刀-長線-空 策略2:  2017/11/30 09:45:00 TRUE TRUE TRUE TRUE TRUE TRUE 
雙刀-長線-空 策略3:  2017/11/30 09:45:00 FALSE TRUE TRUE TRUE TRUE TRUE 
aveDir18 分數(需小於-7): -15 
DIF方向(需為負向): -1.000000 
指數(要低於ave18): 10593  ave18: 10702 
2小時均線方向(需為負向): -1.000000 
90小時線離指數差(需小於150): 131.433333 
雙刀-長線-空 策略1:  2017/11/30 10:45:00 TRUE TRUE TRUE TRUE TRUE 
雙刀-長線-空 策略2:  2017/11/30 10:45:00 TRUE TRUE TRUE TRUE TRUE TRUE 
雙刀-長線-空 策略3:  2017/11/30 10:45:00 FALSE TRUE TRUE TRUE TRUE TRUE 
aveDir18 分數(需小於-7): -15 
DIF方向(需為負向): -1.000000 
指數(要低於ave18): 10580  ave18: 10692 
2小時均線方向(需為負向): -1.000000 
90小時線離指數差(需小於150): 142.533333 
雙刀-長線-空 策略1:  2017/11/30 11:45:00 TRUE TRUE TRUE TRUE TRUE 
雙刀-長線-空 策略2:  2017/11/30 11:45:00 TRUE TRUE TRUE TRUE TRUE TRUE 
雙刀-長線-空 策略3:  2017/11/30 11:45:00 FALSE TRUE TRUE TRUE TRUE TRUE 
aveDir18 分數(需小於-7): -15 
DIF方向(需為負向): -1.000000 
指數(要低於ave18): 10565  ave18: 10681 
2小時均線方向(需為負向): -1.000000 
90小時線離指數差(需小於150): 155.400000 
雙刀-長線-空 策略1:  2017/11/30 12:45:00 TRUE TRUE TRUE TRUE FALSE 
雙刀-長線-空 策略2:  2017/11/30 12:45:00 TRUE TRUE TRUE TRUE TRUE FALSE 
雙刀-長線-空 策略3:  2017/11/30 12:45:00 TRUE TRUE TRUE TRUE TRUE FALSE 
aveDir18 分數(需小於-7): -15 
DIF方向(需為負向): -1.000000 
指數(要低於ave18): 10564  ave18: 10671 
2小時均線方向(需為負向): -1.000000 
90小時線離指數差(需小於150): 153.988889 
雙刀-長線-空 策略1:  2017/12/01 08:45:00 TRUE TRUE TRUE TRUE FALSE 
雙刀-長線-空 策略2:  2017/12/01 08:45:00 TRUE FALSE TRUE TRUE TRUE FALSE 
雙刀-長線-空 策略3:  2017/12/01 08:45:00 FALSE TRUE TRUE TRUE TRUE FALSE 
aveDir18 分數(需小於-7): -15 
DIF方向(需為負向): -1.000000 
指數(要低於ave18): 10527  ave18: 10658 
2小時均線方向(需為負向): -1.000000 
90小時線離指數差(需小於150): 188.133333 
雙刀-長線-空 策略1:  2017/12/01 09:45:00 TRUE TRUE TRUE TRUE FALSE 
雙刀-長線-空 策略2:  2017/12/01 09:45:00 TRUE TRUE TRUE TRUE TRUE FALSE 
雙刀-長線-空 策略3:  2017/12/01 09:45:00 FALSE TRUE TRUE TRUE TRUE FALSE 
aveDir18 分數(需小於-7): -15 
DIF方向(需為負向): -1.000000 
指數(要低於ave18): 10593  ave18: 10651 
2小時均線方向(需為負向): 1.000000 
90小時線離指數差(需小於150): 119.955556 
雙刀-長線-空 策略1:  2017/12/01 10:45:00 TRUE TRUE TRUE FALSE TRUE 
雙刀-長線-空 策略2:  2017/12/01 10:45:00 TRUE FALSE TRUE TRUE FALSE TRUE 
雙刀-長線-空 策略3:  2017/12/01 10:45:00 FALSE TRUE TRUE TRUE FALSE TRUE 
aveDir18 分數(需小於-7): -15 
DIF方向(需為負向): 1.000000 
指數(要低於ave18): 10627  ave18: 10647 
2小時均線方向(需為負向): 1.000000 
90小時線離指數差(需小於150): 84.144444 
雙刀-長線-空 策略1:  2017/12/01 11:45:00 TRUE FALSE TRUE FALSE TRUE 
雙刀-長線-空 策略2:  2017/12/01 11:45:00 TRUE FALSE FALSE TRUE FALSE TRUE 
雙刀-長線-空 策略3:  2017/12/01 11:45:00 FALSE TRUE FALSE TRUE FALSE TRUE 
aveDir18 分數(需小於-7): 1 
DIF方向(需為負向): 0.000000 
指數(要低於ave18): 10735  ave18: 10810 
2小時均線方向(需為負向): 1.000000 
90小時線離指數差(需小於150): 0.700000 
雙刀-長線-空 策略1:  2017/11/27 12:45:00 FALSE FALSE TRUE FALSE TRUE 
雙刀-長線-空 策略2:  2017/11/27 12:45:00 FALSE TRUE FALSE TRUE FALSE TRUE 
雙刀-長線-空 策略3:  2017/11/27 12:45:00 FALSE FALSE FALSE TRUE FALSE TRUE 
aveDir18 分數(需小於-7): 0 
DIF方向(需為負向): -1.000000 
指數(要低於ave18): 10698  ave18: 10801 
2小時均線方向(需為負向): -1.000000 
90小時線離指數差(需小於150): 36.966667 
雙刀-長線-空 策略1:  2017/11/28 08:45:00 FALSE TRUE TRUE TRUE TRUE 
雙刀-長線-空 策略2:  2017/11/28 08:45:00 FALSE TRUE TRUE TRUE TRUE TRUE 
雙刀-長線-空 策略3:  2017/11/28 08:45:00 FALSE FALSE TRUE TRUE TRUE TRUE 
aveDir18 分數(需小於-7): -1 
DIF方向(需為負向): -1.000000 
指數(要低於ave18): 10711  ave18: 10795 
2小時均線方向(需為負向): -1.000000 
90小時線離指數差(需小於150): 23.177778 
雙刀-長線-空 策略1:  2017/11/28 09:45:00 FALSE TRUE TRUE TRUE TRUE 
雙刀-長線-空 策略2:  2017/11/28 09:45:00 FALSE FALSE TRUE TRUE TRUE TRUE 
雙刀-長線-空 策略3:  2017/11/28 09:45:00 FALSE FALSE TRUE TRUE TRUE TRUE 
aveDir18 分數(需小於-7): -2 
DIF方向(需為負向): -1.000000 
指數(要低於ave18): 10695  ave18: 10788 
2小時均線方向(需為負向): -1.000000 
90小時線離指數差(需小於150): 38.377778 
雙刀-長線-空 策略1:  2017/11/28 10:45:00 FALSE TRUE TRUE TRUE TRUE 
雙刀-長線-空 策略2:  2017/11/28 10:45:00 FALSE FALSE TRUE TRUE TRUE TRUE 
雙刀-長線-空 策略3:  2017/11/28 10:45:00 FALSE FALSE TRUE TRUE TRUE TRUE 
aveDir18 分數(需小於-7): -3 
DIF方向(需為負向): -1.000000 
指數(要低於ave18): 10696  ave18: 10782 
2小時均線方向(需為負向): -1.000000 
90小時線離指數差(需小於150): 36.500000 
雙刀-長線-空 策略1:  2017/11/28 11:45:00 FALSE TRUE TRUE TRUE TRUE 
雙刀-長線-空 策略2:  2017/11/28 11:45:00 FALSE FALSE TRUE TRUE TRUE TRUE 
雙刀-長線-空 策略3:  2017/11/28 11:45:00 FALSE TRUE TRUE TRUE TRUE TRUE 
aveDir18 分數(需小於-7): -4 
DIF方向(需為負向): -1.000000 
指數(要低於ave18): 10694  ave18: 10774 
2小時均線方向(需為負向): -1.000000 
90小時線離指數差(需小於150): 37.700000 
雙刀-長線-空 策略1:  2017/11/28 12:45:00 FALSE TRUE TRUE TRUE TRUE 
雙刀-長線-空 策略2:  2017/11/28 12:45:00 FALSE FALSE TRUE TRUE TRUE TRUE 
雙刀-長線-空 策略3:  2017/11/28 12:45:00 FALSE TRUE TRUE TRUE TRUE TRUE 
aveDir18 分數(需小於-7): -5 
DIF方向(需為負向): 1.000000 
指數(要低於ave18): 10726  ave18: 10768 
2小時均線方向(需為負向): 1.000000 
90小時線離指數差(需小於150): 5.500000 
雙刀-長線-空 策略1:  2017/11/29 08:45:00 FALSE FALSE TRUE FALSE TRUE 
雙刀-長線-空 策略2:  2017/11/29 08:45:00 TRUE FALSE FALSE TRUE FALSE TRUE 
雙刀-長線-空 策略3:  2017/11/29 08:45:00 FALSE TRUE FALSE TRUE FALSE TRUE 
aveDir18 分數(需小於-7): -6 
DIF方向(需為負向): 1.000000 
指數(要低於ave18): 10716  ave18: 10761 
2小時均線方向(需為負向): 1.000000 
90小時線離指數差(需小於150): 15.066667 
雙刀-長線-空 策略1:  2017/11/29 09:45:00 FALSE FALSE TRUE FALSE TRUE 
雙刀-長線-空 策略2:  2017/11/29 09:45:00 TRUE FALSE FALSE TRUE FALSE TRUE 
雙刀-長線-空 策略3:  2017/11/29 09:45:00 FALSE TRUE FALSE TRUE FALSE TRUE 
aveDir18 分數(需小於-7): -7 
DIF方向(需為負向): 1.000000 
指數(要低於ave18): 10705  ave18: 10754 
2小時均線方向(需為負向): -1.000000 
90小時線離指數差(需小於150): 25.500000 
雙刀-長線-空 策略1:  2017/11/29 10:45:00 TRUE FALSE TRUE TRUE TRUE 
雙刀-長線-空 策略2:  2017/11/29 10:45:00 TRUE FALSE FALSE TRUE TRUE TRUE 
雙刀-長線-空 策略3:  2017/11/29 10:45:00 FALSE TRUE FALSE TRUE TRUE TRUE 
aveDir18 分數(需小於-7): -8 
DIF方向(需為負向): -1.000000 
指數(要低於ave18): 10708  ave18: 10747 
2小時均線方向(需為負向): -1.000000 
90小時線離指數差(需小於150): 21.966667 
雙刀-長線-空 策略1:  2017/11/29 11:45:00 TRUE TRUE TRUE TRUE TRUE 
雙刀-長線-空 策略2:  2017/11/29 11:45:00 TRUE FALSE TRUE TRUE TRUE TRUE 
雙刀-長線-空 策略3:  2017/11/29 11:45:00 FALSE TRUE TRUE TRUE TRUE TRUE 
aveDir18 分數(需小於-7): -9 
DIF方向(需為負向): 1.000000 
指數(要低於ave18): 10715  ave18: 10740 
2小時均線方向(需為負向): 1.000000 
90小時線離指數差(需小於150): 14.322222 
雙刀-長線-空 策略1:  2017/11/29 12:45:00 TRUE FALSE TRUE FALSE TRUE 
雙刀-長線-空 策略2:  2017/11/29 12:45:00 TRUE FALSE FALSE TRUE FALSE TRUE 
雙刀-長線-空 策略3:  2017/11/29 12:45:00 FALSE TRUE FALSE TRUE FALSE TRUE 
aveDir18 分數(需小於-7): -10 
DIF方向(需為負向): -1.000000 
指數(要低於ave18): 10602  ave18: 10727 
2小時均線方向(需為負向): -1.000000 
90小時線離指數差(需小於150): 125.555556 
雙刀-長線-空 策略1:  2017/11/30 08:45:00 TRUE TRUE TRUE TRUE TRUE 
雙刀-長線-空 策略2:  2017/11/30 08:45:00 TRUE TRUE TRUE TRUE TRUE TRUE 
雙刀-長線-空 策略3:  2017/11/30 08:45:00 FALSE TRUE TRUE TRUE TRUE TRUE 
aveDir18 分數(需小於-7): -11 
DIF方向(需為負向): -1.000000 
指數(要低於ave18): 10621  ave18: 10716 
2小時均線方向(需為負向): -1.000000 
90小時線離指數差(需小於150): 105.211111 
雙刀-長線-空 策略1:  2017/11/30 09:45:00 TRUE TRUE TRUE TRUE TRUE 
雙刀-長線-空 策略2:  2017/11/30 09:45:00 TRUE TRUE TRUE TRUE TRUE TRUE 
雙刀-長線-空 策略3:  2017/11/30 09:45:00 FALSE TRUE TRUE TRUE TRUE TRUE 
aveDir18 分數(需小於-7): -12 
DIF方向(需為負向): -1.000000 
指數(要低於ave18): 10593  ave18: 10702 
2小時均線方向(需為負向): -1.000000 
90小時線離指數差(需小於150): 131.433333 
雙刀-長線-空 策略1:  2017/11/30 10:45:00 TRUE TRUE TRUE TRUE TRUE 
雙刀-長線-空 策略2:  2017/11/30 10:45:00 TRUE TRUE TRUE TRUE TRUE TRUE 
雙刀-長線-空 策略3:  2017/11/30 10:45:00 FALSE TRUE TRUE TRUE TRUE TRUE 
aveDir18 分數(需小於-7): -13 
DIF方向(需為負向): -1.000000 
指數(要低於ave18): 10580  ave18: 10692 
2小時均線方向(需為負向): -1.000000 
90小時線離指數差(需小於150): 142.533333 
雙刀-長線-空 策略1:  2017/11/30 11:45:00 TRUE TRUE TRUE TRUE TRUE 
雙刀-長線-空 策略2:  2017/11/30 11:45:00 TRUE TRUE TRUE TRUE TRUE TRUE 
雙刀-長線-空 策略3:  2017/11/30 11:45:00 FALSE TRUE TRUE TRUE TRUE TRUE 
aveDir18 分數(需小於-7): -15 
DIF方向(需為負向): -1.000000 
指數(要低於ave18): 10565  ave18: 10681 
2小時均線方向(需為負向): -1.000000 
90小時線離指數差(需小於150): 155.400000 
雙刀-長線-空 策略1:  2017/11/30 12:45:00 TRUE TRUE TRUE TRUE FALSE 
雙刀-長線-空 策略2:  2017/11/30 12:45:00 TRUE TRUE TRUE TRUE TRUE FALSE 
雙刀-長線-空 策略3:  2017/11/30 12:45:00 TRUE TRUE TRUE TRUE TRUE FALSE 
aveDir18 分數(需小於-7): -15 
DIF方向(需為負向): -1.000000 
指數(要低於ave18): 10564  ave18: 10671 
2小時均線方向(需為負向): -1.000000 
90小時線離指數差(需小於150): 153.988889 
雙刀-長線-空 策略1:  2017/12/01 08:45:00 TRUE TRUE TRUE TRUE FALSE 
雙刀-長線-空 策略2:  2017/12/01 08:45:00 TRUE FALSE TRUE TRUE TRUE FALSE 
雙刀-長線-空 策略3:  2017/12/01 08:45:00 FALSE TRUE TRUE TRUE TRUE FALSE 
aveDir18 分數(需小於-7): -15 
DIF方向(需為負向): -1.000000 
指數(要低於ave18): 10527  ave18: 10658 
2小時均線方向(需為負向): -1.000000 
90小時線離指數差(需小於150): 188.133333 
雙刀-長線-空 策略1:  2017/12/01 09:45:00 TRUE TRUE TRUE TRUE FALSE 
雙刀-長線-空 策略2:  2017/12/01 09:45:00 TRUE TRUE TRUE TRUE TRUE FALSE 
雙刀-長線-空 策略3:  2017/12/01 09:45:00 FALSE TRUE TRUE TRUE TRUE FALSE 
aveDir18 分數(需小於-7): -15 
DIF方向(需為負向): -1.000000 
指數(要低於ave18): 10593  ave18: 10651 
2小時均線方向(需為負向): 1.000000 
90小時線離指數差(需小於150): 119.955556 
雙刀-長線-空 策略1:  2017/12/01 10:45:00 TRUE TRUE TRUE FALSE TRUE 
雙刀-長線-空 策略2:  2017/12/01 10:45:00 TRUE FALSE TRUE TRUE FALSE TRUE 
雙刀-長線-空 策略3:  2017/12/01 10:45:00 FALSE TRUE TRUE TRUE FALSE TRUE 
aveDir18 分數(需小於-7): -15 
DIF方向(需為負向): 1.000000 
指數(要低於ave18): 10627  ave18: 10647 
2小時均線方向(需為負向): 1.000000 
90小時線離指數差(需小於150): 84.144444 
雙刀-長線-空 策略1:  2017/12/01 11:45:00 TRUE FALSE TRUE FALSE TRUE 
雙刀-長線-空 策略2:  2017/12/01 11:45:00 TRUE FALSE FALSE TRUE FALSE TRUE 
雙刀-長線-空 策略3:  2017/12/01 11:45:00 FALSE TRUE FALSE TRUE FALSE TRUE 
aveDir18 分數(需小於-7): -15 
DIF方向(需為負向): 1.000000 
指數(要低於ave18): 10590  ave18: 10640 
2小時均線方向(需為負向): -1.000000 
90小時線離指數差(需小於150): 118.711111 
雙刀-長線-空 策略1:  2017/12/01 12:45:00 TRUE FALSE TRUE TRUE TRUE 
雙刀-長線-空 策略2:  2017/12/01 12:45:00 TRUE FALSE FALSE TRUE TRUE TRUE 
雙刀-長線-空 策略3:  2017/12/01 12:45:00 FALSE TRUE FALSE TRUE TRUE TRUE 
aveDir18 分數(需小於-7): 1 
DIF方向(需為負向): 0.000000 
指數(要低於ave18): 10735  ave18: 10810 
2小時均線方向(需為負向): 1.000000 
90小時線離指數差(需小於150): 0.700000 
雙刀-長線-空 策略1:  2017/11/27 12:45:00 FALSE FALSE TRUE FALSE TRUE 
雙刀-長線-空 策略2:  2017/11/27 12:45:00 FALSE TRUE FALSE TRUE FALSE TRUE 
雙刀-長線-空 策略3:  2017/11/27 12:45:00 FALSE FALSE FALSE TRUE FALSE TRUE 
aveDir18 分數(需小於-7): 0 
DIF方向(需為負向): -1.000000 
指數(要低於ave18): 10698  ave18: 10801 
2小時均線方向(需為負向): -1.000000 
90小時線離指數差(需小於150): 36.966667 
雙刀-長線-空 策略1:  2017/11/28 08:45:00 FALSE TRUE TRUE TRUE TRUE 
雙刀-長線-空 策略2:  2017/11/28 08:45:00 FALSE TRUE TRUE TRUE TRUE TRUE 
雙刀-長線-空 策略3:  2017/11/28 08:45:00 FALSE FALSE TRUE TRUE TRUE TRUE 
aveDir18 分數(需小於-7): -1 
DIF方向(需為負向): -1.000000 
指數(要低於ave18): 10711  ave18: 10795 
2小時均線方向(需為負向): -1.000000 
90小時線離指數差(需小於150): 23.177778 
雙刀-長線-空 策略1:  2017/11/28 09:45:00 FALSE TRUE TRUE TRUE TRUE 
雙刀-長線-空 策略2:  2017/11/28 09:45:00 FALSE FALSE TRUE TRUE TRUE TRUE 
雙刀-長線-空 策略3:  2017/11/28 09:45:00 FALSE FALSE TRUE TRUE TRUE TRUE 
aveDir18 分數(需小於-7): -2 
DIF方向(需為負向): -1.000000 
指數(要低於ave18): 10695  ave18: 10788 
2小時均線方向(需為負向): -1.000000 
90小時線離指數差(需小於150): 38.377778 
雙刀-長線-空 策略1:  2017/11/28 10:45:00 FALSE TRUE TRUE TRUE TRUE 
雙刀-長線-空 策略2:  2017/11/28 10:45:00 FALSE FALSE TRUE TRUE TRUE TRUE 
雙刀-長線-空 策略3:  2017/11/28 10:45:00 FALSE FALSE TRUE TRUE TRUE TRUE 
aveDir18 分數(需小於-7): -3 
DIF方向(需為負向): -1.000000 
指數(要低於ave18): 10696  ave18: 10782 
2小時均線方向(需為負向): -1.000000 
90小時線離指數差(需小於150): 36.500000 
雙刀-長線-空 策略1:  2017/11/28 11:45:00 FALSE TRUE TRUE TRUE TRUE 
雙刀-長線-空 策略2:  2017/11/28 11:45:00 FALSE FALSE TRUE TRUE TRUE TRUE 
雙刀-長線-空 策略3:  2017/11/28 11:45:00 FALSE TRUE TRUE TRUE TRUE TRUE 
aveDir18 分數(需小於-7): -4 
DIF方向(需為負向): -1.000000 
指數(要低於ave18): 10694  ave18: 10774 
2小時均線方向(需為負向): -1.000000 
90小時線離指數差(需小於150): 37.700000 
雙刀-長線-空 策略1:  2017/11/28 12:45:00 FALSE TRUE TRUE TRUE TRUE 
雙刀-長線-空 策略2:  2017/11/28 12:45:00 FALSE FALSE TRUE TRUE TRUE TRUE 
雙刀-長線-空 策略3:  2017/11/28 12:45:00 FALSE TRUE TRUE TRUE TRUE TRUE 
aveDir18 分數(需小於-7): -5 
DIF方向(需為負向): 1.000000 
指數(要低於ave18): 10726  ave18: 10768 
2小時均線方向(需為負向): 1.000000 
90小時線離指數差(需小於150): 5.500000 
雙刀-長線-空 策略1:  2017/11/29 08:45:00 FALSE FALSE TRUE FALSE TRUE 
雙刀-長線-空 策略2:  2017/11/29 08:45:00 TRUE FALSE FALSE TRUE FALSE TRUE 
雙刀-長線-空 策略3:  2017/11/29 08:45:00 FALSE TRUE FALSE TRUE FALSE TRUE 
aveDir18 分數(需小於-7): -6 
DIF方向(需為負向): 1.000000 
指數(要低於ave18): 10716  ave18: 10761 
2小時均線方向(需為負向): 1.000000 
90小時線離指數差(需小於150): 15.066667 
雙刀-長線-空 策略1:  2017/11/29 09:45:00 FALSE FALSE TRUE FALSE TRUE 
雙刀-長線-空 策略2:  2017/11/29 09:45:00 TRUE FALSE FALSE TRUE FALSE TRUE 
雙刀-長線-空 策略3:  2017/11/29 09:45:00 FALSE TRUE FALSE TRUE FALSE TRUE 
aveDir18 分數(需小於-7): -7 
DIF方向(需為負向): 1.000000 
指數(要低於ave18): 10705  ave18: 10754 
2小時均線方向(需為負向): -1.000000 
90小時線離指數差(需小於150): 25.500000 
雙刀-長線-空 策略1:  2017/11/29 10:45:00 TRUE FALSE TRUE TRUE TRUE 
雙刀-長線-空 策略2:  2017/11/29 10:45:00 TRUE FALSE FALSE TRUE TRUE TRUE 
雙刀-長線-空 策略3:  2017/11/29 10:45:00 FALSE TRUE FALSE TRUE TRUE TRUE 
aveDir18 分數(需小於-7): -8 
DIF方向(需為負向): -1.000000 
指數(要低於ave18): 10708  ave18: 10747 
2小時均線方向(需為負向): -1.000000 
90小時線離指數差(需小於150): 21.966667 
雙刀-長線-空 策略1:  2017/11/29 11:45:00 TRUE TRUE TRUE TRUE TRUE 
雙刀-長線-空 策略2:  2017/11/29 11:45:00 TRUE FALSE TRUE TRUE TRUE TRUE 
雙刀-長線-空 策略3:  2017/11/29 11:45:00 FALSE TRUE TRUE TRUE TRUE TRUE 
aveDir18 分數(需小於-7): -9 
DIF方向(需為負向): 1.000000 
指數(要低於ave18): 10715  ave18: 10740 
2小時均線方向(需為負向): 1.000000 
90小時線離指數差(需小於150): 14.322222 
雙刀-長線-空 策略1:  2017/11/29 12:45:00 TRUE FALSE TRUE FALSE TRUE 
雙刀-長線-空 策略2:  2017/11/29 12:45:00 TRUE FALSE FALSE TRUE FALSE TRUE 
雙刀-長線-空 策略3:  2017/11/29 12:45:00 FALSE TRUE FALSE TRUE FALSE TRUE 
aveDir18 分數(需小於-7): -10 
DIF方向(需為負向): -1.000000 
指數(要低於ave18): 10602  ave18: 10727 
2小時均線方向(需為負向): -1.000000 
90小時線離指數差(需小於150): 125.555556 
雙刀-長線-空 策略1:  2017/11/30 08:45:00 TRUE TRUE TRUE TRUE TRUE 
雙刀-長線-空 策略2:  2017/11/30 08:45:00 TRUE TRUE TRUE TRUE TRUE TRUE 
雙刀-長線-空 策略3:  2017/11/30 08:45:00 FALSE TRUE TRUE TRUE TRUE TRUE 
aveDir18 分數(需小於-7): -11 
DIF方向(需為負向): -1.000000 
指數(要低於ave18): 10621  ave18: 10716 
2小時均線方向(需為負向): -1.000000 
90小時線離指數差(需小於150): 105.211111 
雙刀-長線-空 策略1:  2017/11/30 09:45:00 TRUE TRUE TRUE TRUE TRUE 
雙刀-長線-空 策略2:  2017/11/30 09:45:00 TRUE TRUE TRUE TRUE TRUE TRUE 
雙刀-長線-空 策略3:  2017/11/30 09:45:00 FALSE TRUE TRUE TRUE TRUE TRUE 
aveDir18 分數(需小於-7): -12 
DIF方向(需為負向): -1.000000 
指數(要低於ave18): 10593  ave18: 10702 
2小時均線方向(需為負向): -1.000000 
90小時線離指數差(需小於150): 131.433333 
雙刀-長線-空 策略1:  2017/11/30 10:45:00 TRUE TRUE TRUE TRUE TRUE 
雙刀-長線-空 策略2:  2017/11/30 10:45:00 TRUE TRUE TRUE TRUE TRUE TRUE 
雙刀-長線-空 策略3:  2017/11/30 10:45:00 FALSE TRUE TRUE TRUE TRUE TRUE 
aveDir18 分數(需小於-7): -13 
DIF方向(需為負向): -1.000000 
指數(要低於ave18): 10580  ave18: 10692 
2小時均線方向(需為負向): -1.000000 
90小時線離指數差(需小於150): 142.533333 
雙刀-長線-空 策略1:  2017/11/30 11:45:00 TRUE TRUE TRUE TRUE TRUE 
雙刀-長線-空 策略2:  2017/11/30 11:45:00 TRUE TRUE TRUE TRUE TRUE TRUE 
雙刀-長線-空 策略3:  2017/11/30 11:45:00 FALSE TRUE TRUE TRUE TRUE TRUE 
aveDir18 分數(需小於-7): -15 
DIF方向(需為負向): -1.000000 
指數(要低於ave18): 10565  ave18: 10681 
2小時均線方向(需為負向): -1.000000 
90小時線離指數差(需小於150): 155.400000 
雙刀-長線-空 策略1:  2017/11/30 12:45:00 TRUE TRUE TRUE TRUE FALSE 
雙刀-長線-空 策略2:  2017/11/30 12:45:00 TRUE TRUE TRUE TRUE TRUE FALSE 
雙刀-長線-空 策略3:  2017/11/30 12:45:00 TRUE TRUE TRUE TRUE TRUE FALSE 
aveDir18 分數(需小於-7): -15 
DIF方向(需為負向): -1.000000 
指數(要低於ave18): 10564  ave18: 10671 
2小時均線方向(需為負向): -1.000000 
90小時線離指數差(需小於150): 153.988889 
雙刀-長線-空 策略1:  2017/12/01 08:45:00 TRUE TRUE TRUE TRUE FALSE 
雙刀-長線-空 策略2:  2017/12/01 08:45:00 TRUE FALSE TRUE TRUE TRUE FALSE 
雙刀-長線-空 策略3:  2017/12/01 08:45:00 FALSE TRUE TRUE TRUE TRUE FALSE 
aveDir18 分數(需小於-7): -15 
DIF方向(需為負向): -1.000000 
指數(要低於ave18): 10527  ave18: 10658 
2小時均線方向(需為負向): -1.000000 
90小時線離指數差(需小於150): 188.133333 
雙刀-長線-空 策略1:  2017/12/01 09:45:00 TRUE TRUE TRUE TRUE FALSE 
雙刀-長線-空 策略2:  2017/12/01 09:45:00 TRUE TRUE TRUE TRUE TRUE FALSE 
雙刀-長線-空 策略3:  2017/12/01 09:45:00 FALSE TRUE TRUE TRUE TRUE FALSE 
aveDir18 分數(需小於-7): -15 
DIF方向(需為負向): -1.000000 
指數(要低於ave18): 10593  ave18: 10651 
2小時均線方向(需為負向): 1.000000 
90小時線離指數差(需小於150): 119.955556 
雙刀-長線-空 策略1:  2017/12/01 10:45:00 TRUE TRUE TRUE FALSE TRUE 
雙刀-長線-空 策略2:  2017/12/01 10:45:00 TRUE FALSE TRUE TRUE FALSE TRUE 
雙刀-長線-空 策略3:  2017/12/01 10:45:00 FALSE TRUE TRUE TRUE FALSE TRUE 
aveDir18 分數(需小於-7): -15 
DIF方向(需為負向): 1.000000 
指數(要低於ave18): 10627  ave18: 10647 
2小時均線方向(需為負向): 1.000000 
90小時線離指數差(需小於150): 84.144444 
雙刀-長線-空 策略1:  2017/12/01 11:45:00 TRUE FALSE TRUE FALSE TRUE 
雙刀-長線-空 策略2:  2017/12/01 11:45:00 TRUE FALSE FALSE TRUE FALSE TRUE 
雙刀-長線-空 策略3:  2017/12/01 11:45:00 FALSE TRUE FALSE TRUE FALSE TRUE 
aveDir18 分數(需小於-7): -15 
DIF方向(需為負向): 1.000000 
指數(要低於ave18): 10590  ave18: 10640 
2小時均線方向(需為負向): -1.000000 
90小時線離指數差(需小於150): 118.711111 
雙刀-長線-空 策略1:  2017/12/01 12:45:00 TRUE FALSE TRUE TRUE TRUE 
雙刀-長線-空 策略2:  2017/12/01 12:45:00 TRUE FALSE FALSE TRUE TRUE TRUE 
雙刀-長線-空 策略3:  2017/12/01 12:45:00 FALSE TRUE FALSE TRUE TRUE TRUE 
aveDir18 分數(需小於-7): 1 
DIF方向(需為負向): 0.000000 
指數(要低於ave18): 10735  ave18: 10810 
2小時均線方向(需為負向): 1.000000 
90小時線離指數差(需小於150): 0.700000 
雙刀-長線-空 策略1:  2017/11/27 12:45:00 FALSE FALSE TRUE FALSE TRUE 
雙刀-長線-空 策略2:  2017/11/27 12:45:00 FALSE TRUE FALSE TRUE FALSE TRUE 
雙刀-長線-空 策略3:  2017/11/27 12:45:00 FALSE FALSE FALSE TRUE FALSE TRUE 
aveDir18 分數(需小於-7): 0 
DIF方向(需為負向): -1.000000 
指數(要低於ave18): 10698  ave18: 10801 
2小時均線方向(需為負向): -1.000000 
90小時線離指數差(需小於150): 36.966667 
雙刀-長線-空 策略1:  2017/11/28 08:45:00 FALSE TRUE TRUE TRUE TRUE 
雙刀-長線-空 策略2:  2017/11/28 08:45:00 FALSE TRUE TRUE TRUE TRUE TRUE 
雙刀-長線-空 策略3:  2017/11/28 08:45:00 FALSE FALSE TRUE TRUE TRUE TRUE 
aveDir18 分數(需小於-7): -1 
DIF方向(需為負向): -1.000000 
指數(要低於ave18): 10711  ave18: 10795 
2小時均線方向(需為負向): -1.000000 
90小時線離指數差(需小於150): 23.177778 
雙刀-長線-空 策略1:  2017/11/28 09:45:00 FALSE TRUE TRUE TRUE TRUE 
雙刀-長線-空 策略2:  2017/11/28 09:45:00 FALSE FALSE TRUE TRUE TRUE TRUE 
雙刀-長線-空 策略3:  2017/11/28 09:45:00 FALSE FALSE TRUE TRUE TRUE TRUE 
aveDir18 分數(需小於-7): -2 
DIF方向(需為負向): -1.000000 
指數(要低於ave18): 10695  ave18: 10788 
2小時均線方向(需為負向): -1.000000 
90小時線離指數差(需小於150): 38.377778 
雙刀-長線-空 策略1:  2017/11/28 10:45:00 FALSE TRUE TRUE TRUE TRUE 
雙刀-長線-空 策略2:  2017/11/28 10:45:00 FALSE FALSE TRUE TRUE TRUE TRUE 
雙刀-長線-空 策略3:  2017/11/28 10:45:00 FALSE FALSE TRUE TRUE TRUE TRUE 
aveDir18 分數(需小於-7): -3 
DIF方向(需為負向): -1.000000 
指數(要低於ave18): 10696  ave18: 10782 
2小時均線方向(需為負向): -1.000000 
90小時線離指數差(需小於150): 36.500000 
雙刀-長線-空 策略1:  2017/11/28 11:45:00 FALSE TRUE TRUE TRUE TRUE 
雙刀-長線-空 策略2:  2017/11/28 11:45:00 FALSE FALSE TRUE TRUE TRUE TRUE 
雙刀-長線-空 策略3:  2017/11/28 11:45:00 FALSE TRUE TRUE TRUE TRUE TRUE 
aveDir18 分數(需小於-7): -4 
DIF方向(需為負向): -1.000000 
指數(要低於ave18): 10694  ave18: 10774 
2小時均線方向(需為負向): -1.000000 
90小時線離指數差(需小於150): 37.700000 
雙刀-長線-空 策略1:  2017/11/28 12:45:00 FALSE TRUE TRUE TRUE TRUE 
雙刀-長線-空 策略2:  2017/11/28 12:45:00 FALSE FALSE TRUE TRUE TRUE TRUE 
雙刀-長線-空 策略3:  2017/11/28 12:45:00 FALSE TRUE TRUE TRUE TRUE TRUE 
aveDir18 分數(需小於-7): -5 
DIF方向(需為負向): 1.000000 
指數(要低於ave18): 10726  ave18: 10768 
2小時均線方向(需為負向): 1.000000 
90小時線離指數差(需小於150): 5.500000 
雙刀-長線-空 策略1:  2017/11/29 08:45:00 FALSE FALSE TRUE FALSE TRUE 
雙刀-長線-空 策略2:  2017/11/29 08:45:00 TRUE FALSE FALSE TRUE FALSE TRUE 
雙刀-長線-空 策略3:  2017/11/29 08:45:00 FALSE TRUE FALSE TRUE FALSE TRUE 
aveDir18 分數(需小於-7): -6 
DIF方向(需為負向): 1.000000 
指數(要低於ave18): 10716  ave18: 10761 
2小時均線方向(需為負向): 1.000000 
90小時線離指數差(需小於150): 15.066667 
雙刀-長線-空 策略1:  2017/11/29 09:45:00 FALSE FALSE TRUE FALSE TRUE 
雙刀-長線-空 策略2:  2017/11/29 09:45:00 TRUE FALSE FALSE TRUE FALSE TRUE 
雙刀-長線-空 策略3:  2017/11/29 09:45:00 FALSE TRUE FALSE TRUE FALSE TRUE 
aveDir18 分數(需小於-7): -7 
DIF方向(需為負向): 1.000000 
指數(要低於ave18): 10705  ave18: 10754 
2小時均線方向(需為負向): -1.000000 
90小時線離指數差(需小於150): 25.500000 
雙刀-長線-空 策略1:  2017/11/29 10:45:00 TRUE FALSE TRUE TRUE TRUE 
雙刀-長線-空 策略2:  2017/11/29 10:45:00 TRUE FALSE FALSE TRUE TRUE TRUE 
雙刀-長線-空 策略3:  2017/11/29 10:45:00 FALSE TRUE FALSE TRUE TRUE TRUE 
aveDir18 分數(需小於-7): -8 
DIF方向(需為負向): -1.000000 
指數(要低於ave18): 10708  ave18: 10747 
2小時均線方向(需為負向): -1.000000 
90小時線離指數差(需小於150): 21.966667 
雙刀-長線-空 策略1:  2017/11/29 11:45:00 TRUE TRUE TRUE TRUE TRUE 
雙刀-長線-空 策略2:  2017/11/29 11:45:00 TRUE FALSE TRUE TRUE TRUE TRUE 
雙刀-長線-空 策略3:  2017/11/29 11:45:00 FALSE TRUE TRUE TRUE TRUE TRUE 
aveDir18 分數(需小於-7): -9 
DIF方向(需為負向): 1.000000 
指數(要低於ave18): 10715  ave18: 10740 
2小時均線方向(需為負向): 1.000000 
90小時線離指數差(需小於150): 14.322222 
雙刀-長線-空 策略1:  2017/11/29 12:45:00 TRUE FALSE TRUE FALSE TRUE 
雙刀-長線-空 策略2:  2017/11/29 12:45:00 TRUE FALSE FALSE TRUE FALSE TRUE 
雙刀-長線-空 策略3:  2017/11/29 12:45:00 FALSE TRUE FALSE TRUE FALSE TRUE 
aveDir18 分數(需小於-7): -10 
DIF方向(需為負向): -1.000000 
指數(要低於ave18): 10602  ave18: 10727 
2小時均線方向(需為負向): -1.000000 
90小時線離指數差(需小於150): 125.555556 
雙刀-長線-空 策略1:  2017/11/30 08:45:00 TRUE TRUE TRUE TRUE TRUE 
雙刀-長線-空 策略2:  2017/11/30 08:45:00 TRUE TRUE TRUE TRUE TRUE TRUE 
雙刀-長線-空 策略3:  2017/11/30 08:45:00 FALSE TRUE TRUE TRUE TRUE TRUE 
aveDir18 分數(需小於-7): -11 
DIF方向(需為負向): -1.000000 
指數(要低於ave18): 10621  ave18: 10716 
2小時均線方向(需為負向): -1.000000 
90小時線離指數差(需小於150): 105.211111 
雙刀-長線-空 策略1:  2017/11/30 09:45:00 TRUE TRUE TRUE TRUE TRUE 
雙刀-長線-空 策略2:  2017/11/30 09:45:00 TRUE TRUE TRUE TRUE TRUE TRUE 
雙刀-長線-空 策略3:  2017/11/30 09:45:00 FALSE TRUE TRUE TRUE TRUE TRUE 
aveDir18 分數(需小於-7): -12 
DIF方向(需為負向): -1.000000 
指數(要低於ave18): 10593  ave18: 10702 
2小時均線方向(需為負向): -1.000000 
90小時線離指數差(需小於150): 131.433333 
雙刀-長線-空 策略1:  2017/11/30 10:45:00 TRUE TRUE TRUE TRUE TRUE 
雙刀-長線-空 策略2:  2017/11/30 10:45:00 TRUE TRUE TRUE TRUE TRUE TRUE 
雙刀-長線-空 策略3:  2017/11/30 10:45:00 FALSE TRUE TRUE TRUE TRUE TRUE 
aveDir18 分數(需小於-7): -13 
DIF方向(需為負向): -1.000000 
指數(要低於ave18): 10580  ave18: 10692 
2小時均線方向(需為負向): -1.000000 
90小時線離指數差(需小於150): 142.533333 
雙刀-長線-空 策略1:  2017/11/30 11:45:00 TRUE TRUE TRUE TRUE TRUE 
雙刀-長線-空 策略2:  2017/11/30 11:45:00 TRUE TRUE TRUE TRUE TRUE TRUE 
雙刀-長線-空 策略3:  2017/11/30 11:45:00 FALSE TRUE TRUE TRUE TRUE TRUE 
aveDir18 分數(需小於-7): -15 
DIF方向(需為負向): -1.000000 
指數(要低於ave18): 10565  ave18: 10681 
2小時均線方向(需為負向): -1.000000 
90小時線離指數差(需小於150): 155.400000 
雙刀-長線-空 策略1:  2017/11/30 12:45:00 TRUE TRUE TRUE TRUE FALSE 
雙刀-長線-空 策略2:  2017/11/30 12:45:00 TRUE TRUE TRUE TRUE TRUE FALSE 
雙刀-長線-空 策略3:  2017/11/30 12:45:00 TRUE TRUE TRUE TRUE TRUE FALSE 
aveDir18 分數(需小於-7): -15 
DIF方向(需為負向): -1.000000 
指數(要低於ave18): 10564  ave18: 10671 
2小時均線方向(需為負向): -1.000000 
90小時線離指數差(需小於150): 153.988889 
雙刀-長線-空 策略1:  2017/12/01 08:45:00 TRUE TRUE TRUE TRUE FALSE 
雙刀-長線-空 策略2:  2017/12/01 08:45:00 TRUE FALSE TRUE TRUE TRUE FALSE 
雙刀-長線-空 策略3:  2017/12/01 08:45:00 FALSE TRUE TRUE TRUE TRUE FALSE 
aveDir18 分數(需小於-7): -15 
DIF方向(需為負向): -1.000000 
指數(要低於ave18): 10527  ave18: 10658 
2小時均線方向(需為負向): -1.000000 
90小時線離指數差(需小於150): 188.133333 
雙刀-長線-空 策略1:  2017/12/01 09:45:00 TRUE TRUE TRUE TRUE FALSE 
雙刀-長線-空 策略2:  2017/12/01 09:45:00 TRUE TRUE TRUE TRUE TRUE FALSE 
雙刀-長線-空 策略3:  2017/12/01 09:45:00 FALSE TRUE TRUE TRUE TRUE FALSE 
aveDir18 分數(需小於-7): -15 
DIF方向(需為負向): -1.000000 
指數(要低於ave18): 10593  ave18: 10651 
2小時均線方向(需為負向): 1.000000 
90小時線離指數差(需小於150): 119.955556 
雙刀-長線-空 策略1:  2017/12/01 10:45:00 TRUE TRUE TRUE FALSE TRUE 
雙刀-長線-空 策略2:  2017/12/01 10:45:00 TRUE FALSE TRUE TRUE FALSE TRUE 
雙刀-長線-空 策略3:  2017/12/01 10:45:00 FALSE TRUE TRUE TRUE FALSE TRUE 
aveDir18 分數(需小於-7): -15 
DIF方向(需為負向): 1.000000 
指數(要低於ave18): 10627  ave18: 10647 
2小時均線方向(需為負向): 1.000000 
90小時線離指數差(需小於150): 84.144444 
雙刀-長線-空 策略1:  2017/12/01 11:45:00 TRUE FALSE TRUE FALSE TRUE 
雙刀-長線-空 策略2:  2017/12/01 11:45:00 TRUE FALSE FALSE TRUE FALSE TRUE 
雙刀-長線-空 策略3:  2017/12/01 11:45:00 FALSE TRUE FALSE TRUE FALSE TRUE 
aveDir18 分數(需小於-7): -15 
DIF方向(需為負向): 1.000000 
指數(要低於ave18): 10590  ave18: 10640 
2小時均線方向(需為負向): -1.000000 
90小時線離指數差(需小於150): 118.711111 
雙刀-長線-空 策略1:  2017/12/01 12:45:00 TRUE FALSE TRUE TRUE TRUE 
雙刀-長線-空 策略2:  2017/12/01 12:45:00 TRUE FALSE FALSE TRUE TRUE TRUE 
雙刀-長線-空 策略3:  2017/12/01 12:45:00 FALSE TRUE FALSE TRUE TRUE TRUE 
aveDir18 分數(需小於-7): -15 
DIF方向(需為負向): 1.000000 
指數(要低於ave18): 10571  ave18: 10633 
2小時均線方向(需為負向): -1.000000 
90小時線離指數差(需小於150): 135.255556 
雙刀-長線-空 策略1:  2017/12/04 08:45:00 TRUE FALSE TRUE TRUE TRUE 
雙刀-長線-空 策略2:  2017/12/04 08:45:00 TRUE FALSE FALSE TRUE TRUE TRUE 
雙刀-長線-空 策略3:  2017/12/04 08:45:00 FALSE TRUE FALSE TRUE TRUE TRUE 
aveDir18 分數(需小於-7): -15 
DIF方向(需為負向): 1.000000 
指數(要低於ave18): 10605  ave18: 10628 
2小時均線方向(需為負向): 1.000000 
90小時線離指數差(需小於150): 99.055556 
雙刀-長線-空 策略1:  2017/12/04 09:45:00 TRUE FALSE TRUE FALSE TRUE 
雙刀-長線-空 策略2:  2017/12/04 09:45:00 TRUE FALSE FALSE TRUE FALSE TRUE 
雙刀-長線-空 策略3:  2017/12/04 09:45:00 FALSE TRUE FALSE TRUE FALSE TRUE 
aveDir18 分數(需小於-7): -15 
DIF方向(需為負向): 1.000000 
指數(要低於ave18): 10617  ave18: 10624 
2小時均線方向(需為負向): 1.000000 
90小時線離指數差(需小於150): 85.100000 
雙刀-長線-空 策略1:  2017/12/04 10:45:00 TRUE FALSE TRUE FALSE TRUE 
雙刀-長線-空 策略2:  2017/12/04 10:45:00 TRUE FALSE FALSE TRUE FALSE TRUE 
雙刀-長線-空 策略3:  2017/12/04 10:45:00 FALSE TRUE FALSE TRUE FALSE TRUE 
aveDir18 分數(需小於-7): -15 
DIF方向(需為負向): 1.000000 
指數(要低於ave18): 10621  ave18: 10618 
2小時均線方向(需為負向): 1.000000 
90小時線離指數差(需小於150): 79.155556 
雙刀-長線-空 策略1:  2017/12/04 11:45:00 TRUE FALSE FALSE FALSE TRUE 
雙刀-長線-空 策略2:  2017/12/04 11:45:00 TRUE FALSE FALSE FALSE FALSE TRUE 
雙刀-長線-空 策略3:  2017/12/04 11:45:00 FALSE TRUE FALSE FALSE FALSE TRUE 
aveDir18 分數(需小於-7): 1 
DIF方向(需為負向): 0.000000 
指數(要低於ave18): 10694  ave18: 10774 
2小時均線方向(需為負向): 1.000000 
90小時線離指數差(需小於150): 37.700000 
雙刀-長線-空 策略1:  2017/11/28 12:45:00 FALSE FALSE TRUE FALSE TRUE 
雙刀-長線-空 策略2:  2017/11/28 12:45:00 FALSE FALSE FALSE TRUE FALSE TRUE 
雙刀-長線-空 策略3:  2017/11/28 12:45:00 FALSE FALSE FALSE TRUE FALSE TRUE 
aveDir18 分數(需小於-7): 0 
DIF方向(需為負向): 1.000000 
指數(要低於ave18): 10726  ave18: 10768 
2小時均線方向(需為負向): 1.000000 
90小時線離指數差(需小於150): 5.500000 
雙刀-長線-空 策略1:  2017/11/29 08:45:00 FALSE FALSE TRUE FALSE TRUE 
雙刀-長線-空 策略2:  2017/11/29 08:45:00 FALSE FALSE FALSE TRUE FALSE TRUE 
雙刀-長線-空 策略3:  2017/11/29 08:45:00 FALSE FALSE FALSE TRUE FALSE TRUE 
aveDir18 分數(需小於-7): -1 
DIF方向(需為負向): 1.000000 
指數(要低於ave18): 10716  ave18: 10761 
2小時均線方向(需為負向): 1.000000 
90小時線離指數差(需小於150): 15.066667 
雙刀-長線-空 策略1:  2017/11/29 09:45:00 FALSE FALSE TRUE FALSE TRUE 
雙刀-長線-空 策略2:  2017/11/29 09:45:00 FALSE FALSE FALSE TRUE FALSE TRUE 
雙刀-長線-空 策略3:  2017/11/29 09:45:00 FALSE FALSE FALSE TRUE FALSE TRUE 
aveDir18 分數(需小於-7): -2 
DIF方向(需為負向): 1.000000 
指數(要低於ave18): 10705  ave18: 10754 
2小時均線方向(需為負向): -1.000000 
90小時線離指數差(需小於150): 25.500000 
雙刀-長線-空 策略1:  2017/11/29 10:45:00 FALSE FALSE TRUE TRUE TRUE 
雙刀-長線-空 策略2:  2017/11/29 10:45:00 FALSE FALSE FALSE TRUE TRUE TRUE 
雙刀-長線-空 策略3:  2017/11/29 10:45:00 FALSE FALSE FALSE TRUE TRUE TRUE 
aveDir18 分數(需小於-7): -3 
DIF方向(需為負向): 1.000000 
指數(要低於ave18): 10708  ave18: 10747 
2小時均線方向(需為負向): -1.000000 
90小時線離指數差(需小於150): 21.966667 
雙刀-長線-空 策略1:  2017/11/29 11:45:00 FALSE FALSE TRUE TRUE TRUE 
雙刀-長線-空 策略2:  2017/11/29 11:45:00 FALSE FALSE FALSE TRUE TRUE TRUE 
雙刀-長線-空 策略3:  2017/11/29 11:45:00 FALSE TRUE FALSE TRUE TRUE TRUE 
aveDir18 分數(需小於-7): -4 
DIF方向(需為負向): 1.000000 
指數(要低於ave18): 10715  ave18: 10740 
2小時均線方向(需為負向): 1.000000 
90小時線離指數差(需小於150): 14.322222 
雙刀-長線-空 策略1:  2017/11/29 12:45:00 FALSE FALSE TRUE FALSE TRUE 
雙刀-長線-空 策略2:  2017/11/29 12:45:00 FALSE FALSE FALSE TRUE FALSE TRUE 
雙刀-長線-空 策略3:  2017/11/29 12:45:00 FALSE TRUE FALSE TRUE FALSE TRUE 
aveDir18 分數(需小於-7): -5 
DIF方向(需為負向): -1.000000 
指數(要低於ave18): 10602  ave18: 10727 
2小時均線方向(需為負向): -1.000000 
90小時線離指數差(需小於150): 125.555556 
雙刀-長線-空 策略1:  2017/11/30 08:45:00 FALSE TRUE TRUE TRUE TRUE 
雙刀-長線-空 策略2:  2017/11/30 08:45:00 TRUE TRUE TRUE TRUE TRUE TRUE 
雙刀-長線-空 策略3:  2017/11/30 08:45:00 FALSE TRUE TRUE TRUE TRUE TRUE 
aveDir18 分數(需小於-7): -6 
DIF方向(需為負向): -1.000000 
指數(要低於ave18): 10621  ave18: 10716 
2小時均線方向(需為負向): -1.000000 
90小時線離指數差(需小於150): 105.211111 
雙刀-長線-空 策略1:  2017/11/30 09:45:00 FALSE TRUE TRUE TRUE TRUE 
雙刀-長線-空 策略2:  2017/11/30 09:45:00 TRUE TRUE TRUE TRUE TRUE TRUE 
雙刀-長線-空 策略3:  2017/11/30 09:45:00 FALSE TRUE TRUE TRUE TRUE TRUE 
aveDir18 分數(需小於-7): -7 
DIF方向(需為負向): -1.000000 
指數(要低於ave18): 10593  ave18: 10702 
2小時均線方向(需為負向): -1.000000 
90小時線離指數差(需小於150): 131.433333 
雙刀-長線-空 策略1:  2017/11/30 10:45:00 TRUE TRUE TRUE TRUE TRUE 
雙刀-長線-空 策略2:  2017/11/30 10:45:00 TRUE TRUE TRUE TRUE TRUE TRUE 
雙刀-長線-空 策略3:  2017/11/30 10:45:00 FALSE TRUE TRUE TRUE TRUE TRUE 
aveDir18 分數(需小於-7): -8 
DIF方向(需為負向): -1.000000 
指數(要低於ave18): 10580  ave18: 10692 
2小時均線方向(需為負向): -1.000000 
90小時線離指數差(需小於150): 142.533333 
雙刀-長線-空 策略1:  2017/11/30 11:45:00 TRUE TRUE TRUE TRUE TRUE 
雙刀-長線-空 策略2:  2017/11/30 11:45:00 TRUE TRUE TRUE TRUE TRUE TRUE 
雙刀-長線-空 策略3:  2017/11/30 11:45:00 FALSE TRUE TRUE TRUE TRUE TRUE 
aveDir18 分數(需小於-7): -9 
DIF方向(需為負向): -1.000000 
指數(要低於ave18): 10565  ave18: 10681 
2小時均線方向(需為負向): -1.000000 
90小時線離指數差(需小於150): 155.400000 
雙刀-長線-空 策略1:  2017/11/30 12:45:00 TRUE TRUE TRUE TRUE FALSE 
雙刀-長線-空 策略2:  2017/11/30 12:45:00 TRUE TRUE TRUE TRUE TRUE FALSE 
雙刀-長線-空 策略3:  2017/11/30 12:45:00 TRUE TRUE TRUE TRUE TRUE FALSE 
aveDir18 分數(需小於-7): -10 
DIF方向(需為負向): -1.000000 
指數(要低於ave18): 10564  ave18: 10671 
2小時均線方向(需為負向): -1.000000 
90小時線離指數差(需小於150): 153.988889 
雙刀-長線-空 策略1:  2017/12/01 08:45:00 TRUE TRUE TRUE TRUE FALSE 
雙刀-長線-空 策略2:  2017/12/01 08:45:00 TRUE FALSE TRUE TRUE TRUE FALSE 
雙刀-長線-空 策略3:  2017/12/01 08:45:00 FALSE TRUE TRUE TRUE TRUE FALSE 
aveDir18 分數(需小於-7): -11 
DIF方向(需為負向): -1.000000 
指數(要低於ave18): 10527  ave18: 10658 
2小時均線方向(需為負向): -1.000000 
90小時線離指數差(需小於150): 188.133333 
雙刀-長線-空 策略1:  2017/12/01 09:45:00 TRUE TRUE TRUE TRUE FALSE 
雙刀-長線-空 策略2:  2017/12/01 09:45:00 TRUE TRUE TRUE TRUE TRUE FALSE 
雙刀-長線-空 策略3:  2017/12/01 09:45:00 FALSE TRUE TRUE TRUE TRUE FALSE 
aveDir18 分數(需小於-7): -12 
DIF方向(需為負向): -1.000000 
指數(要低於ave18): 10593  ave18: 10651 
2小時均線方向(需為負向): 1.000000 
90小時線離指數差(需小於150): 119.955556 
雙刀-長線-空 策略1:  2017/12/01 10:45:00 TRUE TRUE TRUE FALSE TRUE 
雙刀-長線-空 策略2:  2017/12/01 10:45:00 TRUE FALSE TRUE TRUE FALSE TRUE 
雙刀-長線-空 策略3:  2017/12/01 10:45:00 FALSE TRUE TRUE TRUE FALSE TRUE 
aveDir18 分數(需小於-7): -13 
DIF方向(需為負向): 1.000000 
指數(要低於ave18): 10627  ave18: 10647 
2小時均線方向(需為負向): 1.000000 
90小時線離指數差(需小於150): 84.144444 
雙刀-長線-空 策略1:  2017/12/01 11:45:00 TRUE FALSE TRUE FALSE TRUE 
雙刀-長線-空 策略2:  2017/12/01 11:45:00 TRUE FALSE FALSE TRUE FALSE TRUE 
雙刀-長線-空 策略3:  2017/12/01 11:45:00 FALSE TRUE FALSE TRUE FALSE TRUE 
aveDir18 分數(需小於-7): -15 
DIF方向(需為負向): 1.000000 
指數(要低於ave18): 10590  ave18: 10640 
2小時均線方向(需為負向): -1.000000 
90小時線離指數差(需小於150): 118.711111 
雙刀-長線-空 策略1:  2017/12/01 12:45:00 TRUE FALSE TRUE TRUE TRUE 
雙刀-長線-空 策略2:  2017/12/01 12:45:00 TRUE FALSE FALSE TRUE TRUE TRUE 
雙刀-長線-空 策略3:  2017/12/01 12:45:00 FALSE TRUE FALSE TRUE TRUE TRUE 
aveDir18 分數(需小於-7): -15 
DIF方向(需為負向): 1.000000 
指數(要低於ave18): 10571  ave18: 10633 
2小時均線方向(需為負向): -1.000000 
90小時線離指數差(需小於150): 135.255556 
雙刀-長線-空 策略1:  2017/12/04 08:45:00 TRUE FALSE TRUE TRUE TRUE 
雙刀-長線-空 策略2:  2017/12/04 08:45:00 TRUE FALSE FALSE TRUE TRUE TRUE 
雙刀-長線-空 策略3:  2017/12/04 08:45:00 FALSE TRUE FALSE TRUE TRUE TRUE 
aveDir18 分數(需小於-7): -15 
DIF方向(需為負向): 1.000000 
指數(要低於ave18): 10605  ave18: 10628 
2小時均線方向(需為負向): 1.000000 
90小時線離指數差(需小於150): 99.055556 
雙刀-長線-空 策略1:  2017/12/04 09:45:00 TRUE FALSE TRUE FALSE TRUE 
雙刀-長線-空 策略2:  2017/12/04 09:45:00 TRUE FALSE FALSE TRUE FALSE TRUE 
雙刀-長線-空 策略3:  2017/12/04 09:45:00 FALSE TRUE FALSE TRUE FALSE TRUE 
aveDir18 分數(需小於-7): -15 
DIF方向(需為負向): 1.000000 
指數(要低於ave18): 10617  ave18: 10624 
2小時均線方向(需為負向): 1.000000 
90小時線離指數差(需小於150): 85.100000 
雙刀-長線-空 策略1:  2017/12/04 10:45:00 TRUE FALSE TRUE FALSE TRUE 
雙刀-長線-空 策略2:  2017/12/04 10:45:00 TRUE FALSE FALSE TRUE FALSE TRUE 
雙刀-長線-空 策略3:  2017/12/04 10:45:00 FALSE TRUE FALSE TRUE FALSE TRUE 
aveDir18 分數(需小於-7): -15 
DIF方向(需為負向): 1.000000 
指數(要低於ave18): 10621  ave18: 10618 
2小時均線方向(需為負向): 1.000000 
90小時線離指數差(需小於150): 79.155556 
雙刀-長線-空 策略1:  2017/12/04 11:45:00 TRUE FALSE FALSE FALSE TRUE 
雙刀-長線-空 策略2:  2017/12/04 11:45:00 TRUE FALSE FALSE FALSE FALSE TRUE 
雙刀-長線-空 策略3:  2017/12/04 11:45:00 FALSE TRUE FALSE FALSE FALSE TRUE 
aveDir18 分數(需小於-7): -15 
DIF方向(需為負向): 1.000000 
指數(要低於ave18): 10635  ave18: 10613 
2小時均線方向(需為負向): 1.000000 
90小時線離指數差(需小於150): 63.411111 
雙刀-長線-空 策略1:  2017/12/04 12:45:00 TRUE FALSE FALSE FALSE TRUE 
雙刀-長線-空 策略2:  2017/12/04 12:45:00 TRUE FALSE FALSE FALSE FALSE TRUE 
雙刀-長線-空 策略3:  2017/12/04 12:45:00 FALSE TRUE FALSE FALSE FALSE TRUE 
