= 空-平倉  2017/11/17   08:45:00   10696  = 
多-平倉-策略2:  TRUE TRUE FALSE 
= 空-平倉  2017/11/17   09:00:00   10686  = 
多-平倉-策略2:  TRUE TRUE FALSE 
空-平倉-策略1:  FALSE FALSE TRUE TRUE 
= 空-平倉  2017/11/17   09:15:00   10688  = 
多-平倉-策略2:  TRUE TRUE FALSE 
空-平倉-策略1:  FALSE FALSE TRUE TRUE 
= 空-平倉  2017/11/17   09:30:00   10691  = 
多-平倉-策略2:  TRUE TRUE FALSE 
空-平倉-策略1:  FALSE FALSE TRUE TRUE 
= 空-平倉  2017/11/17   09:45:00   10704  = 
多-平倉-策略2:  TRUE TRUE TRUE 
空-平倉-策略1:  FALSE TRUE TRUE TRUE 
= 空-平倉  2017/11/17   10:00:00   10698  = 
多-平倉-策略2:  TRUE TRUE TRUE 
空-平倉-策略1:  FALSE TRUE TRUE TRUE 
= 空-平倉  2017/11/17   10:15:00   10691  = 
多-平倉-策略2:  TRUE TRUE TRUE 
空-平倉-策略1:  FALSE TRUE TRUE TRUE 
= 空-平倉  2017/11/17   10:30:00   10682  = 
多-平倉-策略2:  TRUE TRUE FALSE 
空-平倉-策略1:  FALSE FALSE TRUE TRUE 
= 空-平倉  2017/11/17   10:45:00   10685  = 
多-平倉-策略2:  TRUE TRUE FALSE 
空-平倉-策略1:  FALSE FALSE FALSE TRUE 
= 空-平倉  2017/11/17   11:00:00   10686  = 
多-平倉-策略2:  TRUE FALSE FALSE 
空-平倉-策略1:  FALSE FALSE TRUE TRUE 
= 空-平倉  2017/11/17   11:15:00   10689  = 
多-平倉-策略2:  TRUE TRUE FALSE 
空-平倉-策略1:  FALSE FALSE TRUE TRUE 
= 空-平倉  2017/11/17   11:30:00   10698  = 
多-平倉-策略2:  TRUE TRUE TRUE 
空-平倉-策略1:  FALSE TRUE TRUE TRUE 
= 空-平倉  2017/11/17   11:45:00   10696  = 
多-平倉-策略2:  TRUE TRUE TRUE 
空-平倉-策略1:  FALSE TRUE TRUE TRUE 
= 空-平倉  2017/11/17   12:00:00   10696  = 
多-平倉-策略2:  TRUE FALSE TRUE 
空-平倉-策略1:  FALSE TRUE TRUE TRUE 
= 空-平倉  2017/11/17   12:15:00   10696  = 
多-平倉-策略2:  TRUE FALSE TRUE 
空-平倉-策略1:  FALSE TRUE TRUE TRUE 
= 空-平倉  2017/11/17   12:30:00   10698  = 
多-平倉-策略2:  TRUE TRUE TRUE 
空-平倉-策略1:  FALSE TRUE TRUE TRUE 
= 空-平倉  2017/11/17   12:45:00   10708  = 
多-平倉-策略2:  TRUE TRUE TRUE 
空-平倉-策略1:  FALSE TRUE TRUE TRUE 
= 空-平倉  2017/11/17   13:00:00   10698  = 
多-平倉-策略2:  TRUE TRUE TRUE 
空-平倉-策略1:  FALSE TRUE TRUE TRUE 
= 空-平倉  2017/11/17   13:15:00   10696  = 
多-平倉-策略2:  TRUE TRUE TRUE 
空-平倉-策略1:  FALSE TRUE TRUE TRUE 
= 空-平倉  2017/11/17   13:30:00   10708  = 
多-平倉-策略2:  TRUE TRUE TRUE 
空-平倉-策略1:  FALSE TRUE TRUE TRUE 
= 空-平倉  2017/11/20   08:45:00   10708  = 
多-平倉-策略2:  TRUE TRUE TRUE 
= 空-平倉  2017/11/20   09:00:00   10697  = 
多-平倉-策略2:  TRUE TRUE TRUE 
空-平倉-策略1:  FALSE TRUE TRUE TRUE 
= 空-平倉  2017/11/20   09:15:00   10695  = 
多-平倉-策略2:  TRUE FALSE FALSE 
空-平倉-策略1:  FALSE FALSE FALSE FALSE 
= 空-平倉  2017/11/20   09:30:00   10696  = 
多-平倉-策略2:  TRUE FALSE FALSE 
空-平倉-策略1:  FALSE FALSE TRUE FALSE 
= 空-平倉  2017/11/20   09:45:00   10675  = 
多-平倉-策略2:  TRUE FALSE FALSE 
空-平倉-策略1:  FALSE FALSE FALSE FALSE 
= 空-平倉  2017/11/20   10:00:00   10675  = 
多-平倉-策略2:  TRUE FALSE FALSE 
空-平倉-策略1:  FALSE FALSE FALSE FALSE 
= 空-平倉  2017/11/20   10:15:00   10671  = 
多-平倉-策略2:  TRUE FALSE FALSE 
空-平倉-策略1:  FALSE FALSE FALSE FALSE 
= 空-平倉  2017/11/20   10:30:00   10677  = 
多-平倉-策略2:  TRUE FALSE FALSE 
空-平倉-策略1:  FALSE FALSE FALSE FALSE 
= 空-平倉  2017/11/20   10:45:00   10677  = 
多-平倉-策略2:  TRUE FALSE FALSE 
空-平倉-策略1:  FALSE FALSE FALSE FALSE 
= 空-平倉  2017/11/20   11:00:00   10671  = 
多-平倉-策略2:  TRUE FALSE FALSE 
空-平倉-策略1:  FALSE FALSE FALSE FALSE 
= 空-平倉  2017/11/20   11:15:00   10671  = 
多-平倉-策略2:  TRUE FALSE FALSE 
空-平倉-策略1:  FALSE FALSE FALSE FALSE 
= 空-平倉  2017/11/20   11:30:00   10679  = 
多-平倉-策略2:  TRUE FALSE FALSE 
空-平倉-策略1:  FALSE FALSE TRUE FALSE 
= 空-平倉  2017/11/20   11:45:00   10669  = 
多-平倉-策略2:  TRUE FALSE FALSE 
空-平倉-策略1:  FALSE FALSE TRUE FALSE 
= 空-平倉  2017/11/20   12:00:00   10667  = 
多-平倉-策略2:  TRUE FALSE FALSE 
空-平倉-策略1:  FALSE FALSE FALSE FALSE 
= 空-平倉  2017/11/20   12:15:00   10665  = 
多-平倉-策略2:  TRUE FALSE FALSE 
空-平倉-策略1:  FALSE FALSE FALSE FALSE 
= 空-平倉  2017/11/20   12:30:00   10662  = 
多-平倉-策略2:  TRUE FALSE FALSE 
空-平倉-策略1:  FALSE FALSE FALSE FALSE 
= 空-平倉  2017/11/20   12:45:00   10666  = 
多-平倉-策略2:  TRUE FALSE FALSE 
空-平倉-策略1:  FALSE FALSE TRUE FALSE 
= 空-平倉  2017/11/20   13:00:00   10666  = 
多-平倉-策略2:  TRUE FALSE TRUE 
空-平倉-策略1:  FALSE TRUE TRUE FALSE 
= 空-平倉  2017/11/20   13:15:00   10664  = 
多-平倉-策略2:  TRUE FALSE TRUE 
空-平倉-策略1:  FALSE TRUE TRUE FALSE 
= 空-平倉  2017/11/20   13:30:00   10665  = 
多-平倉-策略2:  TRUE FALSE TRUE 
空-平倉-策略1:  FALSE TRUE TRUE FALSE 
= 空-平倉  2017/11/21   08:45:00   10696  = 
多-平倉-策略2:  TRUE TRUE TRUE 
= 空-平倉  2017/11/21   09:00:00   10693  = 
多-平倉-策略2:  TRUE TRUE TRUE 
空-平倉-策略1:  FALSE TRUE TRUE TRUE 
= 空-平倉  2017/11/21   09:15:00   10682  = 
多-平倉-策略2:  TRUE TRUE TRUE 
空-平倉-策略1:  FALSE TRUE TRUE TRUE 
= 空-平倉  2017/11/21   09:30:00   10695  = 
多-平倉-策略2:  TRUE TRUE TRUE 
空-平倉-策略1:  FALSE TRUE TRUE TRUE 
= 空-平倉  2017/11/21   09:45:00   10722  = 
多-平倉-策略2:  TRUE TRUE TRUE 
空-平倉-策略1:  FALSE TRUE TRUE TRUE 
= 空-平倉  2017/11/21   10:00:00   10727  = 
多-平倉-策略2:  TRUE TRUE TRUE 
空-平倉-策略1:  FALSE TRUE TRUE TRUE 
= 空-平倉  2017/11/21   10:15:00   10743  = 
多-平倉-策略2:  TRUE TRUE TRUE 
空-平倉-策略1:  FALSE TRUE TRUE TRUE 
= 空-平倉  2017/11/21   10:30:00   10740  = 
多-平倉-策略2:  TRUE TRUE TRUE 
空-平倉-策略1:  FALSE TRUE TRUE TRUE 
= 空-平倉  2017/11/21   10:45:00   10745  = 
多-平倉-策略2:  TRUE TRUE TRUE 
空-平倉-策略1:  FALSE TRUE TRUE TRUE 
= 空-平倉  2017/11/21   11:00:00   10744  = 
多-平倉-策略2:  TRUE TRUE TRUE 
空-平倉-策略1:  FALSE TRUE TRUE TRUE 
= 空-平倉  2017/11/21   11:15:00   10748  = 
多-平倉-策略2:  TRUE TRUE TRUE 
空-平倉-策略1:  FALSE TRUE TRUE TRUE 
= 空-平倉  2017/11/21   11:30:00   10758  = 
多-平倉-策略2:  TRUE TRUE TRUE 
空-平倉-策略1:  TRUE TRUE TRUE TRUE 
= 空-平倉  2017/11/21   11:45:00   10757  = 
多-平倉-策略2:  TRUE TRUE TRUE 
空-平倉-策略1:  TRUE TRUE TRUE TRUE 
= 空-平倉  2017/11/21   12:00:00   10757  = 
多-平倉-策略2:  TRUE TRUE TRUE 
空-平倉-策略1:  TRUE TRUE TRUE TRUE 
= 空-平倉  2017/11/21   12:15:00   10755  = 
多-平倉-策略2:  TRUE TRUE TRUE 
空-平倉-策略1:  TRUE TRUE TRUE TRUE 
= 空-平倉  2017/11/21   12:30:00   10757  = 
多-平倉-策略2:  TRUE TRUE FALSE 
空-平倉-策略1:  TRUE FALSE TRUE TRUE 
= 空-平倉  2017/11/21   12:45:00   10769  = 
多-平倉-策略2:  TRUE TRUE TRUE 
空-平倉-策略1:  TRUE TRUE TRUE TRUE 
= 空-平倉  2017/11/21   13:00:00   10781  = 
多-平倉-策略2:  TRUE TRUE TRUE 
空-平倉-策略1:  TRUE TRUE TRUE TRUE 
= 空-平倉  2017/11/21   13:15:00   10782  = 
多-平倉-策略2:  TRUE TRUE TRUE 
空-平倉-策略1:  TRUE TRUE TRUE TRUE 
= 空-平倉  2017/11/21   13:30:00   10787  = 
多-平倉-策略2:  TRUE TRUE TRUE 
空-平倉-策略1:  TRUE TRUE TRUE TRUE 
= 空-平倉  2017/11/22   08:45:00   10826  = 
多-平倉-策略2:  TRUE TRUE TRUE 
= 空-平倉  2017/11/22   09:00:00   10823  = 
多-平倉-策略2:  TRUE TRUE TRUE 
空-平倉-策略1:  TRUE TRUE TRUE TRUE 
= 空-平倉  2017/11/22   09:15:00   10824  = 
多-平倉-策略2:  TRUE TRUE TRUE 
空-平倉-策略1:  TRUE TRUE TRUE TRUE 
= 空-平倉  2017/11/22   09:30:00   10817  = 
多-平倉-策略2:  TRUE TRUE TRUE 
空-平倉-策略1:  TRUE TRUE TRUE TRUE 
= 空-平倉  2017/11/22   09:45:00   10843  = 
多-平倉-策略2:  TRUE TRUE TRUE 
空-平倉-策略1:  TRUE TRUE TRUE TRUE 
= 空-平倉  2017/11/22   10:00:00   10844  = 
多-平倉-策略2:  TRUE TRUE TRUE 
空-平倉-策略1:  TRUE TRUE TRUE TRUE 
= 空-平倉  2017/11/22   10:15:00   10863  = 
多-平倉-策略2:  TRUE TRUE TRUE 
空-平倉-策略1:  TRUE TRUE TRUE TRUE 
= 空-平倉  2017/11/22   10:30:00   10874  = 
多-平倉-策略2:  TRUE TRUE TRUE 
空-平倉-策略1:  TRUE TRUE TRUE TRUE 
= 空-平倉  2017/11/22   10:45:00   10861  = 
多-平倉-策略2:  TRUE TRUE TRUE 
空-平倉-策略1:  TRUE TRUE TRUE TRUE 
= 空-平倉  2017/11/22   11:00:00   10851  = 
多-平倉-策略2:  TRUE TRUE FALSE 
空-平倉-策略1:  TRUE FALSE TRUE TRUE 
= 空-平倉  2017/11/22   11:15:00   10853  = 
多-平倉-策略2:  TRUE TRUE FALSE 
空-平倉-策略1:  TRUE FALSE TRUE TRUE 
= 空-平倉  2017/11/22   11:30:00   10864  = 
多-平倉-策略2:  TRUE TRUE FALSE 
空-平倉-策略1:  TRUE FALSE TRUE TRUE 
= 空-平倉  2017/11/22   11:45:00   10860  = 
多-平倉-策略2:  TRUE TRUE FALSE 
空-平倉-策略1:  TRUE FALSE TRUE TRUE 
= 空-平倉  2017/11/22   12:00:00   10859  = 
多-平倉-策略2:  TRUE TRUE FALSE 
空-平倉-策略1:  TRUE FALSE TRUE TRUE 
= 空-平倉  2017/11/22   12:15:00   10848  = 
多-平倉-策略2:  TRUE TRUE FALSE 
空-平倉-策略1:  FALSE FALSE FALSE TRUE 
= 空-平倉  2017/11/22   12:30:00   10834  = 
多-平倉-策略2:  TRUE FALSE FALSE 
空-平倉-策略1:  FALSE FALSE FALSE TRUE 
= 空-平倉  2017/11/22   12:45:00   10825  = 
多-平倉-策略2:  TRUE FALSE FALSE 
空-平倉-策略1:  FALSE FALSE FALSE TRUE 
= 空-平倉  2017/11/22   13:00:00   10823  = 
多-平倉-策略2:  TRUE FALSE FALSE 
空-平倉-策略1:  FALSE FALSE FALSE TRUE 
= 空-平倉  2017/11/22   13:15:00   10823  = 
多-平倉-策略2:  TRUE FALSE FALSE 
空-平倉-策略1:  FALSE FALSE FALSE TRUE 
= 空-平倉  2017/11/22   13:30:00   10828  = 
多-平倉-策略2:  TRUE FALSE FALSE 
空-平倉-策略1:  FALSE FALSE FALSE TRUE 
= 空-平倉  2017/11/23   08:45:00   10837  = 
多-平倉-策略2:  TRUE FALSE FALSE 
= 空-平倉  2017/11/23   09:00:00   10826  = 
多-平倉-策略2:  TRUE FALSE FALSE 
空-平倉-策略1:  FALSE FALSE FALSE FALSE 
= 空-平倉  2017/11/23   09:15:00   10818  = 
多-平倉-策略2:  TRUE FALSE FALSE 
空-平倉-策略1:  FALSE FALSE FALSE FALSE 
= 空-平倉  2017/11/23   09:30:00   10819  = 
多-平倉-策略2:  TRUE FALSE FALSE 
空-平倉-策略1:  FALSE FALSE FALSE FALSE 
= 空-平倉  2017/11/23   09:45:00   10838  = 
多-平倉-策略2:  TRUE TRUE FALSE 
空-平倉-策略1:  FALSE FALSE TRUE TRUE 
= 空-平倉  2017/11/23   10:00:00   10839  = 
多-平倉-策略2:  TRUE TRUE FALSE 
空-平倉-策略1:  FALSE FALSE TRUE TRUE 
= 空-平倉  2017/11/23   10:15:00   10846  = 
多-平倉-策略2:  TRUE TRUE TRUE 
空-平倉-策略1:  FALSE TRUE TRUE TRUE 
= 空-平倉  2017/11/23   10:30:00   10848  = 
多-平倉-策略2:  TRUE TRUE TRUE 
空-平倉-策略1:  FALSE TRUE TRUE TRUE 
= 空-平倉  2017/11/23   10:45:00   10841  = 
多-平倉-策略2:  TRUE TRUE TRUE 
空-平倉-策略1:  FALSE TRUE TRUE TRUE 
= 空-平倉  2017/11/23   11:00:00   10843  = 
多-平倉-策略2:  TRUE TRUE FALSE 
空-平倉-策略1:  FALSE FALSE TRUE TRUE 
= 空-平倉  2017/11/23   11:15:00   10845  = 
多-平倉-策略2:  TRUE TRUE FALSE 
空-平倉-策略1:  FALSE FALSE TRUE TRUE 
= 空-平倉  2017/11/23   11:30:00   10845  = 
多-平倉-策略2:  TRUE TRUE FALSE 
空-平倉-策略1:  FALSE FALSE TRUE TRUE 
= 空-平倉  2017/11/23   11:45:00   10844  = 
多-平倉-策略2:  TRUE TRUE FALSE 
空-平倉-策略1:  FALSE FALSE TRUE TRUE 
= 空-平倉  2017/11/23   12:00:00   10856  = 
多-平倉-策略2:  TRUE TRUE TRUE 
空-平倉-策略1:  FALSE TRUE TRUE TRUE 
= 空-平倉  2017/11/23   12:15:00   10853  = 
多-平倉-策略2:  TRUE TRUE TRUE 
空-平倉-策略1:  FALSE TRUE TRUE TRUE 
= 空-平倉  2017/11/23   12:30:00   10849  = 
多-平倉-策略2:  TRUE TRUE TRUE 
空-平倉-策略1:  FALSE TRUE TRUE TRUE 
= 空-平倉  2017/11/23   12:45:00   10851  = 
多-平倉-策略2:  TRUE TRUE FALSE 
空-平倉-策略1:  FALSE FALSE TRUE TRUE 
= 空-平倉  2017/11/23   13:00:00   10846  = 
多-平倉-策略2:  TRUE TRUE FALSE 
空-平倉-策略1:  FALSE FALSE TRUE TRUE 
= 空-平倉  2017/11/23   13:15:00   10850  = 
多-平倉-策略2:  TRUE TRUE FALSE 
空-平倉-策略1:  FALSE FALSE TRUE TRUE 
= 空-平倉  2017/11/23   13:30:00   10856  = 
多-平倉-策略2:  TRUE TRUE FALSE 
空-平倉-策略1:  FALSE FALSE TRUE TRUE 
= 空-平倉  2017/11/24   08:45:00   10839  = 
多-平倉-策略2:  TRUE FALSE FALSE 
= 空-平倉  2017/11/24   09:00:00   10839  = 
多-平倉-策略2:  TRUE FALSE FALSE 
空-平倉-策略1:  FALSE FALSE FALSE TRUE 
= 空-平倉  2017/11/24   09:15:00   10846  = 
多-平倉-策略2:  TRUE FALSE FALSE 
空-平倉-策略1:  FALSE FALSE TRUE TRUE 
= 空-平倉  2017/11/24   09:30:00   10848  = 
多-平倉-策略2:  TRUE FALSE FALSE 
空-平倉-策略1:  FALSE FALSE TRUE TRUE 
= 空-平倉  2017/11/24   09:45:00   10847  = 
多-平倉-策略2:  TRUE FALSE FALSE 
空-平倉-策略1:  FALSE FALSE TRUE TRUE 
= 空-平倉  2017/11/24   10:00:00   10838  = 
多-平倉-策略2:  TRUE FALSE FALSE 
空-平倉-策略1:  FALSE FALSE FALSE FALSE 
= 空-平倉  2017/11/24   10:15:00   10841  = 
多-平倉-策略2:  TRUE FALSE FALSE 
空-平倉-策略1:  FALSE FALSE TRUE FALSE 
= 空-平倉  2017/11/24   10:30:00   10846  = 
多-平倉-策略2:  TRUE FALSE FALSE 
空-平倉-策略1:  FALSE FALSE TRUE FALSE 
= 空-平倉  2017/11/24   10:45:00   10848  = 
多-平倉-策略2:  TRUE FALSE FALSE 
空-平倉-策略1:  FALSE FALSE TRUE FALSE 
= 空-平倉  2017/11/24   11:00:00   10846  = 
多-平倉-策略2:  TRUE TRUE TRUE 
空-平倉-策略1:  FALSE TRUE TRUE FALSE 
= 空-平倉  2017/11/24   11:15:00   10846  = 
多-平倉-策略2:  TRUE TRUE FALSE 
空-平倉-策略1:  FALSE FALSE TRUE FALSE 
= 空-平倉  2017/11/24   11:30:00   10846  = 
多-平倉-策略2:  TRUE FALSE FALSE 
空-平倉-策略1:  FALSE FALSE TRUE FALSE 
= 空-平倉  2017/11/24   11:45:00   10848  = 
多-平倉-策略2:  TRUE FALSE FALSE 
空-平倉-策略1:  FALSE FALSE TRUE FALSE 
= 空-平倉  2017/11/24   12:00:00   10847  = 
多-平倉-策略2:  TRUE FALSE TRUE 
空-平倉-策略1:  FALSE TRUE TRUE FALSE 
= 空-平倉  2017/11/24   12:15:00   10847  = 
多-平倉-策略2:  TRUE TRUE FALSE 
空-平倉-策略1:  FALSE FALSE TRUE FALSE 
= 空-平倉  2017/11/24   12:30:00   10843  = 
多-平倉-策略2:  TRUE TRUE FALSE 
空-平倉-策略1:  FALSE FALSE TRUE FALSE 
= 空-平倉  2017/11/24   12:45:00   10846  = 
多-平倉-策略2:  TRUE FALSE FALSE 
空-平倉-策略1:  FALSE FALSE TRUE FALSE 
= 空-平倉  2017/11/24   13:00:00   10845  = 
多-平倉-策略2:  TRUE FALSE FALSE 
空-平倉-策略1:  FALSE FALSE TRUE FALSE 
= 空-平倉  2017/11/24   13:15:00   10849  = 
多-平倉-策略2:  TRUE TRUE FALSE 
空-平倉-策略1:  FALSE FALSE TRUE FALSE 
= 空-平倉  2017/11/24   13:30:00   10855  = 
多-平倉-策略2:  TRUE TRUE TRUE 
空-平倉-策略1:  FALSE TRUE TRUE TRUE 
= 空-平倉  2017/11/27   08:45:00   10833  = 
多-平倉-策略2:  TRUE FALSE FALSE 
= 空-平倉  2017/11/27   09:00:00   10816  = 
多-平倉-策略2:  TRUE FALSE FALSE 
空-平倉-策略1:  FALSE FALSE FALSE FALSE 
= 空-平倉  2017/11/27   09:15:00   10812  = 
多-平倉-策略2:  TRUE FALSE FALSE 
空-平倉-策略1:  FALSE FALSE FALSE FALSE 
= 空-平倉  2017/11/27   09:30:00   10772  = 
多-平倉-策略2:  TRUE FALSE FALSE 
空-平倉-策略1:  FALSE FALSE FALSE FALSE 
= 空-平倉  2017/11/27   09:45:00   10785  = 
多-平倉-策略2:  TRUE FALSE FALSE 
空-平倉-策略1:  FALSE FALSE FALSE FALSE 
= 空-平倉  2017/11/27   10:00:00   10763  = 
多-平倉-策略2:  TRUE FALSE FALSE 
空-平倉-策略1:  FALSE FALSE FALSE FALSE 
= 空-平倉  2017/11/27   10:15:00   10774  = 
多-平倉-策略2:  TRUE FALSE FALSE 
空-平倉-策略1:  FALSE FALSE FALSE FALSE 
= 空-平倉  2017/11/27   10:30:00   10773  = 
多-平倉-策略2:  TRUE FALSE FALSE 
空-平倉-策略1:  FALSE FALSE FALSE FALSE 
= 空-平倉  2017/11/27   10:45:00   10768  = 
多-平倉-策略2:  TRUE FALSE FALSE 
空-平倉-策略1:  FALSE FALSE FALSE FALSE 
= 空-平倉  2017/11/27   11:00:00   10766  = 
多-平倉-策略2:  TRUE FALSE FALSE 
空-平倉-策略1:  FALSE FALSE FALSE FALSE 
= 空-平倉  2017/11/27   11:15:00   10773  = 
多-平倉-策略2:  TRUE FALSE FALSE 
空-平倉-策略1:  FALSE FALSE TRUE FALSE 
= 空-平倉  2017/11/27   11:30:00   10768  = 
多-平倉-策略2:  TRUE FALSE FALSE 
空-平倉-策略1:  FALSE FALSE TRUE FALSE 
= 空-平倉  2017/11/27   11:45:00   10770  = 
多-平倉-策略2:  TRUE FALSE TRUE 
空-平倉-策略1:  FALSE TRUE TRUE FALSE 
= 空-平倉  2017/11/27   12:00:00   10767  = 
多-平倉-策略2:  TRUE FALSE TRUE 
空-平倉-策略1:  FALSE TRUE TRUE FALSE 
= 空-平倉  2017/11/27   12:15:00   10765  = 
多-平倉-策略2:  TRUE TRUE TRUE 
空-平倉-策略1:  FALSE TRUE TRUE FALSE 
= 空-平倉  2017/11/27   12:30:00   10758  = 
多-平倉-策略2:  TRUE FALSE TRUE 
空-平倉-策略1:  FALSE TRUE FALSE FALSE 
= 空-平倉  2017/11/27   12:45:00   10737  = 
多-平倉-策略2:  TRUE FALSE FALSE 
空-平倉-策略1:  FALSE FALSE FALSE FALSE 
= 空-平倉  2017/11/27   13:00:00   10747  = 
多-平倉-策略2:  TRUE FALSE FALSE 
空-平倉-策略1:  FALSE FALSE FALSE FALSE 
= 空-平倉  2017/11/27   13:15:00   10749  = 
多-平倉-策略2:  TRUE FALSE FALSE 
空-平倉-策略1:  FALSE FALSE FALSE FALSE 
= 空-平倉  2017/11/27   13:30:00   10749  = 
多-平倉-策略2:  TRUE FALSE TRUE 
空-平倉-策略1:  FALSE TRUE FALSE FALSE 
= 空-平倉  2017/11/28   08:45:00   10735  = 
多-平倉-策略2:  TRUE FALSE TRUE 
= 空-平倉  2017/11/28   09:00:00   10737  = 
多-平倉-策略2:  TRUE FALSE FALSE 
空-平倉-策略1:  FALSE FALSE FALSE FALSE 
= 空-平倉  2017/11/28   09:15:00   10721  = 
多-平倉-策略2:  TRUE FALSE FALSE 
空-平倉-策略1:  FALSE FALSE FALSE FALSE 
= 空-平倉  2017/11/28   09:30:00   10710  = 
多-平倉-策略2:  TRUE FALSE FALSE 
空-平倉-策略1:  FALSE FALSE FALSE FALSE 
= 空-平倉  2017/11/28   09:45:00   10724  = 
多-平倉-策略2:  TRUE FALSE FALSE 
空-平倉-策略1:  FALSE FALSE FALSE FALSE 
= 空-平倉  2017/11/28   10:00:00   10747  = 
多-平倉-策略2:  TRUE TRUE TRUE 
空-平倉-策略1:  FALSE TRUE TRUE TRUE 
= 空-平倉  2017/11/28   10:15:00   10737  = 
多-平倉-策略2:  TRUE FALSE TRUE 
空-平倉-策略1:  FALSE TRUE TRUE TRUE 
= 空-平倉  2017/11/28   10:30:00   10726  = 
多-平倉-策略2:  TRUE FALSE TRUE 
空-平倉-策略1:  FALSE TRUE FALSE FALSE 
= 空-平倉  2017/11/28   10:45:00   10727  = 
多-平倉-策略2:  TRUE FALSE TRUE 
空-平倉-策略1:  FALSE TRUE TRUE FALSE 
= 空-平倉  2017/11/28   11:00:00   10723  = 
多-平倉-策略2:  TRUE FALSE TRUE 
空-平倉-策略1:  FALSE TRUE FALSE FALSE 
= 空-平倉  2017/11/28   11:15:00   10722  = 
多-平倉-策略2:  TRUE FALSE TRUE 
空-平倉-策略1:  FALSE TRUE TRUE FALSE 
= 空-平倉  2017/11/28   11:30:00   10706  = 
多-平倉-策略2:  TRUE FALSE FALSE 
空-平倉-策略1:  FALSE FALSE FALSE FALSE 
= 空-平倉  2017/11/28   11:45:00   10698  = 
多-平倉-策略2:  TRUE FALSE FALSE 
空-平倉-策略1:  FALSE FALSE FALSE FALSE 
= 空-平倉  2017/11/28   12:00:00   10706  = 
多-平倉-策略2:  TRUE FALSE FALSE 
空-平倉-策略1:  FALSE FALSE FALSE FALSE 
= 空-平倉  2017/11/28   12:15:00   10709  = 
多-平倉-策略2:  TRUE FALSE TRUE 
空-平倉-策略1:  FALSE TRUE FALSE FALSE 
= 空-平倉  2017/11/28   12:30:00   10708  = 
多-平倉-策略2:  TRUE FALSE TRUE 
空-平倉-策略1:  FALSE TRUE FALSE FALSE 
= 空-平倉  2017/11/28   12:45:00   10708  = 
多-平倉-策略2:  TRUE FALSE TRUE 
空-平倉-策略1:  FALSE TRUE TRUE FALSE 
= 空-平倉  2017/11/28   13:00:00   10705  = 
多-平倉-策略2:  TRUE FALSE TRUE 
空-平倉-策略1:  FALSE TRUE TRUE FALSE 
= 空-平倉  2017/11/28   13:15:00   10707  = 
多-平倉-策略2:  TRUE FALSE TRUE 
空-平倉-策略1:  FALSE TRUE TRUE FALSE 
= 空-平倉  2017/11/28   13:30:00   10708  = 
多-平倉-策略2:  TRUE FALSE TRUE 
空-平倉-策略1:  FALSE TRUE TRUE FALSE 
= 空-平倉  2017/11/29   08:45:00   10737  = 
多-平倉-策略2:  TRUE TRUE TRUE 
= 空-平倉  2017/11/29   09:00:00   10740  = 
多-平倉-策略2:  TRUE TRUE TRUE 
空-平倉-策略1:  FALSE TRUE TRUE TRUE 
= 空-平倉  2017/11/29   09:15:00   10753  = 
多-平倉-策略2:  TRUE TRUE TRUE 
空-平倉-策略1:  TRUE TRUE TRUE TRUE 
= 空-平倉  2017/11/29   09:30:00   10739  = 
多-平倉-策略2:  TRUE TRUE TRUE 
空-平倉-策略1:  TRUE TRUE TRUE TRUE 
= 空-平倉  2017/11/29   09:45:00   10726  = 
多-平倉-策略2:  TRUE TRUE TRUE 
空-平倉-策略1:  TRUE TRUE TRUE TRUE 
= 空-平倉  2017/11/29   10:00:00   10733  = 
多-平倉-策略2:  TRUE TRUE TRUE 
空-平倉-策略1:  TRUE TRUE TRUE TRUE 
= 空-平倉  2017/11/29   10:15:00   10735  = 
多-平倉-策略2:  TRUE TRUE TRUE 
空-平倉-策略1:  TRUE TRUE TRUE TRUE 
= 空-平倉  2017/11/29   10:30:00   10728  = 
多-平倉-策略2:  TRUE TRUE TRUE 
空-平倉-策略1:  TRUE TRUE FALSE TRUE 
= 空-平倉  2017/11/29   10:45:00   10726  = 
多-平倉-策略2:  TRUE TRUE TRUE 
空-平倉-策略1:  TRUE TRUE FALSE TRUE 
= 空-平倉  2017/11/29   11:00:00   10714  = 
多-平倉-策略2:  TRUE FALSE FALSE 
空-平倉-策略1:  TRUE FALSE FALSE FALSE 
= 空-平倉  2017/11/29   11:15:00   10716  = 
多-平倉-策略2:  TRUE FALSE FALSE 
空-平倉-策略1:  TRUE FALSE FALSE FALSE 
= 空-平倉  2017/11/29   11:30:00   10718  = 
多-平倉-策略2:  TRUE FALSE FALSE 
空-平倉-策略1:  TRUE FALSE FALSE FALSE 
= 空-平倉  2017/11/29   11:45:00   10724  = 
多-平倉-策略2:  TRUE FALSE FALSE 
空-平倉-策略1:  TRUE FALSE TRUE TRUE 
= 空-平倉  2017/11/29   12:00:00   10722  = 
多-平倉-策略2:  TRUE FALSE TRUE 
空-平倉-策略1:  TRUE TRUE TRUE TRUE 
= 空-平倉  2017/11/29   12:15:00   10719  = 
多-平倉-策略2:  TRUE FALSE TRUE 
空-平倉-策略1:  TRUE TRUE TRUE FALSE 
= 空-平倉  2017/11/29   12:30:00   10722  = 
多-平倉-策略2:  TRUE FALSE TRUE 
空-平倉-策略1:  TRUE TRUE TRUE TRUE 
= 空-平倉  2017/11/29   12:45:00   10715  = 
多-平倉-策略2:  TRUE FALSE FALSE 
空-平倉-策略1:  TRUE FALSE TRUE FALSE 
= 空-平倉  2017/11/29   13:00:00   10719  = 
多-平倉-策略2:  TRUE FALSE FALSE 
空-平倉-策略1:  TRUE FALSE TRUE FALSE 
= 空-平倉  2017/11/29   13:15:00   10725  = 
多-平倉-策略2:  TRUE TRUE TRUE 
空-平倉-策略1:  TRUE TRUE TRUE FALSE 
= 空-平倉  2017/11/29   13:30:00   10729  = 
多-平倉-策略2:  TRUE TRUE TRUE 
空-平倉-策略1:  TRUE TRUE TRUE FALSE 
= 空-平倉  2017/11/30   08:45:00   10644  = 
多-平倉-策略2:  TRUE FALSE FALSE 
= 空-平倉  2017/11/30   09:00:00   10634  = 
多-平倉-策略2:  TRUE FALSE FALSE 
空-平倉-策略1:  FALSE FALSE FALSE FALSE 
= 空-平倉  2017/11/30   09:15:00   10632  = 
多-平倉-策略2:  TRUE FALSE FALSE 
空-平倉-策略1:  FALSE FALSE FALSE FALSE 
= 空-平倉  2017/11/30   09:30:00   10610  = 
多-平倉-策略2:  TRUE FALSE FALSE 
空-平倉-策略1:  FALSE FALSE FALSE FALSE 
= 空-平倉  2017/11/30   09:45:00   10619  = 
多-平倉-策略2:  TRUE FALSE FALSE 
空-平倉-策略1:  FALSE FALSE FALSE FALSE 
= 空-平倉  2017/11/30   10:00:00   10626  = 
多-平倉-策略2:  TRUE FALSE FALSE 
空-平倉-策略1:  FALSE FALSE FALSE TRUE 
= 空-平倉  2017/11/30   10:15:00   10622  = 
多-平倉-策略2:  TRUE FALSE FALSE 
空-平倉-策略1:  FALSE FALSE FALSE FALSE 
= 空-平倉  2017/11/30   10:30:00   10635  = 
多-平倉-策略2:  TRUE FALSE FALSE 
空-平倉-策略1:  FALSE FALSE TRUE TRUE 
= 空-平倉  2017/11/30   10:45:00   10626  = 
多-平倉-策略2:  TRUE FALSE TRUE 
空-平倉-策略1:  FALSE TRUE TRUE TRUE 
= 空-平倉  2017/11/30   11:00:00   10609  = 
多-平倉-策略2:  TRUE FALSE FALSE 
空-平倉-策略1:  FALSE FALSE FALSE FALSE 
= 空-平倉  2017/11/30   11:15:00   10606  = 
多-平倉-策略2:  TRUE FALSE FALSE 
空-平倉-策略1:  FALSE FALSE FALSE FALSE 
= 空-平倉  2017/11/30   11:30:00   10605  = 
多-平倉-策略2:  TRUE FALSE FALSE 
空-平倉-策略1:  FALSE FALSE FALSE FALSE 
= 空-平倉  2017/11/30   11:45:00   10610  = 
多-平倉-策略2:  TRUE FALSE TRUE 
空-平倉-策略1:  FALSE TRUE FALSE FALSE 
= 空-平倉  2017/11/30   12:00:00   10614  = 
多-平倉-策略2:  TRUE FALSE TRUE 
空-平倉-策略1:  FALSE TRUE TRUE FALSE 
= 空-平倉  2017/11/30   12:15:00   10598  = 
多-平倉-策略2:  FALSE FALSE TRUE 
空-平倉-策略1:  FALSE TRUE FALSE FALSE 
= 空-平倉  2017/11/30   12:30:00   10593  = 
多-平倉-策略2:  FALSE FALSE FALSE 
空-平倉-策略1:  FALSE FALSE FALSE FALSE 
= 空-平倉  2017/11/30   12:45:00   10594  = 
多-平倉-策略2:  FALSE FALSE TRUE 
空-平倉-策略1:  FALSE TRUE FALSE FALSE 
= 空-平倉  2017/11/30   13:00:00   10592  = 
多-平倉-策略2:  FALSE FALSE TRUE 
空-平倉-策略1:  FALSE TRUE FALSE FALSE 
= 空-平倉  2017/11/30   13:15:00   10577  = 
多-平倉-策略2:  FALSE FALSE TRUE 
空-平倉-策略1:  FALSE TRUE FALSE FALSE 
= 空-平倉  2017/11/30   13:30:00   10575  = 
多-平倉-策略2:  FALSE FALSE FALSE 
空-平倉-策略1:  FALSE FALSE FALSE FALSE 
= 空-平倉  2017/12/01   08:45:00   10591  = 
多-平倉-策略2:  FALSE FALSE TRUE 
= 空-平倉  2017/12/01   09:00:00   10585  = 
多-平倉-策略2:  FALSE FALSE TRUE 
空-平倉-策略1:  FALSE TRUE FALSE FALSE 
= 空-平倉  2017/12/01   09:15:00   10580  = 
多-平倉-策略2:  FALSE FALSE TRUE 
空-平倉-策略1:  FALSE TRUE FALSE FALSE 
= 空-平倉  2017/12/01   09:30:00   10576  = 
多-平倉-策略2:  FALSE FALSE TRUE 
空-平倉-策略1:  FALSE TRUE FALSE FALSE 
= 空-平倉  2017/12/01   09:45:00   10530  = 
多-平倉-策略2:  FALSE FALSE FALSE 
空-平倉-策略1:  FALSE FALSE FALSE FALSE 
= 空-平倉  2017/12/01   10:00:00   10522  = 
多-平倉-策略2:  FALSE FALSE FALSE 
空-平倉-策略1:  FALSE FALSE FALSE TRUE 
= 空-平倉  2017/12/01   10:15:00   10554  = 
多-平倉-策略2:  FALSE FALSE FALSE 
空-平倉-策略1:  FALSE FALSE FALSE TRUE 
= 空-平倉  2017/12/01   10:30:00   10540  = 
多-平倉-策略2:  FALSE FALSE TRUE 
空-平倉-策略1:  FALSE TRUE FALSE TRUE 
= 空-平倉  2017/12/01   10:45:00   10549  = 
多-平倉-策略2:  FALSE FALSE TRUE 
空-平倉-策略1:  FALSE TRUE FALSE TRUE 
= 空-平倉  2017/12/01   11:00:00   10583  = 
多-平倉-策略2:  FALSE FALSE TRUE 
空-平倉-策略1:  FALSE TRUE TRUE TRUE 
= 空-平倉  2017/12/01   11:15:00   10576  = 
多-平倉-策略2:  FALSE FALSE TRUE 
空-平倉-策略1:  FALSE TRUE TRUE TRUE 
= 空-平倉  2017/12/01   11:30:00   10605  = 
多-平倉-策略2:  TRUE TRUE TRUE 
空-平倉-策略1:  TRUE TRUE TRUE TRUE 
= 空-平倉  2017/12/01   11:45:00   10616  = 
多-平倉-策略2:  TRUE TRUE TRUE 
空-平倉-策略1:  TRUE TRUE TRUE TRUE 
= 空-平倉  2017/12/01   12:00:00   10608  = 
多-平倉-策略2:  TRUE TRUE TRUE 
空-平倉-策略1:  TRUE TRUE TRUE TRUE 
= 空-平倉  2017/12/01   12:15:00   10623  = 
多-平倉-策略2:  TRUE TRUE TRUE 
空-平倉-策略1:  TRUE TRUE TRUE TRUE 
= 空-平倉  2017/12/01   12:30:00   10642  = 
多-平倉-策略2:  TRUE TRUE TRUE 
空-平倉-策略1:  TRUE TRUE TRUE TRUE 
= 空-平倉  2017/12/01   12:45:00   10650  = 
多-平倉-策略2:  TRUE TRUE TRUE 
空-平倉-策略1:  TRUE TRUE TRUE TRUE 
= 空-平倉  2017/12/01   13:00:00   10643  = 
多-平倉-策略2:  TRUE TRUE TRUE 
空-平倉-策略1:  TRUE TRUE TRUE TRUE 
= 空-平倉  2017/12/01   13:15:00   10600  = 
多-平倉-策略2:  FALSE TRUE TRUE 
空-平倉-策略1:  TRUE TRUE FALSE TRUE 
= 空-平倉  2017/11/20   08:45:00   10708  = 
多-平倉-策略2:  TRUE TRUE FALSE 
= 空-平倉  2017/11/20   09:00:00   10697  = 
多-平倉-策略2:  TRUE TRUE FALSE 
空-平倉-策略1:  FALSE FALSE TRUE TRUE 
= 空-平倉  2017/11/20   09:15:00   10695  = 
多-平倉-策略2:  TRUE FALSE FALSE 
空-平倉-策略1:  FALSE FALSE FALSE TRUE 
= 空-平倉  2017/11/20   09:30:00   10696  = 
多-平倉-策略2:  TRUE FALSE FALSE 
空-平倉-策略1:  FALSE FALSE TRUE TRUE 
= 空-平倉  2017/11/20   09:45:00   10675  = 
多-平倉-策略2:  TRUE FALSE FALSE 
空-平倉-策略1:  FALSE FALSE FALSE TRUE 
= 空-平倉  2017/11/20   10:00:00   10675  = 
多-平倉-策略2:  TRUE FALSE FALSE 
空-平倉-策略1:  FALSE FALSE FALSE TRUE 
= 空-平倉  2017/11/20   10:15:00   10671  = 
多-平倉-策略2:  TRUE FALSE FALSE 
空-平倉-策略1:  FALSE FALSE FALSE TRUE 
= 空-平倉  2017/11/20   10:30:00   10677  = 
多-平倉-策略2:  TRUE FALSE FALSE 
空-平倉-策略1:  FALSE FALSE FALSE TRUE 
= 空-平倉  2017/11/20   10:45:00   10677  = 
多-平倉-策略2:  TRUE FALSE FALSE 
空-平倉-策略1:  FALSE FALSE FALSE FALSE 
= 空-平倉  2017/11/20   11:00:00   10671  = 
多-平倉-策略2:  TRUE FALSE FALSE 
空-平倉-策略1:  FALSE FALSE FALSE FALSE 
= 空-平倉  2017/11/20   11:15:00   10671  = 
多-平倉-策略2:  TRUE FALSE FALSE 
空-平倉-策略1:  FALSE FALSE FALSE FALSE 
= 空-平倉  2017/11/20   11:30:00   10679  = 
多-平倉-策略2:  TRUE FALSE FALSE 
空-平倉-策略1:  FALSE FALSE TRUE FALSE 
= 空-平倉  2017/11/20   11:45:00   10669  = 
多-平倉-策略2:  TRUE FALSE TRUE 
空-平倉-策略1:  FALSE TRUE TRUE FALSE 
= 空-平倉  2017/11/20   12:00:00   10667  = 
多-平倉-策略2:  TRUE FALSE FALSE 
空-平倉-策略1:  FALSE FALSE FALSE FALSE 
= 空-平倉  2017/11/20   12:15:00   10665  = 
多-平倉-策略2:  TRUE FALSE FALSE 
空-平倉-策略1:  FALSE FALSE FALSE FALSE 
= 空-平倉  2017/11/20   12:30:00   10662  = 
多-平倉-策略2:  TRUE FALSE FALSE 
空-平倉-策略1:  FALSE FALSE FALSE FALSE 
= 空-平倉  2017/11/20   12:45:00   10666  = 
多-平倉-策略2:  TRUE FALSE FALSE 
空-平倉-策略1:  FALSE FALSE TRUE FALSE 
= 空-平倉  2017/11/20   13:00:00   10666  = 
多-平倉-策略2:  TRUE FALSE TRUE 
空-平倉-策略1:  FALSE TRUE TRUE FALSE 
= 空-平倉  2017/11/20   13:15:00   10664  = 
多-平倉-策略2:  TRUE FALSE TRUE 
空-平倉-策略1:  FALSE TRUE TRUE FALSE 
= 空-平倉  2017/11/20   13:30:00   10665  = 
多-平倉-策略2:  TRUE FALSE TRUE 
空-平倉-策略1:  FALSE TRUE TRUE FALSE 
= 空-平倉  2017/11/21   08:45:00   10696  = 
多-平倉-策略2:  TRUE TRUE TRUE 
= 空-平倉  2017/11/21   09:00:00   10693  = 
多-平倉-策略2:  TRUE TRUE TRUE 
空-平倉-策略1:  FALSE TRUE TRUE TRUE 
= 空-平倉  2017/11/21   09:15:00   10682  = 
多-平倉-策略2:  TRUE TRUE TRUE 
空-平倉-策略1:  FALSE TRUE TRUE TRUE 
= 空-平倉  2017/11/21   09:30:00   10695  = 
多-平倉-策略2:  TRUE TRUE TRUE 
空-平倉-策略1:  FALSE TRUE TRUE TRUE 
= 空-平倉  2017/11/21   09:45:00   10722  = 
多-平倉-策略2:  TRUE TRUE TRUE 
空-平倉-策略1:  FALSE TRUE TRUE TRUE 
= 空-平倉  2017/11/21   10:00:00   10727  = 
多-平倉-策略2:  TRUE TRUE TRUE 
空-平倉-策略1:  FALSE TRUE TRUE TRUE 
= 空-平倉  2017/11/21   10:15:00   10743  = 
多-平倉-策略2:  TRUE TRUE TRUE 
空-平倉-策略1:  FALSE TRUE TRUE TRUE 
= 空-平倉  2017/11/21   10:30:00   10740  = 
多-平倉-策略2:  TRUE TRUE TRUE 
空-平倉-策略1:  FALSE TRUE TRUE TRUE 
= 空-平倉  2017/11/21   10:45:00   10745  = 
多-平倉-策略2:  TRUE TRUE TRUE 
空-平倉-策略1:  FALSE TRUE TRUE TRUE 
= 空-平倉  2017/11/21   11:00:00   10744  = 
多-平倉-策略2:  TRUE TRUE TRUE 
空-平倉-策略1:  FALSE TRUE TRUE TRUE 
= 空-平倉  2017/11/21   11:15:00   10748  = 
多-平倉-策略2:  TRUE TRUE TRUE 
空-平倉-策略1:  TRUE TRUE TRUE TRUE 
= 空-平倉  2017/11/21   11:30:00   10758  = 
多-平倉-策略2:  TRUE TRUE TRUE 
空-平倉-策略1:  TRUE TRUE TRUE TRUE 
= 空-平倉  2017/11/21   11:45:00   10757  = 
多-平倉-策略2:  TRUE TRUE TRUE 
空-平倉-策略1:  TRUE TRUE TRUE TRUE 
= 空-平倉  2017/11/21   12:00:00   10757  = 
多-平倉-策略2:  TRUE TRUE TRUE 
空-平倉-策略1:  TRUE TRUE TRUE TRUE 
= 空-平倉  2017/11/21   12:15:00   10755  = 
多-平倉-策略2:  TRUE TRUE TRUE 
空-平倉-策略1:  TRUE TRUE TRUE TRUE 
= 空-平倉  2017/11/21   12:30:00   10757  = 
多-平倉-策略2:  TRUE TRUE FALSE 
空-平倉-策略1:  TRUE FALSE TRUE TRUE 
= 空-平倉  2017/11/21   12:45:00   10769  = 
多-平倉-策略2:  TRUE TRUE TRUE 
空-平倉-策略1:  TRUE TRUE TRUE TRUE 
= 空-平倉  2017/11/21   13:00:00   10781  = 
多-平倉-策略2:  TRUE TRUE TRUE 
空-平倉-策略1:  TRUE TRUE TRUE TRUE 
= 空-平倉  2017/11/21   13:15:00   10782  = 
多-平倉-策略2:  TRUE TRUE TRUE 
空-平倉-策略1:  TRUE TRUE TRUE TRUE 
= 空-平倉  2017/11/21   13:30:00   10787  = 
多-平倉-策略2:  TRUE TRUE TRUE 
空-平倉-策略1:  TRUE TRUE TRUE TRUE 
= 空-平倉  2017/11/22   08:45:00   10826  = 
多-平倉-策略2:  TRUE TRUE TRUE 
= 空-平倉  2017/11/22   09:00:00   10823  = 
多-平倉-策略2:  TRUE TRUE TRUE 
空-平倉-策略1:  TRUE TRUE TRUE TRUE 
= 空-平倉  2017/11/22   09:15:00   10824  = 
多-平倉-策略2:  TRUE TRUE TRUE 
空-平倉-策略1:  TRUE TRUE TRUE TRUE 
= 空-平倉  2017/11/22   09:30:00   10817  = 
多-平倉-策略2:  TRUE TRUE TRUE 
空-平倉-策略1:  TRUE TRUE TRUE TRUE 
= 空-平倉  2017/11/22   09:45:00   10843  = 
多-平倉-策略2:  TRUE TRUE TRUE 
空-平倉-策略1:  TRUE TRUE TRUE TRUE 
= 空-平倉  2017/11/22   10:00:00   10844  = 
多-平倉-策略2:  TRUE TRUE TRUE 
空-平倉-策略1:  TRUE TRUE TRUE TRUE 
= 空-平倉  2017/11/22   10:15:00   10863  = 
多-平倉-策略2:  TRUE TRUE TRUE 
空-平倉-策略1:  TRUE TRUE TRUE TRUE 
= 空-平倉  2017/11/22   10:30:00   10874  = 
多-平倉-策略2:  TRUE TRUE TRUE 
空-平倉-策略1:  TRUE TRUE TRUE TRUE 
= 空-平倉  2017/11/22   10:45:00   10861  = 
多-平倉-策略2:  TRUE TRUE TRUE 
空-平倉-策略1:  TRUE TRUE TRUE TRUE 
= 空-平倉  2017/11/22   11:00:00   10851  = 
多-平倉-策略2:  TRUE TRUE FALSE 
空-平倉-策略1:  TRUE FALSE TRUE TRUE 
= 空-平倉  2017/11/22   11:15:00   10853  = 
多-平倉-策略2:  TRUE TRUE FALSE 
空-平倉-策略1:  TRUE FALSE TRUE TRUE 
= 空-平倉  2017/11/22   11:30:00   10864  = 
多-平倉-策略2:  TRUE TRUE FALSE 
空-平倉-策略1:  TRUE FALSE TRUE TRUE 
= 空-平倉  2017/11/22   11:45:00   10860  = 
多-平倉-策略2:  TRUE TRUE FALSE 
空-平倉-策略1:  TRUE FALSE TRUE TRUE 
= 空-平倉  2017/11/22   12:00:00   10859  = 
多-平倉-策略2:  TRUE TRUE FALSE 
空-平倉-策略1:  TRUE FALSE TRUE TRUE 
= 空-平倉  2017/11/22   12:15:00   10848  = 
多-平倉-策略2:  TRUE TRUE FALSE 
空-平倉-策略1:  FALSE FALSE FALSE TRUE 
= 空-平倉  2017/11/22   12:30:00   10834  = 
多-平倉-策略2:  TRUE FALSE FALSE 
空-平倉-策略1:  FALSE FALSE FALSE TRUE 
= 空-平倉  2017/11/22   12:45:00   10825  = 
多-平倉-策略2:  TRUE FALSE FALSE 
空-平倉-策略1:  FALSE FALSE FALSE TRUE 
= 空-平倉  2017/11/22   13:00:00   10823  = 
多-平倉-策略2:  TRUE FALSE FALSE 
空-平倉-策略1:  FALSE FALSE FALSE TRUE 
= 空-平倉  2017/11/22   13:15:00   10823  = 
多-平倉-策略2:  TRUE FALSE FALSE 
空-平倉-策略1:  FALSE FALSE FALSE TRUE 
= 空-平倉  2017/11/22   13:30:00   10828  = 
多-平倉-策略2:  TRUE FALSE FALSE 
空-平倉-策略1:  FALSE FALSE FALSE TRUE 
= 空-平倉  2017/11/23   08:45:00   10837  = 
多-平倉-策略2:  TRUE FALSE FALSE 
= 空-平倉  2017/11/23   09:00:00   10826  = 
多-平倉-策略2:  TRUE FALSE FALSE 
空-平倉-策略1:  FALSE FALSE FALSE FALSE 
= 空-平倉  2017/11/23   09:15:00   10818  = 
多-平倉-策略2:  TRUE FALSE FALSE 
空-平倉-策略1:  FALSE FALSE FALSE FALSE 
= 空-平倉  2017/11/23   09:30:00   10819  = 
多-平倉-策略2:  TRUE FALSE FALSE 
空-平倉-策略1:  FALSE FALSE FALSE FALSE 
= 空-平倉  2017/11/23   09:45:00   10838  = 
多-平倉-策略2:  TRUE TRUE FALSE 
空-平倉-策略1:  FALSE FALSE TRUE TRUE 
= 空-平倉  2017/11/23   10:00:00   10839  = 
多-平倉-策略2:  TRUE TRUE FALSE 
空-平倉-策略1:  FALSE FALSE TRUE TRUE 
= 空-平倉  2017/11/23   10:15:00   10846  = 
多-平倉-策略2:  TRUE TRUE TRUE 
空-平倉-策略1:  FALSE TRUE TRUE TRUE 
= 空-平倉  2017/11/23   10:30:00   10848  = 
多-平倉-策略2:  TRUE TRUE TRUE 
空-平倉-策略1:  FALSE TRUE TRUE TRUE 
= 空-平倉  2017/11/23   10:45:00   10841  = 
多-平倉-策略2:  TRUE TRUE TRUE 
空-平倉-策略1:  FALSE TRUE TRUE TRUE 
= 空-平倉  2017/11/23   11:00:00   10843  = 
多-平倉-策略2:  TRUE TRUE FALSE 
空-平倉-策略1:  FALSE FALSE TRUE TRUE 
= 空-平倉  2017/11/23   11:15:00   10845  = 
多-平倉-策略2:  TRUE TRUE FALSE 
空-平倉-策略1:  FALSE FALSE TRUE TRUE 
= 空-平倉  2017/11/23   11:30:00   10845  = 
多-平倉-策略2:  TRUE TRUE FALSE 
空-平倉-策略1:  FALSE FALSE TRUE TRUE 
= 空-平倉  2017/11/23   11:45:00   10844  = 
多-平倉-策略2:  TRUE TRUE FALSE 
空-平倉-策略1:  FALSE FALSE TRUE TRUE 
= 空-平倉  2017/11/23   12:00:00   10856  = 
多-平倉-策略2:  TRUE TRUE TRUE 
空-平倉-策略1:  FALSE TRUE TRUE TRUE 
= 空-平倉  2017/11/23   12:15:00   10853  = 
多-平倉-策略2:  TRUE TRUE TRUE 
空-平倉-策略1:  FALSE TRUE TRUE TRUE 
= 空-平倉  2017/11/23   12:30:00   10849  = 
多-平倉-策略2:  TRUE TRUE TRUE 
空-平倉-策略1:  FALSE TRUE TRUE TRUE 
= 空-平倉  2017/11/23   12:45:00   10851  = 
多-平倉-策略2:  TRUE TRUE FALSE 
空-平倉-策略1:  FALSE FALSE TRUE TRUE 
= 空-平倉  2017/11/23   13:00:00   10846  = 
多-平倉-策略2:  TRUE TRUE FALSE 
空-平倉-策略1:  FALSE FALSE TRUE TRUE 
= 空-平倉  2017/11/23   13:15:00   10850  = 
多-平倉-策略2:  TRUE TRUE FALSE 
空-平倉-策略1:  FALSE FALSE TRUE TRUE 
= 空-平倉  2017/11/23   13:30:00   10856  = 
多-平倉-策略2:  TRUE TRUE FALSE 
空-平倉-策略1:  FALSE FALSE TRUE TRUE 
= 空-平倉  2017/11/24   08:45:00   10839  = 
多-平倉-策略2:  TRUE FALSE FALSE 
= 空-平倉  2017/11/24   09:00:00   10839  = 
多-平倉-策略2:  TRUE FALSE FALSE 
空-平倉-策略1:  FALSE FALSE FALSE TRUE 
= 空-平倉  2017/11/24   09:15:00   10846  = 
多-平倉-策略2:  TRUE FALSE FALSE 
空-平倉-策略1:  FALSE FALSE TRUE TRUE 
= 空-平倉  2017/11/24   09:30:00   10848  = 
多-平倉-策略2:  TRUE FALSE FALSE 
空-平倉-策略1:  FALSE FALSE TRUE TRUE 
= 空-平倉  2017/11/24   09:45:00   10847  = 
多-平倉-策略2:  TRUE FALSE FALSE 
空-平倉-策略1:  FALSE FALSE TRUE TRUE 
= 空-平倉  2017/11/24   10:00:00   10838  = 
多-平倉-策略2:  TRUE FALSE FALSE 
空-平倉-策略1:  FALSE FALSE FALSE FALSE 
= 空-平倉  2017/11/24   10:15:00   10841  = 
多-平倉-策略2:  TRUE FALSE FALSE 
空-平倉-策略1:  FALSE FALSE TRUE FALSE 
= 空-平倉  2017/11/24   10:30:00   10846  = 
多-平倉-策略2:  TRUE FALSE FALSE 
空-平倉-策略1:  FALSE FALSE TRUE FALSE 
= 空-平倉  2017/11/24   10:45:00   10848  = 
多-平倉-策略2:  TRUE FALSE FALSE 
空-平倉-策略1:  FALSE FALSE TRUE FALSE 
= 空-平倉  2017/11/24   11:00:00   10846  = 
多-平倉-策略2:  TRUE TRUE TRUE 
空-平倉-策略1:  FALSE TRUE TRUE FALSE 
= 空-平倉  2017/11/24   11:15:00   10846  = 
多-平倉-策略2:  TRUE TRUE FALSE 
空-平倉-策略1:  FALSE FALSE TRUE FALSE 
= 空-平倉  2017/11/24   11:30:00   10846  = 
多-平倉-策略2:  TRUE FALSE FALSE 
空-平倉-策略1:  FALSE FALSE TRUE FALSE 
= 空-平倉  2017/11/24   11:45:00   10848  = 
多-平倉-策略2:  TRUE FALSE FALSE 
空-平倉-策略1:  FALSE FALSE TRUE FALSE 
= 空-平倉  2017/11/24   12:00:00   10847  = 
多-平倉-策略2:  TRUE FALSE TRUE 
空-平倉-策略1:  FALSE TRUE TRUE FALSE 
= 空-平倉  2017/11/24   12:15:00   10847  = 
多-平倉-策略2:  TRUE TRUE FALSE 
空-平倉-策略1:  FALSE FALSE TRUE FALSE 
= 空-平倉  2017/11/24   12:30:00   10843  = 
多-平倉-策略2:  TRUE TRUE FALSE 
空-平倉-策略1:  FALSE FALSE TRUE FALSE 
= 空-平倉  2017/11/24   12:45:00   10846  = 
多-平倉-策略2:  TRUE FALSE FALSE 
空-平倉-策略1:  FALSE FALSE TRUE FALSE 
= 空-平倉  2017/11/24   13:00:00   10845  = 
多-平倉-策略2:  TRUE FALSE FALSE 
空-平倉-策略1:  FALSE FALSE TRUE FALSE 
= 空-平倉  2017/11/24   13:15:00   10849  = 
多-平倉-策略2:  TRUE TRUE FALSE 
空-平倉-策略1:  FALSE FALSE TRUE FALSE 
= 空-平倉  2017/11/24   13:30:00   10855  = 
多-平倉-策略2:  TRUE TRUE TRUE 
空-平倉-策略1:  FALSE TRUE TRUE TRUE 
= 空-平倉  2017/11/27   08:45:00   10833  = 
多-平倉-策略2:  TRUE FALSE FALSE 
= 空-平倉  2017/11/27   09:00:00   10816  = 
多-平倉-策略2:  TRUE FALSE FALSE 
空-平倉-策略1:  FALSE FALSE FALSE FALSE 
= 空-平倉  2017/11/27   09:15:00   10812  = 
多-平倉-策略2:  TRUE FALSE FALSE 
空-平倉-策略1:  FALSE FALSE FALSE FALSE 
= 空-平倉  2017/11/27   09:30:00   10772  = 
多-平倉-策略2:  TRUE FALSE FALSE 
空-平倉-策略1:  FALSE FALSE FALSE FALSE 
= 空-平倉  2017/11/27   09:45:00   10785  = 
多-平倉-策略2:  TRUE FALSE FALSE 
空-平倉-策略1:  FALSE FALSE FALSE FALSE 
= 空-平倉  2017/11/27   10:00:00   10763  = 
多-平倉-策略2:  TRUE FALSE FALSE 
空-平倉-策略1:  FALSE FALSE FALSE FALSE 
= 空-平倉  2017/11/27   10:15:00   10774  = 
多-平倉-策略2:  TRUE FALSE FALSE 
空-平倉-策略1:  FALSE FALSE FALSE FALSE 
= 空-平倉  2017/11/27   10:30:00   10773  = 
多-平倉-策略2:  TRUE FALSE FALSE 
空-平倉-策略1:  FALSE FALSE FALSE FALSE 
= 空-平倉  2017/11/27   10:45:00   10768  = 
多-平倉-策略2:  TRUE FALSE FALSE 
空-平倉-策略1:  FALSE FALSE FALSE FALSE 
= 空-平倉  2017/11/27   11:00:00   10766  = 
多-平倉-策略2:  TRUE FALSE FALSE 
空-平倉-策略1:  FALSE FALSE FALSE FALSE 
= 空-平倉  2017/11/27   11:15:00   10773  = 
多-平倉-策略2:  TRUE FALSE FALSE 
空-平倉-策略1:  FALSE FALSE TRUE FALSE 
= 空-平倉  2017/11/27   11:30:00   10768  = 
多-平倉-策略2:  TRUE FALSE FALSE 
空-平倉-策略1:  FALSE FALSE TRUE FALSE 
= 空-平倉  2017/11/27   11:45:00   10770  = 
多-平倉-策略2:  TRUE FALSE TRUE 
空-平倉-策略1:  FALSE TRUE TRUE FALSE 
= 空-平倉  2017/11/27   12:00:00   10767  = 
多-平倉-策略2:  TRUE FALSE TRUE 
空-平倉-策略1:  FALSE TRUE TRUE FALSE 
= 空-平倉  2017/11/27   12:15:00   10765  = 
多-平倉-策略2:  TRUE TRUE TRUE 
空-平倉-策略1:  FALSE TRUE TRUE FALSE 
= 空-平倉  2017/11/27   12:30:00   10758  = 
多-平倉-策略2:  TRUE FALSE TRUE 
空-平倉-策略1:  FALSE TRUE FALSE FALSE 
= 空-平倉  2017/11/27   12:45:00   10737  = 
多-平倉-策略2:  TRUE FALSE FALSE 
空-平倉-策略1:  FALSE FALSE FALSE FALSE 
= 空-平倉  2017/11/27   13:00:00   10747  = 
多-平倉-策略2:  TRUE FALSE FALSE 
空-平倉-策略1:  FALSE FALSE FALSE FALSE 
= 空-平倉  2017/11/27   13:15:00   10749  = 
多-平倉-策略2:  TRUE FALSE FALSE 
空-平倉-策略1:  FALSE FALSE FALSE FALSE 
= 空-平倉  2017/11/27   13:30:00   10749  = 
多-平倉-策略2:  TRUE FALSE TRUE 
空-平倉-策略1:  FALSE TRUE FALSE FALSE 
= 空-平倉  2017/11/28   08:45:00   10735  = 
多-平倉-策略2:  TRUE FALSE TRUE 
= 空-平倉  2017/11/28   09:00:00   10737  = 
多-平倉-策略2:  TRUE FALSE FALSE 
空-平倉-策略1:  FALSE FALSE FALSE FALSE 
= 空-平倉  2017/11/28   09:15:00   10721  = 
多-平倉-策略2:  TRUE FALSE FALSE 
空-平倉-策略1:  FALSE FALSE FALSE FALSE 
= 空-平倉  2017/11/28   09:30:00   10710  = 
多-平倉-策略2:  TRUE FALSE FALSE 
空-平倉-策略1:  FALSE FALSE FALSE FALSE 
= 空-平倉  2017/11/28   09:45:00   10724  = 
多-平倉-策略2:  TRUE FALSE FALSE 
空-平倉-策略1:  FALSE FALSE FALSE FALSE 
= 空-平倉  2017/11/28   10:00:00   10747  = 
多-平倉-策略2:  TRUE TRUE TRUE 
空-平倉-策略1:  FALSE TRUE TRUE TRUE 
= 空-平倉  2017/11/28   10:15:00   10737  = 
多-平倉-策略2:  TRUE FALSE TRUE 
空-平倉-策略1:  FALSE TRUE TRUE TRUE 
= 空-平倉  2017/11/28   10:30:00   10726  = 
多-平倉-策略2:  TRUE FALSE TRUE 
空-平倉-策略1:  FALSE TRUE FALSE FALSE 
= 空-平倉  2017/11/28   10:45:00   10727  = 
多-平倉-策略2:  TRUE FALSE TRUE 
空-平倉-策略1:  FALSE TRUE TRUE FALSE 
= 空-平倉  2017/11/28   11:00:00   10723  = 
多-平倉-策略2:  TRUE FALSE TRUE 
空-平倉-策略1:  FALSE TRUE FALSE FALSE 
= 空-平倉  2017/11/28   11:15:00   10722  = 
多-平倉-策略2:  TRUE FALSE TRUE 
空-平倉-策略1:  FALSE TRUE TRUE FALSE 
= 空-平倉  2017/11/28   11:30:00   10706  = 
多-平倉-策略2:  TRUE FALSE FALSE 
空-平倉-策略1:  FALSE FALSE FALSE FALSE 
= 空-平倉  2017/11/28   11:45:00   10698  = 
多-平倉-策略2:  TRUE FALSE FALSE 
空-平倉-策略1:  FALSE FALSE FALSE FALSE 
= 空-平倉  2017/11/28   12:00:00   10706  = 
多-平倉-策略2:  TRUE FALSE FALSE 
空-平倉-策略1:  FALSE FALSE FALSE FALSE 
= 空-平倉  2017/11/28   12:15:00   10709  = 
多-平倉-策略2:  TRUE FALSE TRUE 
空-平倉-策略1:  FALSE TRUE FALSE FALSE 
= 空-平倉  2017/11/28   12:30:00   10708  = 
多-平倉-策略2:  TRUE FALSE TRUE 
空-平倉-策略1:  FALSE TRUE FALSE FALSE 
= 空-平倉  2017/11/28   12:45:00   10708  = 
多-平倉-策略2:  TRUE FALSE TRUE 
空-平倉-策略1:  FALSE TRUE TRUE FALSE 
= 空-平倉  2017/11/28   13:00:00   10705  = 
多-平倉-策略2:  TRUE FALSE TRUE 
空-平倉-策略1:  FALSE TRUE TRUE FALSE 
= 空-平倉  2017/11/28   13:15:00   10707  = 
多-平倉-策略2:  TRUE FALSE TRUE 
空-平倉-策略1:  FALSE TRUE TRUE FALSE 
= 空-平倉  2017/11/28   13:30:00   10708  = 
多-平倉-策略2:  TRUE FALSE TRUE 
空-平倉-策略1:  FALSE TRUE TRUE FALSE 
= 空-平倉  2017/11/29   08:45:00   10737  = 
多-平倉-策略2:  TRUE TRUE TRUE 
= 空-平倉  2017/11/29   09:00:00   10740  = 
多-平倉-策略2:  TRUE TRUE TRUE 
空-平倉-策略1:  FALSE TRUE TRUE TRUE 
= 空-平倉  2017/11/29   09:15:00   10753  = 
多-平倉-策略2:  TRUE TRUE TRUE 
空-平倉-策略1:  TRUE TRUE TRUE TRUE 
= 空-平倉  2017/11/29   09:30:00   10739  = 
多-平倉-策略2:  TRUE TRUE TRUE 
空-平倉-策略1:  TRUE TRUE TRUE TRUE 
= 空-平倉  2017/11/29   09:45:00   10726  = 
多-平倉-策略2:  TRUE TRUE TRUE 
空-平倉-策略1:  TRUE TRUE TRUE TRUE 
= 空-平倉  2017/11/29   10:00:00   10733  = 
多-平倉-策略2:  TRUE TRUE TRUE 
空-平倉-策略1:  TRUE TRUE TRUE TRUE 
= 空-平倉  2017/11/29   10:15:00   10735  = 
多-平倉-策略2:  TRUE TRUE TRUE 
空-平倉-策略1:  TRUE TRUE TRUE TRUE 
= 空-平倉  2017/11/29   10:30:00   10728  = 
多-平倉-策略2:  TRUE TRUE TRUE 
空-平倉-策略1:  TRUE TRUE FALSE TRUE 
= 空-平倉  2017/11/29   10:45:00   10726  = 
多-平倉-策略2:  TRUE TRUE TRUE 
空-平倉-策略1:  TRUE TRUE FALSE TRUE 
= 空-平倉  2017/11/29   11:00:00   10714  = 
多-平倉-策略2:  TRUE FALSE FALSE 
空-平倉-策略1:  TRUE FALSE FALSE FALSE 
= 空-平倉  2017/11/29   11:15:00   10716  = 
多-平倉-策略2:  TRUE FALSE FALSE 
空-平倉-策略1:  TRUE FALSE FALSE FALSE 
= 空-平倉  2017/11/29   11:30:00   10718  = 
多-平倉-策略2:  TRUE FALSE FALSE 
空-平倉-策略1:  TRUE FALSE FALSE FALSE 
= 空-平倉  2017/11/29   11:45:00   10724  = 
多-平倉-策略2:  TRUE FALSE FALSE 
空-平倉-策略1:  TRUE FALSE TRUE TRUE 
= 空-平倉  2017/11/29   12:00:00   10722  = 
多-平倉-策略2:  TRUE FALSE TRUE 
空-平倉-策略1:  TRUE TRUE TRUE TRUE 
= 空-平倉  2017/11/29   12:15:00   10719  = 
多-平倉-策略2:  TRUE FALSE TRUE 
空-平倉-策略1:  TRUE TRUE TRUE FALSE 
= 空-平倉  2017/11/29   12:30:00   10722  = 
多-平倉-策略2:  TRUE FALSE TRUE 
空-平倉-策略1:  TRUE TRUE TRUE TRUE 
= 空-平倉  2017/11/29   12:45:00   10715  = 
多-平倉-策略2:  TRUE FALSE FALSE 
空-平倉-策略1:  TRUE FALSE TRUE FALSE 
= 空-平倉  2017/11/29   13:00:00   10719  = 
多-平倉-策略2:  TRUE FALSE FALSE 
空-平倉-策略1:  TRUE FALSE TRUE FALSE 
= 空-平倉  2017/11/29   13:15:00   10725  = 
多-平倉-策略2:  TRUE TRUE TRUE 
空-平倉-策略1:  TRUE TRUE TRUE FALSE 
= 空-平倉  2017/11/29   13:30:00   10729  = 
多-平倉-策略2:  TRUE TRUE TRUE 
空-平倉-策略1:  TRUE TRUE TRUE FALSE 
= 空-平倉  2017/11/30   08:45:00   10644  = 
多-平倉-策略2:  TRUE FALSE FALSE 
= 空-平倉  2017/11/30   09:00:00   10634  = 
多-平倉-策略2:  TRUE FALSE FALSE 
空-平倉-策略1:  FALSE FALSE FALSE FALSE 
= 空-平倉  2017/11/30   09:15:00   10632  = 
多-平倉-策略2:  TRUE FALSE FALSE 
空-平倉-策略1:  FALSE FALSE FALSE FALSE 
= 空-平倉  2017/11/30   09:30:00   10610  = 
多-平倉-策略2:  TRUE FALSE FALSE 
空-平倉-策略1:  FALSE FALSE FALSE FALSE 
= 空-平倉  2017/11/30   09:45:00   10619  = 
多-平倉-策略2:  TRUE FALSE FALSE 
空-平倉-策略1:  FALSE FALSE FALSE FALSE 
= 空-平倉  2017/11/30   10:00:00   10626  = 
多-平倉-策略2:  TRUE FALSE FALSE 
空-平倉-策略1:  FALSE FALSE FALSE TRUE 
= 空-平倉  2017/11/30   10:15:00   10622  = 
多-平倉-策略2:  TRUE FALSE FALSE 
空-平倉-策略1:  FALSE FALSE FALSE FALSE 
= 空-平倉  2017/11/30   10:30:00   10635  = 
多-平倉-策略2:  TRUE FALSE FALSE 
空-平倉-策略1:  FALSE FALSE TRUE TRUE 
= 空-平倉  2017/11/30   10:45:00   10626  = 
多-平倉-策略2:  TRUE FALSE TRUE 
空-平倉-策略1:  FALSE TRUE TRUE TRUE 
= 空-平倉  2017/11/30   11:00:00   10609  = 
多-平倉-策略2:  TRUE FALSE FALSE 
空-平倉-策略1:  FALSE FALSE FALSE FALSE 
= 空-平倉  2017/11/30   11:15:00   10606  = 
多-平倉-策略2:  TRUE FALSE FALSE 
空-平倉-策略1:  FALSE FALSE FALSE FALSE 
= 空-平倉  2017/11/30   11:30:00   10605  = 
多-平倉-策略2:  TRUE FALSE FALSE 
空-平倉-策略1:  FALSE FALSE FALSE FALSE 
= 空-平倉  2017/11/30   11:45:00   10610  = 
多-平倉-策略2:  TRUE FALSE TRUE 
空-平倉-策略1:  FALSE TRUE FALSE FALSE 
= 空-平倉  2017/11/30   12:00:00   10614  = 
多-平倉-策略2:  TRUE FALSE TRUE 
空-平倉-策略1:  FALSE TRUE TRUE FALSE 
= 空-平倉  2017/11/30   12:15:00   10598  = 
多-平倉-策略2:  FALSE FALSE TRUE 
空-平倉-策略1:  FALSE TRUE FALSE FALSE 
= 空-平倉  2017/11/30   12:30:00   10593  = 
多-平倉-策略2:  FALSE FALSE FALSE 
空-平倉-策略1:  FALSE FALSE FALSE FALSE 
= 空-平倉  2017/11/30   12:45:00   10594  = 
多-平倉-策略2:  FALSE FALSE TRUE 
空-平倉-策略1:  FALSE TRUE FALSE FALSE 
= 空-平倉  2017/11/30   13:00:00   10592  = 
多-平倉-策略2:  FALSE FALSE TRUE 
空-平倉-策略1:  FALSE TRUE FALSE FALSE 
= 空-平倉  2017/11/30   13:15:00   10577  = 
多-平倉-策略2:  FALSE FALSE TRUE 
空-平倉-策略1:  FALSE TRUE FALSE FALSE 
= 空-平倉  2017/11/30   13:30:00   10575  = 
多-平倉-策略2:  FALSE FALSE FALSE 
空-平倉-策略1:  FALSE FALSE FALSE FALSE 
= 空-平倉  2017/12/01   08:45:00   10591  = 
多-平倉-策略2:  FALSE FALSE TRUE 
= 空-平倉  2017/12/01   09:00:00   10585  = 
多-平倉-策略2:  FALSE FALSE TRUE 
空-平倉-策略1:  FALSE TRUE FALSE FALSE 
= 空-平倉  2017/12/01   09:15:00   10580  = 
多-平倉-策略2:  FALSE FALSE TRUE 
空-平倉-策略1:  FALSE TRUE FALSE FALSE 
= 空-平倉  2017/12/01   09:30:00   10576  = 
多-平倉-策略2:  FALSE FALSE TRUE 
空-平倉-策略1:  FALSE TRUE FALSE FALSE 
= 空-平倉  2017/12/01   09:45:00   10530  = 
多-平倉-策略2:  FALSE FALSE FALSE 
空-平倉-策略1:  FALSE FALSE FALSE FALSE 
= 空-平倉  2017/12/01   10:00:00   10522  = 
多-平倉-策略2:  FALSE FALSE FALSE 
空-平倉-策略1:  FALSE FALSE FALSE TRUE 
= 空-平倉  2017/12/01   10:15:00   10554  = 
多-平倉-策略2:  FALSE FALSE FALSE 
空-平倉-策略1:  FALSE FALSE FALSE TRUE 
= 空-平倉  2017/12/01   10:30:00   10540  = 
多-平倉-策略2:  FALSE FALSE TRUE 
空-平倉-策略1:  FALSE TRUE FALSE TRUE 
= 空-平倉  2017/12/01   10:45:00   10549  = 
多-平倉-策略2:  FALSE FALSE TRUE 
空-平倉-策略1:  FALSE TRUE FALSE TRUE 
= 空-平倉  2017/12/01   11:00:00   10583  = 
多-平倉-策略2:  FALSE FALSE TRUE 
空-平倉-策略1:  FALSE TRUE TRUE TRUE 
= 空-平倉  2017/12/01   11:15:00   10576  = 
多-平倉-策略2:  FALSE FALSE TRUE 
空-平倉-策略1:  FALSE TRUE TRUE TRUE 
= 空-平倉  2017/12/01   11:30:00   10605  = 
多-平倉-策略2:  TRUE TRUE TRUE 
空-平倉-策略1:  TRUE TRUE TRUE TRUE 
= 空-平倉  2017/12/01   11:45:00   10616  = 
多-平倉-策略2:  TRUE TRUE TRUE 
空-平倉-策略1:  TRUE TRUE TRUE TRUE 
= 空-平倉  2017/12/01   12:00:00   10608  = 
多-平倉-策略2:  TRUE TRUE TRUE 
空-平倉-策略1:  TRUE TRUE TRUE TRUE 
= 空-平倉  2017/12/01   12:15:00   10623  = 
多-平倉-策略2:  TRUE TRUE TRUE 
空-平倉-策略1:  TRUE TRUE TRUE TRUE 
= 空-平倉  2017/12/01   12:30:00   10642  = 
多-平倉-策略2:  TRUE TRUE TRUE 
空-平倉-策略1:  TRUE TRUE TRUE TRUE 
= 空-平倉  2017/12/01   12:45:00   10650  = 
多-平倉-策略2:  TRUE TRUE TRUE 
空-平倉-策略1:  TRUE TRUE TRUE TRUE 
= 空-平倉  2017/12/01   13:00:00   10643  = 
多-平倉-策略2:  TRUE TRUE TRUE 
空-平倉-策略1:  TRUE TRUE TRUE TRUE 
= 空-平倉  2017/12/01   13:15:00   10600  = 
多-平倉-策略2:  FALSE TRUE TRUE 
空-平倉-策略1:  TRUE TRUE FALSE TRUE 
= 空-平倉  2017/12/01   13:30:00   10604  = 
多-平倉-策略2:  TRUE TRUE FALSE 
空-平倉-策略1:  TRUE FALSE FALSE TRUE 
= 空-平倉  2017/11/20   08:45:00   10708  = 
多-平倉-策略2:  TRUE TRUE FALSE 
= 空-平倉  2017/11/20   09:00:00   10697  = 
多-平倉-策略2:  TRUE TRUE FALSE 
空-平倉-策略1:  FALSE FALSE TRUE TRUE 
= 空-平倉  2017/11/20   09:15:00   10695  = 
多-平倉-策略2:  TRUE FALSE FALSE 
空-平倉-策略1:  FALSE FALSE FALSE TRUE 
= 空-平倉  2017/11/20   09:30:00   10696  = 
多-平倉-策略2:  TRUE FALSE FALSE 
空-平倉-策略1:  FALSE FALSE TRUE TRUE 
= 空-平倉  2017/11/20   09:45:00   10675  = 
多-平倉-策略2:  TRUE FALSE FALSE 
空-平倉-策略1:  FALSE FALSE FALSE TRUE 
= 空-平倉  2017/11/20   10:00:00   10675  = 
多-平倉-策略2:  TRUE FALSE FALSE 
空-平倉-策略1:  FALSE FALSE FALSE TRUE 
= 空-平倉  2017/11/20   10:15:00   10671  = 
多-平倉-策略2:  TRUE FALSE FALSE 
空-平倉-策略1:  FALSE FALSE FALSE TRUE 
= 空-平倉  2017/11/20   10:30:00   10677  = 
多-平倉-策略2:  TRUE FALSE FALSE 
空-平倉-策略1:  FALSE FALSE FALSE FALSE 
= 空-平倉  2017/11/20   10:45:00   10677  = 
多-平倉-策略2:  TRUE FALSE FALSE 
空-平倉-策略1:  FALSE FALSE FALSE FALSE 
= 空-平倉  2017/11/20   11:00:00   10671  = 
多-平倉-策略2:  TRUE FALSE FALSE 
空-平倉-策略1:  FALSE FALSE FALSE FALSE 
= 空-平倉  2017/11/20   11:15:00   10671  = 
多-平倉-策略2:  TRUE FALSE FALSE 
空-平倉-策略1:  FALSE FALSE FALSE FALSE 
= 空-平倉  2017/11/20   11:30:00   10679  = 
多-平倉-策略2:  TRUE FALSE FALSE 
空-平倉-策略1:  FALSE FALSE TRUE FALSE 
= 空-平倉  2017/11/20   11:45:00   10669  = 
多-平倉-策略2:  TRUE FALSE TRUE 
空-平倉-策略1:  FALSE TRUE TRUE FALSE 
= 空-平倉  2017/11/20   12:00:00   10667  = 
多-平倉-策略2:  TRUE FALSE FALSE 
空-平倉-策略1:  FALSE FALSE FALSE FALSE 
= 空-平倉  2017/11/20   12:15:00   10665  = 
多-平倉-策略2:  TRUE FALSE FALSE 
空-平倉-策略1:  FALSE FALSE FALSE FALSE 
= 空-平倉  2017/11/20   12:30:00   10662  = 
多-平倉-策略2:  TRUE FALSE FALSE 
空-平倉-策略1:  FALSE FALSE FALSE FALSE 
= 空-平倉  2017/11/20   12:45:00   10666  = 
多-平倉-策略2:  TRUE FALSE FALSE 
空-平倉-策略1:  FALSE FALSE TRUE FALSE 
= 空-平倉  2017/11/20   13:00:00   10666  = 
多-平倉-策略2:  TRUE FALSE TRUE 
空-平倉-策略1:  FALSE TRUE TRUE FALSE 
= 空-平倉  2017/11/20   13:15:00   10664  = 
多-平倉-策略2:  TRUE FALSE TRUE 
空-平倉-策略1:  FALSE TRUE TRUE FALSE 
= 空-平倉  2017/11/20   13:30:00   10665  = 
多-平倉-策略2:  TRUE FALSE TRUE 
空-平倉-策略1:  FALSE TRUE TRUE FALSE 
= 空-平倉  2017/11/21   08:45:00   10696  = 
多-平倉-策略2:  TRUE TRUE TRUE 
= 空-平倉  2017/11/21   09:00:00   10693  = 
多-平倉-策略2:  TRUE TRUE TRUE 
空-平倉-策略1:  FALSE TRUE TRUE TRUE 
= 空-平倉  2017/11/21   09:15:00   10682  = 
多-平倉-策略2:  TRUE TRUE TRUE 
空-平倉-策略1:  FALSE TRUE TRUE TRUE 
= 空-平倉  2017/11/21   09:30:00   10695  = 
多-平倉-策略2:  TRUE TRUE TRUE 
空-平倉-策略1:  FALSE TRUE TRUE TRUE 
= 空-平倉  2017/11/21   09:45:00   10722  = 
多-平倉-策略2:  TRUE TRUE TRUE 
空-平倉-策略1:  FALSE TRUE TRUE TRUE 
= 空-平倉  2017/11/21   10:00:00   10727  = 
多-平倉-策略2:  TRUE TRUE TRUE 
空-平倉-策略1:  FALSE TRUE TRUE TRUE 
= 空-平倉  2017/11/21   10:15:00   10743  = 
多-平倉-策略2:  TRUE TRUE TRUE 
空-平倉-策略1:  FALSE TRUE TRUE TRUE 
= 空-平倉  2017/11/21   10:30:00   10740  = 
多-平倉-策略2:  TRUE TRUE TRUE 
空-平倉-策略1:  FALSE TRUE TRUE TRUE 
= 空-平倉  2017/11/21   10:45:00   10745  = 
多-平倉-策略2:  TRUE TRUE TRUE 
空-平倉-策略1:  FALSE TRUE TRUE TRUE 
= 空-平倉  2017/11/21   11:00:00   10744  = 
多-平倉-策略2:  TRUE TRUE TRUE 
空-平倉-策略1:  FALSE TRUE TRUE TRUE 
= 空-平倉  2017/11/21   11:15:00   10748  = 
多-平倉-策略2:  TRUE TRUE TRUE 
空-平倉-策略1:  TRUE TRUE TRUE TRUE 
= 空-平倉  2017/11/21   11:30:00   10758  = 
多-平倉-策略2:  TRUE TRUE TRUE 
空-平倉-策略1:  TRUE TRUE TRUE TRUE 
= 空-平倉  2017/11/21   11:45:00   10757  = 
多-平倉-策略2:  TRUE TRUE TRUE 
空-平倉-策略1:  TRUE TRUE TRUE TRUE 
= 空-平倉  2017/11/21   12:00:00   10757  = 
多-平倉-策略2:  TRUE TRUE TRUE 
空-平倉-策略1:  TRUE TRUE TRUE TRUE 
= 空-平倉  2017/11/21   12:15:00   10755  = 
多-平倉-策略2:  TRUE TRUE TRUE 
空-平倉-策略1:  TRUE TRUE TRUE TRUE 
= 空-平倉  2017/11/21   12:30:00   10757  = 
多-平倉-策略2:  TRUE TRUE FALSE 
空-平倉-策略1:  TRUE FALSE TRUE TRUE 
= 空-平倉  2017/11/21   12:45:00   10769  = 
多-平倉-策略2:  TRUE TRUE TRUE 
空-平倉-策略1:  TRUE TRUE TRUE TRUE 
= 空-平倉  2017/11/21   13:00:00   10781  = 
多-平倉-策略2:  TRUE TRUE TRUE 
空-平倉-策略1:  TRUE TRUE TRUE TRUE 
= 空-平倉  2017/11/21   13:15:00   10782  = 
多-平倉-策略2:  TRUE TRUE TRUE 
空-平倉-策略1:  TRUE TRUE TRUE TRUE 
= 空-平倉  2017/11/21   13:30:00   10787  = 
多-平倉-策略2:  TRUE TRUE TRUE 
空-平倉-策略1:  TRUE TRUE TRUE TRUE 
= 空-平倉  2017/11/22   08:45:00   10826  = 
多-平倉-策略2:  TRUE TRUE TRUE 
= 空-平倉  2017/11/22   09:00:00   10823  = 
多-平倉-策略2:  TRUE TRUE TRUE 
空-平倉-策略1:  TRUE TRUE TRUE TRUE 
= 空-平倉  2017/11/22   09:15:00   10824  = 
多-平倉-策略2:  TRUE TRUE TRUE 
空-平倉-策略1:  TRUE TRUE TRUE TRUE 
= 空-平倉  2017/11/22   09:30:00   10817  = 
多-平倉-策略2:  TRUE TRUE TRUE 
空-平倉-策略1:  TRUE TRUE TRUE TRUE 
= 空-平倉  2017/11/22   09:45:00   10843  = 
多-平倉-策略2:  TRUE TRUE TRUE 
空-平倉-策略1:  TRUE TRUE TRUE TRUE 
= 空-平倉  2017/11/22   10:00:00   10844  = 
多-平倉-策略2:  TRUE TRUE TRUE 
空-平倉-策略1:  TRUE TRUE TRUE TRUE 
= 空-平倉  2017/11/22   10:15:00   10863  = 
多-平倉-策略2:  TRUE TRUE TRUE 
空-平倉-策略1:  TRUE TRUE TRUE TRUE 
= 空-平倉  2017/11/22   10:30:00   10874  = 
多-平倉-策略2:  TRUE TRUE TRUE 
空-平倉-策略1:  TRUE TRUE TRUE TRUE 
= 空-平倉  2017/11/22   10:45:00   10861  = 
多-平倉-策略2:  TRUE TRUE TRUE 
空-平倉-策略1:  TRUE TRUE TRUE TRUE 
= 空-平倉  2017/11/22   11:00:00   10851  = 
多-平倉-策略2:  TRUE TRUE FALSE 
空-平倉-策略1:  TRUE FALSE TRUE TRUE 
= 空-平倉  2017/11/22   11:15:00   10853  = 
多-平倉-策略2:  TRUE TRUE FALSE 
空-平倉-策略1:  TRUE FALSE TRUE TRUE 
= 空-平倉  2017/11/22   11:30:00   10864  = 
多-平倉-策略2:  TRUE TRUE FALSE 
空-平倉-策略1:  TRUE FALSE TRUE TRUE 
= 空-平倉  2017/11/22   11:45:00   10860  = 
多-平倉-策略2:  TRUE TRUE FALSE 
空-平倉-策略1:  TRUE FALSE TRUE TRUE 
= 空-平倉  2017/11/22   12:00:00   10859  = 
多-平倉-策略2:  TRUE TRUE FALSE 
空-平倉-策略1:  TRUE FALSE TRUE TRUE 
= 空-平倉  2017/11/22   12:15:00   10848  = 
多-平倉-策略2:  TRUE TRUE FALSE 
空-平倉-策略1:  FALSE FALSE FALSE TRUE 
= 空-平倉  2017/11/22   12:30:00   10834  = 
多-平倉-策略2:  TRUE FALSE FALSE 
空-平倉-策略1:  FALSE FALSE FALSE TRUE 
= 空-平倉  2017/11/22   12:45:00   10825  = 
多-平倉-策略2:  TRUE FALSE FALSE 
空-平倉-策略1:  FALSE FALSE FALSE TRUE 
= 空-平倉  2017/11/22   13:00:00   10823  = 
多-平倉-策略2:  TRUE FALSE FALSE 
空-平倉-策略1:  FALSE FALSE FALSE TRUE 
= 空-平倉  2017/11/22   13:15:00   10823  = 
多-平倉-策略2:  TRUE FALSE FALSE 
空-平倉-策略1:  FALSE FALSE FALSE TRUE 
= 空-平倉  2017/11/22   13:30:00   10828  = 
多-平倉-策略2:  TRUE FALSE FALSE 
空-平倉-策略1:  FALSE FALSE FALSE TRUE 
= 空-平倉  2017/11/23   08:45:00   10837  = 
多-平倉-策略2:  TRUE FALSE FALSE 
= 空-平倉  2017/11/23   09:00:00   10826  = 
多-平倉-策略2:  TRUE FALSE FALSE 
空-平倉-策略1:  FALSE FALSE FALSE FALSE 
= 空-平倉  2017/11/23   09:15:00   10818  = 
多-平倉-策略2:  TRUE FALSE FALSE 
空-平倉-策略1:  FALSE FALSE FALSE FALSE 
= 空-平倉  2017/11/23   09:30:00   10819  = 
多-平倉-策略2:  TRUE FALSE FALSE 
空-平倉-策略1:  FALSE FALSE FALSE FALSE 
= 空-平倉  2017/11/23   09:45:00   10838  = 
多-平倉-策略2:  TRUE TRUE FALSE 
空-平倉-策略1:  FALSE FALSE TRUE TRUE 
= 空-平倉  2017/11/23   10:00:00   10839  = 
多-平倉-策略2:  TRUE TRUE FALSE 
空-平倉-策略1:  FALSE FALSE TRUE TRUE 
= 空-平倉  2017/11/23   10:15:00   10846  = 
多-平倉-策略2:  TRUE TRUE TRUE 
空-平倉-策略1:  FALSE TRUE TRUE TRUE 
= 空-平倉  2017/11/23   10:30:00   10848  = 
多-平倉-策略2:  TRUE TRUE TRUE 
空-平倉-策略1:  FALSE TRUE TRUE TRUE 
= 空-平倉  2017/11/23   10:45:00   10841  = 
多-平倉-策略2:  TRUE TRUE TRUE 
空-平倉-策略1:  FALSE TRUE TRUE TRUE 
= 空-平倉  2017/11/23   11:00:00   10843  = 
多-平倉-策略2:  TRUE TRUE FALSE 
空-平倉-策略1:  FALSE FALSE TRUE TRUE 
= 空-平倉  2017/11/23   11:15:00   10845  = 
多-平倉-策略2:  TRUE TRUE FALSE 
空-平倉-策略1:  FALSE FALSE TRUE TRUE 
= 空-平倉  2017/11/23   11:30:00   10845  = 
多-平倉-策略2:  TRUE TRUE FALSE 
空-平倉-策略1:  FALSE FALSE TRUE TRUE 
= 空-平倉  2017/11/23   11:45:00   10844  = 
多-平倉-策略2:  TRUE TRUE FALSE 
空-平倉-策略1:  FALSE FALSE TRUE TRUE 
= 空-平倉  2017/11/23   12:00:00   10856  = 
多-平倉-策略2:  TRUE TRUE TRUE 
空-平倉-策略1:  FALSE TRUE TRUE TRUE 
= 空-平倉  2017/11/23   12:15:00   10853  = 
多-平倉-策略2:  TRUE TRUE TRUE 
空-平倉-策略1:  FALSE TRUE TRUE TRUE 
= 空-平倉  2017/11/23   12:30:00   10849  = 
多-平倉-策略2:  TRUE TRUE TRUE 
空-平倉-策略1:  FALSE TRUE TRUE TRUE 
= 空-平倉  2017/11/23   12:45:00   10851  = 
多-平倉-策略2:  TRUE TRUE FALSE 
空-平倉-策略1:  FALSE FALSE TRUE TRUE 
= 空-平倉  2017/11/23   13:00:00   10846  = 
多-平倉-策略2:  TRUE TRUE FALSE 
空-平倉-策略1:  FALSE FALSE TRUE TRUE 
= 空-平倉  2017/11/23   13:15:00   10850  = 
多-平倉-策略2:  TRUE TRUE FALSE 
空-平倉-策略1:  FALSE FALSE TRUE TRUE 
= 空-平倉  2017/11/23   13:30:00   10856  = 
多-平倉-策略2:  TRUE TRUE FALSE 
空-平倉-策略1:  FALSE FALSE TRUE TRUE 
= 空-平倉  2017/11/24   08:45:00   10839  = 
多-平倉-策略2:  TRUE FALSE FALSE 
= 空-平倉  2017/11/24   09:00:00   10839  = 
多-平倉-策略2:  TRUE FALSE FALSE 
空-平倉-策略1:  FALSE FALSE FALSE TRUE 
= 空-平倉  2017/11/24   09:15:00   10846  = 
多-平倉-策略2:  TRUE FALSE FALSE 
空-平倉-策略1:  FALSE FALSE TRUE TRUE 
= 空-平倉  2017/11/24   09:30:00   10848  = 
多-平倉-策略2:  TRUE FALSE FALSE 
空-平倉-策略1:  FALSE FALSE TRUE TRUE 
= 空-平倉  2017/11/24   09:45:00   10847  = 
多-平倉-策略2:  TRUE FALSE FALSE 
空-平倉-策略1:  FALSE FALSE TRUE TRUE 
= 空-平倉  2017/11/24   10:00:00   10838  = 
多-平倉-策略2:  TRUE FALSE FALSE 
空-平倉-策略1:  FALSE FALSE FALSE FALSE 
= 空-平倉  2017/11/24   10:15:00   10841  = 
多-平倉-策略2:  TRUE FALSE FALSE 
空-平倉-策略1:  FALSE FALSE TRUE FALSE 
= 空-平倉  2017/11/24   10:30:00   10846  = 
多-平倉-策略2:  TRUE FALSE FALSE 
空-平倉-策略1:  FALSE FALSE TRUE FALSE 
= 空-平倉  2017/11/24   10:45:00   10848  = 
多-平倉-策略2:  TRUE FALSE FALSE 
空-平倉-策略1:  FALSE FALSE TRUE FALSE 
= 空-平倉  2017/11/24   11:00:00   10846  = 
多-平倉-策略2:  TRUE TRUE TRUE 
空-平倉-策略1:  FALSE TRUE TRUE FALSE 
= 空-平倉  2017/11/24   11:15:00   10846  = 
多-平倉-策略2:  TRUE TRUE FALSE 
空-平倉-策略1:  FALSE FALSE TRUE FALSE 
= 空-平倉  2017/11/24   11:30:00   10846  = 
多-平倉-策略2:  TRUE FALSE FALSE 
空-平倉-策略1:  FALSE FALSE TRUE FALSE 
= 空-平倉  2017/11/24   11:45:00   10848  = 
多-平倉-策略2:  TRUE FALSE FALSE 
空-平倉-策略1:  FALSE FALSE TRUE FALSE 
= 空-平倉  2017/11/24   12:00:00   10847  = 
多-平倉-策略2:  TRUE FALSE TRUE 
空-平倉-策略1:  FALSE TRUE TRUE FALSE 
= 空-平倉  2017/11/24   12:15:00   10847  = 
多-平倉-策略2:  TRUE TRUE FALSE 
空-平倉-策略1:  FALSE FALSE TRUE FALSE 
= 空-平倉  2017/11/24   12:30:00   10843  = 
多-平倉-策略2:  TRUE TRUE FALSE 
空-平倉-策略1:  FALSE FALSE TRUE FALSE 
= 空-平倉  2017/11/24   12:45:00   10846  = 
多-平倉-策略2:  TRUE FALSE FALSE 
空-平倉-策略1:  FALSE FALSE TRUE FALSE 
= 空-平倉  2017/11/24   13:00:00   10845  = 
多-平倉-策略2:  TRUE FALSE FALSE 
空-平倉-策略1:  FALSE FALSE TRUE FALSE 
= 空-平倉  2017/11/24   13:15:00   10849  = 
多-平倉-策略2:  TRUE TRUE FALSE 
空-平倉-策略1:  FALSE FALSE TRUE FALSE 
= 空-平倉  2017/11/24   13:30:00   10855  = 
多-平倉-策略2:  TRUE TRUE TRUE 
空-平倉-策略1:  FALSE TRUE TRUE TRUE 
= 空-平倉  2017/11/27   08:45:00   10833  = 
多-平倉-策略2:  TRUE FALSE FALSE 
= 空-平倉  2017/11/27   09:00:00   10816  = 
多-平倉-策略2:  TRUE FALSE FALSE 
空-平倉-策略1:  FALSE FALSE FALSE FALSE 
= 空-平倉  2017/11/27   09:15:00   10812  = 
多-平倉-策略2:  TRUE FALSE FALSE 
空-平倉-策略1:  FALSE FALSE FALSE FALSE 
= 空-平倉  2017/11/27   09:30:00   10772  = 
多-平倉-策略2:  TRUE FALSE FALSE 
空-平倉-策略1:  FALSE FALSE FALSE FALSE 
= 空-平倉  2017/11/27   09:45:00   10785  = 
多-平倉-策略2:  TRUE FALSE FALSE 
空-平倉-策略1:  FALSE FALSE FALSE FALSE 
= 空-平倉  2017/11/27   10:00:00   10763  = 
多-平倉-策略2:  TRUE FALSE FALSE 
空-平倉-策略1:  FALSE FALSE FALSE FALSE 
= 空-平倉  2017/11/27   10:15:00   10774  = 
多-平倉-策略2:  TRUE FALSE FALSE 
空-平倉-策略1:  FALSE FALSE FALSE FALSE 
= 空-平倉  2017/11/27   10:30:00   10773  = 
多-平倉-策略2:  TRUE FALSE FALSE 
空-平倉-策略1:  FALSE FALSE FALSE FALSE 
= 空-平倉  2017/11/27   10:45:00   10768  = 
多-平倉-策略2:  TRUE FALSE FALSE 
空-平倉-策略1:  FALSE FALSE FALSE FALSE 
= 空-平倉  2017/11/27   11:00:00   10766  = 
多-平倉-策略2:  TRUE FALSE FALSE 
空-平倉-策略1:  FALSE FALSE FALSE FALSE 
= 空-平倉  2017/11/27   11:15:00   10773  = 
多-平倉-策略2:  TRUE FALSE FALSE 
空-平倉-策略1:  FALSE FALSE TRUE FALSE 
= 空-平倉  2017/11/27   11:30:00   10768  = 
多-平倉-策略2:  TRUE FALSE FALSE 
空-平倉-策略1:  FALSE FALSE TRUE FALSE 
= 空-平倉  2017/11/27   11:45:00   10770  = 
多-平倉-策略2:  TRUE FALSE TRUE 
空-平倉-策略1:  FALSE TRUE TRUE FALSE 
= 空-平倉  2017/11/27   12:00:00   10767  = 
多-平倉-策略2:  TRUE FALSE TRUE 
空-平倉-策略1:  FALSE TRUE TRUE FALSE 
= 空-平倉  2017/11/27   12:15:00   10765  = 
多-平倉-策略2:  TRUE TRUE TRUE 
空-平倉-策略1:  FALSE TRUE TRUE FALSE 
= 空-平倉  2017/11/27   12:30:00   10758  = 
多-平倉-策略2:  TRUE FALSE TRUE 
空-平倉-策略1:  FALSE TRUE FALSE FALSE 
= 空-平倉  2017/11/27   12:45:00   10737  = 
多-平倉-策略2:  TRUE FALSE FALSE 
空-平倉-策略1:  FALSE FALSE FALSE FALSE 
= 空-平倉  2017/11/27   13:00:00   10747  = 
多-平倉-策略2:  TRUE FALSE FALSE 
空-平倉-策略1:  FALSE FALSE FALSE FALSE 
= 空-平倉  2017/11/27   13:15:00   10749  = 
多-平倉-策略2:  TRUE FALSE FALSE 
空-平倉-策略1:  FALSE FALSE FALSE FALSE 
= 空-平倉  2017/11/27   13:30:00   10749  = 
多-平倉-策略2:  TRUE FALSE TRUE 
空-平倉-策略1:  FALSE TRUE FALSE FALSE 
= 空-平倉  2017/11/28   08:45:00   10735  = 
多-平倉-策略2:  TRUE FALSE TRUE 
= 空-平倉  2017/11/28   09:00:00   10737  = 
多-平倉-策略2:  TRUE FALSE FALSE 
空-平倉-策略1:  FALSE FALSE FALSE FALSE 
= 空-平倉  2017/11/28   09:15:00   10721  = 
多-平倉-策略2:  TRUE FALSE FALSE 
空-平倉-策略1:  FALSE FALSE FALSE FALSE 
= 空-平倉  2017/11/28   09:30:00   10710  = 
多-平倉-策略2:  TRUE FALSE FALSE 
空-平倉-策略1:  FALSE FALSE FALSE FALSE 
= 空-平倉  2017/11/28   09:45:00   10724  = 
多-平倉-策略2:  TRUE FALSE FALSE 
空-平倉-策略1:  FALSE FALSE FALSE FALSE 
= 空-平倉  2017/11/28   10:00:00   10747  = 
多-平倉-策略2:  TRUE TRUE TRUE 
空-平倉-策略1:  FALSE TRUE TRUE TRUE 
= 空-平倉  2017/11/28   10:15:00   10737  = 
多-平倉-策略2:  TRUE FALSE TRUE 
空-平倉-策略1:  FALSE TRUE TRUE TRUE 
= 空-平倉  2017/11/28   10:30:00   10726  = 
多-平倉-策略2:  TRUE FALSE TRUE 
空-平倉-策略1:  FALSE TRUE FALSE FALSE 
= 空-平倉  2017/11/28   10:45:00   10727  = 
多-平倉-策略2:  TRUE FALSE TRUE 
空-平倉-策略1:  FALSE TRUE TRUE FALSE 
= 空-平倉  2017/11/28   11:00:00   10723  = 
多-平倉-策略2:  TRUE FALSE TRUE 
空-平倉-策略1:  FALSE TRUE FALSE FALSE 
= 空-平倉  2017/11/28   11:15:00   10722  = 
多-平倉-策略2:  TRUE FALSE TRUE 
空-平倉-策略1:  FALSE TRUE TRUE FALSE 
= 空-平倉  2017/11/28   11:30:00   10706  = 
多-平倉-策略2:  TRUE FALSE FALSE 
空-平倉-策略1:  FALSE FALSE FALSE FALSE 
= 空-平倉  2017/11/28   11:45:00   10698  = 
多-平倉-策略2:  TRUE FALSE FALSE 
空-平倉-策略1:  FALSE FALSE FALSE FALSE 
= 空-平倉  2017/11/28   12:00:00   10706  = 
多-平倉-策略2:  TRUE FALSE FALSE 
空-平倉-策略1:  FALSE FALSE FALSE FALSE 
= 空-平倉  2017/11/28   12:15:00   10709  = 
多-平倉-策略2:  TRUE FALSE TRUE 
空-平倉-策略1:  FALSE TRUE FALSE FALSE 
= 空-平倉  2017/11/28   12:30:00   10708  = 
多-平倉-策略2:  TRUE FALSE TRUE 
空-平倉-策略1:  FALSE TRUE FALSE FALSE 
= 空-平倉  2017/11/28   12:45:00   10708  = 
多-平倉-策略2:  TRUE FALSE TRUE 
空-平倉-策略1:  FALSE TRUE TRUE FALSE 
= 空-平倉  2017/11/28   13:00:00   10705  = 
多-平倉-策略2:  TRUE FALSE TRUE 
空-平倉-策略1:  FALSE TRUE TRUE FALSE 
= 空-平倉  2017/11/28   13:15:00   10707  = 
多-平倉-策略2:  TRUE FALSE TRUE 
空-平倉-策略1:  FALSE TRUE TRUE FALSE 
= 空-平倉  2017/11/28   13:30:00   10708  = 
多-平倉-策略2:  TRUE FALSE TRUE 
空-平倉-策略1:  FALSE TRUE TRUE FALSE 
= 空-平倉  2017/11/29   08:45:00   10737  = 
多-平倉-策略2:  TRUE TRUE TRUE 
= 空-平倉  2017/11/29   09:00:00   10740  = 
多-平倉-策略2:  TRUE TRUE TRUE 
空-平倉-策略1:  FALSE TRUE TRUE TRUE 
= 空-平倉  2017/11/29   09:15:00   10753  = 
多-平倉-策略2:  TRUE TRUE TRUE 
空-平倉-策略1:  TRUE TRUE TRUE TRUE 
= 空-平倉  2017/11/29   09:30:00   10739  = 
多-平倉-策略2:  TRUE TRUE TRUE 
空-平倉-策略1:  TRUE TRUE TRUE TRUE 
= 空-平倉  2017/11/29   09:45:00   10726  = 
多-平倉-策略2:  TRUE TRUE TRUE 
空-平倉-策略1:  TRUE TRUE TRUE TRUE 
= 空-平倉  2017/11/29   10:00:00   10733  = 
多-平倉-策略2:  TRUE TRUE TRUE 
空-平倉-策略1:  TRUE TRUE TRUE TRUE 
= 空-平倉  2017/11/29   10:15:00   10735  = 
多-平倉-策略2:  TRUE TRUE TRUE 
空-平倉-策略1:  TRUE TRUE TRUE TRUE 
= 空-平倉  2017/11/29   10:30:00   10728  = 
多-平倉-策略2:  TRUE TRUE TRUE 
空-平倉-策略1:  TRUE TRUE FALSE TRUE 
= 空-平倉  2017/11/29   10:45:00   10726  = 
多-平倉-策略2:  TRUE TRUE TRUE 
空-平倉-策略1:  TRUE TRUE FALSE TRUE 
= 空-平倉  2017/11/29   11:00:00   10714  = 
多-平倉-策略2:  TRUE FALSE FALSE 
空-平倉-策略1:  TRUE FALSE FALSE FALSE 
= 空-平倉  2017/11/29   11:15:00   10716  = 
多-平倉-策略2:  TRUE FALSE FALSE 
空-平倉-策略1:  TRUE FALSE FALSE FALSE 
= 空-平倉  2017/11/29   11:30:00   10718  = 
多-平倉-策略2:  TRUE FALSE FALSE 
空-平倉-策略1:  TRUE FALSE FALSE FALSE 
= 空-平倉  2017/11/29   11:45:00   10724  = 
多-平倉-策略2:  TRUE FALSE FALSE 
空-平倉-策略1:  TRUE FALSE TRUE TRUE 
= 空-平倉  2017/11/29   12:00:00   10722  = 
多-平倉-策略2:  TRUE FALSE TRUE 
空-平倉-策略1:  TRUE TRUE TRUE TRUE 
= 空-平倉  2017/11/29   12:15:00   10719  = 
多-平倉-策略2:  TRUE FALSE TRUE 
空-平倉-策略1:  TRUE TRUE TRUE FALSE 
= 空-平倉  2017/11/29   12:30:00   10722  = 
多-平倉-策略2:  TRUE FALSE TRUE 
空-平倉-策略1:  TRUE TRUE TRUE TRUE 
= 空-平倉  2017/11/29   12:45:00   10715  = 
多-平倉-策略2:  TRUE FALSE FALSE 
空-平倉-策略1:  TRUE FALSE TRUE FALSE 
= 空-平倉  2017/11/29   13:00:00   10719  = 
多-平倉-策略2:  TRUE FALSE FALSE 
空-平倉-策略1:  TRUE FALSE TRUE FALSE 
= 空-平倉  2017/11/29   13:15:00   10725  = 
多-平倉-策略2:  TRUE TRUE TRUE 
空-平倉-策略1:  TRUE TRUE TRUE FALSE 
= 空-平倉  2017/11/29   13:30:00   10729  = 
多-平倉-策略2:  TRUE TRUE TRUE 
空-平倉-策略1:  TRUE TRUE TRUE FALSE 
= 空-平倉  2017/11/30   08:45:00   10644  = 
多-平倉-策略2:  TRUE FALSE FALSE 
= 空-平倉  2017/11/30   09:00:00   10634  = 
多-平倉-策略2:  TRUE FALSE FALSE 
空-平倉-策略1:  FALSE FALSE FALSE FALSE 
= 空-平倉  2017/11/30   09:15:00   10632  = 
多-平倉-策略2:  TRUE FALSE FALSE 
空-平倉-策略1:  FALSE FALSE FALSE FALSE 
= 空-平倉  2017/11/30   09:30:00   10610  = 
多-平倉-策略2:  TRUE FALSE FALSE 
空-平倉-策略1:  FALSE FALSE FALSE FALSE 
= 空-平倉  2017/11/30   09:45:00   10619  = 
多-平倉-策略2:  TRUE FALSE FALSE 
空-平倉-策略1:  FALSE FALSE FALSE FALSE 
= 空-平倉  2017/11/30   10:00:00   10626  = 
多-平倉-策略2:  TRUE FALSE FALSE 
空-平倉-策略1:  FALSE FALSE FALSE TRUE 
= 空-平倉  2017/11/30   10:15:00   10622  = 
多-平倉-策略2:  TRUE FALSE FALSE 
空-平倉-策略1:  FALSE FALSE FALSE FALSE 
= 空-平倉  2017/11/30   10:30:00   10635  = 
多-平倉-策略2:  TRUE FALSE FALSE 
空-平倉-策略1:  FALSE FALSE TRUE TRUE 
= 空-平倉  2017/11/30   10:45:00   10626  = 
多-平倉-策略2:  TRUE FALSE TRUE 
空-平倉-策略1:  FALSE TRUE TRUE TRUE 
= 空-平倉  2017/11/30   11:00:00   10609  = 
多-平倉-策略2:  TRUE FALSE FALSE 
空-平倉-策略1:  FALSE FALSE FALSE FALSE 
= 空-平倉  2017/11/30   11:15:00   10606  = 
多-平倉-策略2:  TRUE FALSE FALSE 
空-平倉-策略1:  FALSE FALSE FALSE FALSE 
= 空-平倉  2017/11/30   11:30:00   10605  = 
多-平倉-策略2:  TRUE FALSE FALSE 
空-平倉-策略1:  FALSE FALSE FALSE FALSE 
= 空-平倉  2017/11/30   11:45:00   10610  = 
多-平倉-策略2:  TRUE FALSE TRUE 
空-平倉-策略1:  FALSE TRUE FALSE FALSE 
= 空-平倉  2017/11/30   12:00:00   10614  = 
多-平倉-策略2:  TRUE FALSE TRUE 
空-平倉-策略1:  FALSE TRUE TRUE FALSE 
= 空-平倉  2017/11/30   12:15:00   10598  = 
多-平倉-策略2:  FALSE FALSE TRUE 
空-平倉-策略1:  FALSE TRUE FALSE FALSE 
= 空-平倉  2017/11/30   12:30:00   10593  = 
多-平倉-策略2:  FALSE FALSE FALSE 
空-平倉-策略1:  FALSE FALSE FALSE FALSE 
= 空-平倉  2017/11/30   12:45:00   10594  = 
多-平倉-策略2:  FALSE FALSE TRUE 
空-平倉-策略1:  FALSE TRUE FALSE FALSE 
= 空-平倉  2017/11/30   13:00:00   10592  = 
多-平倉-策略2:  FALSE FALSE TRUE 
空-平倉-策略1:  FALSE TRUE FALSE FALSE 
= 空-平倉  2017/11/30   13:15:00   10577  = 
多-平倉-策略2:  FALSE FALSE TRUE 
空-平倉-策略1:  FALSE TRUE FALSE FALSE 
= 空-平倉  2017/11/30   13:30:00   10575  = 
多-平倉-策略2:  FALSE FALSE FALSE 
空-平倉-策略1:  FALSE FALSE FALSE FALSE 
= 空-平倉  2017/12/01   08:45:00   10591  = 
多-平倉-策略2:  FALSE FALSE TRUE 
= 空-平倉  2017/12/01   09:00:00   10585  = 
多-平倉-策略2:  FALSE FALSE TRUE 
空-平倉-策略1:  FALSE TRUE FALSE FALSE 
= 空-平倉  2017/12/01   09:15:00   10580  = 
多-平倉-策略2:  FALSE FALSE TRUE 
空-平倉-策略1:  FALSE TRUE FALSE FALSE 
= 空-平倉  2017/12/01   09:30:00   10576  = 
多-平倉-策略2:  FALSE FALSE TRUE 
空-平倉-策略1:  FALSE TRUE FALSE FALSE 
= 空-平倉  2017/12/01   09:45:00   10530  = 
多-平倉-策略2:  FALSE FALSE FALSE 
空-平倉-策略1:  FALSE FALSE FALSE FALSE 
= 空-平倉  2017/12/01   10:00:00   10522  = 
多-平倉-策略2:  FALSE FALSE FALSE 
空-平倉-策略1:  FALSE FALSE FALSE TRUE 
= 空-平倉  2017/12/01   10:15:00   10554  = 
多-平倉-策略2:  FALSE FALSE FALSE 
空-平倉-策略1:  FALSE FALSE FALSE TRUE 
= 空-平倉  2017/12/01   10:30:00   10540  = 
多-平倉-策略2:  FALSE FALSE TRUE 
空-平倉-策略1:  FALSE TRUE FALSE TRUE 
= 空-平倉  2017/12/01   10:45:00   10549  = 
多-平倉-策略2:  FALSE FALSE TRUE 
空-平倉-策略1:  FALSE TRUE FALSE TRUE 
= 空-平倉  2017/12/01   11:00:00   10583  = 
多-平倉-策略2:  FALSE FALSE TRUE 
空-平倉-策略1:  FALSE TRUE TRUE TRUE 
= 空-平倉  2017/12/01   11:15:00   10576  = 
多-平倉-策略2:  FALSE FALSE TRUE 
空-平倉-策略1:  FALSE TRUE TRUE TRUE 
= 空-平倉  2017/12/01   11:30:00   10605  = 
多-平倉-策略2:  TRUE TRUE TRUE 
空-平倉-策略1:  TRUE TRUE TRUE TRUE 
= 空-平倉  2017/12/01   11:45:00   10616  = 
多-平倉-策略2:  TRUE TRUE TRUE 
空-平倉-策略1:  TRUE TRUE TRUE TRUE 
= 空-平倉  2017/12/01   12:00:00   10608  = 
多-平倉-策略2:  TRUE TRUE TRUE 
空-平倉-策略1:  TRUE TRUE TRUE TRUE 
= 空-平倉  2017/12/01   12:15:00   10623  = 
多-平倉-策略2:  TRUE TRUE TRUE 
空-平倉-策略1:  TRUE TRUE TRUE TRUE 
= 空-平倉  2017/12/01   12:30:00   10642  = 
多-平倉-策略2:  TRUE TRUE TRUE 
空-平倉-策略1:  TRUE TRUE TRUE TRUE 
= 空-平倉  2017/12/01   12:45:00   10650  = 
多-平倉-策略2:  TRUE TRUE TRUE 
空-平倉-策略1:  TRUE TRUE TRUE TRUE 
= 空-平倉  2017/12/01   13:00:00   10643  = 
多-平倉-策略2:  TRUE TRUE TRUE 
空-平倉-策略1:  TRUE TRUE TRUE TRUE 
= 空-平倉  2017/12/01   13:15:00   10600  = 
多-平倉-策略2:  FALSE TRUE TRUE 
空-平倉-策略1:  TRUE TRUE FALSE TRUE 
= 空-平倉  2017/12/01   13:30:00   10604  = 
多-平倉-策略2:  TRUE TRUE FALSE 
空-平倉-策略1:  TRUE FALSE FALSE TRUE 
