= 多-平倉當天  2017/11/28   13:24:00   10707  = 
多-平倉當天-策略3:  TRUE TRUE FALSE TRUE 
多-平倉當天-策略2:  FALSE 
= 多-平倉當天  2017/11/28   13:25:00   10707  = 
多-平倉當天-策略3:  TRUE TRUE FALSE TRUE 
多-平倉當天-策略2:  FALSE 
= 多-平倉當天  2017/11/28   13:26:00   10708  = 
多-平倉當天-策略3:  TRUE TRUE FALSE TRUE 
多-平倉當天-策略2:  FALSE 
= 多-平倉當天  2017/11/28   13:27:00   10707  = 
多-平倉當天-策略3:  TRUE TRUE FALSE TRUE 
多-平倉當天-策略2:  FALSE 
= 多-平倉當天  2017/11/28   13:28:00   10708  = 
多-平倉當天-策略3:  TRUE TRUE FALSE TRUE 
多-平倉當天-策略2:  FALSE 
= 多-平倉當天  2017/11/28   13:29:00   10707  = 
多-平倉當天-策略3:  TRUE TRUE FALSE TRUE 
多-平倉當天-策略2:  FALSE 
= 多-平倉當天  2017/11/28   13:30:00   10711  = 
多-平倉當天-策略3:  TRUE FALSE FALSE TRUE 
多-平倉當天-策略2:  FALSE 
= 多-平倉當天  2017/11/28   13:31:00   10710  = 
多-平倉當天-策略3:  TRUE FALSE FALSE TRUE 
多-平倉當天-策略2:  FALSE 
= 多-平倉當天  2017/11/28   13:32:00   10709  = 
多-平倉當天-策略3:  TRUE FALSE FALSE TRUE 
多-平倉當天-策略2:  FALSE 
= 多-平倉當天  2017/11/28   13:33:00   10710  = 
多-平倉當天-策略3:  TRUE FALSE FALSE TRUE 
多-平倉當天-策略2:  FALSE 
= 多-平倉當天  2017/11/28   13:34:00   10711  = 
多-平倉當天-策略3:  TRUE FALSE FALSE TRUE 
多-平倉當天-策略2:  FALSE 
= 多-平倉當天  2017/11/28   13:35:00   10710  = 
多-平倉當天-策略3:  TRUE FALSE FALSE TRUE 
多-平倉當天-策略2:  FALSE 
= 多-平倉當天  2017/11/28   13:36:00   10709  = 
多-平倉當天-策略3:  TRUE FALSE FALSE TRUE 
多-平倉當天-策略2:  FALSE 
= 多-平倉當天  2017/11/28   13:37:00   10709  = 
多-平倉當天-策略3:  TRUE FALSE TRUE TRUE 
多-平倉當天-策略2:  FALSE 
= 多-平倉當天  2017/11/28   13:38:00   10710  = 
多-平倉當天-策略3:  TRUE FALSE FALSE TRUE 
多-平倉當天-策略2:  FALSE 
= 多-平倉當天  2017/11/28   13:39:00   10711  = 
多-平倉當天-策略3:  TRUE FALSE FALSE TRUE 
多-平倉當天-策略2:  FALSE 
= 多-平倉當天  2017/11/28   13:40:00   10709  = 
多-平倉當天-策略3:  TRUE FALSE FALSE TRUE 
多-平倉當天-策略2:  FALSE 
= 多-平倉當天  2017/11/28   13:41:00   10709  = 
多-平倉當天-策略3:  TRUE FALSE TRUE TRUE 
多-平倉當天-策略2:  FALSE 
= 多-平倉當天  2017/11/28   13:42:00   10708  = 
多-平倉當天-策略3:  TRUE FALSE TRUE TRUE 
多-平倉當天-策略2:  FALSE 
= 多-平倉當天  2017/11/28   13:43:00   10709  = 
多-平倉當天-策略3:  TRUE FALSE TRUE TRUE 
多-平倉當天-策略2:  FALSE 
= 多-平倉當天  2017/11/28   13:44:00   10708  = 
= 多-平倉當天  2017/11/29   08:45:00   10745  = 
= 多-平倉當天  2017/11/29   08:46:00   10744  = 
= 多-平倉當天  2017/11/29   08:47:00   10741  = 
= 多-平倉當天  2017/11/29   08:48:00   10743  = 
= 多-平倉當天  2017/11/29   08:49:00   10742  = 
= 多-平倉當天  2017/11/29   08:50:00   10740  = 
= 多-平倉當天  2017/11/29   08:51:00   10737  = 
= 多-平倉當天  2017/11/29   08:52:00   10738  = 
= 多-平倉當天  2017/11/29   08:53:00   10739  = 
= 多-平倉當天  2017/11/29   08:54:00   10740  = 
= 多-平倉當天  2017/11/29   08:55:00   10739  = 
= 多-平倉當天  2017/11/29   08:56:00   10738  = 
= 多-平倉當天  2017/11/29   08:57:00   10738  = 
= 多-平倉當天  2017/11/29   08:58:00   10737  = 
= 多-平倉當天  2017/11/29   08:59:00   10737  = 
= 多-平倉當天  2017/11/29   09:00:00   10741  = 
= 多-平倉當天  2017/11/29   09:01:00   10746  = 
= 多-平倉當天  2017/11/29   09:02:00   10745  = 
= 多-平倉當天  2017/11/29   09:03:00   10743  = 
= 多-平倉當天  2017/11/29   09:04:00   10743  = 
= 多-平倉當天  2017/11/29   09:05:00   10741  = 
= 多-平倉當天  2017/11/29   09:06:00   10737  = 
= 多-平倉當天  2017/11/29   09:07:00   10741  = 
= 多-平倉當天  2017/11/29   09:08:00   10734  = 
= 多-平倉當天  2017/11/29   09:09:00   10734  = 
= 多-平倉當天  2017/11/29   09:10:00   10732  = 
= 多-平倉當天  2017/11/29   09:11:00   10734  = 
= 多-平倉當天  2017/11/29   09:12:00   10737  = 
= 多-平倉當天  2017/11/29   09:13:00   10738  = 
= 多-平倉當天  2017/11/29   09:14:00   10740  = 
= 多-平倉當天  2017/11/29   09:15:00   10739  = 
= 多-平倉當天  2017/11/29   09:16:00   10741  = 
= 多-平倉當天  2017/11/29   09:17:00   10746  = 
= 多-平倉當天  2017/11/29   09:18:00   10742  = 
= 多-平倉當天  2017/11/29   09:19:00   10743  = 
= 多-平倉當天  2017/11/29   09:20:00   10742  = 
= 多-平倉當天  2017/11/29   09:21:00   10743  = 
= 多-平倉當天  2017/11/29   09:22:00   10760  = 
= 多-平倉當天  2017/11/29   09:23:00   10756  = 
= 多-平倉當天  2017/11/29   09:24:00   10755  = 
= 多-平倉當天  2017/11/29   09:25:00   10752  = 
= 多-平倉當天  2017/11/29   09:26:00   10751  = 
= 多-平倉當天  2017/11/29   09:27:00   10754  = 
= 多-平倉當天  2017/11/29   09:28:00   10754  = 
= 多-平倉當天  2017/11/29   09:29:00   10753  = 
= 多-平倉當天  2017/11/29   09:30:00   10749  = 
多-平倉當天-策略5:  FALSE FALSE 
多-平倉當天-策略4:  FALSE FALSE TRUE 
= 多-平倉當天  2017/11/29   09:31:00   10746  = 
多-平倉當天-策略5:  FALSE FALSE 
多-平倉當天-策略4:  FALSE FALSE TRUE 
= 多-平倉當天  2017/11/29   09:32:00   10746  = 
多-平倉當天-策略5:  FALSE FALSE 
多-平倉當天-策略4:  FALSE FALSE TRUE 
= 多-平倉當天  2017/11/29   09:33:00   10747  = 
多-平倉當天-策略5:  FALSE FALSE 
多-平倉當天-策略4:  FALSE FALSE TRUE 
= 多-平倉當天  2017/11/29   09:34:00   10748  = 
多-平倉當天-策略5:  FALSE FALSE 
多-平倉當天-策略4:  FALSE FALSE TRUE 
= 多-平倉當天  2017/11/29   09:35:00   10751  = 
多-平倉當天-策略5:  FALSE FALSE 
多-平倉當天-策略4:  FALSE FALSE TRUE 
= 多-平倉當天  2017/11/29   09:36:00   10749  = 
多-平倉當天-策略5:  FALSE FALSE 
多-平倉當天-策略4:  FALSE FALSE TRUE 
= 多-平倉當天  2017/11/29   09:37:00   10748  = 
多-平倉當天-策略5:  FALSE FALSE 
多-平倉當天-策略4:  FALSE FALSE TRUE 
= 多-平倉當天  2017/11/29   09:38:00   10745  = 
多-平倉當天-策略5:  FALSE FALSE 
多-平倉當天-策略4:  FALSE FALSE TRUE 
= 多-平倉當天  2017/11/29   09:39:00   10746  = 
多-平倉當天-策略5:  FALSE FALSE 
多-平倉當天-策略4:  FALSE FALSE TRUE 
= 多-平倉當天  2017/11/29   09:40:00   10743  = 
多-平倉當天-策略5:  FALSE FALSE 
多-平倉當天-策略4:  FALSE FALSE TRUE 
= 多-平倉當天  2017/11/29   09:41:00   10742  = 
多-平倉當天-策略5:  FALSE FALSE 
多-平倉當天-策略4:  FALSE FALSE TRUE 
= 多-平倉當天  2017/11/29   09:42:00   10745  = 
多-平倉當天-策略5:  FALSE FALSE 
多-平倉當天-策略4:  FALSE FALSE TRUE 
= 多-平倉當天  2017/11/29   09:43:00   10743  = 
多-平倉當天-策略5:  FALSE FALSE 
多-平倉當天-策略4:  FALSE FALSE TRUE 
= 多-平倉當天  2017/11/29   09:44:00   10739  = 
多-平倉當天-策略5:  FALSE FALSE 
多-平倉當天-策略4:  FALSE FALSE TRUE 
= 多-平倉當天  2017/11/29   09:45:00   10741  = 
多-平倉當天-策略5:  FALSE FALSE 
多-平倉當天-策略4:  FALSE FALSE TRUE 
= 多-平倉當天  2017/11/29   09:46:00   10741  = 
多-平倉當天-策略5:  FALSE FALSE 
多-平倉當天-策略4:  FALSE FALSE TRUE 
= 多-平倉當天  2017/11/29   09:47:00   10744  = 
多-平倉當天-策略5:  FALSE FALSE 
多-平倉當天-策略4:  FALSE FALSE TRUE 
= 多-平倉當天  2017/11/29   09:48:00   10741  = 
多-平倉當天-策略5:  FALSE FALSE 
多-平倉當天-策略4:  FALSE FALSE TRUE 
= 多-平倉當天  2017/11/29   09:49:00   10738  = 
多-平倉當天-策略5:  FALSE FALSE 
多-平倉當天-策略4:  FALSE FALSE TRUE 
= 多-平倉當天  2017/11/29   09:50:00   10734  = 
多-平倉當天-策略5:  FALSE FALSE 
多-平倉當天-策略4:  FALSE FALSE TRUE 
= 多-平倉當天  2017/11/29   09:51:00   10727  = 
多-平倉當天-策略5:  TRUE FALSE 
多-平倉當天-策略4:  TRUE FALSE TRUE 
= 多-平倉當天  2017/11/29   09:52:00   10729  = 
多-平倉當天-策略5:  TRUE FALSE 
多-平倉當天-策略4:  TRUE FALSE TRUE 
= 多-平倉當天  2017/11/29   09:53:00   10727  = 
多-平倉當天-策略5:  TRUE FALSE 
多-平倉當天-策略4:  TRUE FALSE TRUE 
= 多-平倉當天  2017/11/29   09:54:00   10728  = 
多-平倉當天-策略5:  TRUE FALSE 
多-平倉當天-策略4:  TRUE FALSE TRUE 
= 多-平倉當天  2017/11/29   09:55:00   10728  = 
多-平倉當天-策略5:  TRUE FALSE 
多-平倉當天-策略4:  TRUE FALSE TRUE 
= 多-平倉當天  2017/11/29   09:56:00   10719  = 
多-平倉當天-策略5:  TRUE FALSE 
多-平倉當天-策略4:  TRUE FALSE TRUE 
= 多-平倉當天  2017/11/29   09:57:00   10721  = 
多-平倉當天-策略5:  TRUE FALSE 
多-平倉當天-策略4:  TRUE FALSE TRUE 
= 多-平倉當天  2017/11/29   09:58:00   10721  = 
多-平倉當天-策略5:  TRUE FALSE 
多-平倉當天-策略4:  TRUE FALSE TRUE 
= 多-平倉當天  2017/11/29   09:59:00   10726  = 
多-平倉當天-策略5:  TRUE FALSE 
多-平倉當天-策略4:  TRUE FALSE TRUE 
= 多-平倉當天  2017/11/29   10:00:00   10722  = 
多-平倉當天-策略5:  TRUE FALSE 
多-平倉當天-策略4:  TRUE FALSE TRUE 
= 多-平倉當天  2017/11/29   10:01:00   10721  = 
多-平倉當天-策略5:  TRUE FALSE 
多-平倉當天-策略4:  TRUE FALSE TRUE 
= 多-平倉當天  2017/11/29   10:02:00   10726  = 
多-平倉當天-策略5:  TRUE FALSE 
多-平倉當天-策略4:  TRUE FALSE TRUE 
= 多-平倉當天  2017/11/29   10:03:00   10725  = 
多-平倉當天-策略5:  TRUE FALSE 
多-平倉當天-策略4:  TRUE FALSE FALSE 
= 多-平倉當天  2017/11/29   10:04:00   10726  = 
多-平倉當天-策略5:  TRUE FALSE 
多-平倉當天-策略4:  TRUE FALSE FALSE 
= 多-平倉當天  2017/11/29   10:05:00   10729  = 
多-平倉當天-策略5:  TRUE FALSE 
多-平倉當天-策略4:  TRUE FALSE FALSE 
= 多-平倉當天  2017/11/29   10:06:00   10731  = 
多-平倉當天-策略5:  TRUE FALSE 
多-平倉當天-策略4:  TRUE FALSE FALSE 
= 多-平倉當天  2017/11/29   10:07:00   10727  = 
多-平倉當天-策略5:  TRUE FALSE 
多-平倉當天-策略4:  TRUE FALSE FALSE 
= 多-平倉當天  2017/11/29   10:08:00   10726  = 
多-平倉當天-策略5:  TRUE FALSE 
多-平倉當天-策略4:  TRUE FALSE FALSE 
= 多-平倉當天  2017/11/29   10:09:00   10728  = 
多-平倉當天-策略5:  TRUE FALSE 
多-平倉當天-策略4:  TRUE FALSE FALSE 
= 多-平倉當天  2017/11/29   10:10:00   10727  = 
多-平倉當天-策略5:  TRUE FALSE 
多-平倉當天-策略4:  TRUE FALSE FALSE 
= 多-平倉當天  2017/11/29   10:11:00   10726  = 
多-平倉當天-策略5:  TRUE FALSE 
多-平倉當天-策略4:  TRUE FALSE FALSE 
= 多-平倉當天  2017/11/29   10:12:00   10728  = 
多-平倉當天-策略5:  TRUE FALSE 
多-平倉當天-策略4:  TRUE FALSE FALSE 
= 多-平倉當天  2017/11/29   10:13:00   10730  = 
多-平倉當天-策略5:  TRUE FALSE 
多-平倉當天-策略4:  TRUE FALSE FALSE 
= 多-平倉當天  2017/11/29   10:14:00   10733  = 
多-平倉當天-策略5:  TRUE FALSE 
多-平倉當天-策略4:  TRUE FALSE FALSE 
= 多-平倉當天  2017/11/29   10:15:00   10729  = 
多-平倉當天-策略5:  TRUE FALSE 
多-平倉當天-策略4:  TRUE FALSE FALSE 
= 多-平倉當天  2017/11/29   10:16:00   10728  = 
多-平倉當天-策略5:  TRUE FALSE 
多-平倉當天-策略4:  TRUE FALSE FALSE 
= 多-平倉當天  2017/11/29   10:17:00   10731  = 
多-平倉當天-策略5:  TRUE FALSE 
多-平倉當天-策略4:  TRUE FALSE FALSE 
= 多-平倉當天  2017/11/29   10:18:00   10732  = 
多-平倉當天-策略5:  TRUE FALSE 
多-平倉當天-策略4:  TRUE FALSE FALSE 
= 多-平倉當天  2017/11/29   10:19:00   10729  = 
多-平倉當天-策略5:  TRUE FALSE 
多-平倉當天-策略4:  TRUE FALSE FALSE 
= 多-平倉當天  2017/11/29   10:20:00   10728  = 
多-平倉當天-策略5:  TRUE FALSE 
多-平倉當天-策略4:  TRUE FALSE FALSE 
= 多-平倉當天  2017/11/29   10:21:00   10727  = 
多-平倉當天-策略5:  TRUE FALSE 
多-平倉當天-策略4:  TRUE FALSE FALSE 
= 多-平倉當天  2017/11/29   10:22:00   10729  = 
多-平倉當天-策略5:  TRUE FALSE 
多-平倉當天-策略4:  TRUE FALSE FALSE 
= 多-平倉當天  2017/11/29   10:23:00   10736  = 
多-平倉當天-策略5:  FALSE FALSE 
多-平倉當天-策略4:  FALSE FALSE FALSE 
= 多-平倉當天  2017/11/29   10:24:00   10733  = 
多-平倉當天-策略5:  TRUE FALSE 
多-平倉當天-策略4:  TRUE FALSE FALSE 
= 多-平倉當天  2017/11/29   10:25:00   10734  = 
多-平倉當天-策略5:  FALSE FALSE 
多-平倉當天-策略4:  FALSE FALSE FALSE 
= 多-平倉當天  2017/11/29   10:26:00   10734  = 
多-平倉當天-策略5:  FALSE FALSE 
多-平倉當天-策略4:  FALSE FALSE FALSE 
= 多-平倉當天  2017/11/29   10:27:00   10733  = 
多-平倉當天-策略5:  TRUE FALSE 
多-平倉當天-策略4:  TRUE FALSE FALSE 
= 多-平倉當天  2017/11/29   10:28:00   10733  = 
多-平倉當天-策略5:  TRUE FALSE 
多-平倉當天-策略4:  TRUE FALSE FALSE 
= 多-平倉當天  2017/11/29   10:29:00   10735  = 
多-平倉當天-策略5:  FALSE FALSE 
多-平倉當天-策略4:  FALSE FALSE FALSE 
= 多-平倉當天  2017/11/29   10:30:00   10734  = 
多-平倉當天-策略6:  FALSE 
= 多-平倉當天  2017/11/29   10:31:00   10737  = 
多-平倉當天-策略6:  FALSE 
= 多-平倉當天  2017/11/29   10:32:00   10739  = 
多-平倉當天-策略6:  FALSE 
= 多-平倉當天  2017/11/29   10:33:00   10738  = 
多-平倉當天-策略6:  FALSE 
= 多-平倉當天  2017/11/29   10:34:00   10739  = 
多-平倉當天-策略6:  FALSE 
= 多-平倉當天  2017/11/29   10:35:00   10739  = 
多-平倉當天-策略6:  FALSE 
= 多-平倉當天  2017/11/29   10:36:00   10736  = 
多-平倉當天-策略6:  FALSE 
= 多-平倉當天  2017/11/29   10:37:00   10734  = 
多-平倉當天-策略6:  FALSE 
= 多-平倉當天  2017/11/29   10:38:00   10732  = 
多-平倉當天-策略6:  TRUE 
= 多-平倉當天  2017/11/29   10:39:00   10730  = 
多-平倉當天-策略6:  TRUE 
= 多-平倉當天  2017/11/29   10:40:00   10731  = 
多-平倉當天-策略6:  TRUE 
= 多-平倉當天  2017/11/29   10:41:00   10732  = 
多-平倉當天-策略6:  TRUE 
= 多-平倉當天  2017/11/29   10:42:00   10728  = 
多-平倉當天-策略6:  TRUE 
= 多-平倉當天  2017/11/29   10:43:00   10731  = 
多-平倉當天-策略6:  TRUE 
= 多-平倉當天  2017/11/29   10:44:00   10728  = 
多-平倉當天-策略6:  TRUE 
= 多-平倉當天  2017/11/29   10:45:00   10727  = 
多-平倉當天-策略6:  TRUE 
= 多-平倉當天  2017/11/29   10:46:00   10729  = 
多-平倉當天-策略6:  TRUE 
= 多-平倉當天  2017/11/29   10:47:00   10729  = 
多-平倉當天-策略6:  TRUE 
= 多-平倉當天  2017/11/29   10:48:00   10729  = 
多-平倉當天-策略6:  TRUE 
= 多-平倉當天  2017/11/29   10:49:00   10727  = 
多-平倉當天-策略6:  TRUE 
= 多-平倉當天  2017/11/29   10:50:00   10729  = 
多-平倉當天-策略7:  TRUE TRUE TRUE TRUE FALSE 
多-平倉當天-策略6:  TRUE 
= 多-平倉當天  2017/11/29   10:51:00   10730  = 
多-平倉當天-策略7:  TRUE TRUE TRUE TRUE FALSE 
多-平倉當天-策略6:  TRUE 
= 多-平倉當天  2017/11/29   10:52:00   10727  = 
多-平倉當天-策略7:  TRUE TRUE TRUE TRUE FALSE 
多-平倉當天-策略6:  TRUE 
= 多-平倉當天  2017/11/29   10:53:00   10724  = 
多-平倉當天-策略7:  TRUE TRUE TRUE TRUE FALSE 
多-平倉當天-策略6:  TRUE 
= 多-平倉當天  2017/11/29   10:54:00   10726  = 
多-平倉當天-策略7:  TRUE TRUE TRUE TRUE FALSE 
多-平倉當天-策略6:  TRUE 
= 多-平倉當天  2017/11/29   10:55:00   10726  = 
多-平倉當天-策略7:  TRUE TRUE TRUE TRUE TRUE 
多-平倉當天-策略6:  TRUE 
= 多-平倉當天  2017/11/29   10:56:00   10728  = 
多-平倉當天-策略7:  TRUE TRUE TRUE TRUE TRUE 
多-平倉當天-策略6:  TRUE 
= 多-平倉當天  2017/11/29   10:57:00   10728  = 
多-平倉當天-策略7:  TRUE TRUE TRUE FALSE TRUE 
多-平倉當天-策略6:  TRUE 
= 多-平倉當天  2017/11/29   10:58:00   10727  = 
多-平倉當天-策略7:  TRUE TRUE TRUE FALSE TRUE 
多-平倉當天-策略6:  TRUE 
= 多-平倉當天  2017/11/29   10:59:00   10726  = 
多-平倉當天-策略7:  TRUE TRUE TRUE TRUE TRUE 
多-平倉當天-策略6:  TRUE 
= 多-平倉當天  2017/11/29   11:00:00   10725  = 
多-平倉當天-策略7:  TRUE TRUE TRUE TRUE TRUE 
多-平倉當天-策略6:  TRUE 
= 多-平倉當天  2017/11/29   11:01:00   10724  = 
多-平倉當天-策略7:  TRUE TRUE TRUE TRUE TRUE 
多-平倉當天-策略6:  TRUE 
= 多-平倉當天  2017/11/29   11:02:00   10726  = 
多-平倉當天-策略7:  TRUE TRUE TRUE TRUE TRUE 
多-平倉當天-策略6:  TRUE 
= 多-平倉當天  2017/11/29   11:03:00   10725  = 
多-平倉當天-策略7:  TRUE TRUE TRUE TRUE TRUE 
多-平倉當天-策略6:  TRUE 
= 多-平倉當天  2017/11/29   11:04:00   10725  = 
多-平倉當天-策略7:  FALSE TRUE TRUE FALSE TRUE 
多-平倉當天-策略6:  TRUE 
= 多-平倉當天  2017/11/29   11:05:00   10722  = 
多-平倉當天-策略7:  FALSE TRUE TRUE TRUE TRUE 
= 多-平倉當天  2017/11/29   11:06:00   10721  = 
多-平倉當天-策略7:  FALSE TRUE TRUE TRUE TRUE 
= 多-平倉當天  2017/11/29   11:07:00   10723  = 
多-平倉當天-策略7:  FALSE TRUE TRUE TRUE TRUE 
= 多-平倉當天  2017/11/29   11:08:00   10720  = 
多-平倉當天-策略7:  FALSE TRUE TRUE TRUE TRUE 
= 多-平倉當天  2017/11/29   11:09:00   10719  = 
多-平倉當天-策略7:  TRUE TRUE TRUE TRUE TRUE 
= 多-平倉當天  2017/11/29   11:10:00   10718  = 
多-平倉當天-策略7:  TRUE TRUE TRUE TRUE TRUE 
= 多-平倉當天  2017/11/29   11:11:00   10720  = 
多-平倉當天-策略7:  TRUE TRUE TRUE TRUE TRUE 
= 多-平倉當天  2017/11/29   11:12:00   10717  = 
多-平倉當天-策略7:  TRUE TRUE TRUE TRUE TRUE 
= 多-平倉當天  2017/11/29   11:13:00   10717  = 
多-平倉當天-策略7:  TRUE TRUE TRUE TRUE TRUE 
= 多-平倉當天  2017/11/29   11:14:00   10714  = 
多-平倉當天-策略7:  TRUE TRUE TRUE TRUE TRUE 
= 多-平倉當天  2017/11/29   11:15:00   10712  = 
多-平倉當天-策略7:  TRUE TRUE TRUE TRUE TRUE 
= 多-平倉當天  2017/11/29   11:16:00   10712  = 
多-平倉當天-策略7:  TRUE TRUE TRUE TRUE TRUE 
= 多-平倉當天  2017/11/29   11:17:00   10714  = 
多-平倉當天-策略7:  TRUE TRUE TRUE TRUE TRUE 
= 多-平倉當天  2017/11/29   11:18:00   10715  = 
多-平倉當天-策略7:  TRUE TRUE TRUE TRUE TRUE 
= 多-平倉當天  2017/11/29   11:19:00   10712  = 
多-平倉當天-策略7:  TRUE TRUE TRUE TRUE TRUE 
= 多-平倉當天  2017/11/29   11:20:00   10709  = 
多-平倉當天-策略7:  TRUE TRUE TRUE TRUE TRUE 
= 多-平倉當天  2017/11/29   11:21:00   10713  = 
多-平倉當天-策略7:  TRUE TRUE TRUE TRUE TRUE 
= 多-平倉當天  2017/11/29   11:22:00   10717  = 
多-平倉當天-策略7:  TRUE TRUE TRUE FALSE TRUE 
= 多-平倉當天  2017/11/29   11:23:00   10716  = 
多-平倉當天-策略7:  TRUE TRUE TRUE FALSE TRUE 
= 多-平倉當天  2017/11/29   11:24:00   10717  = 
多-平倉當天-策略7:  TRUE TRUE TRUE FALSE TRUE 
= 多-平倉當天  2017/11/29   11:25:00   10716  = 
多-平倉當天-策略7:  TRUE TRUE TRUE FALSE TRUE 
= 多-平倉當天  2017/11/29   11:26:00   10717  = 
多-平倉當天-策略7:  TRUE TRUE TRUE FALSE TRUE 
= 多-平倉當天  2017/11/29   11:27:00   10715  = 
多-平倉當天-策略7:  TRUE TRUE TRUE FALSE TRUE 
= 多-平倉當天  2017/11/29   11:28:00   10718  = 
多-平倉當天-策略7:  TRUE TRUE TRUE FALSE TRUE 
= 多-平倉當天  2017/11/29   11:29:00   10716  = 
多-平倉當天-策略7:  TRUE TRUE TRUE FALSE TRUE 
= 多-平倉當天  2017/11/29   11:30:00   10716  = 
多-平倉當天-策略7:  TRUE TRUE TRUE FALSE TRUE 
= 多-平倉當天  2017/11/29   11:31:00   10718  = 
多-平倉當天-策略7:  TRUE TRUE TRUE FALSE TRUE 
= 多-平倉當天  2017/11/29   11:32:00   10719  = 
多-平倉當天-策略7:  TRUE TRUE TRUE FALSE TRUE 
= 多-平倉當天  2017/11/29   11:33:00   10720  = 
多-平倉當天-策略7:  TRUE TRUE TRUE FALSE TRUE 
= 多-平倉當天  2017/11/29   11:34:00   10720  = 
多-平倉當天-策略7:  TRUE TRUE TRUE FALSE TRUE 
= 多-平倉當天  2017/11/29   11:35:00   10722  = 
多-平倉當天-策略7:  TRUE TRUE TRUE FALSE TRUE 
= 多-平倉當天  2017/11/29   11:36:00   10722  = 
多-平倉當天-策略7:  TRUE TRUE TRUE FALSE TRUE 
= 多-平倉當天  2017/11/29   11:37:00   10719  = 
多-平倉當天-策略7:  TRUE TRUE TRUE FALSE TRUE 
= 多-平倉當天  2017/11/29   11:38:00   10718  = 
多-平倉當天-策略7:  TRUE TRUE TRUE FALSE TRUE 
= 多-平倉當天  2017/11/29   11:39:00   10720  = 
多-平倉當天-策略7:  TRUE TRUE TRUE FALSE TRUE 
= 多-平倉當天  2017/11/29   11:40:00   10720  = 
多-平倉當天-策略7:  TRUE TRUE TRUE FALSE TRUE 
= 多-平倉當天  2017/11/29   11:41:00   10721  = 
多-平倉當天-策略7:  TRUE TRUE TRUE FALSE TRUE 
= 多-平倉當天  2017/11/29   11:42:00   10720  = 
多-平倉當天-策略7:  TRUE TRUE TRUE FALSE TRUE 
= 多-平倉當天  2017/11/29   11:43:00   10719  = 
多-平倉當天-策略7:  TRUE TRUE TRUE FALSE TRUE 
= 多-平倉當天  2017/11/29   11:44:00   10718  = 
多-平倉當天-策略7:  TRUE TRUE TRUE FALSE TRUE 
= 多-平倉當天  2017/11/29   11:45:00   10716  = 
多-平倉當天-策略7:  TRUE TRUE TRUE TRUE TRUE 
= 多-平倉當天  2017/11/29   11:46:00   10717  = 
多-平倉當天-策略7:  TRUE TRUE TRUE TRUE TRUE 
= 多-平倉當天  2017/11/29   11:47:00   10718  = 
多-平倉當天-策略7:  TRUE TRUE TRUE TRUE TRUE 
= 多-平倉當天  2017/11/29   11:48:00   10717  = 
多-平倉當天-策略7:  TRUE TRUE TRUE TRUE TRUE 
= 多-平倉當天  2017/11/29   11:49:00   10717  = 
多-平倉當天-策略7:  TRUE TRUE TRUE TRUE TRUE 
= 多-平倉當天  2017/11/29   11:50:00   10717  = 
= 多-平倉當天  2017/11/29   11:51:00   10716  = 
= 多-平倉當天  2017/11/29   11:52:00   10718  = 
= 多-平倉當天  2017/11/29   11:53:00   10718  = 
= 多-平倉當天  2017/11/29   11:54:00   10723  = 
= 多-平倉當天  2017/11/29   11:55:00   10722  = 
= 多-平倉當天  2017/11/29   11:56:00   10722  = 
= 多-平倉當天  2017/11/29   11:57:00   10722  = 
= 多-平倉當天  2017/11/29   11:58:00   10724  = 
= 多-平倉當天  2017/11/29   11:59:00   10724  = 
= 多-平倉當天  2017/11/29   12:00:00   10723  = 
= 多-平倉當天  2017/11/29   12:01:00   10721  = 
= 多-平倉當天  2017/11/29   12:02:00   10720  = 
= 多-平倉當天  2017/11/29   12:03:00   10720  = 
= 多-平倉當天  2017/11/29   12:04:00   10721  = 
= 多-平倉當天  2017/11/29   12:05:00   10722  = 
= 多-平倉當天  2017/11/29   12:06:00   10721  = 
= 多-平倉當天  2017/11/29   12:07:00   10721  = 
= 多-平倉當天  2017/11/29   12:08:00   10721  = 
= 多-平倉當天  2017/11/29   12:09:00   10720  = 
= 多-平倉當天  2017/11/29   12:10:00   10719  = 
= 多-平倉當天  2017/11/29   12:11:00   10718  = 
= 多-平倉當天  2017/11/29   12:12:00   10720  = 
= 多-平倉當天  2017/11/29   12:13:00   10720  = 
= 多-平倉當天  2017/11/29   12:14:00   10722  = 
= 多-平倉當天  2017/11/29   12:15:00   10718  = 
= 多-平倉當天  2017/11/29   12:16:00   10719  = 
= 多-平倉當天  2017/11/29   12:17:00   10719  = 
= 多-平倉當天  2017/11/29   12:18:00   10717  = 
= 多-平倉當天  2017/11/29   12:19:00   10718  = 
= 多-平倉當天  2017/11/29   12:20:00   10719  = 
= 多-平倉當天  2017/11/29   12:21:00   10717  = 
= 多-平倉當天  2017/11/29   12:22:00   10717  = 
= 多-平倉當天  2017/11/29   12:23:00   10720  = 
= 多-平倉當天  2017/11/29   12:24:00   10717  = 
= 多-平倉當天  2017/11/29   12:25:00   10720  = 
= 多-平倉當天  2017/11/29   12:26:00   10721  = 
= 多-平倉當天  2017/11/29   12:27:00   10720  = 
= 多-平倉當天  2017/11/29   12:28:00   10720  = 
= 多-平倉當天  2017/11/29   12:29:00   10719  = 
= 多-平倉當天  2017/11/29   12:30:00   10720  = 
= 多-平倉當天  2017/11/29   12:31:00   10719  = 
= 多-平倉當天  2017/11/29   12:32:00   10719  = 
= 多-平倉當天  2017/11/30   13:24:00   10599  = 
多-平倉當天-策略3:  TRUE TRUE FALSE TRUE 
多-平倉當天-策略2:  FALSE 
= 多-平倉當天  2017/11/30   13:25:00   10587  = 
多-平倉當天-策略3:  TRUE TRUE TRUE TRUE 
多-平倉當天-策略2:  FALSE 
= 多-平倉當天  2017/11/30   13:26:00   10586  = 
多-平倉當天-策略3:  TRUE TRUE TRUE TRUE 
多-平倉當天-策略2:  FALSE 
= 多-平倉當天  2017/11/30   13:27:00   10578  = 
多-平倉當天-策略3:  TRUE TRUE TRUE TRUE 
多-平倉當天-策略2:  FALSE 
= 多-平倉當天  2017/11/30   13:28:00   10580  = 
多-平倉當天-策略3:  TRUE TRUE TRUE TRUE 
多-平倉當天-策略2:  FALSE 
= 多-平倉當天  2017/11/30   13:29:00   10577  = 
多-平倉當天-策略3:  TRUE TRUE TRUE TRUE 
多-平倉當天-策略2:  FALSE 
= 多-平倉當天  2017/11/30   13:30:00   10575  = 
多-平倉當天-策略3:  TRUE TRUE TRUE TRUE 
多-平倉當天-策略2:  FALSE 
= 多-平倉當天  2017/11/30   13:31:00   10576  = 
多-平倉當天-策略3:  TRUE TRUE TRUE TRUE 
多-平倉當天-策略2:  FALSE 
= 多-平倉當天  2017/11/30   13:32:00   10571  = 
多-平倉當天-策略3:  TRUE TRUE TRUE TRUE 
多-平倉當天-策略2:  FALSE 
= 多-平倉當天  2017/11/30   13:33:00   10573  = 
多-平倉當天-策略3:  TRUE TRUE TRUE TRUE 
多-平倉當天-策略2:  FALSE 
= 多-平倉當天  2017/11/30   13:34:00   10571  = 
多-平倉當天-策略3:  TRUE TRUE TRUE TRUE 
多-平倉當天-策略2:  FALSE 
= 多-平倉當天  2017/11/30   13:35:00   10572  = 
多-平倉當天-策略3:  TRUE TRUE TRUE TRUE 
多-平倉當天-策略2:  FALSE 
= 多-平倉當天  2017/11/30   13:36:00   10573  = 
多-平倉當天-策略3:  TRUE TRUE TRUE TRUE 
多-平倉當天-策略2:  FALSE 
= 多-平倉當天  2017/11/30   13:37:00   10574  = 
多-平倉當天-策略3:  TRUE TRUE TRUE TRUE 
多-平倉當天-策略2:  FALSE 
= 多-平倉當天  2017/11/30   13:38:00   10575  = 
多-平倉當天-策略3:  TRUE TRUE FALSE TRUE 
多-平倉當天-策略2:  FALSE 
= 多-平倉當天  2017/11/30   13:39:00   10576  = 
多-平倉當天-策略3:  TRUE TRUE FALSE TRUE 
多-平倉當天-策略2:  FALSE 
= 多-平倉當天  2017/11/30   13:40:00   10579  = 
多-平倉當天-策略3:  TRUE TRUE FALSE TRUE 
多-平倉當天-策略2:  FALSE 
= 多-平倉當天  2017/11/30   13:41:00   10579  = 
多-平倉當天-策略3:  TRUE TRUE FALSE TRUE 
多-平倉當天-策略2:  FALSE 
= 多-平倉當天  2017/11/30   13:42:00   10577  = 
多-平倉當天-策略3:  TRUE TRUE FALSE TRUE 
多-平倉當天-策略2:  FALSE 
= 多-平倉當天  2017/11/30   13:43:00   10577  = 
多-平倉當天-策略3:  TRUE TRUE FALSE TRUE 
多-平倉當天-策略2:  FALSE 
= 多-平倉當天  2017/11/30   13:44:00   10575  = 
= 多-平倉當天  2017/12/01   08:45:00   10606  = 
= 多-平倉當天  2017/12/01   08:46:00   10600  = 
= 多-平倉當天  2017/12/01   08:47:00   10600  = 
= 多-平倉當天  2017/12/01   08:48:00   10598  = 
= 多-平倉當天  2017/12/01   08:49:00   10597  = 
= 多-平倉當天  2017/12/01   08:50:00   10595  = 
= 多-平倉當天  2017/12/01   08:51:00   10595  = 
= 多-平倉當天  2017/12/01   08:52:00   10593  = 
= 多-平倉當天  2017/12/01   08:53:00   10597  = 
= 多-平倉當天  2017/12/01   08:54:00   10597  = 
= 多-平倉當天  2017/12/01   08:55:00   10599  = 
= 多-平倉當天  2017/12/01   08:56:00   10595  = 
= 多-平倉當天  2017/12/01   08:57:00   10597  = 
= 多-平倉當天  2017/12/01   08:58:00   10598  = 
= 多-平倉當天  2017/12/01   08:59:00   10591  = 
= 多-平倉當天  2017/12/01   09:00:00   10596  = 
= 多-平倉當天  2017/12/01   09:01:00   10602  = 
= 多-平倉當天  2017/12/01   09:02:00   10604  = 
= 多-平倉當天  2017/12/01   09:03:00   10602  = 
= 多-平倉當天  2017/12/01   09:04:00   10598  = 
= 多-平倉當天  2017/12/01   09:05:00   10594  = 
= 多-平倉當天  2017/12/01   09:06:00   10594  = 
= 多-平倉當天  2017/12/01   09:07:00   10599  = 
= 多-平倉當天  2017/12/01   09:08:00   10600  = 
= 多-平倉當天  2017/12/01   09:09:00   10603  = 
= 多-平倉當天  2017/12/01   09:10:00   10597  = 
= 多-平倉當天  2017/12/01   09:11:00   10594  = 
= 多-平倉當天  2017/12/01   09:12:00   10589  = 
= 多-平倉當天  2017/12/01   09:13:00   10583  = 
= 多-平倉當天  2017/12/01   09:14:00   10585  = 
= 多-平倉當天  2017/12/01   09:15:00   10578  = 
= 多-平倉當天  2017/12/01   09:16:00   10583  = 
= 多-平倉當天  2017/12/01   09:17:00   10586  = 
= 多-平倉當天  2017/12/01   09:18:00   10583  = 
= 多-平倉當天  2017/12/01   09:19:00   10582  = 
= 多-平倉當天  2017/12/01   09:20:00   10573  = 
= 多-平倉當天  2017/12/01   09:21:00   10581  = 
= 多-平倉當天  2017/12/01   09:22:00   10581  = 
= 多-平倉當天  2017/12/01   09:23:00   10575  = 
= 多-平倉當天  2017/12/01   09:24:00   10575  = 
= 多-平倉當天  2017/12/01   09:25:00   10582  = 
= 多-平倉當天  2017/12/01   09:26:00   10583  = 
= 多-平倉當天  2017/12/01   09:27:00   10584  = 
= 多-平倉當天  2017/12/01   09:28:00   10582  = 
= 多-平倉當天  2017/12/01   09:29:00   10580  = 
= 多-平倉當天  2017/12/01   09:30:00   10579  = 
多-平倉當天-策略5:  TRUE FALSE 
多-平倉當天-策略4:  TRUE TRUE TRUE 
= 多-平倉當天  2017/12/01   09:31:00   10584  = 
多-平倉當天-策略5:  TRUE FALSE 
多-平倉當天-策略4:  TRUE TRUE FALSE 
= 多-平倉當天  2017/12/01   09:32:00   10584  = 
多-平倉當天-策略5:  TRUE FALSE 
多-平倉當天-策略4:  TRUE TRUE FALSE 
= 多-平倉當天  2017/12/01   09:33:00   10583  = 
多-平倉當天-策略5:  TRUE FALSE 
多-平倉當天-策略4:  TRUE TRUE FALSE 
= 多-平倉當天  2017/12/01   09:34:00   10582  = 
多-平倉當天-策略5:  TRUE FALSE 
多-平倉當天-策略4:  TRUE TRUE FALSE 
= 多-平倉當天  2017/12/01   09:35:00   10584  = 
多-平倉當天-策略5:  TRUE FALSE 
多-平倉當天-策略4:  TRUE TRUE FALSE 
= 多-平倉當天  2017/12/01   09:36:00   10588  = 
多-平倉當天-策略5:  TRUE FALSE 
多-平倉當天-策略4:  TRUE TRUE FALSE 
= 多-平倉當天  2017/12/01   09:37:00   10586  = 
多-平倉當天-策略5:  TRUE FALSE 
多-平倉當天-策略4:  TRUE TRUE FALSE 
= 多-平倉當天  2017/12/01   09:38:00   10587  = 
多-平倉當天-策略5:  TRUE FALSE 
多-平倉當天-策略4:  TRUE TRUE FALSE 
= 多-平倉當天  2017/12/01   09:39:00   10583  = 
多-平倉當天-策略5:  TRUE FALSE 
多-平倉當天-策略4:  TRUE TRUE FALSE 
= 多-平倉當天  2017/12/01   09:40:00   10583  = 
多-平倉當天-策略5:  TRUE FALSE 
多-平倉當天-策略4:  TRUE TRUE FALSE 
= 多-平倉當天  2017/12/01   09:41:00   10582  = 
多-平倉當天-策略5:  TRUE FALSE 
多-平倉當天-策略4:  TRUE TRUE FALSE 
= 多-平倉當天  2017/12/01   09:42:00   10579  = 
多-平倉當天-策略5:  TRUE FALSE 
多-平倉當天-策略4:  TRUE TRUE TRUE 
= 多-平倉當天  2017/12/01   09:43:00   10578  = 
多-平倉當天-策略5:  TRUE FALSE 
多-平倉當天-策略4:  TRUE TRUE TRUE 
= 多-平倉當天  2017/12/01   09:44:00   10576  = 
多-平倉當天-策略5:  TRUE FALSE 
多-平倉當天-策略4:  TRUE TRUE TRUE 
= 多-平倉當天  2017/12/01   09:45:00   10569  = 
多-平倉當天-策略5:  TRUE TRUE 
多-平倉當天-策略4:  TRUE TRUE TRUE 
= 多-平倉當天  2017/12/01   09:46:00   10567  = 
多-平倉當天-策略5:  TRUE TRUE 
多-平倉當天-策略4:  TRUE TRUE TRUE 
= 多-平倉當天  2017/12/01   09:47:00   10564  = 
多-平倉當天-策略5:  TRUE TRUE 
多-平倉當天-策略4:  TRUE TRUE TRUE 
= 多-平倉當天  2017/12/01   09:48:00   10563  = 
多-平倉當天-策略5:  TRUE TRUE 
多-平倉當天-策略4:  TRUE TRUE TRUE 
= 多-平倉當天  2017/12/01   09:49:00   10557  = 
多-平倉當天-策略5:  TRUE TRUE 
多-平倉當天-策略4:  TRUE TRUE TRUE 
= 多-平倉當天  2017/12/01   09:50:00   10558  = 
多-平倉當天-策略5:  TRUE TRUE 
多-平倉當天-策略4:  TRUE TRUE TRUE 
= 多-平倉當天  2017/12/01   09:51:00   10553  = 
多-平倉當天-策略5:  TRUE TRUE 
多-平倉當天-策略4:  TRUE TRUE TRUE 
= 多-平倉當天  2017/12/01   09:52:00   10548  = 
多-平倉當天-策略5:  TRUE TRUE 
多-平倉當天-策略4:  TRUE TRUE TRUE 
= 多-平倉當天  2017/12/01   09:53:00   10553  = 
多-平倉當天-策略5:  TRUE TRUE 
多-平倉當天-策略4:  TRUE TRUE TRUE 
= 多-平倉當天  2017/12/01   09:54:00   10539  = 
多-平倉當天-策略5:  TRUE TRUE 
多-平倉當天-策略4:  TRUE TRUE TRUE 
= 多-平倉當天  2017/12/01   09:55:00   10545  = 
多-平倉當天-策略5:  TRUE TRUE 
多-平倉當天-策略4:  TRUE TRUE TRUE 
= 多-平倉當天  2017/12/01   09:56:00   10540  = 
多-平倉當天-策略5:  TRUE TRUE 
多-平倉當天-策略4:  TRUE TRUE TRUE 
= 多-平倉當天  2017/12/01   09:57:00   10532  = 
多-平倉當天-策略5:  TRUE TRUE 
多-平倉當天-策略4:  TRUE TRUE TRUE 
多-平倉當天-策略1:  TRUE TRUE TRUE TRUE 
= 多-平倉當天  2017/12/01   09:58:00   10533  = 
多-平倉當天-策略5:  TRUE TRUE 
多-平倉當天-策略4:  TRUE TRUE TRUE 
多-平倉當天-策略1:  TRUE TRUE TRUE TRUE 
= 多-平倉當天  2017/12/01   09:59:00   10530  = 
多-平倉當天-策略5:  TRUE TRUE 
多-平倉當天-策略4:  TRUE TRUE TRUE 
多-平倉當天-策略1:  TRUE TRUE TRUE TRUE 
= 多-平倉當天  2017/12/01   10:00:00   10517  = 
多-平倉當天-策略5:  TRUE TRUE 
多-平倉當天-策略4:  TRUE TRUE TRUE 
多-平倉當天-策略1:  TRUE TRUE TRUE TRUE 
= 多-平倉當天  2017/12/01   10:01:00   10501  = 
多-平倉當天-策略5:  TRUE TRUE 
多-平倉當天-策略4:  TRUE TRUE TRUE 
多-平倉當天-策略1:  TRUE TRUE TRUE TRUE 
= 多-平倉當天  2017/12/01   10:02:00   10508  = 
多-平倉當天-策略5:  TRUE TRUE 
多-平倉當天-策略4:  TRUE TRUE TRUE 
多-平倉當天-策略1:  TRUE TRUE TRUE TRUE 
= 多-平倉當天  2017/12/01   10:03:00   10500  = 
多-平倉當天-策略5:  TRUE TRUE 
多-平倉當天-策略4:  TRUE TRUE TRUE 
多-平倉當天-策略1:  TRUE TRUE TRUE TRUE 
= 多-平倉當天  2017/12/01   10:04:00   10507  = 
多-平倉當天-策略5:  TRUE TRUE 
多-平倉當天-策略4:  TRUE TRUE TRUE 
多-平倉當天-策略1:  TRUE TRUE TRUE TRUE 
= 多-平倉當天  2017/12/01   10:05:00   10513  = 
多-平倉當天-策略5:  TRUE TRUE 
多-平倉當天-策略4:  TRUE TRUE TRUE 
多-平倉當天-策略1:  TRUE TRUE TRUE TRUE 
= 多-平倉當天  2017/12/01   10:06:00   10519  = 
多-平倉當天-策略5:  TRUE TRUE 
多-平倉當天-策略4:  TRUE TRUE FALSE 
多-平倉當天-策略1:  TRUE TRUE TRUE FALSE 
= 多-平倉當天  2017/12/01   10:07:00   10519  = 
多-平倉當天-策略5:  TRUE TRUE 
多-平倉當天-策略4:  TRUE TRUE FALSE 
多-平倉當天-策略1:  TRUE TRUE TRUE FALSE 
= 多-平倉當天  2017/12/01   10:08:00   10520  = 
多-平倉當天-策略5:  TRUE TRUE 
多-平倉當天-策略4:  TRUE TRUE FALSE 
多-平倉當天-策略1:  TRUE TRUE TRUE FALSE 
= 多-平倉當天  2017/12/01   10:09:00   10516  = 
多-平倉當天-策略5:  TRUE TRUE 
多-平倉當天-策略4:  TRUE TRUE FALSE 
多-平倉當天-策略1:  TRUE TRUE TRUE FALSE 
= 多-平倉當天  2017/12/01   10:10:00   10517  = 
多-平倉當天-策略5:  TRUE TRUE 
多-平倉當天-策略4:  TRUE TRUE FALSE 
多-平倉當天-策略1:  TRUE TRUE TRUE FALSE 
= 多-平倉當天  2017/12/01   10:11:00   10517  = 
多-平倉當天-策略5:  TRUE TRUE 
多-平倉當天-策略4:  TRUE TRUE FALSE 
多-平倉當天-策略1:  TRUE TRUE TRUE FALSE 
= 多-平倉當天  2017/12/01   10:12:00   10518  = 
多-平倉當天-策略5:  TRUE TRUE 
多-平倉當天-策略4:  TRUE TRUE FALSE 
多-平倉當天-策略1:  TRUE TRUE TRUE FALSE 
= 多-平倉當天  2017/12/01   10:13:00   10522  = 
多-平倉當天-策略5:  TRUE TRUE 
多-平倉當天-策略4:  TRUE TRUE FALSE 
多-平倉當天-策略1:  TRUE TRUE TRUE FALSE 
= 多-平倉當天  2017/12/01   10:14:00   10522  = 
多-平倉當天-策略5:  TRUE TRUE 
多-平倉當天-策略4:  TRUE TRUE FALSE 
多-平倉當天-策略1:  TRUE TRUE TRUE FALSE 
= 多-平倉當天  2017/12/01   10:15:00   10524  = 
多-平倉當天-策略5:  TRUE TRUE 
多-平倉當天-策略4:  TRUE TRUE FALSE 
多-平倉當天-策略1:  TRUE TRUE TRUE FALSE 
= 多-平倉當天  2017/12/01   10:16:00   10533  = 
多-平倉當天-策略5:  TRUE TRUE 
多-平倉當天-策略4:  TRUE TRUE FALSE 
多-平倉當天-策略1:  TRUE TRUE TRUE FALSE 
= 多-平倉當天  2017/12/01   10:17:00   10532  = 
多-平倉當天-策略5:  TRUE TRUE 
多-平倉當天-策略4:  TRUE TRUE FALSE 
多-平倉當天-策略1:  TRUE TRUE TRUE FALSE 
= 多-平倉當天  2017/12/01   10:18:00   10528  = 
多-平倉當天-策略5:  TRUE TRUE 
多-平倉當天-策略4:  TRUE TRUE FALSE 
多-平倉當天-策略1:  TRUE TRUE TRUE FALSE 
= 多-平倉當天  2017/12/01   10:19:00   10526  = 
多-平倉當天-策略5:  TRUE TRUE 
多-平倉當天-策略4:  TRUE TRUE FALSE 
多-平倉當天-策略1:  TRUE TRUE TRUE FALSE 
= 多-平倉當天  2017/12/01   10:20:00   10525  = 
多-平倉當天-策略5:  TRUE TRUE 
多-平倉當天-策略4:  TRUE TRUE FALSE 
多-平倉當天-策略1:  TRUE TRUE TRUE FALSE 
= 多-平倉當天  2017/12/01   10:21:00   10527  = 
多-平倉當天-策略5:  TRUE TRUE 
多-平倉當天-策略4:  TRUE TRUE FALSE 
多-平倉當天-策略1:  TRUE TRUE TRUE FALSE 
= 多-平倉當天  2017/12/01   10:22:00   10528  = 
多-平倉當天-策略5:  TRUE TRUE 
多-平倉當天-策略4:  TRUE TRUE FALSE 
多-平倉當天-策略1:  TRUE TRUE TRUE FALSE 
= 多-平倉當天  2017/12/01   10:23:00   10531  = 
多-平倉當天-策略5:  TRUE TRUE 
多-平倉當天-策略4:  TRUE TRUE FALSE 
多-平倉當天-策略1:  TRUE TRUE TRUE FALSE 
= 多-平倉當天  2017/12/01   10:24:00   10539  = 
多-平倉當天-策略5:  TRUE TRUE 
多-平倉當天-策略4:  TRUE TRUE FALSE 
= 多-平倉當天  2017/12/01   10:25:00   10546  = 
多-平倉當天-策略5:  TRUE TRUE 
多-平倉當天-策略4:  TRUE TRUE FALSE 
= 多-平倉當天  2017/12/01   10:26:00   10550  = 
多-平倉當天-策略5:  TRUE TRUE 
多-平倉當天-策略4:  TRUE TRUE FALSE 
= 多-平倉當天  2017/12/01   10:27:00   10548  = 
多-平倉當天-策略5:  TRUE TRUE 
多-平倉當天-策略4:  TRUE TRUE FALSE 
= 多-平倉當天  2017/12/01   10:28:00   10552  = 
多-平倉當天-策略5:  TRUE TRUE 
多-平倉當天-策略4:  TRUE TRUE FALSE 
= 多-平倉當天  2017/12/01   10:29:00   10554  = 
多-平倉當天-策略5:  TRUE TRUE 
多-平倉當天-策略4:  TRUE TRUE FALSE 
= 多-平倉當天  2017/12/01   10:30:00   10560  = 
多-平倉當天-策略6:  TRUE 
= 多-平倉當天  2017/12/01   10:31:00   10561  = 
多-平倉當天-策略6:  TRUE 
= 多-平倉當天  2017/12/01   10:32:00   10566  = 
多-平倉當天-策略6:  TRUE 
= 多-平倉當天  2017/12/01   10:33:00   10571  = 
多-平倉當天-策略6:  TRUE 
= 多-平倉當天  2017/12/01   10:34:00   10569  = 
多-平倉當天-策略6:  TRUE 
= 多-平倉當天  2017/12/01   10:35:00   10559  = 
多-平倉當天-策略6:  TRUE 
= 多-平倉當天  2017/12/01   10:36:00   10556  = 
多-平倉當天-策略6:  TRUE 
= 多-平倉當天  2017/12/01   10:37:00   10553  = 
多-平倉當天-策略6:  TRUE 
= 多-平倉當天  2017/12/01   10:38:00   10548  = 
多-平倉當天-策略6:  TRUE 
= 多-平倉當天  2017/12/01   10:39:00   10549  = 
多-平倉當天-策略6:  TRUE 
= 多-平倉當天  2017/12/01   10:40:00   10553  = 
多-平倉當天-策略6:  TRUE 
= 多-平倉當天  2017/12/01   10:41:00   10552  = 
多-平倉當天-策略6:  TRUE 
= 多-平倉當天  2017/12/01   10:42:00   10544  = 
多-平倉當天-策略6:  TRUE 
= 多-平倉當天  2017/12/01   10:43:00   10539  = 
多-平倉當天-策略6:  TRUE 
= 多-平倉當天  2017/12/01   10:44:00   10540  = 
多-平倉當天-策略6:  TRUE 
= 多-平倉當天  2017/12/01   10:45:00   10550  = 
多-平倉當天-策略6:  TRUE 
= 多-平倉當天  2017/12/01   10:46:00   10548  = 
多-平倉當天-策略6:  TRUE 
= 多-平倉當天  2017/12/01   10:47:00   10557  = 
多-平倉當天-策略6:  TRUE 
= 多-平倉當天  2017/12/01   10:48:00   10560  = 
多-平倉當天-策略6:  TRUE 
= 多-平倉當天  2017/12/01   10:49:00   10559  = 
多-平倉當天-策略6:  TRUE 
= 多-平倉當天  2017/12/01   10:50:00   10556  = 
多-平倉當天-策略7:  TRUE FALSE TRUE FALSE TRUE 
多-平倉當天-策略6:  TRUE 
= 多-平倉當天  2017/12/01   10:51:00   10552  = 
多-平倉當天-策略7:  TRUE FALSE TRUE FALSE TRUE 
多-平倉當天-策略6:  TRUE 
= 多-平倉當天  2017/12/01   10:52:00   10551  = 
多-平倉當天-策略7:  TRUE FALSE TRUE TRUE TRUE 
多-平倉當天-策略6:  TRUE 
= 多-平倉當天  2017/12/01   10:53:00   10555  = 
多-平倉當天-策略7:  TRUE FALSE TRUE TRUE TRUE 
多-平倉當天-策略6:  TRUE 
= 多-平倉當天  2017/12/01   10:54:00   10549  = 
多-平倉當天-策略7:  TRUE FALSE TRUE TRUE TRUE 
多-平倉當天-策略6:  TRUE 
= 多-平倉當天  2017/12/01   10:55:00   10551  = 
多-平倉當天-策略7:  TRUE FALSE TRUE TRUE TRUE 
多-平倉當天-策略6:  TRUE 
= 多-平倉當天  2017/12/01   10:56:00   10552  = 
多-平倉當天-策略7:  TRUE FALSE TRUE TRUE TRUE 
多-平倉當天-策略6:  TRUE 
= 多-平倉當天  2017/12/01   10:57:00   10556  = 
多-平倉當天-策略7:  TRUE FALSE TRUE TRUE TRUE 
多-平倉當天-策略6:  TRUE 
= 多-平倉當天  2017/12/01   10:58:00   10551  = 
多-平倉當天-策略7:  TRUE FALSE TRUE TRUE TRUE 
多-平倉當天-策略6:  TRUE 
= 多-平倉當天  2017/12/01   10:59:00   10549  = 
多-平倉當天-策略7:  TRUE FALSE TRUE TRUE TRUE 
多-平倉當天-策略6:  TRUE 
= 多-平倉當天  2017/12/01   11:00:00   10557  = 
多-平倉當天-策略7:  FALSE FALSE TRUE TRUE TRUE 
多-平倉當天-策略6:  TRUE 
= 多-平倉當天  2017/12/01   11:01:00   10561  = 
多-平倉當天-策略7:  FALSE FALSE TRUE FALSE TRUE 
多-平倉當天-策略6:  TRUE 
= 多-平倉當天  2017/12/01   11:02:00   10560  = 
多-平倉當天-策略7:  FALSE FALSE TRUE FALSE TRUE 
多-平倉當天-策略6:  TRUE 
= 多-平倉當天  2017/12/01   11:03:00   10559  = 
多-平倉當天-策略7:  FALSE FALSE TRUE FALSE TRUE 
多-平倉當天-策略6:  TRUE 
= 多-平倉當天  2017/12/01   11:04:00   10563  = 
多-平倉當天-策略7:  FALSE FALSE TRUE FALSE TRUE 
多-平倉當天-策略6:  TRUE 
= 多-平倉當天  2017/12/01   11:05:00   10566  = 
多-平倉當天-策略7:  FALSE FALSE TRUE FALSE TRUE 
= 多-平倉當天  2017/12/01   11:06:00   10564  = 
多-平倉當天-策略7:  FALSE FALSE TRUE FALSE TRUE 
= 多-平倉當天  2017/12/01   11:07:00   10558  = 
多-平倉當天-策略7:  FALSE FALSE TRUE FALSE TRUE 
= 多-平倉當天  2017/12/01   11:08:00   10565  = 
多-平倉當天-策略7:  FALSE FALSE TRUE FALSE TRUE 
= 多-平倉當天  2017/12/01   11:09:00   10573  = 
多-平倉當天-策略7:  FALSE FALSE TRUE FALSE TRUE 
= 多-平倉當天  2017/12/01   11:10:00   10580  = 
多-平倉當天-策略7:  FALSE FALSE TRUE FALSE TRUE 
= 多-平倉當天  2017/12/01   11:11:00   10580  = 
多-平倉當天-策略7:  FALSE FALSE TRUE FALSE TRUE 
= 多-平倉當天  2017/12/01   11:12:00   10578  = 
多-平倉當天-策略7:  FALSE FALSE TRUE FALSE TRUE 
= 多-平倉當天  2017/12/01   11:13:00   10578  = 
多-平倉當天-策略7:  FALSE FALSE TRUE FALSE TRUE 
= 多-平倉當天  2017/12/01   11:14:00   10583  = 
多-平倉當天-策略7:  FALSE FALSE TRUE FALSE TRUE 
= 多-平倉當天  2017/12/01   11:15:00   10576  = 
多-平倉當天-策略7:  FALSE FALSE TRUE FALSE TRUE 
= 多-平倉當天  2017/12/01   11:16:00   10569  = 
多-平倉當天-策略7:  FALSE FALSE TRUE TRUE TRUE 
= 多-平倉當天  2017/12/01   11:17:00   10572  = 
多-平倉當天-策略7:  FALSE FALSE TRUE TRUE TRUE 
= 多-平倉當天  2017/12/01   11:18:00   10573  = 
多-平倉當天-策略7:  FALSE FALSE TRUE TRUE TRUE 
= 多-平倉當天  2017/12/01   11:19:00   10571  = 
多-平倉當天-策略7:  FALSE FALSE TRUE TRUE TRUE 
= 多-平倉當天  2017/12/01   11:20:00   10577  = 
多-平倉當天-策略7:  FALSE FALSE TRUE TRUE TRUE 
= 多-平倉當天  2017/12/01   11:21:00   10579  = 
多-平倉當天-策略7:  FALSE FALSE TRUE TRUE TRUE 
= 多-平倉當天  2017/12/01   11:22:00   10577  = 
多-平倉當天-策略7:  FALSE FALSE TRUE FALSE TRUE 
= 多-平倉當天  2017/12/01   11:23:00   10577  = 
多-平倉當天-策略7:  FALSE FALSE TRUE TRUE TRUE 
= 多-平倉當天  2017/12/01   11:24:00   10581  = 
多-平倉當天-策略7:  FALSE FALSE TRUE TRUE TRUE 
= 多-平倉當天  2017/12/01   11:25:00   10578  = 
多-平倉當天-策略7:  FALSE FALSE TRUE TRUE FALSE 
= 多-平倉當天  2017/12/01   11:26:00   10582  = 
多-平倉當天-策略7:  FALSE FALSE TRUE TRUE TRUE 
= 多-平倉當天  2017/12/01   11:27:00   10577  = 
多-平倉當天-策略7:  FALSE FALSE TRUE TRUE TRUE 
= 多-平倉當天  2017/12/01   11:28:00   10575  = 
多-平倉當天-策略7:  FALSE FALSE TRUE TRUE TRUE 
= 多-平倉當天  2017/12/01   11:29:00   10576  = 
多-平倉當天-策略7:  FALSE FALSE TRUE TRUE TRUE 
= 多-平倉當天  2017/12/01   11:30:00   10579  = 
多-平倉當天-策略7:  FALSE FALSE TRUE TRUE FALSE 
= 多-平倉當天  2017/12/01   11:31:00   10579  = 
多-平倉當天-策略7:  FALSE FALSE TRUE TRUE TRUE 
= 多-平倉當天  2017/12/01   11:32:00   10580  = 
多-平倉當天-策略7:  FALSE FALSE TRUE TRUE TRUE 
= 多-平倉當天  2017/12/01   11:33:00   10580  = 
多-平倉當天-策略7:  FALSE FALSE TRUE TRUE FALSE 
= 多-平倉當天  2017/12/01   11:34:00   10576  = 
多-平倉當天-策略7:  FALSE FALSE TRUE TRUE FALSE 
= 多-平倉當天  2017/12/01   11:35:00   10576  = 
多-平倉當天-策略7:  FALSE FALSE TRUE TRUE TRUE 
= 多-平倉當天  2017/12/01   11:36:00   10575  = 
多-平倉當天-策略7:  FALSE FALSE TRUE TRUE TRUE 
= 多-平倉當天  2017/12/01   11:37:00   10579  = 
多-平倉當天-策略7:  FALSE FALSE TRUE TRUE TRUE 
= 多-平倉當天  2017/12/01   11:38:00   10587  = 
多-平倉當天-策略7:  FALSE FALSE TRUE FALSE FALSE 
= 多-平倉當天  2017/12/01   11:39:00   10599  = 
多-平倉當天-策略7:  FALSE FALSE TRUE FALSE FALSE 
= 多-平倉當天  2017/12/01   11:40:00   10598  = 
多-平倉當天-策略7:  FALSE FALSE TRUE FALSE FALSE 
= 多-平倉當天  2017/12/01   11:41:00   10599  = 
多-平倉當天-策略7:  FALSE FALSE TRUE FALSE FALSE 
= 多-平倉當天  2017/12/01   11:42:00   10599  = 
多-平倉當天-策略7:  FALSE FALSE TRUE FALSE FALSE 
= 多-平倉當天  2017/12/01   11:43:00   10603  = 
多-平倉當天-策略7:  FALSE FALSE TRUE FALSE FALSE 
= 多-平倉當天  2017/12/01   11:44:00   10605  = 
多-平倉當天-策略7:  FALSE FALSE TRUE FALSE FALSE 
= 多-平倉當天  2017/12/01   11:45:00   10603  = 
多-平倉當天-策略7:  FALSE FALSE TRUE FALSE FALSE 
= 多-平倉當天  2017/12/01   11:46:00   10602  = 
多-平倉當天-策略7:  FALSE FALSE TRUE FALSE FALSE 
= 多-平倉當天  2017/12/01   11:47:00   10602  = 
多-平倉當天-策略7:  FALSE FALSE TRUE FALSE FALSE 
= 多-平倉當天  2017/12/01   11:48:00   10602  = 
多-平倉當天-策略7:  FALSE FALSE TRUE FALSE FALSE 
= 多-平倉當天  2017/12/01   11:49:00   10606  = 
多-平倉當天-策略7:  FALSE FALSE TRUE FALSE FALSE 
= 多-平倉當天  2017/12/01   11:50:00   10602  = 
= 多-平倉當天  2017/12/01   11:51:00   10601  = 
= 多-平倉當天  2017/12/01   11:52:00   10607  = 
= 多-平倉當天  2017/12/01   11:53:00   10607  = 
= 多-平倉當天  2017/12/01   11:54:00   10610  = 
= 多-平倉當天  2017/12/01   11:55:00   10617  = 
= 多-平倉當天  2017/12/01   11:56:00   10619  = 
= 多-平倉當天  2017/12/01   11:57:00   10617  = 
= 多-平倉當天  2017/12/01   11:58:00   10617  = 
= 多-平倉當天  2017/12/01   11:59:00   10616  = 
= 多-平倉當天  2017/12/01   12:00:00   10612  = 
= 多-平倉當天  2017/12/01   12:01:00   10613  = 
= 多-平倉當天  2017/12/01   12:02:00   10615  = 
= 多-平倉當天  2017/12/01   12:03:00   10615  = 
= 多-平倉當天  2017/12/01   12:04:00   10615  = 
= 多-平倉當天  2017/12/01   12:05:00   10613  = 
= 多-平倉當天  2017/12/01   12:06:00   10614  = 
= 多-平倉當天  2017/12/01   12:07:00   10612  = 
= 多-平倉當天  2017/12/01   12:08:00   10610  = 
= 多-平倉當天  2017/12/01   12:09:00   10610  = 
= 多-平倉當天  2017/12/01   12:10:00   10611  = 
= 多-平倉當天  2017/12/01   12:11:00   10606  = 
= 多-平倉當天  2017/12/01   12:12:00   10610  = 
= 多-平倉當天  2017/12/01   12:13:00   10608  = 
= 多-平倉當天  2017/12/01   12:14:00   10608  = 
= 多-平倉當天  2017/12/01   12:15:00   10607  = 
= 多-平倉當天  2017/12/01   12:16:00   10612  = 
= 多-平倉當天  2017/12/01   12:17:00   10613  = 
= 多-平倉當天  2017/12/01   12:18:00   10614  = 
= 多-平倉當天  2017/12/01   12:19:00   10613  = 
= 多-平倉當天  2017/12/01   12:20:00   10614  = 
= 多-平倉當天  2017/12/01   12:21:00   10615  = 
= 多-平倉當天  2017/12/01   12:22:00   10613  = 
= 多-平倉當天  2017/12/01   12:23:00   10612  = 
= 多-平倉當天  2017/12/01   12:24:00   10614  = 
= 多-平倉當天  2017/12/01   12:25:00   10615  = 
= 多-平倉當天  2017/12/01   12:26:00   10616  = 
= 多-平倉當天  2017/12/01   12:27:00   10618  = 
= 多-平倉當天  2017/12/01   12:28:00   10619  = 
= 多-平倉當天  2017/12/01   12:29:00   10623  = 
= 多-平倉當天  2017/12/01   12:30:00   10625  = 
= 多-平倉當天  2017/12/01   12:31:00   10630  = 
= 多-平倉當天  2017/12/01   12:32:00   10629  = 
= 多-平倉當天  2017/12/01   12:33:00   10635  = 
= 多-平倉當天  2017/12/01   12:34:00   10632  = 
= 多-平倉當天  2017/12/01   12:35:00   10635  = 
= 多-平倉當天  2017/12/01   12:36:00   10634  = 
= 多-平倉當天  2017/12/01   12:37:00   10639  = 
= 多-平倉當天  2017/12/01   12:38:00   10635  = 
= 多-平倉當天  2017/12/01   12:39:00   10639  = 
= 多-平倉當天  2017/12/01   12:40:00   10640  = 
= 多-平倉當天  2017/12/01   12:41:00   10643  = 
= 多-平倉當天  2017/12/01   12:42:00   10643  = 
= 多-平倉當天  2017/12/01   12:43:00   10641  = 
= 多-平倉當天  2017/12/01   12:44:00   10642  = 
= 多-平倉當天  2017/12/01   12:45:00   10645  = 
多-平倉當天-策略3:  FALSE FALSE FALSE TRUE 
多-平倉當天-策略2:  FALSE 
= 多-平倉當天  2017/12/01   12:46:00   10647  = 
多-平倉當天-策略3:  FALSE FALSE FALSE TRUE 
多-平倉當天-策略2:  FALSE 
= 多-平倉當天  2017/12/01   12:47:00   10657  = 
多-平倉當天-策略3:  FALSE FALSE FALSE TRUE 
多-平倉當天-策略2:  FALSE 
= 多-平倉當天  2017/12/01   12:48:00   10658  = 
多-平倉當天-策略3:  FALSE FALSE FALSE TRUE 
多-平倉當天-策略2:  FALSE 
= 多-平倉當天  2017/12/01   12:49:00   10662  = 
多-平倉當天-策略3:  FALSE FALSE FALSE TRUE 
多-平倉當天-策略2:  FALSE 
= 多-平倉當天  2017/12/01   12:50:00   10657  = 
多-平倉當天-策略3:  FALSE FALSE FALSE TRUE 
多-平倉當天-策略2:  FALSE 
= 多-平倉當天  2017/12/01   12:51:00   10656  = 
多-平倉當天-策略3:  FALSE FALSE FALSE TRUE 
多-平倉當天-策略2:  FALSE 
= 多-平倉當天  2017/12/01   12:52:00   10659  = 
多-平倉當天-策略3:  FALSE FALSE FALSE TRUE 
多-平倉當天-策略2:  FALSE 
= 多-平倉當天  2017/12/01   12:53:00   10659  = 
多-平倉當天-策略3:  FALSE FALSE FALSE TRUE 
多-平倉當天-策略2:  FALSE 
= 多-平倉當天  2017/12/01   12:54:00   10656  = 
多-平倉當天-策略3:  FALSE FALSE FALSE TRUE 
多-平倉當天-策略2:  FALSE 
= 多-平倉當天  2017/12/01   12:55:00   10654  = 
多-平倉當天-策略3:  FALSE FALSE FALSE TRUE 
多-平倉當天-策略2:  FALSE 
= 多-平倉當天  2017/12/01   12:56:00   10650  = 
多-平倉當天-策略3:  FALSE FALSE FALSE TRUE 
多-平倉當天-策略2:  FALSE 
= 多-平倉當天  2017/12/01   12:57:00   10647  = 
多-平倉當天-策略3:  FALSE FALSE FALSE TRUE 
多-平倉當天-策略2:  FALSE 
= 多-平倉當天  2017/12/01   12:58:00   10645  = 
多-平倉當天-策略3:  FALSE FALSE FALSE TRUE 
多-平倉當天-策略2:  FALSE 
= 多-平倉當天  2017/12/01   12:59:00   10650  = 
多-平倉當天-策略3:  FALSE FALSE FALSE TRUE 
多-平倉當天-策略2:  FALSE 
= 多-平倉當天  2017/12/01   13:00:00   10649  = 
多-平倉當天-策略3:  FALSE FALSE FALSE TRUE 
多-平倉當天-策略2:  FALSE 
= 多-平倉當天  2017/12/01   13:01:00   10646  = 
多-平倉當天-策略3:  FALSE FALSE FALSE TRUE 
多-平倉當天-策略2:  FALSE 
= 多-平倉當天  2017/12/01   13:02:00   10646  = 
多-平倉當天-策略3:  FALSE FALSE FALSE TRUE 
多-平倉當天-策略2:  FALSE 
= 多-平倉當天  2017/12/01   13:03:00   10643  = 
多-平倉當天-策略3:  FALSE FALSE FALSE TRUE 
多-平倉當天-策略2:  FALSE 
= 多-平倉當天  2017/12/01   13:04:00   10641  = 
多-平倉當天-策略3:  FALSE FALSE FALSE TRUE 
多-平倉當天-策略2:  FALSE 
= 多-平倉當天  2017/12/01   13:05:00   10644  = 
多-平倉當天-策略3:  FALSE FALSE FALSE TRUE 
多-平倉當天-策略2:  FALSE 
= 多-平倉當天  2017/12/01   13:06:00   10642  = 
多-平倉當天-策略3:  FALSE FALSE FALSE TRUE 
多-平倉當天-策略2:  FALSE 
= 多-平倉當天  2017/12/01   13:07:00   10644  = 
多-平倉當天-策略3:  FALSE FALSE FALSE TRUE 
多-平倉當天-策略2:  FALSE 
= 多-平倉當天  2017/12/01   13:08:00   10645  = 
多-平倉當天-策略3:  FALSE FALSE FALSE TRUE 
多-平倉當天-策略2:  FALSE 
= 多-平倉當天  2017/12/01   13:09:00   10648  = 
多-平倉當天-策略3:  FALSE FALSE FALSE TRUE 
多-平倉當天-策略2:  FALSE 
= 多-平倉當天  2017/12/01   13:10:00   10648  = 
多-平倉當天-策略3:  FALSE FALSE FALSE TRUE 
多-平倉當天-策略2:  FALSE 
= 多-平倉當天  2017/12/01   13:11:00   10644  = 
多-平倉當天-策略3:  FALSE FALSE FALSE TRUE 
多-平倉當天-策略2:  FALSE 
= 多-平倉當天  2017/12/01   13:12:00   10642  = 
多-平倉當天-策略3:  FALSE FALSE FALSE TRUE 
多-平倉當天-策略2:  FALSE 
= 多-平倉當天  2017/12/01   13:13:00   10642  = 
多-平倉當天-策略3:  FALSE FALSE FALSE TRUE 
多-平倉當天-策略2:  FALSE 
= 多-平倉當天  2017/12/01   13:14:00   10643  = 
多-平倉當天-策略3:  FALSE FALSE FALSE TRUE 
多-平倉當天-策略2:  FALSE 
= 多-平倉當天  2017/12/01   13:15:00   10636  = 
多-平倉當天-策略3:  FALSE FALSE FALSE TRUE 
多-平倉當天-策略2:  FALSE 
= 多-平倉當天  2017/12/01   13:16:00   10632  = 
多-平倉當天-策略3:  FALSE FALSE FALSE TRUE 
多-平倉當天-策略2:  FALSE 
= 多-平倉當天  2017/12/01   13:17:00   10628  = 
多-平倉當天-策略3:  FALSE FALSE FALSE TRUE 
多-平倉當天-策略2:  FALSE 
= 多-平倉當天  2017/12/01   13:18:00   10628  = 
多-平倉當天-策略3:  FALSE FALSE FALSE TRUE 
多-平倉當天-策略2:  FALSE 
= 多-平倉當天  2017/12/01   13:19:00   10626  = 
多-平倉當天-策略3:  FALSE FALSE FALSE TRUE 
多-平倉當天-策略2:  FALSE 
= 多-平倉當天  2017/12/01   13:20:00   10621  = 
多-平倉當天-策略3:  FALSE FALSE FALSE TRUE 
多-平倉當天-策略2:  FALSE 
= 多-平倉當天  2017/12/01   13:21:00   10614  = 
多-平倉當天-策略3:  FALSE TRUE FALSE TRUE 
多-平倉當天-策略2:  FALSE 
= 多-平倉當天  2017/12/01   13:22:00   10611  = 
多-平倉當天-策略3:  FALSE TRUE FALSE TRUE 
多-平倉當天-策略2:  FALSE 
= 多-平倉當天  2017/12/01   13:23:00   10613  = 
多-平倉當天-策略3:  FALSE TRUE FALSE TRUE 
多-平倉當天-策略2:  FALSE 
= 多-平倉當天  2017/12/01   13:24:00   10612  = 
多-平倉當天-策略3:  FALSE TRUE FALSE TRUE 
多-平倉當天-策略2:  FALSE 
= 多-平倉當天  2017/12/01   13:25:00   10610  = 
多-平倉當天-策略3:  FALSE TRUE FALSE TRUE 
多-平倉當天-策略2:  FALSE 
= 多-平倉當天  2017/12/01   13:26:00   10605  = 
多-平倉當天-策略3:  FALSE TRUE FALSE TRUE 
多-平倉當天-策略2:  FALSE 
= 多-平倉當天  2017/12/01   13:27:00   10600  = 
多-平倉當天-策略3:  FALSE TRUE FALSE TRUE 
多-平倉當天-策略2:  FALSE 
= 多-平倉當天  2017/12/01   13:28:00   10597  = 
多-平倉當天-策略3:  FALSE TRUE FALSE TRUE 
多-平倉當天-策略2:  FALSE 
= 多-平倉當天  2017/12/01   13:29:00   10600  = 
多-平倉當天-策略3:  FALSE TRUE FALSE TRUE 
多-平倉當天-策略2:  FALSE 
= 多-平倉當天  2017/12/01   13:30:00   10603  = 
多-平倉當天-策略3:  FALSE TRUE FALSE TRUE 
多-平倉當天-策略2:  FALSE 
= 多-平倉當天  2017/12/01   13:31:00   10602  = 
多-平倉當天-策略3:  FALSE TRUE FALSE TRUE 
多-平倉當天-策略2:  FALSE 
= 多-平倉當天  2017/12/01   13:32:00   10604  = 
多-平倉當天-策略3:  FALSE TRUE FALSE TRUE 
多-平倉當天-策略2:  FALSE 
= 多-平倉當天  2017/12/01   13:33:00   10603  = 
多-平倉當天-策略3:  FALSE TRUE FALSE TRUE 
多-平倉當天-策略2:  FALSE 
= 多-平倉當天  2017/12/01   13:34:00   10600  = 
多-平倉當天-策略3:  FALSE TRUE FALSE TRUE 
多-平倉當天-策略2:  FALSE 
= 多-平倉當天  2017/12/01   13:35:00   10599  = 
多-平倉當天-策略3:  FALSE TRUE FALSE TRUE 
多-平倉當天-策略2:  FALSE 
= 多-平倉當天  2017/12/01   13:36:00   10598  = 
多-平倉當天-策略3:  FALSE TRUE FALSE TRUE 
多-平倉當天-策略2:  FALSE 
= 多-平倉當天  2017/12/01   13:37:00   10602  = 
多-平倉當天-策略3:  FALSE TRUE FALSE TRUE 
多-平倉當天-策略2:  FALSE 
= 多-平倉當天  2017/12/01   13:38:00   10603  = 
多-平倉當天-策略3:  FALSE TRUE FALSE TRUE 
多-平倉當天-策略2:  FALSE 
= 多-平倉當天  2017/12/01   13:39:00   10600  = 
多-平倉當天-策略3:  FALSE TRUE FALSE TRUE 
多-平倉當天-策略2:  FALSE 
= 多-平倉當天  2017/12/01   13:40:00   10602  = 
多-平倉當天-策略3:  FALSE TRUE FALSE TRUE 
多-平倉當天-策略2:  FALSE 
= 多-平倉當天  2017/12/01   13:41:00   10603  = 
多-平倉當天-策略3:  FALSE TRUE FALSE TRUE 
多-平倉當天-策略2:  FALSE 
= 多-平倉當天  2017/12/01   13:42:00   10602  = 
多-平倉當天-策略3:  FALSE TRUE FALSE TRUE 
多-平倉當天-策略2:  FALSE 
= 多-平倉當天  2017/12/01   13:43:00   10603  = 
多-平倉當天-策略3:  FALSE TRUE FALSE TRUE 
多-平倉當天-策略2:  FALSE 
= 多-平倉當天  2017/12/01   13:24:00   10612  = 
多-平倉當天-策略3:  TRUE TRUE FALSE TRUE 
多-平倉當天-策略2:  FALSE 
= 多-平倉當天  2017/12/01   13:25:00   10610  = 
多-平倉當天-策略3:  TRUE TRUE FALSE TRUE 
多-平倉當天-策略2:  FALSE 
= 多-平倉當天  2017/12/01   13:26:00   10605  = 
多-平倉當天-策略3:  TRUE TRUE FALSE TRUE 
多-平倉當天-策略2:  FALSE 
= 多-平倉當天  2017/12/01   13:27:00   10600  = 
多-平倉當天-策略3:  TRUE TRUE FALSE TRUE 
多-平倉當天-策略2:  FALSE 
= 多-平倉當天  2017/12/01   13:28:00   10597  = 
多-平倉當天-策略3:  TRUE TRUE FALSE TRUE 
多-平倉當天-策略2:  FALSE 
= 多-平倉當天  2017/12/01   13:29:00   10600  = 
多-平倉當天-策略3:  TRUE TRUE FALSE TRUE 
多-平倉當天-策略2:  FALSE 
= 多-平倉當天  2017/12/01   13:30:00   10603  = 
多-平倉當天-策略3:  TRUE TRUE FALSE TRUE 
多-平倉當天-策略2:  FALSE 
= 多-平倉當天  2017/12/01   13:31:00   10602  = 
多-平倉當天-策略3:  TRUE TRUE FALSE TRUE 
多-平倉當天-策略2:  FALSE 
= 多-平倉當天  2017/12/01   13:32:00   10604  = 
多-平倉當天-策略3:  FALSE TRUE FALSE TRUE 
多-平倉當天-策略2:  FALSE 
= 多-平倉當天  2017/12/01   13:33:00   10603  = 
多-平倉當天-策略3:  FALSE TRUE FALSE TRUE 
多-平倉當天-策略2:  FALSE 
= 多-平倉當天  2017/12/01   13:34:00   10600  = 
多-平倉當天-策略3:  FALSE TRUE FALSE TRUE 
多-平倉當天-策略2:  FALSE 
= 多-平倉當天  2017/12/01   13:35:00   10599  = 
多-平倉當天-策略3:  FALSE TRUE FALSE TRUE 
多-平倉當天-策略2:  FALSE 
= 多-平倉當天  2017/12/01   13:36:00   10598  = 
多-平倉當天-策略3:  FALSE TRUE FALSE TRUE 
多-平倉當天-策略2:  FALSE 
= 多-平倉當天  2017/12/01   13:37:00   10602  = 
多-平倉當天-策略3:  FALSE TRUE FALSE TRUE 
多-平倉當天-策略2:  FALSE 
= 多-平倉當天  2017/12/01   13:38:00   10603  = 
多-平倉當天-策略3:  FALSE TRUE FALSE TRUE 
多-平倉當天-策略2:  FALSE 
= 多-平倉當天  2017/12/01   13:39:00   10600  = 
多-平倉當天-策略3:  FALSE TRUE FALSE TRUE 
多-平倉當天-策略2:  FALSE 
= 多-平倉當天  2017/12/01   13:40:00   10602  = 
多-平倉當天-策略3:  FALSE TRUE FALSE TRUE 
多-平倉當天-策略2:  FALSE 
= 多-平倉當天  2017/12/01   13:41:00   10603  = 
多-平倉當天-策略3:  FALSE TRUE FALSE TRUE 
多-平倉當天-策略2:  FALSE 
= 多-平倉當天  2017/12/01   13:42:00   10602  = 
多-平倉當天-策略3:  FALSE TRUE FALSE TRUE 
多-平倉當天-策略2:  FALSE 
= 多-平倉當天  2017/12/01   13:43:00   10603  = 
多-平倉當天-策略3:  FALSE TRUE FALSE TRUE 
多-平倉當天-策略2:  FALSE 
= 多-平倉當天  2017/12/01   13:44:00   10604  = 
= 多-平倉當天  2017/12/01   13:24:00   10612  = 
多-平倉當天-策略3:  TRUE TRUE FALSE TRUE 
多-平倉當天-策略2:  FALSE 
= 多-平倉當天  2017/12/01   13:25:00   10610  = 
多-平倉當天-策略3:  TRUE TRUE FALSE TRUE 
多-平倉當天-策略2:  FALSE 
= 多-平倉當天  2017/12/01   13:26:00   10605  = 
多-平倉當天-策略3:  TRUE TRUE FALSE TRUE 
多-平倉當天-策略2:  FALSE 
= 多-平倉當天  2017/12/01   13:27:00   10600  = 
多-平倉當天-策略3:  TRUE TRUE FALSE TRUE 
多-平倉當天-策略2:  FALSE 
= 多-平倉當天  2017/12/01   13:28:00   10597  = 
多-平倉當天-策略3:  TRUE TRUE FALSE TRUE 
多-平倉當天-策略2:  FALSE 
= 多-平倉當天  2017/12/01   13:29:00   10600  = 
多-平倉當天-策略3:  TRUE TRUE FALSE TRUE 
多-平倉當天-策略2:  FALSE 
= 多-平倉當天  2017/12/01   13:30:00   10603  = 
多-平倉當天-策略3:  TRUE TRUE FALSE TRUE 
多-平倉當天-策略2:  FALSE 
= 多-平倉當天  2017/12/01   13:31:00   10602  = 
多-平倉當天-策略3:  TRUE TRUE FALSE TRUE 
多-平倉當天-策略2:  FALSE 
= 多-平倉當天  2017/12/01   13:32:00   10604  = 
多-平倉當天-策略3:  FALSE TRUE FALSE TRUE 
多-平倉當天-策略2:  FALSE 
= 多-平倉當天  2017/12/01   13:33:00   10603  = 
多-平倉當天-策略3:  FALSE TRUE FALSE TRUE 
多-平倉當天-策略2:  FALSE 
= 多-平倉當天  2017/12/01   13:34:00   10600  = 
多-平倉當天-策略3:  FALSE TRUE FALSE TRUE 
多-平倉當天-策略2:  FALSE 
= 多-平倉當天  2017/12/01   13:35:00   10599  = 
多-平倉當天-策略3:  FALSE TRUE FALSE TRUE 
多-平倉當天-策略2:  FALSE 
= 多-平倉當天  2017/12/01   13:36:00   10598  = 
多-平倉當天-策略3:  FALSE TRUE FALSE TRUE 
多-平倉當天-策略2:  FALSE 
= 多-平倉當天  2017/12/01   13:37:00   10602  = 
多-平倉當天-策略3:  FALSE TRUE FALSE TRUE 
多-平倉當天-策略2:  FALSE 
= 多-平倉當天  2017/12/01   13:38:00   10603  = 
多-平倉當天-策略3:  FALSE TRUE FALSE TRUE 
多-平倉當天-策略2:  FALSE 
= 多-平倉當天  2017/12/01   13:39:00   10600  = 
多-平倉當天-策略3:  FALSE TRUE FALSE TRUE 
多-平倉當天-策略2:  FALSE 
= 多-平倉當天  2017/12/01   13:40:00   10602  = 
多-平倉當天-策略3:  FALSE TRUE FALSE TRUE 
多-平倉當天-策略2:  FALSE 
= 多-平倉當天  2017/12/01   13:41:00   10603  = 
多-平倉當天-策略3:  FALSE TRUE FALSE TRUE 
多-平倉當天-策略2:  FALSE 
= 多-平倉當天  2017/12/01   13:42:00   10602  = 
多-平倉當天-策略3:  FALSE TRUE FALSE TRUE 
多-平倉當天-策略2:  FALSE 
= 多-平倉當天  2017/12/01   13:43:00   10603  = 
多-平倉當天-策略3:  FALSE TRUE FALSE TRUE 
多-平倉當天-策略2:  FALSE 
= 多-平倉當天  2017/12/01   13:44:00   10604  = 
