2015/08/21 2330.TW 1.000000 1.000000 0.000000 123.000000 121.000000 124.500000 121.000000 67342.000000 36675.000000 50353.000000 
2015/08/24 2330.TW -1.000000 -1.000000 -1.000000 120.000000 115.000000 121.000000 112.500000 118882.000000 80809.000000 78241.000000 
2015/08/25 2330.TW -1.000000 -1.000000 -1.000000 118.000000 123.500000 124.000000 117.500000 99479.000000 78042.000000 57108.000000 
2015/08/26 2330.TW -1.000000 -1.000000 1.000000 121.000000 122.500000 124.500000 119.500000 65900.000000 42142.000000 52840.000000 
2015/08/27 2330.TW -1.000000 -1.000000 1.000000 125.000000 124.000000 125.000000 122.000000 53549.000000 36937.000000 39280.000000 
2015/08/28 2330.TW -1.000000 -1.000000 1.000000 127.000000 125.000000 127.000000 124.500000 41880.000000 27812.000000 28477.000000 
2015/08/31 2330.TW -1.000000 -1.000000 1.000000 126.000000 129.000000 129.000000 123.500000 57088.000000 46606.000000 37332.000000 
2015/09/01 2330.TW -1.000000 -1.000000 1.000000 127.500000 124.000000 127.500000 124.000000 42395.000000 23643.000000 33586.000000 
2015/09/02 2330.TW -1.000000 -1.000000 1.000000 123.000000 125.500000 127.000000 123.000000 37232.000000 27694.000000 21947.000000 
2015/09/03 2330.TW -1.000000 -1.000000 1.000000 127.500000 127.000000 127.500000 125.000000 24054.000000 19284.000000 12271.000000 
2015/09/04 2330.TW -1.000000 -1.000000 1.000000 126.500000 125.000000 127.000000 123.500000 23047.000000 15294.000000 15323.000000 
2015/09/07 2330.TW -1.000000 -1.000000 -1.000000 124.500000 122.500000 126.000000 122.000000 26153.000000 13570.000000 15115.000000 
2015/09/08 2330.TW -1.000000 -1.000000 -1.000000 122.500000 123.000000 123.500000 122.000000 15113.000000 7876.000000 9716.000000 
2015/09/09 2330.TW 1.000000 -1.000000 1.000000 126.500000 129.000000 129.000000 126.500000 53970.000000 47760.000000 12928.000000 
2015/09/10 2330.TW -1.000000 -1.000000 1.000000 127.000000 125.000000 128.000000 125.000000 34030.000000 18005.000000 28681.000000 
2015/09/11 2330.TW 1.000000 -1.000000 1.000000 125.500000 127.500000 127.500000 124.000000 24549.000000 18897.000000 13717.000000 
2015/09/14 2330.TW 1.000000 -1.000000 1.000000 128.000000 127.500000 129.000000 126.000000 25582.000000 15589.000000 14093.000000 
2015/09/15 2330.TW 0.000000 -1.000000 1.000000 127.500000 126.000000 128.000000 125.500000 22223.000000 14868.000000 18265.000000 
2015/09/16 2330.TW 1.000000 -1.000000 1.000000 128.000000 129.500000 130.000000 127.500000 44137.000000 39519.000000 18854.000000 
2015/09/17 2330.TW 1.000000 -1.000000 1.000000 130.500000 131.000000 131.500000 130.000000 52529.000000 45345.000000 26726.000000 
2015/09/18 2330.TW 1.000000 -1.000000 1.000000 129.500000 131.500000 131.500000 129.000000 32590.000000 29242.000000 22036.000000 
2015/09/21 2330.TW 1.000000 -1.000000 1.000000 130.000000 129.500000 130.000000 128.500000 35272.000000 27868.000000 28992.000000 
2015/09/22 2330.TW 1.000000 -1.000000 1.000000 130.000000 129.000000 130.000000 128.500000 18378.000000 14996.000000 13510.000000 
2015/09/23 2330.TW 1.000000 -1.000000 -1.000000 127.000000 124.500000 127.500000 124.500000 35523.000000 10133.000000 31217.000000 
2015/09/24 2330.TW 1.000000 -1.000000 -1.000000 127.000000 127.000000 128.000000 125.500000 44709.000000 36569.000000 29918.000000 
2015/09/25 2330.TW 1.000000 -1.000000 -1.000000 127.000000 127.000000 127.500000 125.000000 24689.000000 19007.000000 18353.000000 
2015/09/30 2330.TW 1.000000 -1.000000 -1.000000 128.000000 130.000000 131.000000 127.000000 76377.000000 69729.000000 50367.000000 
2015/10/01 2330.TW 1.000000 -1.000000 1.000000 131.000000 133.500000 134.000000 129.500000 53401.000000 44345.000000 25380.000000 
2015/10/02 2330.TW 1.000000 -1.000000 1.000000 132.500000 132.000000 132.500000 131.500000 25252.000000 18658.000000 19373.000000 
2015/10/05 2330.TW 1.000000 -1.000000 1.000000 133.000000 132.500000 133.500000 131.500000 30895.000000 20216.000000 21817.000000 
2015/10/06 2330.TW 1.000000 -1.000000 1.000000 135.000000 133.000000 135.500000 132.500000 49925.000000 35681.000000 32948.000000 
2015/10/07 2330.TW 1.000000 -1.000000 1.000000 133.500000 135.000000 135.000000 133.000000 32541.000000 29287.000000 8578.000000 
2015/10/08 2330.TW 1.000000 -1.000000 1.000000 137.000000 136.000000 137.000000 135.000000 32055.000000 24934.000000 11085.000000 
2015/10/12 2330.TW 1.000000 0.000000 1.000000 137.000000 138.500000 139.000000 136.500000 51618.000000 38878.000000 28357.000000 
2015/10/13 2330.TW 1.000000 1.000000 1.000000 138.500000 137.500000 138.500000 136.000000 37227.000000 28472.000000 20577.000000 
2015/10/14 2330.TW 1.000000 -1.000000 1.000000 136.500000 136.500000 137.500000 136.000000 65521.000000 54056.000000 59214.000000 
2015/10/15 2330.TW 1.000000 1.000000 1.000000 139.000000 140.000000 141.000000 139.000000 73316.000000 56819.000000 33751.000000 
2015/10/16 2330.TW 1.000000 -1.000000 1.000000 137.000000 137.500000 137.500000 136.000000 37190.000000 21832.000000 24172.000000 
2015/10/19 2330.TW 1.000000 -1.000000 1.000000 138.500000 138.000000 139.000000 137.000000 26174.000000 22381.000000 13819.000000 
2015/10/20 2330.TW 1.000000 1.000000 1.000000 139.000000 139.000000 139.000000 137.500000 28796.000000 25794.000000 11651.000000 
2015/10/21 2330.TW 1.000000 1.000000 1.000000 139.500000 138.500000 140.000000 137.500000 20007.000000 16798.000000 7996.000000 
2015/10/22 2330.TW 1.000000 1.000000 -1.000000 138.000000 137.500000 138.500000 137.000000 15169.000000 13196.000000 10519.000000 
2015/10/23 2330.TW 1.000000 1.000000 -1.000000 140.000000 140.000000 140.500000 139.000000 35666.000000 31085.000000 13107.000000 
2015/10/26 2330.TW 1.000000 1.000000 1.000000 140.500000 140.000000 140.500000 139.000000 24412.000000 19503.000000 9874.000000 
2015/10/27 2330.TW 1.000000 1.000000 -1.000000 138.500000 139.000000 140.000000 137.500000 26558.000000 20013.000000 14024.000000 
2015/10/28 2330.TW 1.000000 -1.000000 -1.000000 137.000000 138.000000 139.000000 137.000000 22557.000000 12236.000000 14546.000000 
2015/10/29 2330.TW 1.000000 1.000000 -1.000000 139.000000 136.500000 139.500000 136.500000 20464.000000 13326.000000 15634.000000 
2015/10/30 2330.TW 1.000000 0.000000 -1.000000 137.000000 136.500000 137.500000 136.000000 28293.000000 22929.000000 22884.000000 
2015/11/02 2330.TW 1.000000 1.000000 -1.000000 138.500000 137.500000 138.500000 135.500000 22789.000000 17712.000000 12894.000000 
2015/11/03 2330.TW 1.000000 1.000000 -1.000000 138.500000 139.500000 140.000000 138.000000 36443.000000 33767.000000 14586.000000 
2015/11/04 2330.TW 1.000000 1.000000 1.000000 141.500000 144.500000 144.500000 141.000000 75685.000000 63673.000000 12871.000000 
2015/11/05 2330.TW 1.000000 1.000000 1.000000 144.000000 142.500000 144.500000 142.500000 37828.000000 30608.000000 25317.000000 
2015/11/06 2330.TW 1.000000 1.000000 1.000000 144.000000 140.000000 144.000000 139.000000 51889.000000 32504.000000 40106.000000 
2015/11/09 2330.TW 1.000000 1.000000 -1.000000 141.000000 142.000000 143.000000 140.500000 24863.000000 20823.000000 12623.000000 
2015/11/10 2330.TW 1.000000 1.000000 -1.000000 141.500000 139.500000 141.500000 139.000000 23337.000000 10533.000000 18190.000000 
2015/11/11 2330.TW 1.000000 1.000000 -1.000000 140.500000 137.500000 140.500000 136.500000 29463.000000 13888.000000 23126.000000 
2015/11/12 2330.TW -1.000000 1.000000 -1.000000 138.500000 138.500000 139.000000 138.000000 16486.000000 12857.000000 12101.000000 
2015/11/13 2330.TW -1.000000 1.000000 -1.000000 137.500000 136.000000 139.000000 136.000000 22956.000000 13445.000000 20830.000000 
2015/11/16 2330.TW -1.000000 1.000000 -1.000000 134.000000 135.000000 135.500000 134.000000 32133.000000 12632.000000 24868.000000 
2015/11/17 2330.TW -1.000000 1.000000 -1.000000 138.000000 138.500000 140.000000 137.500000 28225.000000 15532.000000 11005.000000 
2015/11/18 2330.TW -1.000000 1.000000 -1.000000 139.500000 137.000000 140.000000 136.500000 29455.000000 18066.000000 23715.000000 
2015/11/19 2330.TW 1.000000 1.000000 -1.000000 138.500000 140.500000 140.500000 138.000000 28724.000000 20487.000000 13525.000000 
2015/11/20 2330.TW 1.000000 1.000000 1.000000 140.500000 141.000000 141.000000 140.000000 21649.000000 17971.000000 11445.000000 
2015/11/23 2330.TW 1.000000 1.000000 1.000000 141.000000 141.000000 141.500000 140.000000 20544.000000 18561.000000 15092.000000 
2015/11/24 2330.TW 1.000000 1.000000 -1.000000 140.000000 139.500000 141.500000 139.500000 23246.000000 17750.000000 16851.000000 
2015/11/25 2330.TW 1.000000 1.000000 -1.000000 139.500000 141.000000 141.000000 138.500000 34541.000000 31615.000000 28571.000000 
2015/11/26 2330.TW 1.000000 1.000000 1.000000 141.000000 142.500000 142.500000 140.000000 32928.000000 29918.000000 19602.000000 
2015/11/27 2330.TW 1.000000 1.000000 -1.000000 143.000000 139.000000 143.000000 139.000000 26743.000000 13352.000000 20927.000000 
2015/11/30 2330.TW 1.000000 1.000000 -1.000000 136.500000 139.000000 139.000000 136.000000 110350.000000 82739.000000 103882.000000 
2015/12/01 2330.TW 1.000000 1.000000 -1.000000 140.500000 142.500000 142.500000 138.500000 48932.000000 42849.000000 25869.000000 
2015/12/02 2330.TW -1.000000 1.000000 1.000000 144.000000 142.500000 144.000000 142.000000 31768.000000 26294.000000 18771.000000 
2015/12/03 2330.TW 0.000000 1.000000 1.000000 141.500000 142.500000 143.000000 141.500000 28205.000000 24046.000000 22617.000000 
2015/12/04 2330.TW 1.000000 1.000000 -1.000000 141.000000 140.500000 142.500000 140.500000 31781.000000 18645.000000 28902.000000 
2015/12/07 2330.TW 1.000000 1.000000 1.000000 142.000000 143.500000 144.500000 142.000000 41098.000000 30317.000000 14168.000000 
2015/12/08 2330.TW 1.000000 1.000000 1.000000 143.500000 142.500000 144.000000 141.000000 34037.000000 22703.000000 28743.000000 
2015/12/09 2330.TW 1.000000 1.000000 -1.000000 142.000000 140.500000 142.000000 140.500000 30640.000000 19230.000000 27433.000000 
2015/12/10 2330.TW 1.000000 1.000000 -1.000000 140.500000 141.000000 141.500000 139.000000 41488.000000 25680.000000 35977.000000 
2015/12/11 2330.TW 1.000000 1.000000 -1.000000 141.000000 139.500000 142.000000 139.000000 32031.000000 19289.000000 26349.000000 
2015/12/14 2330.TW 1.000000 1.000000 -1.000000 137.500000 139.000000 139.500000 137.500000 37667.000000 29735.000000 31099.000000 
2015/12/15 2330.TW -1.000000 1.000000 -1.000000 139.500000 138.000000 140.500000 138.000000 27973.000000 19357.000000 21191.000000 
2015/12/16 2330.TW 1.000000 1.000000 -1.000000 142.000000 143.500000 144.000000 141.000000 58669.000000 55585.000000 16388.000000 
2015/12/17 2330.TW 1.000000 1.000000 1.000000 144.500000 145.000000 145.000000 143.000000 34711.000000 31395.000000 15307.000000 
2015/12/18 2330.TW 1.000000 1.000000 1.000000 143.000000 142.000000 145.000000 142.000000 41616.000000 36544.000000 31020.000000 
2015/12/21 2330.TW 1.000000 1.000000 -1.000000 141.500000 141.500000 142.500000 140.500000 26939.000000 16853.000000 21073.000000 
2015/12/22 2330.TW 1.000000 1.000000 -1.000000 141.000000 142.000000 142.000000 140.500000 17210.000000 12908.000000 10604.000000 
2015/12/23 2330.TW 1.000000 1.000000 -1.000000 141.000000 141.500000 143.000000 140.500000 18152.000000 13087.000000 10003.000000 
2015/12/24 2330.TW -1.000000 1.000000 -1.000000 143.000000 142.000000 143.500000 142.000000 13495.000000 11285.000000 6843.000000 
2015/12/25 2330.TW 1.000000 1.000000 1.000000 142.000000 143.000000 143.500000 142.000000 6169.000000 5370.000000 2526.000000 
2015/12/28 2330.TW 1.000000 1.000000 1.000000 143.500000 143.500000 144.000000 143.000000 10831.000000 8675.000000 4484.000000 
2015/12/29 2330.TW -1.000000 1.000000 1.000000 143.500000 142.000000 144.000000 141.500000 12968.000000 8029.000000 8962.000000 
2015/12/30 2330.TW 0.000000 1.000000 -1.000000 142.500000 142.500000 144.000000 142.000000 14713.000000 10851.000000 10342.000000 
2015/12/31 2330.TW 1.000000 1.000000 -1.000000 142.000000 143.000000 144.000000 141.000000 18678.000000 13245.000000 11840.000000 
2016/01/04 2330.TW -1.000000 1.000000 -1.000000 142.500000 139.500000 143.500000 139.000000 43800.000000 17380.000000 37919.000000 
2016/01/05 2330.TW -1.000000 -1.000000 -1.000000 139.000000 138.000000 140.000000 137.000000 46502.000000 19886.000000 25850.000000 
2016/01/06 2330.TW -1.000000 -1.000000 -1.000000 138.000000 135.500000 138.000000 135.000000 53873.000000 20735.000000 36826.000000 
2016/01/07 2330.TW -1.000000 -1.000000 -1.000000 134.500000 133.000000 135.000000 130.500000 63475.000000 25789.000000 43745.000000 
2016/01/08 2330.TW -1.000000 -1.000000 -1.000000 132.000000 134.000000 135.000000 132.000000 52641.000000 40047.000000 41027.000000 
2016/01/11 2330.TW -1.000000 -1.000000 -1.000000 133.000000 133.000000 134.500000 130.500000 48536.000000 35536.000000 38794.000000 
2016/01/12 2330.TW -1.000000 -1.000000 -1.000000 133.000000 133.000000 134.000000 131.500000 35133.000000 20320.000000 27791.000000 
2016/01/13 2330.TW -1.000000 -1.000000 -1.000000 133.500000 133.500000 135.500000 133.000000 50237.000000 41388.000000 34786.000000 
2016/01/14 2330.TW -1.000000 -1.000000 -1.000000 130.500000 131.500000 132.000000 130.500000 39498.000000 21530.000000 25666.000000 
2016/01/15 2330.TW -1.000000 -1.000000 -1.000000 137.500000 137.000000 138.000000 135.500000 79649.000000 61990.000000 37200.000000 
2016/01/18 2330.TW -1.000000 -1.000000 1.000000 135.000000 137.000000 138.000000 134.500000 37009.000000 27083.000000 27259.000000 
2016/01/19 2330.TW -1.000000 -1.000000 1.000000 137.500000 138.000000 138.000000 136.000000 24996.000000 16009.000000 15626.000000 
2016/01/20 2330.TW -1.000000 -1.000000 1.000000 137.500000 134.500000 137.500000 133.500000 44423.000000 28752.000000 32805.000000 
2016/01/21 2330.TW -1.000000 -1.000000 -1.000000 134.000000 135.000000 136.500000 134.000000 31957.000000 24204.000000 23722.000000 
2016/01/22 2330.TW -1.000000 1.000000 1.000000 136.500000 138.500000 138.500000 136.000000 33926.000000 28518.000000 17967.000000 
2016/01/25 2330.TW -1.000000 1.000000 1.000000 140.000000 139.500000 140.000000 139.000000 27213.000000 22272.000000 15120.000000 
2016/01/26 2330.TW -1.000000 0.000000 1.000000 137.500000 137.500000 139.000000 137.000000 24103.000000 16132.000000 18725.000000 
2016/01/27 2330.TW -1.000000 0.000000 1.000000 139.000000 139.500000 139.500000 138.500000 24548.000000 20708.000000 16478.000000 
2016/01/28 2330.TW -1.000000 -1.000000 1.000000 138.000000 140.000000 140.500000 138.000000 37913.000000 30654.000000 19921.000000 
2016/01/29 2330.TW 0.000000 1.000000 1.000000 138.500000 143.000000 143.000000 138.000000 57558.000000 51041.000000 31185.000000 
2016/01/30 2330.TW 1.000000 1.000000 1.000000 142.500000 142.000000 143.000000 141.000000 11865.000000 4913.000000 679.000000 
2016/02/01 2330.TW 1.000000 1.000000 1.000000 144.000000 144.000000 144.000000 141.500000 43828.000000 40191.000000 12998.000000 
2016/02/02 2330.TW 1.000000 1.000000 1.000000 144.000000 142.500000 144.500000 141.500000 25401.000000 19342.000000 16906.000000 
2016/02/03 2330.TW 1.000000 1.000000 1.000000 145.000000 146.000000 146.000000 144.500000 71653.000000 64246.000000 30798.000000 
2016/02/15 2330.TW 1.000000 1.000000 1.000000 142.000000 145.000000 146.500000 142.000000 77065.000000 62699.000000 61725.000000 
2016/02/16 2330.TW 1.000000 1.000000 1.000000 146.000000 147.500000 148.000000 145.500000 56362.000000 47880.000000 30876.000000 
2016/02/17 2330.TW 1.000000 1.000000 1.000000 149.000000 148.000000 149.000000 147.000000 38487.000000 30486.000000 16405.000000 
2016/02/18 2330.TW 1.000000 1.000000 1.000000 150.000000 151.000000 151.000000 149.500000 61877.000000 54796.000000 19365.000000 
2016/02/19 2330.TW 1.000000 1.000000 1.000000 149.000000 151.000000 151.000000 149.000000 37445.000000 32998.000000 22250.000000 
2016/02/22 2330.TW 1.000000 1.000000 1.000000 149.500000 151.000000 152.500000 149.500000 29751.000000 24721.000000 10020.000000 
2016/02/23 2330.TW 1.000000 1.000000 1.000000 150.500000 149.500000 151.000000 149.000000 22500.000000 15345.000000 13551.000000 
2016/02/24 2330.TW 1.000000 1.000000 1.000000 149.500000 148.000000 150.500000 147.000000 22083.000000 15040.000000 13886.000000 
2016/02/25 2330.TW 1.000000 1.000000 1.000000 149.000000 150.500000 151.000000 148.500000 25233.000000 23303.000000 8710.000000 
2016/02/26 2330.TW 1.000000 1.000000 1.000000 151.000000 149.000000 151.500000 148.000000 46426.000000 35157.000000 29643.000000 
2016/03/01 2330.TW 1.000000 1.000000 1.000000 148.500000 152.000000 152.000000 148.500000 44046.000000 37321.000000 28885.000000 
2016/03/02 2330.TW 1.000000 1.000000 1.000000 154.000000 153.000000 154.500000 153.000000 36102.000000 28723.000000 14353.000000 
2016/03/03 2330.TW 1.000000 1.000000 1.000000 154.000000 154.000000 154.500000 153.000000 28867.000000 26476.000000 10117.000000 
2016/03/04 2330.TW 1.000000 1.000000 1.000000 153.000000 152.500000 153.500000 151.500000 37794.000000 28781.000000 29046.000000 
2016/03/07 2330.TW 1.000000 1.000000 1.000000 152.500000 152.000000 153.500000 151.000000 24053.000000 19264.000000 19286.000000 
2016/03/08 2330.TW 1.000000 1.000000 -1.000000 151.000000 152.000000 152.000000 149.500000 40643.000000 32456.000000 25932.000000 
2016/03/09 2330.TW 1.000000 1.000000 -1.000000 152.000000 153.000000 153.000000 150.500000 24635.000000 22675.000000 10468.000000 
2016/03/10 2330.TW 1.000000 1.000000 1.000000 153.000000 154.500000 154.500000 151.500000 31344.000000 28878.000000 14777.000000 
2016/03/11 2330.TW 1.000000 1.000000 1.000000 154.500000 155.000000 155.000000 153.000000 31297.000000 28610.000000 13518.000000 
2016/03/14 2330.TW 1.000000 1.000000 1.000000 156.500000 156.000000 157.500000 155.500000 32988.000000 25997.000000 7426.000000 
2016/03/15 2330.TW 1.000000 1.000000 1.000000 155.000000 154.500000 156.500000 153.000000 29438.000000 22319.000000 15152.000000 
2016/03/16 2330.TW 1.000000 1.000000 1.000000 155.500000 156.000000 156.000000 154.000000 31127.000000 27655.000000 13983.000000 
2016/03/17 2330.TW 1.000000 1.000000 1.000000 159.500000 158.500000 160.000000 157.500000 52229.000000 47350.000000 16560.000000 
2016/03/18 2330.TW 1.000000 1.000000 1.000000 158.500000 159.500000 159.500000 158.500000 57867.000000 54812.000000 28581.000000 
2016/03/21 2330.TW 1.000000 1.000000 1.000000 160.000000 160.000000 160.000000 158.000000 27687.000000 24320.000000 11718.000000 
2016/03/22 2330.TW 1.000000 1.000000 1.000000 159.500000 158.500000 159.500000 157.000000 29304.000000 22180.000000 17767.000000 
2016/03/23 2330.TW 1.000000 1.000000 1.000000 158.500000 159.500000 159.500000 158.000000 29440.000000 28104.000000 17220.000000 
2016/03/24 2330.TW 1.000000 1.000000 -1.000000 158.000000 158.500000 159.000000 157.000000 25199.000000 18573.000000 13071.000000 
2016/03/25 2330.TW 1.000000 1.000000 -1.000000 158.500000 158.000000 159.000000 157.000000 10970.000000 4722.000000 3271.000000 
2016/03/28 2330.TW 1.000000 1.000000 -1.000000 158.000000 159.000000 159.000000 157.000000 15857.000000 12434.000000 4610.000000 
2016/03/29 2330.TW 1.000000 1.000000 -1.000000 158.500000 159.000000 159.500000 158.000000 19152.000000 14197.000000 8620.000000 
2016/03/30 2330.TW 1.000000 1.000000 -1.000000 158.500000 161.500000 162.000000 158.500000 46113.000000 35833.000000 21020.000000 
2016/03/31 2330.TW 1.000000 1.000000 1.000000 162.000000 162.000000 163.000000 159.000000 54094.000000 41492.000000 33505.000000 
2016/04/01 2330.TW 1.000000 1.000000 -1.000000 161.000000 158.500000 161.000000 157.500000 34545.000000 19877.000000 25598.000000 
2016/04/06 2330.TW 1.000000 1.000000 -1.000000 155.500000 153.500000 156.000000 153.500000 63133.000000 37551.000000 52901.000000 
2016/04/07 2330.TW 1.000000 1.000000 -1.000000 155.000000 154.500000 155.000000 152.500000 35933.000000 20231.000000 24427.000000 
2016/04/08 2330.TW 1.000000 1.000000 -1.000000 154.000000 157.500000 158.000000 154.000000 42325.000000 24520.000000 24994.000000 
2016/04/11 2330.TW 1.000000 1.000000 -1.000000 156.000000 158.500000 159.000000 155.500000 23189.000000 10482.000000 14826.000000 
2016/04/12 2330.TW 1.000000 1.000000 -1.000000 157.500000 158.500000 159.500000 157.500000 14877.000000 8169.000000 10350.000000 
2016/04/13 2330.TW 1.000000 1.000000 1.000000 160.000000 161.500000 162.000000 159.500000 40333.000000 35652.000000 13007.000000 
2016/04/14 2330.TW 1.000000 1.000000 1.000000 162.000000 161.500000 162.500000 160.000000 31377.000000 23668.000000 16531.000000 
2016/04/15 2330.TW 1.000000 1.000000 -1.000000 157.000000 159.500000 160.000000 156.000000 50340.000000 29776.000000 33342.000000 
2016/04/18 2330.TW -1.000000 1.000000 -1.000000 158.000000 158.000000 158.500000 157.500000 20876.000000 12036.000000 17226.000000 
2016/04/19 2330.TW -1.000000 1.000000 -1.000000 160.000000 157.500000 161.000000 157.000000 27622.000000 14285.000000 18852.000000 
2016/04/20 2330.TW -1.000000 1.000000 -1.000000 157.500000 154.000000 158.000000 154.000000 43418.000000 21776.000000 32412.000000 
2016/04/21 2330.TW -1.000000 1.000000 -1.000000 156.000000 157.000000 157.000000 154.000000 30419.000000 24345.000000 13178.000000 
2016/04/22 2330.TW -1.000000 1.000000 -1.000000 155.500000 156.500000 158.000000 155.000000 29237.000000 25069.000000 17596.000000 
2016/04/25 2330.TW -1.000000 1.000000 -1.000000 156.500000 157.500000 157.500000 156.000000 14669.000000 11926.000000 9735.000000 
2016/04/26 2330.TW 0.000000 1.000000 -1.000000 156.500000 158.000000 158.500000 156.500000 18539.000000 16170.000000 14881.000000 
2016/04/27 2330.TW -1.000000 1.000000 -1.000000 156.000000 156.500000 157.500000 155.500000 36967.000000 28004.000000 34663.000000 
2016/04/28 2330.TW -1.000000 1.000000 -1.000000 157.500000 153.000000 158.000000 153.000000 49283.000000 25386.000000 41684.000000 
2016/04/29 2330.TW -1.000000 1.000000 -1.000000 151.000000 150.000000 151.000000 149.000000 75960.000000 37766.000000 66262.000000 
2016/05/03 2330.TW -1.000000 1.000000 -1.000000 148.000000 147.500000 148.500000 146.500000 68909.000000 16652.000000 63960.000000 
2016/05/04 2330.TW -1.000000 1.000000 -1.000000 147.000000 147.000000 149.000000 146.500000 55586.000000 23513.000000 50354.000000 
2016/05/05 2330.TW -1.000000 1.000000 -1.000000 147.500000 147.500000 148.500000 146.000000 40687.000000 23892.000000 37758.000000 
2016/05/06 2330.TW -1.000000 1.000000 -1.000000 148.500000 148.000000 148.500000 147.000000 39401.000000 30193.000000 36329.000000 
2016/05/09 2330.TW -1.000000 1.000000 -1.000000 148.500000 147.500000 149.000000 146.500000 39784.000000 24509.000000 34812.000000 
2016/05/10 2330.TW -1.000000 1.000000 -1.000000 147.000000 147.000000 148.000000 146.500000 39210.000000 27596.000000 36473.000000 
2016/05/11 2330.TW -1.000000 1.000000 -1.000000 148.500000 147.000000 149.000000 146.500000 45611.000000 23623.000000 40207.000000 
2016/05/12 2330.TW -1.000000 0.000000 -1.000000 147.000000 146.000000 148.000000 146.000000 24009.000000 12719.000000 19947.000000 
2016/05/13 2330.TW -1.000000 -1.000000 -1.000000 145.000000 144.000000 145.500000 143.000000 60713.000000 21174.000000 54670.000000 
2016/05/16 2330.TW -1.000000 -1.000000 -1.000000 143.000000 144.500000 145.500000 143.000000 32239.000000 16222.000000 25970.000000 
2016/05/17 2330.TW -1.000000 -1.000000 -1.000000 145.500000 147.000000 147.000000 145.000000 32717.000000 18839.000000 26699.000000 
2016/05/18 2330.TW -1.000000 -1.000000 -1.000000 146.000000 147.000000 147.000000 145.000000 31107.000000 20790.000000 26726.000000 
2016/05/19 2330.TW -1.000000 -1.000000 1.000000 148.000000 147.000000 148.500000 145.500000 35193.000000 23101.000000 30080.000000 
2016/05/20 2330.TW -1.000000 -1.000000 1.000000 147.500000 148.500000 149.500000 147.000000 38046.000000 30213.000000 24041.000000 
2016/05/23 2330.TW -1.000000 1.000000 1.000000 150.500000 154.000000 154.500000 149.500000 50174.000000 37929.000000 24541.000000 
2016/05/24 2330.TW -1.000000 1.000000 1.000000 152.500000 151.000000 153.500000 151.000000 25678.000000 14396.000000 19904.000000 
2016/05/25 2330.TW -1.000000 1.000000 1.000000 153.500000 154.500000 155.000000 152.500000 35411.000000 32484.000000 20121.000000 
2016/05/26 2330.TW -1.000000 1.000000 1.000000 154.500000 155.000000 155.000000 153.500000 18822.000000 17094.000000 13007.000000 
2016/05/27 2330.TW 1.000000 1.000000 1.000000 156.000000 156.500000 156.500000 154.500000 26618.000000 23274.000000 17519.000000 
2016/05/30 2330.TW 1.000000 1.000000 1.000000 157.000000 157.000000 158.000000 155.000000 38312.000000 33433.000000 14788.000000 
2016/05/31 2330.TW 1.000000 1.000000 1.000000 156.500000 156.500000 157.500000 155.000000 70177.000000 63496.000000 54961.000000 
2016/06/01 2330.TW 1.000000 1.000000 1.000000 156.000000 159.000000 159.000000 156.000000 27743.000000 25491.000000 12479.000000 
2016/06/02 2330.TW 1.000000 1.000000 1.000000 159.000000 159.000000 160.000000 158.000000 22000.000000 20064.000000 13208.000000 
2016/06/03 2330.TW 1.000000 1.000000 1.000000 159.000000 160.500000 160.500000 159.000000 32020.000000 29889.000000 12910.000000 
2016/06/04 2330.TW 1.000000 1.000000 1.000000 160.000000 160.000000 160.000000 159.500000 2631.000000 820.000000 68.000000 
2016/06/06 2330.TW 1.000000 1.000000 1.000000 161.000000 161.000000 162.000000 160.000000 28899.000000 25583.000000 14281.000000 
2016/06/07 2330.TW 1.000000 1.000000 1.000000 161.500000 162.000000 163.500000 161.000000 47574.000000 42228.000000 24398.000000 
2016/06/08 2330.TW 1.000000 1.000000 1.000000 164.000000 165.500000 166.000000 163.500000 45588.000000 38003.000000 18869.000000 
2016/06/13 2330.TW 1.000000 1.000000 1.000000 161.000000 162.000000 162.500000 161.000000 54689.000000 40653.000000 49534.000000 
2016/06/14 2330.TW 1.000000 1.000000 1.000000 161.000000 162.000000 163.000000 161.000000 27823.000000 20537.000000 16904.000000 
2016/06/15 2330.TW 1.000000 1.000000 1.000000 162.000000 163.000000 163.000000 161.000000 29329.000000 23694.000000 18542.000000 
2016/06/16 2330.TW 1.000000 1.000000 1.000000 161.500000 160.500000 162.500000 159.500000 36957.000000 22403.000000 33056.000000 
2016/06/17 2330.TW 1.000000 1.000000 1.000000 162.500000 163.000000 164.500000 162.000000 31326.000000 27270.000000 19594.000000 
2016/06/20 2330.TW 1.000000 1.000000 1.000000 164.500000 163.000000 165.000000 163.000000 24949.000000 16588.000000 16954.000000 
2016/06/21 2330.TW 1.000000 1.000000 1.000000 164.000000 165.500000 165.500000 163.500000 28042.000000 22304.000000 10639.000000 
2016/06/22 2330.TW 1.000000 1.000000 1.000000 164.500000 166.000000 166.000000 163.500000 30409.000000 23227.000000 18901.000000 
2016/06/23 2330.TW 1.000000 1.000000 1.000000 165.500000 164.000000 166.000000 164.000000 22593.000000 14662.000000 12835.000000 
2016/06/24 2330.TW 1.000000 0.000000 -1.000000 164.000000 159.000000 164.000000 154.500000 86994.000000 25966.000000 65302.000000 
2016/06/27 2330.TW -1.000000 -1.000000 -1.000000 154.500000 155.500000 156.000000 154.000000 43402.000000 22745.000000 16441.000000 
2016/06/28 2330.TW 0.000000 -1.000000 -1.000000 155.500000 157.000000 157.500000 155.000000 39096.000000 27701.000000 14022.000000 
2016/06/29 2330.TW 1.000000 -1.000000 -1.000000 158.500000 159.000000 160.000000 158.000000 32132.000000 24806.000000 9817.000000 
2016/06/30 2330.TW 1.000000 1.000000 -1.000000 161.000000 162.500000 163.000000 159.500000 42854.000000 38911.000000 13716.000000 
2016/07/01 2330.TW 1.000000 1.000000 1.000000 164.500000 166.000000 166.000000 163.500000 36578.000000 31893.000000 8607.000000 
2016/07/04 2330.TW 1.000000 1.000000 1.000000 165.500000 166.000000 166.500000 164.500000 25969.000000 21834.000000 9456.000000 
2016/07/05 2330.TW 1.000000 1.000000 1.000000 165.000000 164.000000 165.500000 164.000000 16423.000000 11148.000000 9045.000000 
2016/07/06 2330.TW 1.000000 1.000000 -1.000000 163.000000 161.500000 163.000000 160.500000 35100.000000 16246.000000 27590.000000 
2016/07/07 2330.TW 1.000000 1.000000 -1.000000 163.500000 164.500000 165.000000 163.000000 24442.000000 14505.000000 8718.000000 
2016/07/11 2330.TW 1.000000 1.000000 1.000000 170.000000 170.000000 170.500000 168.500000 53435.000000 47277.000000 21126.000000 
2016/07/12 2330.TW 1.000000 1.000000 1.000000 171.000000 171.000000 171.500000 169.500000 42129.000000 34333.000000 18233.000000 
2016/07/13 2330.TW 1.000000 1.000000 1.000000 169.500000 168.500000 170.000000 167.000000 51720.000000 31722.000000 44799.000000 
2016/07/14 2330.TW 1.000000 1.000000 1.000000 167.000000 169.000000 170.000000 167.000000 36132.000000 31153.000000 22841.000000 
2016/07/15 2330.TW 1.000000 1.000000 1.000000 168.000000 169.500000 169.500000 166.500000 41822.000000 30446.000000 27589.000000 
2016/07/18 2330.TW 1.000000 1.000000 1.000000 168.000000 169.500000 170.000000 168.000000 24774.000000 21340.000000 15219.000000 
2016/07/19 2330.TW 1.000000 1.000000 1.000000 170.500000 170.500000 170.500000 169.000000 43707.000000 40614.000000 30694.000000 
2016/07/20 2330.TW 1.000000 1.000000 1.000000 170.000000 170.000000 170.500000 169.000000 39077.000000 36385.000000 23359.000000 
2016/07/21 2330.TW 1.000000 1.000000 1.000000 171.000000 172.000000 172.000000 170.000000 35221.000000 31532.000000 19792.000000 
2016/07/22 2330.TW 1.000000 1.000000 1.000000 172.000000 171.000000 172.000000 170.500000 29804.000000 26222.000000 20479.000000 
2016/07/25 2330.TW 1.000000 1.000000 1.000000 172.000000 171.500000 173.000000 169.000000 27181.000000 19084.000000 14611.000000 
2016/07/26 2330.TW 1.000000 1.000000 1.000000 172.000000 173.000000 173.000000 171.500000 32736.000000 28454.000000 18931.000000 
2016/07/27 2330.TW 1.000000 1.000000 1.000000 175.000000 175.000000 176.000000 174.500000 36108.000000 30901.000000 13082.000000 
2016/07/28 2330.TW 1.000000 1.000000 1.000000 175.000000 176.500000 176.500000 173.000000 31138.000000 28001.000000 17141.000000 
2016/07/29 2330.TW 1.000000 1.000000 1.000000 177.000000 172.500000 177.000000 172.500000 30009.000000 19461.000000 22171.000000 
2016/08/01 2330.TW 1.000000 1.000000 1.000000 175.000000 177.000000 177.000000 174.500000 34704.000000 31466.000000 17177.000000 
2016/08/02 2330.TW 1.000000 1.000000 1.000000 177.500000 176.000000 177.500000 175.500000 15366.000000 12022.000000 11269.000000 
2016/08/03 2330.TW 1.000000 1.000000 -1.000000 172.500000 172.500000 174.000000 172.000000 21652.000000 8386.000000 18406.000000 
2016/08/04 2330.TW 1.000000 1.000000 -1.000000 173.000000 174.500000 174.500000 172.500000 14292.000000 11307.000000 9392.000000 
2016/08/05 2330.TW 1.000000 1.000000 -1.000000 175.000000 177.000000 177.500000 174.000000 25804.000000 22047.000000 9005.000000 
2016/08/08 2330.TW 1.000000 1.000000 1.000000 178.000000 178.000000 178.000000 176.500000 16242.000000 12057.000000 9536.000000 
2016/08/09 2330.TW 1.000000 1.000000 1.000000 178.500000 178.500000 179.500000 177.000000 16443.000000 13851.000000 8605.000000 
2016/08/10 2330.TW 1.000000 1.000000 1.000000 179.000000 179.500000 179.500000 178.000000 19308.000000 16631.000000 14296.000000 
2016/08/11 2330.TW 1.000000 1.000000 -1.000000 177.500000 176.500000 178.000000 175.500000 28216.000000 15187.000000 23647.000000 
2016/08/12 2330.TW 1.000000 1.000000 -1.000000 178.500000 177.500000 178.500000 177.000000 23987.000000 22439.000000 16360.000000 
2016/08/15 2330.TW 1.000000 1.000000 -1.000000 178.500000 179.000000 179.000000 177.500000 13660.000000 12102.000000 7480.000000 
2016/08/16 2330.TW 1.000000 1.000000 -1.000000 178.000000 175.500000 179.000000 175.000000 34284.000000 20886.000000 30458.000000 
2016/08/17 2330.TW 1.000000 1.000000 -1.000000 177.000000 177.000000 177.500000 176.000000 24170.000000 20857.000000 13936.000000 
2016/08/18 2330.TW 1.000000 1.000000 -1.000000 176.000000 176.000000 176.500000 175.000000 27900.000000 18911.000000 16394.000000 
2016/08/19 2330.TW 1.000000 1.000000 -1.000000 177.000000 174.500000 177.500000 174.000000 23497.000000 15963.000000 16865.000000 
2016/08/22 2330.TW 1.000000 1.000000 -1.000000 173.000000 173.000000 174.000000 171.500000 21822.000000 11632.000000 17992.000000 
2016/08/23 2330.TW 1.000000 1.000000 -1.000000 174.000000 174.000000 175.000000 173.500000 21468.000000 18945.000000 15691.000000 
2016/08/24 2330.TW -1.000000 1.000000 -1.000000 175.000000 173.500000 175.500000 173.500000 12532.000000 9767.000000 9595.000000 
2016/08/25 2330.TW 1.000000 1.000000 -1.000000 175.000000 177.000000 177.000000 174.500000 23974.000000 20326.000000 10971.000000 
2016/08/26 2330.TW 1.000000 1.000000 -1.000000 175.000000 177.000000 177.000000 175.000000 15805.000000 13625.000000 13178.000000 
2016/08/29 2330.TW -1.000000 1.000000 -1.000000 175.000000 176.500000 177.000000 174.000000 16967.000000 11932.000000 14125.000000 
2016/08/30 2330.TW -1.000000 1.000000 -1.000000 176.000000 174.500000 176.500000 174.000000 19752.000000 10924.000000 18307.000000 
2016/08/31 2330.TW 1.000000 1.000000 -1.000000 176.500000 176.000000 177.000000 174.500000 42461.000000 40856.000000 32391.000000 
2016/09/01 2330.TW -1.000000 1.000000 -1.000000 176.000000 173.500000 176.000000 173.000000 26101.000000 14319.000000 22895.000000 
2016/09/02 2330.TW -1.000000 1.000000 -1.000000 176.500000 174.500000 176.500000 174.000000 19489.000000 16371.000000 14162.000000 
2016/09/05 2330.TW -1.000000 1.000000 -1.000000 176.500000 176.500000 177.500000 176.500000 27983.000000 25908.000000 17930.000000 
2016/09/06 2330.TW 1.000000 1.000000 1.000000 177.000000 179.000000 179.000000 176.500000 29647.000000 24051.000000 17068.000000 
2016/09/07 2330.TW 1.000000 1.000000 1.000000 180.500000 184.000000 185.000000 180.000000 50851.000000 32346.000000 25071.000000 
2016/09/08 2330.TW 1.000000 1.000000 1.000000 182.500000 183.000000 184.500000 182.500000 30308.000000 21571.000000 20576.000000 
2016/09/09 2330.TW 1.000000 1.000000 1.000000 181.000000 179.500000 181.000000 179.500000 30636.000000 16483.000000 26986.000000 
2016/09/10 2330.TW -1.000000 1.000000 -1.000000 177.000000 178.000000 179.000000 176.000000 15470.000000 168.000000 8604.000000 
2016/09/12 2330.TW -1.000000 1.000000 -1.000000 177.500000 175.000000 177.500000 174.000000 42752.000000 16791.000000 38867.000000 
2016/09/13 2330.TW -1.000000 1.000000 -1.000000 176.500000 175.000000 176.500000 173.500000 38439.000000 24167.000000 32967.000000 
2016/09/14 2330.TW -1.000000 1.000000 -1.000000 174.000000 173.500000 176.000000 173.500000 52966.000000 31136.000000 50379.000000 
2016/09/19 2330.TW 1.000000 1.000000 -1.000000 179.500000 182.500000 183.000000 178.500000 57297.000000 43490.000000 24172.000000 
2016/09/20 2330.TW 1.000000 1.000000 1.000000 182.000000 183.000000 183.500000 181.500000 23647.000000 17623.000000 13471.000000 
2016/09/21 2330.TW 1.000000 1.000000 1.000000 181.000000 184.000000 184.000000 180.500000 26262.000000 22453.000000 16488.000000 
2016/09/22 2330.TW 1.000000 1.000000 1.000000 185.000000 185.500000 185.500000 183.500000 21213.000000 17174.000000 8345.000000 
2016/09/23 2330.TW 1.000000 1.000000 1.000000 185.000000 187.500000 187.500000 184.500000 23141.000000 20031.000000 13092.000000 
2016/09/26 2330.TW 1.000000 1.000000 1.000000 183.500000 183.000000 185.000000 183.000000 25219.000000 13915.000000 20480.000000 
2016/09/29 2330.TW 1.000000 1.000000 1.000000 185.500000 185.500000 187.500000 185.500000 57779.000000 53548.000000 38287.000000 
2016/09/30 2330.TW 1.000000 1.000000 1.000000 185.500000 182.500000 186.500000 182.500000 45163.000000 30956.000000 34425.000000 
2016/10/03 2330.TW 1.000000 1.000000 1.000000 186.000000 186.000000 186.500000 184.500000 18988.000000 15870.000000 10373.000000 
2016/10/04 2330.TW 1.000000 1.000000 1.000000 185.000000 187.000000 187.000000 185.000000 17140.000000 15083.000000 12449.000000 
2016/10/05 2330.TW 1.000000 1.000000 1.000000 186.000000 186.000000 186.000000 184.500000 19144.000000 13491.000000 11910.000000 
2016/10/06 2330.TW 1.000000 1.000000 1.000000 185.000000 187.500000 187.500000 185.000000 15716.000000 12356.000000 10266.000000 
2016/10/07 2330.TW 1.000000 1.000000 1.000000 188.000000 188.000000 188.000000 186.000000 15870.000000 11070.000000 7491.000000 
2016/10/11 2330.TW 1.000000 1.000000 1.000000 191.000000 187.500000 191.000000 186.000000 31108.000000 17690.000000 20490.000000 
2016/10/12 2330.TW 1.000000 1.000000 1.000000 186.500000 189.500000 190.000000 186.000000 24592.000000 18930.000000 17146.000000 
2016/10/13 2330.TW 1.000000 1.000000 1.000000 190.500000 188.500000 191.000000 187.000000 40728.000000 20560.000000 35677.000000 
2016/10/14 2330.TW 1.000000 1.000000 1.000000 187.000000 188.000000 189.000000 186.500000 34340.000000 10949.000000 20967.000000 
2016/10/17 2330.TW 1.000000 1.000000 -1.000000 186.500000 186.500000 187.500000 185.000000 37878.000000 26163.000000 29964.000000 
2016/10/18 2330.TW 1.000000 1.000000 -1.000000 186.500000 187.000000 187.000000 185.500000 40652.000000 32774.000000 34733.000000 
2016/10/19 2330.TW 1.000000 1.000000 -1.000000 187.500000 189.500000 189.500000 187.500000 38144.000000 33114.000000 24072.000000 
2016/10/20 2330.TW 1.000000 1.000000 1.000000 189.500000 190.500000 190.500000 189.000000 15736.000000 13170.000000 7322.000000 
2016/10/21 2330.TW 1.000000 1.000000 1.000000 191.000000 188.500000 192.000000 188.500000 22317.000000 15000.000000 16122.000000 
2016/10/24 2330.TW 1.000000 1.000000 1.000000 191.000000 191.000000 191.000000 189.500000 14381.000000 12007.000000 9301.000000 
2016/10/25 2330.TW 1.000000 1.000000 1.000000 192.000000 193.000000 193.000000 191.000000 19146.000000 16029.000000 10637.000000 
2016/10/26 2330.TW 1.000000 1.000000 1.000000 190.500000 191.500000 192.500000 190.500000 24885.000000 16771.000000 22713.000000 
2016/10/27 2330.TW 1.000000 1.000000 -1.000000 191.500000 188.500000 191.500000 188.500000 26883.000000 10162.000000 25185.000000 
2016/10/28 2330.TW 1.000000 1.000000 -1.000000 189.500000 189.500000 190.000000 188.500000 33107.000000 27566.000000 28206.000000 
2016/10/31 2330.TW 1.000000 1.000000 -1.000000 189.000000 188.500000 190.500000 186.500000 25831.000000 16955.000000 20965.000000 
2016/11/01 2330.TW 1.000000 1.000000 -1.000000 188.500000 189.500000 189.500000 187.500000 15129.000000 11223.000000 11287.000000 
2016/11/02 2330.TW -1.000000 1.000000 -1.000000 187.500000 186.000000 188.000000 186.000000 16530.000000 4866.000000 13126.000000 
2016/11/03 2330.TW -1.000000 1.000000 -1.000000 185.500000 184.500000 186.500000 184.500000 25532.000000 10792.000000 19977.000000 
2016/11/04 2330.TW -1.000000 1.000000 -1.000000 184.500000 184.500000 186.000000 184.000000 15107.000000 7646.000000 12391.000000 
2016/11/07 2330.TW 1.000000 1.000000 -1.000000 186.500000 189.000000 189.000000 186.000000 21430.000000 11771.000000 12254.000000 
2016/11/08 2330.TW 1.000000 1.000000 -1.000000 190.000000 188.500000 190.000000 188.000000 15954.000000 9323.000000 10753.000000 
2016/11/09 2330.TW -1.000000 1.000000 -1.000000 190.000000 182.000000 190.500000 182.000000 55579.000000 12791.000000 42661.000000 
2016/11/10 2330.TW -1.000000 1.000000 -1.000000 187.000000 185.500000 188.000000 185.500000 38869.000000 23691.000000 27893.000000 
2016/11/11 2330.TW -1.000000 1.000000 -1.000000 181.500000 181.500000 183.000000 181.000000 67636.000000 28292.000000 59825.000000 
2016/11/14 2330.TW -1.000000 1.000000 -1.000000 181.000000 180.500000 182.000000 180.000000 48033.000000 12802.000000 42513.000000 
2016/11/15 2330.TW -1.000000 1.000000 -1.000000 179.500000 180.000000 182.000000 179.000000 33529.000000 12994.000000 25814.000000 
2016/11/16 2330.TW -1.000000 1.000000 -1.000000 180.500000 180.000000 183.000000 180.000000 35294.000000 16755.000000 28332.000000 
2016/11/17 2330.TW -1.000000 1.000000 -1.000000 182.000000 181.500000 182.500000 180.500000 23256.000000 15029.000000 19920.000000 
2016/11/18 2330.TW -1.000000 1.000000 -1.000000 181.500000 181.000000 181.500000 180.000000 23731.000000 12349.000000 22151.000000 
2016/11/21 2330.TW -1.000000 1.000000 -1.000000 180.500000 181.000000 181.500000 180.000000 15623.000000 6997.000000 13747.000000 
2016/11/22 2330.TW -1.000000 1.000000 -1.000000 182.000000 184.000000 185.000000 181.500000 31348.000000 22619.000000 17364.000000 
2016/11/23 2330.TW -1.000000 1.000000 1.000000 184.500000 185.500000 186.500000 184.000000 23069.000000 18575.000000 14343.000000 
2016/11/24 2330.TW -1.000000 1.000000 1.000000 184.000000 183.000000 185.000000 183.000000 19099.000000 8889.000000 17099.000000 
2016/11/25 2330.TW -1.000000 1.000000 -1.000000 182.500000 182.000000 183.500000 182.000000 10227.000000 5328.000000 7874.000000 
2016/11/28 2330.TW -1.000000 1.000000 -1.000000 181.500000 184.000000 184.000000 181.500000 22360.000000 18709.000000 17363.000000 
2016/11/29 2330.TW -1.000000 1.000000 -1.000000 183.500000 182.000000 185.000000 182.000000 26895.000000 21350.000000 22897.000000 
2016/11/30 2330.TW -1.000000 1.000000 -1.000000 181.500000 183.000000 183.000000 181.500000 54053.000000 49964.000000 51331.000000 
2016/12/01 2330.TW -1.000000 1.000000 -1.000000 182.000000 183.000000 183.000000 181.500000 13923.000000 9694.000000 12161.000000 
2016/12/02 2330.TW -1.000000 1.000000 -1.000000 179.000000 178.000000 179.500000 178.000000 53946.000000 10624.000000 47846.000000 
2016/12/05 2330.TW -1.000000 0.000000 -1.000000 178.000000 179.000000 180.000000 178.000000 32250.000000 16161.000000 27905.000000 
2016/12/06 2330.TW -1.000000 -1.000000 -1.000000 181.000000 182.000000 183.000000 180.500000 27729.000000 24382.000000 14246.000000 
2016/12/07 2330.TW -1.000000 -1.000000 1.000000 183.000000 181.500000 183.500000 181.500000 14529.000000 8134.000000 12210.000000 
2016/12/08 2330.TW 0.000000 1.000000 1.000000 184.000000 185.500000 185.500000 183.000000 27277.000000 22227.000000 10792.000000 
2016/12/09 2330.TW 1.000000 1.000000 1.000000 186.000000 186.000000 186.000000 184.500000 24891.000000 22357.000000 14501.000000 
2016/12/12 2330.TW 1.000000 1.000000 1.000000 186.000000 185.000000 187.000000 184.000000 18818.000000 13139.000000 13350.000000 
2016/12/13 2330.TW 1.000000 1.000000 1.000000 186.500000 186.000000 186.500000 184.500000 23693.000000 22695.000000 19383.000000 
2016/12/14 2330.TW 1.000000 1.000000 1.000000 186.500000 187.500000 187.500000 185.500000 16769.000000 15064.000000 8245.000000 
2016/12/15 2330.TW 1.000000 1.000000 1.000000 185.000000 187.000000 187.500000 184.500000 24245.000000 20100.000000 18904.000000 
2016/12/16 2330.TW 1.000000 1.000000 1.000000 185.500000 185.000000 187.000000 185.000000 36267.000000 30833.000000 31482.000000 
2016/12/19 2330.TW 1.000000 -1.000000 -1.000000 184.000000 182.500000 184.500000 182.500000 20553.000000 10974.000000 12599.000000 
2016/12/20 2330.TW -1.000000 -1.000000 -1.000000 181.000000 182.500000 182.500000 180.000000 24243.000000 8372.000000 16326.000000 
2016/12/21 2330.TW -1.000000 -1.000000 -1.000000 181.000000 180.000000 182.000000 180.000000 32234.000000 14443.000000 30654.000000 
2016/12/22 2330.TW -1.000000 -1.000000 -1.000000 180.000000 179.000000 180.500000 179.000000 26509.000000 8085.000000 22065.000000 
2016/12/23 2330.TW -1.000000 -1.000000 -1.000000 179.000000 178.500000 180.000000 178.500000 24377.000000 8042.000000 21947.000000 
2016/12/26 2330.TW -1.000000 -1.000000 -1.000000 179.000000 179.500000 180.000000 179.000000 5694.000000 1451.000000 4558.000000 
2016/12/27 2330.TW -1.000000 -1.000000 -1.000000 180.000000 180.000000 180.500000 179.500000 8276.000000 3379.000000 5748.000000 
2016/12/28 2330.TW -1.000000 -1.000000 -1.000000 181.000000 182.000000 182.000000 180.500000 21441.000000 15468.000000 11558.000000 
2016/12/29 2330.TW -1.000000 -1.000000 -1.000000 180.000000 180.000000 181.500000 180.000000 30212.000000 13840.000000 17834.000000 
2016/12/30 2330.TW 1.000000 -1.000000 -1.000000 181.000000 181.500000 182.500000 180.000000 36748.000000 21615.000000 14405.000000 
2017/01/03 2330.TW 1.000000 -1.000000 1.000000 181.500000 183.000000 183.500000 181.000000 23551.000000 15250.000000 15198.000000 
2017/01/04 2330.TW 1.000000 -1.000000 1.000000 183.000000 183.000000 184.000000 181.500000 24482.000000 13410.000000 17517.000000 
2017/01/05 2330.TW 1.000000 -1.000000 1.000000 182.000000 183.500000 183.500000 181.500000 21374.000000 14805.000000 13006.000000 
2017/01/06 2330.TW -1.000000 -1.000000 1.000000 184.000000 184.000000 184.500000 183.500000 23121.000000 16411.000000 12534.000000 
2017/01/09 2330.TW -1.000000 -1.000000 1.000000 184.000000 184.000000 185.000000 183.000000 18584.000000 12377.000000 9004.000000 
2017/01/10 2330.TW -1.000000 -1.000000 1.000000 184.500000 184.000000 185.500000 183.500000 20691.000000 15284.000000 11821.000000 
2017/01/11 2330.TW -1.000000 -1.000000 1.000000 185.000000 182.000000 185.000000 181.500000 29747.000000 17226.000000 26100.000000 
2017/01/12 2330.TW -1.000000 -1.000000 1.000000 182.500000 184.500000 185.500000 182.500000 48600.000000 41493.000000 29487.000000 
2017/01/13 2330.TW -1.000000 -1.000000 1.000000 180.500000 181.500000 182.500000 180.500000 53089.000000 30144.000000 42482.000000 
2017/01/16 2330.TW -1.000000 -1.000000 -1.000000 180.000000 179.500000 180.500000 179.000000 30878.000000 9565.000000 26067.000000 
2017/01/17 2330.TW -1.000000 -1.000000 -1.000000 180.500000 181.000000 181.000000 179.500000 13207.000000 8265.000000 8602.000000 
2017/01/18 2330.TW -1.000000 -1.000000 -1.000000 180.500000 181.000000 181.000000 179.500000 23811.000000 17252.000000 18509.000000 
2017/01/19 2330.TW 1.000000 -1.000000 -1.000000 179.500000 180.500000 181.000000 179.500000 25936.000000 17926.000000 20217.000000 
2017/01/20 2330.TW 1.000000 -1.000000 -1.000000 181.000000 181.000000 181.500000 180.500000 42317.000000 39708.000000 31766.000000 
2017/01/23 2330.TW 1.000000 -1.000000 1.000000 182.500000 185.000000 185.000000 182.500000 58299.000000 56537.000000 34082.000000 
2017/01/24 2330.TW 1.000000 -1.000000 1.000000 185.000000 185.500000 186.500000 184.500000 72014.000000 69525.000000 39078.000000 
2017/02/02 2330.TW 1.000000 -1.000000 1.000000 188.000000 184.500000 188.500000 184.000000 153704.000000 140929.000000 120773.000000 
2017/02/03 2330.TW 1.000000 -1.000000 1.000000 186.000000 184.500000 186.000000 183.500000 30388.000000 24222.000000 26569.000000 
2017/02/06 2330.TW 1.000000 0.000000 1.000000 184.500000 184.500000 185.500000 184.000000 29703.000000 23841.000000 22389.000000 
2017/02/07 2330.TW 1.000000 0.000000 1.000000 183.500000 184.500000 185.000000 183.000000 23982.000000 15292.000000 16152.000000 
2017/02/08 2330.TW 1.000000 -1.000000 1.000000 183.500000 183.500000 184.500000 183.000000 45607.000000 28128.000000 43472.000000 
2017/02/09 2330.TW 1.000000 -1.000000 1.000000 184.000000 184.000000 185.500000 183.500000 23420.000000 17190.000000 17928.000000 
2017/02/10 2330.TW 1.000000 1.000000 1.000000 184.500000 185.500000 185.500000 184.000000 49257.000000 39055.000000 45051.000000 
2017/02/13 2330.TW 1.000000 1.000000 1.000000 186.500000 187.500000 188.000000 186.500000 26156.000000 12499.000000 11758.000000 
2017/02/14 2330.TW 1.000000 1.000000 1.000000 189.000000 187.500000 190.000000 187.500000 46717.000000 32216.000000 34506.000000 
2017/02/15 2330.TW 1.000000 1.000000 1.000000 187.000000 189.000000 189.500000 186.500000 39928.000000 34391.000000 21545.000000 
2017/02/16 2330.TW 1.000000 1.000000 1.000000 190.000000 189.000000 190.500000 188.000000 28371.000000 20717.000000 15335.000000 
2017/02/17 2330.TW 1.000000 1.000000 1.000000 190.000000 189.500000 190.500000 189.000000 20408.000000 16332.000000 10885.000000 
2017/02/18 2330.TW 1.000000 1.000000 1.000000 190.000000 189.500000 190.500000 189.500000 3517.000000 2000.000000 5.000000 
2017/02/20 2330.TW 1.000000 1.000000 1.000000 190.000000 190.000000 190.500000 189.500000 13280.000000 11331.000000 6465.000000 
2017/02/21 2330.TW 1.000000 1.000000 1.000000 190.000000 190.000000 190.000000 188.500000 31988.000000 28238.000000 12497.000000 
2017/02/22 2330.TW 1.000000 1.000000 1.000000 190.500000 188.500000 191.000000 188.500000 26145.000000 20323.000000 13592.000000 
2017/02/23 2330.TW 1.000000 1.000000 -1.000000 188.000000 188.500000 189.500000 187.000000 36096.000000 30978.000000 16365.000000 
2017/02/24 2330.TW 1.000000 1.000000 -1.000000 187.500000 189.000000 190.500000 187.500000 26177.000000 24079.000000 19667.000000 
2017/03/01 2330.TW 1.000000 1.000000 -1.000000 188.500000 186.000000 188.500000 186.000000 48263.000000 39382.000000 42764.000000 
2017/03/02 2330.TW 1.000000 1.000000 -1.000000 188.000000 186.000000 188.500000 185.000000 40880.000000 29799.000000 21247.000000 
2017/03/03 2330.TW -1.000000 1.000000 -1.000000 184.500000 184.000000 185.000000 184.000000 28214.000000 14459.000000 22446.000000 
2017/03/06 2330.TW -1.000000 1.000000 -1.000000 184.000000 183.500000 184.500000 183.500000 12633.000000 5656.000000 9543.000000 
2017/03/07 2330.TW 1.000000 1.000000 -1.000000 184.000000 185.500000 185.500000 184.000000 22816.000000 15861.000000 19428.000000 
2017/03/08 2330.TW 1.000000 1.000000 -1.000000 186.000000 187.000000 188.000000 185.500000 38657.000000 33770.000000 28211.000000 
2017/03/09 2330.TW 1.000000 1.000000 -1.000000 185.500000 184.500000 186.000000 184.000000 31119.000000 20155.000000 26518.000000 
2017/03/10 2330.TW -1.000000 1.000000 -1.000000 184.000000 183.500000 184.500000 183.000000 24886.000000 14609.000000 22941.000000 
2017/03/13 2330.TW 1.000000 1.000000 -1.000000 185.000000 186.500000 186.500000 185.000000 11025.000000 9186.000000 4831.000000 
2017/03/14 2330.TW -1.000000 1.000000 -1.000000 188.000000 186.000000 188.000000 186.000000 24373.000000 21981.000000 15446.000000 
2017/03/15 2330.TW -1.000000 1.000000 -1.000000 185.500000 186.500000 187.000000 185.500000 14147.000000 11799.000000 10155.000000 
2017/03/16 2330.TW 1.000000 1.000000 1.000000 188.000000 190.000000 190.000000 188.000000 32453.000000 27550.000000 8501.000000 
2017/03/17 2330.TW 1.000000 1.000000 1.000000 189.500000 191.500000 191.500000 189.000000 38698.000000 36748.000000 22187.000000 
2017/03/20 2330.TW 1.000000 1.000000 1.000000 191.500000 191.500000 191.500000 189.500000 16532.000000 14654.000000 10083.000000 
2017/03/21 2330.TW 1.000000 1.000000 1.000000 192.000000 195.000000 195.000000 191.500000 33662.000000 29215.000000 10699.000000 
2017/03/22 2330.TW 1.000000 1.000000 1.000000 192.500000 193.500000 193.500000 191.500000 27767.000000 21291.000000 20211.000000 
2017/03/23 2330.TW 1.000000 1.000000 1.000000 192.000000 193.500000 193.500000 192.000000 18831.000000 13964.000000 13419.000000 
2017/03/24 2330.TW 1.000000 1.000000 1.000000 192.000000 192.500000 193.000000 192.000000 17722.000000 13835.000000 11543.000000 
2017/03/27 2330.TW 1.000000 1.000000 1.000000 194.500000 193.000000 194.500000 192.000000 29868.000000 27420.000000 13675.000000 
2017/03/28 2330.TW 1.000000 1.000000 1.000000 195.000000 194.500000 195.000000 192.500000 39522.000000 35603.000000 14854.000000 
2017/03/29 2330.TW 1.000000 1.000000 1.000000 194.500000 191.500000 194.500000 191.000000 33839.000000 21226.000000 16051.000000 
2017/03/30 2330.TW 1.000000 1.000000 -1.000000 192.500000 191.500000 193.000000 190.500000 30717.000000 26376.000000 11802.000000 
2017/03/31 2330.TW 1.000000 1.000000 -1.000000 191.000000 189.000000 192.000000 189.000000 33997.000000 20972.000000 19809.000000 
2017/04/05 2330.TW 1.000000 1.000000 -1.000000 189.500000 193.000000 193.000000 189.500000 45116.000000 41011.000000 25761.000000 
2017/04/06 2330.TW 1.000000 1.000000 -1.000000 193.000000 191.500000 193.000000 191.000000 17417.000000 14534.000000 11367.000000 
2017/04/07 2330.TW 1.000000 1.000000 -1.000000 192.000000 191.000000 192.000000 188.500000 19066.000000 10468.000000 12014.000000 
2017/04/10 2330.TW 1.000000 1.000000 -1.000000 191.000000 190.000000 191.500000 189.500000 17389.000000 12613.000000 15089.000000 
2017/04/11 2330.TW 1.000000 1.000000 -1.000000 190.000000 191.000000 191.000000 189.000000 9789.000000 7002.000000 7209.000000 
2017/04/12 2330.TW 1.000000 1.000000 -1.000000 190.500000 191.000000 191.500000 190.000000 17418.000000 12329.000000 11543.000000 
2017/04/13 2330.TW 1.000000 1.000000 -1.000000 189.500000 191.500000 192.000000 189.500000 14796.000000 8738.000000 7581.000000 
2017/04/14 2330.TW 1.000000 1.000000 -1.000000 189.500000 189.000000 189.500000 188.000000 31318.000000 7041.000000 20325.000000 
2017/04/17 2330.TW -1.000000 1.000000 -1.000000 189.000000 187.500000 189.000000 187.500000 17112.000000 3362.000000 13532.000000 
2017/04/18 2330.TW -1.000000 1.000000 -1.000000 188.000000 188.000000 189.500000 187.500000 28733.000000 19727.000000 24007.000000 
2017/04/19 2330.TW -1.000000 1.000000 -1.000000 187.500000 186.500000 187.500000 186.500000 31171.000000 11752.000000 28228.000000 
2017/04/20 2330.TW -1.000000 1.000000 -1.000000 186.500000 187.000000 188.000000 186.500000 32697.000000 27160.000000 30210.000000 
2017/04/21 2330.TW -1.000000 1.000000 -1.000000 187.500000 190.000000 190.000000 187.500000 19034.000000 17472.000000 13699.000000 
2017/04/24 2330.TW -1.000000 1.000000 -1.000000 191.000000 190.000000 191.500000 188.500000 29573.000000 24960.000000 17699.000000 
2017/04/25 2330.TW -1.000000 1.000000 1.000000 190.500000 192.000000 192.000000 189.500000 31953.000000 26231.000000 14960.000000 
2017/04/26 2330.TW -1.000000 1.000000 1.000000 192.000000 191.000000 192.000000 190.500000 31120.000000 25876.000000 13565.000000 
2017/04/27 2330.TW -1.000000 1.000000 1.000000 192.000000 193.000000 193.000000 190.500000 35813.000000 30702.000000 21702.000000 
2017/04/28 2330.TW 1.000000 1.000000 1.000000 193.500000 194.500000 194.500000 193.000000 38381.000000 36748.000000 19395.000000 
2017/05/02 2330.TW 1.000000 1.000000 1.000000 198.500000 196.500000 199.000000 195.500000 45852.000000 39301.000000 20879.000000 
2017/05/03 2330.TW 1.000000 1.000000 1.000000 198.000000 198.000000 198.500000 197.000000 27241.000000 26307.000000 9775.000000 
2017/05/04 2330.TW 1.000000 1.000000 1.000000 198.500000 198.000000 199.000000 197.000000 22194.000000 14539.000000 10232.000000 
2017/05/05 2330.TW 1.000000 1.000000 1.000000 197.000000 197.500000 198.500000 197.000000 17618.000000 10450.000000 9976.000000 
2017/05/08 2330.TW 1.000000 1.000000 1.000000 199.000000 202.500000 202.500000 199.000000 39591.000000 21556.000000 11320.000000 
2017/05/09 2330.TW 1.000000 1.000000 1.000000 205.500000 203.500000 207.000000 203.500000 48285.000000 23013.000000 15651.000000 
2017/05/10 2330.TW 1.000000 1.000000 1.000000 204.000000 205.500000 206.000000 204.000000 31076.000000 17617.000000 15148.000000 
2017/05/11 2330.TW 1.000000 1.000000 1.000000 204.500000 207.500000 208.500000 204.000000 44286.000000 29511.000000 18863.000000 
2017/05/12 2330.TW 1.000000 1.000000 1.000000 205.000000 206.000000 207.000000 205.000000 25507.000000 11932.000000 11954.000000 
2017/05/15 2330.TW 1.000000 1.000000 1.000000 204.000000 206.000000 206.000000 204.000000 25922.000000 12745.000000 15065.000000 
2017/05/16 2330.TW 1.000000 1.000000 1.000000 205.000000 204.500000 205.000000 203.500000 36605.000000 25090.000000 25950.000000 
2017/05/17 2330.TW 1.000000 1.000000 1.000000 203.000000 204.000000 204.000000 203.000000 22606.000000 14934.000000 12209.000000 
2017/05/18 2330.TW 1.000000 1.000000 -1.000000 202.500000 203.500000 204.000000 201.500000 22490.000000 15657.000000 16371.000000 
2017/05/19 2330.TW 1.000000 1.000000 -1.000000 203.500000 203.000000 204.500000 202.500000 17163.000000 13310.000000 10797.000000 
2017/05/22 2330.TW 1.000000 1.000000 -1.000000 203.500000 205.000000 205.000000 203.000000 17420.000000 14966.000000 12569.000000 
2017/05/23 2330.TW 1.000000 1.000000 -1.000000 205.000000 205.000000 207.000000 204.500000 23028.000000 18471.000000 15025.000000 
2017/05/24 2330.TW 1.000000 1.000000 1.000000 205.000000 205.500000 206.000000 205.000000 18308.000000 15917.000000 16019.000000 
2017/05/25 2330.TW 1.000000 1.000000 1.000000 206.000000 207.000000 207.000000 205.500000 26089.000000 24063.000000 17200.000000 
2017/05/26 2330.TW 1.000000 1.000000 1.000000 205.000000 207.000000 207.000000 205.000000 32977.000000 29680.000000 28109.000000 
2017/05/31 2330.TW 1.000000 1.000000 -1.000000 206.500000 203.000000 207.000000 203.000000 67935.000000 54945.000000 64515.000000 
2017/06/01 2330.TW 1.000000 1.000000 -1.000000 205.000000 207.000000 207.000000 204.500000 29624.000000 26852.000000 20021.000000 
2017/06/02 2330.TW 1.000000 1.000000 1.000000 208.500000 209.000000 209.000000 207.500000 23265.000000 21357.000000 12292.000000 
2017/06/03 2330.TW 1.000000 1.000000 1.000000 209.000000 209.000000 209.000000 208.000000 1535.000000 57.000000 4.000000 
2017/06/05 2330.TW 1.000000 1.000000 1.000000 209.500000 212.000000 212.000000 209.000000 22545.000000 19279.000000 9741.000000 
2017/06/06 2330.TW 1.000000 1.000000 1.000000 210.500000 210.500000 211.500000 210.500000 15382.000000 11597.000000 9700.000000 
2017/06/07 2330.TW 1.000000 1.000000 1.000000 212.000000 211.500000 212.500000 210.000000 34729.000000 28279.000000 23202.000000 
2017/06/08 2330.TW 1.000000 1.000000 1.000000 212.000000 213.000000 213.000000 211.500000 21654.000000 18588.000000 9657.000000 
2017/06/09 2330.TW 1.000000 1.000000 1.000000 214.500000 212.000000 215.000000 212.000000 35190.000000 24401.000000 28687.000000 
2017/06/12 2330.TW 1.000000 1.000000 -1.000000 207.000000 207.500000 210.000000 207.000000 63112.000000 19380.000000 59216.000000 
2017/06/13 2330.TW 1.000000 1.000000 -1.000000 207.000000 208.000000 208.500000 206.500000 49983.000000 20127.000000 41730.000000 
2017/06/14 2330.TW 1.000000 1.000000 -1.000000 208.500000 207.000000 209.500000 206.000000 39084.000000 16973.000000 32117.000000 
2017/06/15 2330.TW 1.000000 1.000000 -1.000000 207.500000 208.000000 208.000000 207.000000 19486.000000 14674.000000 13342.000000 
2017/06/16 2330.TW 1.000000 1.000000 -1.000000 207.500000 211.500000 212.000000 207.000000 32857.000000 18311.000000 19329.000000 
2017/06/19 2330.TW 1.000000 1.000000 1.000000 211.000000 213.000000 213.000000 210.500000 17490.000000 11374.000000 11389.000000 
2017/06/20 2330.TW 1.000000 1.000000 1.000000 215.000000 216.500000 218.000000 214.500000 28784.000000 11733.000000 12934.000000 
2017/06/21 2330.TW 1.000000 1.000000 1.000000 216.000000 215.500000 217.000000 214.500000 45384.000000 24663.000000 33415.000000 
2017/06/22 2330.TW 1.000000 1.000000 1.000000 217.000000 218.000000 218.000000 216.500000 26095.000000 14078.000000 13535.000000 
2017/06/23 2330.TW 1.000000 1.000000 1.000000 218.000000 217.000000 218.500000 217.000000 39686.000000 10471.000000 24961.000000 
2017/06/26 2330.TW 1.000000 1.000000 1.000000 212.000000 215.000000 215.000000 212.000000 60141.000000 33550.000000 19005.000000 
2017/06/27 2330.TW 1.000000 1.000000 -1.000000 214.000000 211.500000 214.000000 211.000000 44505.000000 16258.000000 31801.000000 
2017/06/28 2330.TW 1.000000 1.000000 -1.000000 209.500000 208.500000 210.000000 208.000000 52274.000000 25723.000000 39639.000000 
2017/06/29 2330.TW 1.000000 1.000000 -1.000000 210.500000 210.000000 210.500000 208.500000 27049.000000 17014.000000 18353.000000 
2017/06/30 2330.TW -1.000000 1.000000 -1.000000 206.500000 208.500000 208.500000 206.500000 31710.000000 18205.000000 23556.000000 
2017/07/03 2330.TW -1.000000 1.000000 -1.000000 207.500000 209.000000 209.000000 207.000000 21067.000000 15398.000000 15088.000000 
2017/07/04 2330.TW -1.000000 1.000000 -1.000000 208.000000 207.000000 208.500000 207.000000 21592.000000 11940.000000 18907.000000 
2017/07/05 2330.TW -1.000000 1.000000 -1.000000 207.000000 208.500000 208.500000 206.500000 23463.000000 10788.000000 19111.000000 
2017/07/06 2330.TW -1.000000 1.000000 -1.000000 208.000000 207.500000 208.500000 207.000000 15261.000000 6654.000000 12140.000000 
2017/07/07 2330.TW -1.000000 1.000000 -1.000000 207.000000 206.000000 207.500000 205.500000 21568.000000 7058.000000 16570.000000 
2017/07/10 2330.TW -1.000000 1.000000 -1.000000 206.500000 206.000000 207.000000 206.000000 13327.000000 4255.000000 10626.000000 
2017/07/11 2330.TW 1.000000 1.000000 -1.000000 208.000000 212.000000 212.000000 207.500000 34594.000000 25276.000000 17264.000000 
2017/07/12 2330.TW 1.000000 1.000000 1.000000 211.000000 210.500000 212.500000 210.500000 26888.000000 11621.000000 20783.000000 
2017/07/13 2330.TW 1.000000 1.000000 1.000000 212.000000 214.500000 216.000000 211.500000 50137.000000 30065.000000 25252.000000 
2017/07/14 2330.TW 1.000000 1.000000 1.000000 213.000000 213.000000 214.500000 212.000000 22364.000000 9312.000000 14946.000000 
2017/07/17 2330.TW 0.000000 1.000000 1.000000 215.000000 213.000000 215.500000 211.500000 21400.000000 11192.000000 9399.000000 
2017/07/18 2330.TW -1.000000 1.000000 1.000000 213.000000 214.000000 214.000000 212.000000 18756.000000 11316.000000 7397.000000 
2017/07/19 2330.TW -1.000000 1.000000 1.000000 212.500000 214.500000 215.000000 212.500000 20661.000000 10563.000000 9393.000000 
2017/07/20 2330.TW -1.000000 1.000000 1.000000 215.000000 215.500000 215.500000 214.000000 20796.000000 13389.000000 11429.000000 
2017/07/21 2330.TW -1.000000 1.000000 1.000000 214.000000 214.000000 215.000000 213.500000 15422.000000 4414.000000 9360.000000 
2017/07/24 2330.TW -1.000000 1.000000 1.000000 213.500000 214.500000 214.500000 213.000000 20003.000000 13079.000000 16875.000000 
2017/07/25 2330.TW 1.000000 1.000000 1.000000 214.000000 214.000000 214.500000 213.500000 13853.000000 7981.000000 10771.000000 
2017/07/26 2330.TW 1.000000 1.000000 -1.000000 215.000000 213.000000 215.000000 212.500000 15901.000000 8153.000000 12029.000000 
2017/07/27 2330.TW 1.000000 1.000000 -1.000000 213.500000 215.500000 216.000000 213.500000 23045.000000 19613.000000 11183.000000 
2017/07/28 2330.TW 1.000000 1.000000 -1.000000 213.000000 213.000000 214.000000 212.500000 21121.000000 9071.000000 18760.000000 
2017/07/31 2330.TW 1.000000 1.000000 -1.000000 211.500000 214.500000 214.500000 211.500000 20363.000000 13552.000000 16031.000000 
2017/08/01 2330.TW 1.000000 1.000000 -1.000000 212.500000 212.000000 214.000000 212.000000 20315.000000 8853.000000 14617.000000 
2017/08/02 2330.TW 1.000000 1.000000 -1.000000 214.000000 216.000000 216.000000 214.000000 30528.000000 22681.000000 11262.000000 
2017/08/03 2330.TW 1.000000 1.000000 -1.000000 213.000000 213.500000 214.000000 212.500000 27097.000000 13077.000000 24278.000000 
2017/08/04 2330.TW 1.000000 1.000000 -1.000000 213.500000 213.000000 214.000000 212.500000 22187.000000 8787.000000 20141.000000 
2017/08/07 2330.TW 1.000000 1.000000 -1.000000 213.500000 216.000000 216.500000 213.500000 21595.000000 12091.000000 10750.000000 
2017/08/08 2330.TW 1.000000 1.000000 1.000000 217.500000 217.500000 219.000000 216.000000 25224.000000 15746.000000 11325.000000 
2017/08/09 2330.TW 1.000000 1.000000 1.000000 215.000000 214.500000 215.500000 213.500000 28129.000000 9557.000000 24721.000000 
2017/08/10 2330.TW -1.000000 1.000000 -1.000000 215.500000 214.000000 215.500000 212.500000 27440.000000 11124.000000 22550.000000 
2017/08/11 2330.TW -1.000000 1.000000 -1.000000 211.000000 212.500000 213.500000 210.500000 41592.000000 8992.000000 37437.000000 
2017/08/14 2330.TW -1.000000 1.000000 -1.000000 213.500000 211.000000 214.000000 210.000000 29415.000000 11834.000000 20815.000000 
2017/08/15 2330.TW 0.000000 1.000000 -1.000000 213.000000 214.000000 214.500000 213.000000 14386.000000 8767.000000 8050.000000 
2017/08/16 2330.TW -1.000000 1.000000 -1.000000 214.500000 213.000000 214.500000 211.000000 25207.000000 17072.000000 21340.000000 
2017/08/17 2330.TW -1.000000 1.000000 -1.000000 213.500000 214.000000 214.000000 213.000000 8353.000000 7192.000000 4718.000000 
2017/08/18 2330.TW -1.000000 1.000000 -1.000000 212.000000 212.500000 213.000000 211.000000 14364.000000 6255.000000 12743.000000 
2017/08/21 2330.TW -1.000000 1.000000 -1.000000 212.500000 211.500000 213.000000 211.500000 13847.000000 6864.000000 11978.000000 
2017/08/22 2330.TW 1.000000 1.000000 -1.000000 213.500000 214.500000 214.500000 213.000000 17330.000000 15549.000000 11183.000000 
2017/08/23 2330.TW 1.000000 1.000000 1.000000 215.500000 215.500000 216.000000 214.000000 11758.000000 8483.000000 4107.000000 
2017/08/24 2330.TW 1.000000 1.000000 1.000000 216.000000 217.000000 217.000000 215.500000 15427.000000 13280.000000 6017.000000 
2017/08/25 2330.TW 1.000000 1.000000 1.000000 217.500000 217.500000 217.500000 216.000000 10975.000000 9514.000000 3051.000000 
2017/08/28 2330.TW 1.000000 1.000000 1.000000 215.000000 216.000000 216.500000 215.000000 16512.000000 13523.000000 12120.000000 
2017/08/29 2330.TW 1.000000 1.000000 1.000000 216.000000 216.000000 216.000000 215.000000 16561.000000 14504.000000 13008.000000 
2017/08/30 2330.TW 1.000000 1.000000 1.000000 216.000000 217.500000 218.000000 216.000000 19674.000000 18476.000000 9192.000000 
2017/08/31 2330.TW 1.000000 1.000000 1.000000 217.500000 216.500000 218.000000 215.500000 26945.000000 22355.000000 22389.000000 
2017/09/01 2330.TW 1.000000 1.000000 1.000000 215.000000 216.500000 217.500000 215.000000 17805.000000 10078.000000 10561.000000 
2017/09/04 2330.TW 1.000000 1.000000 1.000000 216.500000 217.500000 218.000000 215.500000 15053.000000 7854.000000 7701.000000 
2017/09/05 2330.TW 1.000000 1.000000 1.000000 218.000000 218.000000 218.000000 216.500000 34514.000000 27511.000000 27318.000000 
2017/09/06 2330.TW 1.000000 1.000000 1.000000 216.500000 217.000000 218.000000 216.000000 28149.000000 21555.000000 21168.000000 
2017/09/07 2330.TW 1.000000 1.000000 1.000000 218.000000 217.000000 218.500000 216.000000 19199.000000 11501.000000 15511.000000 
2017/09/08 2330.TW 1.000000 1.000000 1.000000 217.000000 218.000000 218.000000 216.500000 25512.000000 17601.000000 14748.000000 
2017/09/11 2330.TW 1.000000 1.000000 1.000000 219.000000 217.000000 219.500000 216.500000 19388.000000 13890.000000 14198.000000 
2017/09/12 2330.TW 1.000000 1.000000 1.000000 219.000000 219.000000 219.500000 217.500000 24862.000000 21869.000000 13884.000000 
2017/09/13 2330.TW 1.000000 1.000000 1.000000 217.500000 218.000000 219.000000 217.500000 18337.000000 12585.000000 13943.000000 
2017/09/14 2330.TW 1.000000 1.000000 1.000000 218.500000 218.500000 219.000000 217.500000 21509.000000 19493.000000 15457.000000 
2017/09/15 2330.TW 1.000000 1.000000 1.000000 218.500000 218.500000 219.000000 217.000000 48901.000000 42613.000000 47532.000000 
2017/09/18 2330.TW 1.000000 1.000000 1.000000 219.000000 219.500000 220.000000 218.000000 17813.000000 14342.000000 7694.000000 
2017/09/19 2330.TW 1.000000 1.000000 1.000000 221.500000 221.500000 221.500000 220.000000 26256.000000 18343.000000 12639.000000 
2017/09/20 2330.TW 1.000000 1.000000 1.000000 221.000000 221.500000 222.000000 220.000000 23434.000000 20338.000000 17497.000000 
2017/09/21 2330.TW 1.000000 1.000000 1.000000 221.000000 221.000000 223.000000 220.000000 18646.000000 13519.000000 13561.000000 
2017/09/22 2330.TW 1.000000 1.000000 1.000000 221.500000 218.500000 222.000000 218.500000 22456.000000 16991.000000 18078.000000 
2017/09/25 2330.TW 1.000000 1.000000 -1.000000 217.500000 217.000000 218.500000 217.000000 17458.000000 9051.000000 12425.000000 
2017/09/26 2330.TW -1.000000 1.000000 -1.000000 217.500000 214.000000 218.000000 214.000000 25004.000000 12123.000000 20256.000000 
2017/09/27 2330.TW -1.000000 1.000000 -1.000000 217.500000 215.000000 217.500000 215.000000 24795.000000 19223.000000 21510.000000 
2017/09/28 2330.TW -1.000000 1.000000 -1.000000 215.000000 214.000000 216.000000 213.500000 31616.000000 18471.000000 28049.000000 
2017/09/29 2330.TW 0.000000 1.000000 -1.000000 216.000000 216.500000 217.500000 215.500000 23955.000000 22491.000000 13500.000000 
2017/09/30 2330.TW -1.000000 1.000000 -1.000000 218.000000 216.500000 218.500000 216.500000 4254.000000 126.000000 1.000000 
2017/10/02 2330.TW 1.000000 1.000000 1.000000 219.500000 220.500000 220.500000 218.500000 28361.000000 16421.000000 9504.000000 
2017/10/03 2330.TW 1.000000 1.000000 1.000000 219.000000 222.500000 223.000000 219.000000 38331.000000 18704.000000 14791.000000 
2017/10/05 2330.TW 1.000000 1.000000 1.000000 222.000000 224.500000 225.500000 222.000000 25398.000000 15806.000000 11157.000000 
2017/10/06 2330.TW 1.000000 1.000000 1.000000 225.000000 224.500000 225.500000 223.500000 16041.000000 8491.000000 6225.000000 
2017/10/11 2330.TW 1.000000 1.000000 1.000000 226.500000 233.000000 233.500000 226.500000 67650.000000 49131.000000 33022.000000 
2017/10/12 2330.TW 1.000000 1.000000 1.000000 235.000000 237.500000 237.500000 234.500000 44176.000000 34956.000000 19026.000000 
2017/10/13 2330.TW 1.000000 1.000000 1.000000 237.500000 237.500000 237.500000 234.500000 23145.000000 15744.000000 12984.000000 
2017/10/16 2330.TW 1.000000 1.000000 1.000000 237.500000 238.000000 238.000000 236.000000 20673.000000 16343.000000 14165.000000 
2017/10/17 2330.TW 1.000000 1.000000 1.000000 238.000000 235.500000 238.000000 235.000000 17652.000000 11397.000000 14280.000000 
2017/10/18 2330.TW 1.000000 1.000000 1.000000 239.500000 237.500000 239.500000 237.000000 28971.000000 22730.000000 18126.000000 
2017/10/19 2330.TW 1.000000 1.000000 1.000000 239.500000 239.000000 241.500000 239.000000 23482.000000 16712.000000 12206.000000 
2017/10/20 2330.TW 1.000000 1.000000 1.000000 238.000000 237.500000 239.500000 237.500000 27056.000000 18391.000000 17554.000000 
2017/10/23 2330.TW 1.000000 1.000000 1.000000 239.000000 239.000000 240.000000 238.500000 15960.000000 10686.000000 8974.000000 
2017/10/24 2330.TW 1.000000 1.000000 1.000000 240.000000 238.000000 240.000000 238.000000 16101.000000 12496.000000 13073.000000 
2017/10/25 2330.TW 1.000000 1.000000 1.000000 238.500000 238.000000 239.000000 237.500000 17205.000000 12723.000000 11284.000000 
2017/10/26 2330.TW 1.000000 1.000000 -1.000000 237.000000 236.000000 238.000000 236.000000 12960.000000 8030.000000 10130.000000 
2017/10/27 2330.TW 1.000000 1.000000 -1.000000 237.500000 239.000000 240.000000 237.500000 18041.000000 14147.000000 7855.000000 
2017/10/30 2330.TW 1.000000 1.000000 1.000000 242.000000 243.000000 245.000000 241.500000 30242.000000 24260.000000 19762.000000 
2017/10/31 2330.TW 1.000000 1.000000 1.000000 243.500000 243.000000 245.000000 241.500000 22582.000000 17211.000000 18053.000000 
2017/11/01 2330.TW 1.000000 1.000000 1.000000 243.500000 242.500000 245.000000 241.500000 20465.000000 8734.000000 13579.000000 
2017/11/02 2330.TW 1.000000 1.000000 -1.000000 242.000000 241.000000 242.500000 240.500000 16309.000000 10878.000000 11248.000000 
2017/11/03 2330.TW 1.000000 1.000000 -1.000000 240.500000 239.000000 241.000000 238.500000 18328.000000 10606.000000 15285.000000 
2017/11/06 2330.TW 1.000000 1.000000 -1.000000 243.500000 239.500000 244.000000 239.000000 21030.000000 15688.000000 14773.000000 
2017/11/07 2330.TW 1.000000 1.000000 -1.000000 242.000000 244.000000 244.000000 241.500000 21689.000000 18869.000000 8927.000000 
2017/11/08 2330.TW 1.000000 1.000000 -1.000000 243.000000 242.500000 243.500000 242.000000 14579.000000 8624.000000 11967.000000 
2017/11/09 2330.TW 1.000000 1.000000 -1.000000 240.500000 241.000000 243.000000 240.000000 21367.000000 14903.000000 16727.000000 
2017/11/10 2330.TW 1.000000 1.000000 -1.000000 240.000000 240.500000 242.000000 239.500000 15061.000000 11533.000000 11247.000000 
2017/11/13 2330.TW 1.000000 1.000000 -1.000000 240.000000 239.500000 241.500000 239.500000 12088.000000 6978.000000 8170.000000 
2017/11/14 2330.TW 1.000000 1.000000 -1.000000 241.000000 240.000000 241.000000 239.000000 17229.000000 12515.000000 14347.000000 
2017/11/15 2330.TW 0.000000 1.000000 -1.000000 239.000000 237.500000 239.500000 236.000000 29720.000000 15227.000000 25216.000000 
2017/11/16 2330.TW -1.000000 1.000000 -1.000000 238.000000 238.000000 240.000000 237.500000 17274.000000 14600.000000 9717.000000 
2017/11/17 2330.TW 1.000000 1.000000 -1.000000 240.500000 241.500000 242.500000 240.500000 18742.000000 16856.000000 12195.000000 
2017/11/20 2330.TW -1.000000 1.000000 -1.000000 241.000000 238.500000 241.500000 238.000000 19811.000000 14976.000000 17419.000000 
2017/11/21 2330.TW 1.000000 1.000000 -1.000000 240.000000 243.000000 243.000000 239.500000 22878.000000 20367.000000 16848.000000 
2017/11/22 2330.TW 1.000000 1.000000 -1.000000 244.500000 242.000000 244.500000 242.000000 27251.000000 23867.000000 21006.000000 
2017/11/23 2330.TW 1.000000 1.000000 -1.000000 242.000000 242.500000 243.500000 241.500000 9563.000000 7621.000000 7839.000000 
2017/11/24 2330.TW 1.000000 1.000000 -1.000000 242.000000 244.000000 244.500000 241.500000 11404.000000 9724.000000 7381.000000 
2017/11/27 2330.TW -1.000000 1.000000 -1.000000 240.000000 237.000000 240.000000 237.000000 32247.000000 7148.000000 24522.000000 
2017/11/28 2330.TW -1.000000 1.000000 -1.000000 234.500000 234.000000 235.000000 233.000000 47834.000000 15739.000000 40364.000000 
2017/11/29 2330.TW -1.000000 1.000000 -1.000000 235.000000 234.500000 236.000000 234.500000 26536.000000 13063.000000 22884.000000 
2017/11/30 2330.TW -1.000000 1.000000 -1.000000 226.500000 226.000000 230.500000 226.000000 112263.000000 60625.000000 100409.000000 
