2015/07/30 3105.TW 1.000000 1.000000 0.000000 33.700000 34.250000 34.950000 33.600000 14747.000000 3513.000000 1716.000000 
2015/07/31 3105.TW -1.000000 -1.000000 -1.000000 34.900000 33.800000 34.900000 33.050000 14096.000000 1180.000000 3392.000000 
2015/08/03 3105.TW -1.000000 -1.000000 -1.000000 31.000000 30.450000 31.200000 30.450000 12071.000000 718.000000 2975.000000 
2015/08/04 3105.TW -1.000000 -1.000000 -1.000000 29.000000 27.750000 30.500000 27.450000 37683.000000 5271.000000 8017.000000 
2015/08/05 3105.TW -1.000000 -1.000000 -1.000000 28.200000 28.650000 29.000000 27.550000 20105.000000 3036.000000 4694.000000 
2015/08/06 3105.TW -1.000000 -1.000000 -1.000000 28.100000 25.800000 28.450000 25.800000 38408.000000 2259.000000 14176.000000 
2015/08/07 3105.TW -1.000000 -1.000000 -1.000000 25.000000 26.400000 26.550000 24.700000 20714.000000 7135.000000 2043.000000 
2015/08/10 3105.TW -1.000000 -1.000000 -1.000000 26.700000 28.400000 28.750000 26.300000 18486.000000 2388.000000 1021.000000 
2015/08/11 3105.TW -1.000000 -1.000000 -1.000000 29.000000 27.500000 29.250000 27.350000 17249.000000 583.000000 2820.000000 
2015/08/12 3105.TW -1.000000 -1.000000 -1.000000 26.850000 28.100000 28.300000 26.850000 10606.000000 1770.000000 1590.000000 
2015/08/13 3105.TW -1.000000 -1.000000 -1.000000 28.800000 28.900000 29.200000 28.200000 11688.000000 3423.000000 2120.000000 
2015/08/14 3105.TW -1.000000 -1.000000 1.000000 29.400000 28.300000 29.400000 28.300000 6784.000000 765.000000 2191.000000 
2015/08/17 3105.TW -1.000000 -1.000000 -1.000000 28.350000 27.500000 29.100000 27.500000 8739.000000 579.000000 1649.000000 
2015/08/28 3105.TW -1.000000 -1.000000 1.000000 33.400000 31.350000 33.900000 31.350000 14802.000000 1418.000000 4001.000000 
2015/08/31 3105.TW -1.000000 -1.000000 1.000000 30.800000 30.400000 31.350000 30.400000 8717.000000 1709.000000 2772.000000 
2015/09/01 3105.TW -1.000000 -1.000000 1.000000 31.500000 31.600000 32.200000 31.150000 12312.000000 3133.000000 2813.000000 
2015/09/02 3105.TW -1.000000 -1.000000 1.000000 31.400000 33.000000 33.000000 31.350000 11969.000000 4696.000000 1502.000000 
2015/09/03 3105.TW 1.000000 -1.000000 1.000000 33.500000 35.050000 35.300000 33.500000 15666.000000 871.000000 1400.000000 
2015/09/04 3105.TW -1.000000 -1.000000 1.000000 34.700000 32.700000 35.450000 32.650000 16057.000000 2087.000000 4450.000000 
2015/09/07 3105.TW -1.000000 -1.000000 1.000000 32.550000 33.500000 33.500000 32.500000 7601.000000 2631.000000 389.000000 
2015/09/08 3105.TW -1.000000 -1.000000 1.000000 33.500000 33.800000 34.200000 33.100000 5896.000000 1081.000000 762.000000 
2015/09/09 3105.TW 1.000000 -1.000000 1.000000 34.700000 35.300000 35.650000 34.650000 14383.000000 3632.000000 959.000000 
2015/09/10 3105.TW 1.000000 -1.000000 1.000000 34.850000 34.550000 35.050000 34.400000 8409.000000 865.000000 3027.000000 
2015/09/11 3105.TW 1.000000 -1.000000 1.000000 34.950000 35.700000 36.350000 34.750000 13487.000000 2536.000000 2164.000000 
2015/09/14 3105.TW 1.000000 -1.000000 1.000000 36.000000 35.700000 36.200000 35.450000 9084.000000 1325.000000 1024.000000 
2015/09/15 3105.TW 1.000000 -1.000000 1.000000 36.000000 35.450000 36.200000 35.400000 5711.000000 889.000000 891.000000 
2015/09/16 3105.TW 1.000000 -1.000000 1.000000 35.950000 36.550000 36.950000 35.350000 10257.000000 368.000000 1181.000000 
2015/09/17 3105.TW 1.000000 -1.000000 1.000000 36.700000 37.500000 38.200000 36.400000 12559.000000 457.000000 1753.000000 
2015/09/18 3105.TW 1.000000 -1.000000 1.000000 37.250000 37.000000 37.800000 37.000000 5806.000000 1089.000000 1542.000000 
2015/09/21 3105.TW 1.000000 -1.000000 1.000000 36.200000 36.550000 36.800000 36.000000 4746.000000 517.000000 1420.000000 
2015/09/22 3105.TW 1.000000 -1.000000 1.000000 36.500000 36.300000 36.900000 36.300000 4282.000000 393.000000 1409.000000 
2015/09/23 3105.TW 1.000000 -1.000000 1.000000 36.150000 36.400000 37.050000 36.150000 8411.000000 384.000000 842.000000 
2015/09/24 3105.TW 1.000000 -1.000000 1.000000 37.000000 35.500000 37.600000 35.300000 8478.000000 240.000000 126.000000 
2015/09/25 3105.TW 1.000000 -1.000000 -1.000000 35.500000 35.700000 35.750000 34.950000 6152.000000 2225.000000 52.000000 
2015/09/30 3105.TW 1.000000 -1.000000 -1.000000 35.050000 36.400000 36.400000 35.050000 4292.000000 848.000000 814.000000 
2015/10/01 3105.TW 1.000000 -1.000000 1.000000 36.950000 39.000000 39.000000 36.950000 11863.000000 4390.000000 295.000000 
2015/10/02 3105.TW 1.000000 -1.000000 1.000000 39.400000 40.850000 41.000000 39.400000 16550.000000 3288.000000 812.000000 
2015/10/05 3105.TW 1.000000 -1.000000 1.000000 42.400000 43.000000 43.300000 42.400000 19557.000000 1508.000000 1537.000000 
2015/10/06 3105.TW 1.000000 -1.000000 1.000000 43.000000 41.200000 43.000000 41.100000 10574.000000 1266.000000 722.000000 
2015/10/07 3105.TW 1.000000 -1.000000 1.000000 41.700000 41.500000 42.200000 41.150000 8091.000000 853.000000 1061.000000 
2015/10/08 3105.TW 1.000000 -1.000000 1.000000 41.750000 39.850000 41.750000 39.800000 7534.000000 1164.000000 2178.000000 
2015/10/12 3105.TW 1.000000 -1.000000 1.000000 40.600000 40.150000 40.600000 39.350000 5064.000000 2267.000000 2805.000000 
2015/10/13 3105.TW 1.000000 -1.000000 -1.000000 39.650000 40.450000 41.100000 39.650000 6146.000000 424.000000 1983.000000 
2015/10/14 3105.TW 1.000000 -1.000000 -1.000000 40.600000 39.700000 41.100000 39.650000 9155.000000 1140.000000 3592.000000 
2015/10/15 3105.TW 1.000000 -1.000000 -1.000000 40.000000 39.500000 40.250000 39.150000 7025.000000 1600.000000 1253.000000 
2015/10/16 3105.TW 1.000000 1.000000 -1.000000 40.200000 40.800000 40.900000 39.800000 6072.000000 1687.000000 951.000000 
2015/10/19 3105.TW 1.000000 1.000000 -1.000000 41.500000 40.800000 41.800000 40.350000 8668.000000 1736.000000 1489.000000 
2015/10/20 3105.TW 1.000000 1.000000 -1.000000 40.900000 40.350000 41.200000 39.900000 4533.000000 337.000000 56.000000 
2015/10/21 3105.TW 1.000000 1.000000 -1.000000 40.750000 41.000000 41.150000 40.200000 3495.000000 588.000000 149.000000 
2015/10/22 3105.TW 1.000000 1.000000 1.000000 41.800000 42.050000 42.350000 41.300000 11139.000000 409.000000 429.000000 
2015/10/23 3105.TW 1.000000 1.000000 1.000000 43.000000 41.850000 43.250000 41.850000 7430.000000 247.000000 364.000000 
2015/10/26 3105.TW 1.000000 1.000000 1.000000 42.350000 43.050000 43.750000 42.250000 9283.000000 720.000000 166.000000 
2015/10/27 3105.TW 1.000000 1.000000 1.000000 42.800000 41.850000 42.900000 41.400000 9370.000000 237.000000 3692.000000 
2015/10/28 3105.TW 1.000000 1.000000 -1.000000 41.850000 41.350000 41.950000 40.900000 5594.000000 652.000000 604.000000 
2015/10/29 3105.TW 1.000000 1.000000 -1.000000 41.750000 41.750000 42.200000 41.200000 4276.000000 332.000000 306.000000 
2015/10/30 3105.TW 1.000000 1.000000 1.000000 43.300000 44.250000 44.900000 42.250000 28375.000000 2907.000000 915.000000 
2015/11/02 3105.TW 1.000000 1.000000 1.000000 45.000000 47.000000 47.350000 45.000000 21885.000000 4341.000000 889.000000 
2015/11/03 3105.TW 1.000000 1.000000 1.000000 46.600000 46.900000 47.750000 46.600000 12320.000000 2901.000000 250.000000 
2015/11/04 3105.TW 1.000000 1.000000 1.000000 47.500000 48.250000 48.800000 47.400000 15016.000000 4958.000000 362.000000 
2015/11/05 3105.TW 1.000000 1.000000 1.000000 48.500000 48.150000 48.700000 47.800000 8248.000000 2684.000000 1579.000000 
2015/11/06 3105.TW 1.000000 1.000000 1.000000 48.350000 46.500000 48.350000 46.450000 12098.000000 3811.000000 2022.000000 
2015/11/09 3105.TW 1.000000 1.000000 1.000000 47.100000 47.000000 47.850000 46.500000 10773.000000 4520.000000 372.000000 
2015/11/10 3105.TW 1.000000 1.000000 1.000000 47.050000 48.500000 48.750000 46.100000 8566.000000 3130.000000 378.000000 
2015/11/11 3105.TW 1.000000 1.000000 -1.000000 48.800000 45.450000 49.000000 45.450000 14408.000000 3473.000000 2009.000000 
2015/11/12 3105.TW 1.000000 1.000000 -1.000000 46.300000 48.200000 48.200000 45.900000 14148.000000 5642.000000 2752.000000 
2015/11/13 3105.TW 1.000000 1.000000 -1.000000 47.350000 47.000000 48.300000 46.600000 8072.000000 1759.000000 1180.000000 
2015/11/16 3105.TW 1.000000 1.000000 -1.000000 46.050000 47.000000 47.500000 46.000000 4867.000000 1057.000000 585.000000 
2015/11/17 3105.TW 1.000000 1.000000 1.000000 48.500000 49.700000 50.400000 48.250000 16273.000000 4309.000000 2231.000000 
2015/11/18 3105.TW 1.000000 1.000000 1.000000 50.000000 48.450000 50.000000 48.300000 10286.000000 1721.000000 3672.000000 
2015/11/19 3105.TW 1.000000 1.000000 -1.000000 49.100000 48.450000 49.150000 47.850000 6605.000000 194.000000 466.000000 
2015/11/20 3105.TW 1.000000 1.000000 -1.000000 48.500000 49.850000 49.850000 48.500000 8942.000000 2785.000000 580.000000 
2015/11/23 3105.TW 1.000000 1.000000 1.000000 50.400000 49.500000 50.500000 49.500000 7217.000000 714.000000 1487.000000 
2015/11/24 3105.TW 1.000000 1.000000 -1.000000 49.650000 49.100000 50.800000 49.050000 7071.000000 1162.000000 404.000000 
2015/11/25 3105.TW 1.000000 1.000000 1.000000 49.600000 51.900000 52.000000 49.200000 14611.000000 6669.000000 1165.000000 
2015/11/26 3105.TW 1.000000 1.000000 1.000000 51.900000 51.600000 52.800000 51.200000 12812.000000 2685.000000 3340.000000 
2015/11/27 3105.TW 1.000000 1.000000 1.000000 52.300000 50.600000 52.300000 50.600000 4750.000000 377.000000 1068.000000 
2015/11/30 3105.TW 1.000000 1.000000 -1.000000 50.300000 50.200000 50.900000 49.750000 3539.000000 475.000000 452.000000 
2015/12/01 3105.TW 1.000000 1.000000 1.000000 50.300000 53.500000 54.500000 50.300000 15497.000000 2866.000000 2873.000000 
2015/12/02 3105.TW 1.000000 1.000000 1.000000 53.000000 51.800000 53.700000 51.800000 10624.000000 410.000000 1681.000000 
2015/12/03 3105.TW 1.000000 1.000000 1.000000 52.000000 52.400000 53.500000 52.000000 8766.000000 1187.000000 581.000000 
2015/12/04 3105.TW 1.000000 1.000000 -1.000000 52.900000 52.200000 54.200000 51.800000 7983.000000 367.000000 2062.000000 
2015/12/07 3105.TW 1.000000 1.000000 -1.000000 52.700000 52.700000 53.600000 52.400000 5551.000000 595.000000 675.000000 
2015/12/08 3105.TW 1.000000 1.000000 -1.000000 53.500000 51.900000 53.600000 51.500000 4212.000000 942.000000 82.000000 
2015/12/09 3105.TW 1.000000 1.000000 -1.000000 52.200000 50.800000 52.400000 49.800000 6589.000000 1336.000000 245.000000 
2015/12/10 3105.TW 1.000000 1.000000 -1.000000 50.900000 49.900000 51.000000 49.150000 7056.000000 1996.000000 1677.000000 
2015/12/11 3105.TW 1.000000 1.000000 -1.000000 50.400000 48.500000 50.600000 48.500000 4367.000000 591.000000 209.000000 
2015/12/14 3105.TW 1.000000 1.000000 -1.000000 46.000000 48.000000 48.250000 45.950000 6764.000000 1894.000000 2395.000000 
2015/12/15 3105.TW -1.000000 1.000000 -1.000000 48.100000 48.000000 48.500000 46.600000 7458.000000 2104.000000 632.000000 
2015/12/16 3105.TW 1.000000 1.000000 -1.000000 48.600000 48.500000 49.100000 47.600000 5095.000000 1779.000000 1673.000000 
2015/12/17 3105.TW 1.000000 1.000000 -1.000000 49.000000 51.000000 52.200000 48.950000 10389.000000 1238.000000 2900.000000 
2015/12/18 3105.TW 1.000000 1.000000 -1.000000 50.300000 50.200000 51.700000 49.500000 7995.000000 920.000000 2800.000000 
2015/12/21 3105.TW 1.000000 1.000000 -1.000000 49.700000 51.300000 51.500000 49.550000 5031.000000 1274.000000 319.000000 
2015/12/22 3105.TW 1.000000 1.000000 -1.000000 51.700000 50.100000 53.000000 50.100000 9251.000000 426.000000 3485.000000 
2015/12/23 3105.TW -1.000000 1.000000 -1.000000 50.400000 50.600000 50.900000 49.900000 3548.000000 1570.000000 253.000000 
2015/12/24 3105.TW -1.000000 1.000000 -1.000000 51.000000 49.350000 51.400000 49.350000 3538.000000 331.000000 925.000000 
2015/12/25 3105.TW -1.000000 1.000000 -1.000000 49.750000 50.400000 50.400000 48.600000 3223.000000 485.000000 238.000000 
2015/12/28 3105.TW -1.000000 1.000000 -1.000000 50.600000 50.200000 51.100000 49.950000 2462.000000 87.000000 911.000000 
2015/12/29 3105.TW -1.000000 1.000000 -1.000000 49.800000 50.000000 50.200000 49.650000 1277.000000 99.000000 366.000000 
2015/12/30 3105.TW -1.000000 1.000000 -1.000000 50.300000 50.200000 51.200000 50.200000 3061.000000 173.000000 532.000000 
2015/12/31 3105.TW -1.000000 1.000000 -1.000000 50.200000 49.550000 50.600000 49.100000 4526.000000 302.000000 744.000000 
2016/01/04 3105.TW -1.000000 1.000000 -1.000000 49.500000 49.150000 49.550000 48.400000 5501.000000 1256.000000 263.000000 
2016/01/05 3105.TW -1.000000 1.000000 -1.000000 49.550000 51.900000 52.500000 49.550000 12999.000000 3308.000000 456.000000 
2016/01/06 3105.TW 1.000000 1.000000 1.000000 52.700000 53.200000 54.200000 51.600000 20929.000000 1865.000000 3494.000000 
2016/01/07 3105.TW -1.000000 1.000000 1.000000 52.300000 49.300000 52.900000 49.300000 18118.000000 1651.000000 7514.000000 
2016/01/08 3105.TW 1.000000 1.000000 -1.000000 48.500000 50.100000 50.500000 48.500000 9727.000000 1302.000000 2381.000000 
2016/01/11 3105.TW -1.000000 1.000000 -1.000000 49.300000 47.800000 49.350000 46.500000 12352.000000 1483.000000 2263.000000 
2016/01/12 3105.TW -1.000000 1.000000 -1.000000 48.300000 47.100000 49.450000 46.800000 9165.000000 1269.000000 549.000000 
2016/01/13 3105.TW -1.000000 1.000000 -1.000000 48.200000 47.500000 48.500000 46.400000 8046.000000 2483.000000 1877.000000 
2016/01/14 3105.TW -1.000000 1.000000 -1.000000 45.100000 46.300000 46.850000 44.500000 10674.000000 1713.000000 3323.000000 
2016/01/15 3105.TW -1.000000 1.000000 -1.000000 47.200000 46.250000 47.450000 45.800000 6125.000000 1601.000000 1857.000000 
2016/01/18 3105.TW -1.000000 1.000000 -1.000000 44.550000 49.100000 50.000000 44.550000 7648.000000 2540.000000 928.000000 
2016/01/19 3105.TW -1.000000 1.000000 1.000000 49.300000 50.400000 51.000000 48.250000 7989.000000 898.000000 1739.000000 
2016/01/20 3105.TW -1.000000 1.000000 1.000000 50.400000 48.500000 50.400000 48.050000 5705.000000 1178.000000 1492.000000 
2016/01/21 3105.TW -1.000000 1.000000 1.000000 49.000000 49.950000 51.500000 48.700000 7605.000000 1280.000000 1511.000000 
2016/01/22 3105.TW 1.000000 1.000000 1.000000 50.500000 49.950000 51.400000 49.950000 5030.000000 336.000000 1535.000000 
2016/01/25 3105.TW 1.000000 1.000000 1.000000 50.700000 51.900000 52.300000 50.500000 6947.000000 1589.000000 994.000000 
2016/01/26 3105.TW 1.000000 1.000000 1.000000 51.700000 53.400000 54.000000 51.300000 10871.000000 763.000000 1012.000000 
2016/01/27 3105.TW 1.000000 1.000000 1.000000 53.500000 54.000000 55.400000 53.500000 13001.000000 602.000000 1445.000000 
2016/01/28 3105.TW 1.000000 1.000000 1.000000 53.000000 55.000000 55.000000 52.500000 9300.000000 1839.000000 2252.000000 
2016/01/29 3105.TW 1.000000 1.000000 1.000000 54.000000 52.100000 55.000000 51.500000 21223.000000 3381.000000 2317.000000 
2016/01/30 3105.TW 1.000000 1.000000 1.000000 52.400000 53.100000 53.700000 52.300000 8905.000000 33.000000 0.000000 
2016/02/01 3105.TW 1.000000 1.000000 1.000000 53.800000 53.600000 54.800000 53.500000 11940.000000 1929.000000 291.000000 
2016/02/02 3105.TW -1.000000 1.000000 1.000000 54.000000 53.000000 54.200000 52.700000 6701.000000 2273.000000 1603.000000 
2016/02/03 3105.TW 1.000000 1.000000 1.000000 52.500000 53.400000 53.900000 52.500000 4750.000000 1364.000000 630.000000 
2016/02/15 3105.TW 1.000000 1.000000 1.000000 53.500000 53.100000 55.500000 52.500000 8053.000000 1175.000000 3077.000000 
2016/02/16 3105.TW 1.000000 1.000000 1.000000 53.100000 55.000000 55.000000 52.800000 5795.000000 1388.000000 851.000000 
2016/02/17 3105.TW 1.000000 1.000000 1.000000 55.400000 54.600000 55.500000 53.900000 4662.000000 726.000000 1493.000000 
2016/02/18 3105.TW 1.000000 1.000000 1.000000 54.900000 53.800000 55.000000 53.400000 5746.000000 389.000000 1761.000000 
2016/02/19 3105.TW 1.000000 1.000000 1.000000 54.200000 54.300000 55.100000 53.500000 6947.000000 1772.000000 1550.000000 
2016/02/22 3105.TW 1.000000 1.000000 1.000000 54.300000 54.000000 54.700000 53.600000 2952.000000 997.000000 1149.000000 
2016/02/23 3105.TW 1.000000 1.000000 -1.000000 54.400000 54.100000 54.900000 54.000000 3970.000000 898.000000 976.000000 
2016/02/24 3105.TW 1.000000 1.000000 -1.000000 54.100000 52.700000 54.500000 52.500000 4312.000000 630.000000 1217.000000 
2016/02/25 3105.TW 1.000000 1.000000 -1.000000 53.200000 53.300000 53.400000 52.800000 2177.000000 1015.000000 389.000000 
2016/02/26 3105.TW 1.000000 1.000000 -1.000000 53.900000 54.100000 54.400000 53.600000 3224.000000 613.000000 474.000000 
2016/03/01 3105.TW 1.000000 1.000000 1.000000 54.400000 59.500000 59.500000 54.200000 21637.000000 3762.000000 2376.000000 
2016/03/02 3105.TW 1.000000 1.000000 1.000000 61.400000 60.100000 62.300000 60.100000 18071.000000 1741.000000 3040.000000 
2016/03/03 3105.TW 1.000000 1.000000 1.000000 59.500000 59.000000 60.000000 58.100000 8158.000000 1651.000000 1889.000000 
2016/03/04 3105.TW 1.000000 1.000000 1.000000 59.200000 59.000000 60.200000 58.400000 6346.000000 1534.000000 2302.000000 
2016/03/07 3105.TW 1.000000 1.000000 1.000000 59.000000 59.400000 59.400000 58.200000 4900.000000 2132.000000 1551.000000 
2016/03/08 3105.TW 1.000000 1.000000 1.000000 60.800000 58.600000 61.600000 58.600000 11288.000000 2432.000000 4214.000000 
2016/03/09 3105.TW 1.000000 1.000000 1.000000 58.600000 60.900000 61.000000 57.600000 9527.000000 1742.000000 2524.000000 
2016/03/10 3105.TW 1.000000 1.000000 1.000000 59.800000 59.500000 60.200000 59.100000 5198.000000 181.000000 2235.000000 
2016/03/11 3105.TW 1.000000 1.000000 -1.000000 58.800000 58.100000 59.000000 57.800000 7190.000000 593.000000 1255.000000 
2016/03/14 3105.TW 1.000000 1.000000 -1.000000 59.000000 58.700000 59.500000 58.400000 3938.000000 1171.000000 425.000000 
2016/03/15 3105.TW 1.000000 1.000000 -1.000000 59.300000 58.400000 60.000000 58.100000 6127.000000 2786.000000 562.000000 
2016/03/16 3105.TW 1.000000 1.000000 -1.000000 58.900000 59.900000 60.300000 58.100000 6366.000000 1802.000000 700.000000 
2016/03/17 3105.TW 1.000000 1.000000 1.000000 60.800000 62.000000 62.300000 60.200000 14655.000000 5083.000000 1424.000000 
2016/03/18 3105.TW 1.000000 1.000000 1.000000 60.400000 60.000000 60.700000 58.800000 11539.000000 2251.000000 2146.000000 
2016/03/21 3105.TW 1.000000 1.000000 1.000000 60.600000 62.500000 62.900000 59.600000 8072.000000 2309.000000 750.000000 
2016/03/22 3105.TW 1.000000 1.000000 1.000000 64.200000 64.800000 68.000000 63.600000 17266.000000 3523.000000 2655.000000 
2016/03/23 3105.TW 1.000000 1.000000 1.000000 64.200000 66.400000 67.500000 63.900000 13676.000000 1164.000000 2275.000000 
2016/03/24 3105.TW 1.000000 1.000000 1.000000 65.800000 67.000000 67.000000 64.800000 7550.000000 1038.000000 1993.000000 
2016/03/25 3105.TW 1.000000 1.000000 1.000000 67.400000 65.900000 68.800000 65.600000 6876.000000 132.000000 527.000000 
2016/03/28 3105.TW 1.000000 1.000000 1.000000 65.900000 65.700000 66.100000 64.900000 3702.000000 1128.000000 233.000000 
2016/03/29 3105.TW 1.000000 1.000000 1.000000 65.700000 64.300000 66.500000 63.400000 7278.000000 1835.000000 729.000000 
2016/03/30 3105.TW 1.000000 1.000000 -1.000000 65.500000 64.500000 65.700000 64.500000 4800.000000 1392.000000 1132.000000 
2016/03/31 3105.TW 1.000000 1.000000 -1.000000 64.800000 63.800000 65.000000 63.800000 4528.000000 1731.000000 1163.000000 
2016/04/01 3105.TW 1.000000 1.000000 -1.000000 63.700000 64.600000 65.300000 63.000000 5640.000000 2305.000000 1339.000000 
2016/04/06 3105.TW 1.000000 1.000000 -1.000000 64.900000 65.300000 66.000000 64.000000 5275.000000 2335.000000 1607.000000 
2016/04/07 3105.TW 1.000000 1.000000 -1.000000 66.500000 66.100000 67.000000 65.700000 7787.000000 1787.000000 1231.000000 
2016/04/08 3105.TW 1.000000 1.000000 1.000000 66.100000 66.100000 67.200000 65.800000 5963.000000 2375.000000 1910.000000 
2016/04/11 3105.TW 1.000000 1.000000 1.000000 66.700000 67.000000 67.800000 66.300000 5039.000000 1120.000000 723.000000 
2016/04/12 3105.TW 1.000000 1.000000 -1.000000 66.900000 64.000000 67.000000 64.000000 10147.000000 2149.000000 3206.000000 
2016/04/13 3105.TW 1.000000 1.000000 -1.000000 64.400000 63.900000 64.700000 63.300000 5186.000000 962.000000 1644.000000 
2016/04/14 3105.TW 1.000000 1.000000 -1.000000 64.900000 63.000000 64.900000 62.500000 9311.000000 2065.000000 1771.000000 
2016/04/15 3105.TW 1.000000 1.000000 -1.000000 62.400000 60.600000 62.500000 59.600000 11287.000000 2242.000000 2809.000000 
2016/04/18 3105.TW -1.000000 1.000000 -1.000000 59.800000 61.500000 61.500000 59.800000 7519.000000 2981.000000 1669.000000 
2016/04/19 3105.TW -1.000000 1.000000 -1.000000 61.500000 59.800000 62.200000 59.800000 6626.000000 792.000000 608.000000 
2016/04/20 3105.TW -1.000000 1.000000 -1.000000 60.400000 59.600000 60.400000 58.500000 6496.000000 2716.000000 492.000000 
2016/04/21 3105.TW -1.000000 1.000000 -1.000000 60.900000 62.400000 62.400000 60.800000 8484.000000 3537.000000 1428.000000 
2016/04/22 3105.TW -1.000000 1.000000 -1.000000 62.300000 60.800000 63.300000 60.500000 9783.000000 4054.000000 3419.000000 
2016/04/25 3105.TW -1.000000 1.000000 -1.000000 60.800000 64.200000 65.000000 60.700000 10119.000000 2988.000000 2026.000000 
2016/04/26 3105.TW -1.000000 1.000000 1.000000 63.800000 65.500000 66.000000 63.800000 8496.000000 1707.000000 2379.000000 
2016/04/27 3105.TW -1.000000 1.000000 1.000000 65.100000 64.500000 65.400000 62.600000 10298.000000 1657.000000 3793.000000 
2016/04/28 3105.TW -1.000000 1.000000 -1.000000 65.500000 63.100000 65.500000 63.000000 9816.000000 2519.000000 2357.000000 
2016/04/29 3105.TW -1.000000 1.000000 -1.000000 62.500000 61.000000 62.600000 60.500000 7013.000000 2176.000000 2636.000000 
2016/05/03 3105.TW -1.000000 1.000000 -1.000000 60.100000 60.700000 61.300000 59.600000 5445.000000 1807.000000 2021.000000 
2016/05/04 3105.TW -1.000000 1.000000 -1.000000 60.200000 60.100000 61.600000 59.700000 5606.000000 1866.000000 1996.000000 
2016/05/05 3105.TW -1.000000 1.000000 -1.000000 60.600000 61.200000 62.300000 60.500000 7481.000000 1998.000000 1255.000000 
2016/05/06 3105.TW -1.000000 1.000000 -1.000000 61.200000 60.000000 61.600000 59.800000 7508.000000 1665.000000 2404.000000 
2016/05/09 3105.TW -1.000000 1.000000 -1.000000 60.400000 58.000000 60.900000 58.000000 9693.000000 2346.000000 3228.000000 
2016/05/10 3105.TW -1.000000 1.000000 -1.000000 57.700000 59.500000 59.600000 57.400000 5523.000000 2061.000000 1014.000000 
2016/05/11 3105.TW -1.000000 1.000000 -1.000000 60.100000 59.100000 60.800000 59.100000 5281.000000 1204.000000 732.000000 
2016/05/12 3105.TW -1.000000 1.000000 -1.000000 59.000000 57.700000 59.800000 57.300000 4361.000000 790.000000 1289.000000 
2016/05/13 3105.TW -1.000000 1.000000 -1.000000 60.300000 60.200000 60.300000 59.000000 7876.000000 3516.000000 2416.000000 
2016/05/16 3105.TW -1.000000 1.000000 -1.000000 60.500000 60.200000 60.600000 59.200000 3361.000000 962.000000 1595.000000 
2016/05/17 3105.TW 1.000000 1.000000 1.000000 61.000000 64.400000 65.000000 60.900000 13863.000000 5536.000000 2590.000000 
2016/05/18 3105.TW 1.000000 1.000000 1.000000 63.900000 65.300000 65.800000 63.000000 8274.000000 2793.000000 2443.000000 
2016/05/19 3105.TW 1.000000 1.000000 1.000000 65.000000 63.000000 65.300000 62.800000 6682.000000 111.000000 2518.000000 
2016/05/20 3105.TW -1.000000 1.000000 1.000000 62.900000 61.500000 63.400000 61.100000 10315.000000 671.000000 5189.000000 
2016/05/23 3105.TW 1.000000 1.000000 1.000000 61.500000 63.400000 63.500000 60.600000 7001.000000 1482.000000 862.000000 
2016/05/24 3105.TW -1.000000 1.000000 1.000000 63.300000 62.600000 63.300000 62.300000 4256.000000 683.000000 1771.000000 
2016/05/25 3105.TW -1.000000 1.000000 1.000000 63.200000 63.300000 63.900000 62.700000 5967.000000 2141.000000 1562.000000 
2016/05/26 3105.TW -1.000000 1.000000 1.000000 63.200000 62.700000 63.700000 62.500000 4564.000000 658.000000 1956.000000 
2016/05/27 3105.TW 1.000000 1.000000 1.000000 63.000000 64.400000 65.800000 62.800000 9133.000000 1040.000000 1473.000000 
2016/05/30 3105.TW 1.000000 1.000000 1.000000 65.000000 64.700000 65.400000 64.700000 5031.000000 715.000000 707.000000 
2016/05/31 3105.TW 1.000000 1.000000 1.000000 65.000000 64.200000 65.100000 63.300000 5323.000000 658.000000 1288.000000 
2016/06/01 3105.TW 1.000000 1.000000 1.000000 64.400000 65.500000 65.900000 64.300000 6691.000000 1469.000000 705.000000 
2016/06/02 3105.TW 1.000000 1.000000 1.000000 65.400000 65.100000 65.600000 64.900000 4231.000000 696.000000 1396.000000 
2016/06/03 3105.TW 1.000000 1.000000 1.000000 66.300000 64.800000 67.900000 64.800000 9408.000000 1126.000000 1840.000000 
2016/06/04 3105.TW 1.000000 1.000000 1.000000 65.600000 65.300000 66.000000 64.600000 2502.000000 1.000000 0.000000 
2016/06/06 3105.TW 1.000000 1.000000 1.000000 66.500000 65.900000 67.400000 65.600000 7085.000000 1334.000000 877.000000 
2016/06/07 3105.TW 1.000000 1.000000 1.000000 65.500000 65.200000 66.200000 64.600000 5815.000000 1014.000000 1216.000000 
2016/06/08 3105.TW 1.000000 1.000000 -1.000000 65.100000 64.900000 65.600000 64.200000 5509.000000 2865.000000 1367.000000 
2016/06/13 3105.TW 1.000000 1.000000 1.000000 64.900000 66.900000 67.000000 64.400000 11645.000000 8463.000000 949.000000 
2016/06/14 3105.TW 1.000000 1.000000 1.000000 66.900000 67.600000 67.600000 65.800000 7575.000000 3327.000000 3090.000000 
2016/06/15 3105.TW 1.000000 1.000000 1.000000 68.000000 68.000000 69.300000 67.500000 6121.000000 1756.000000 1034.000000 
2016/06/16 3105.TW 1.000000 1.000000 1.000000 68.000000 68.200000 68.800000 67.300000 5005.000000 2788.000000 1078.000000 
2016/06/17 3105.TW 1.000000 1.000000 1.000000 68.800000 67.500000 68.800000 67.300000 3144.000000 478.000000 1005.000000 
2016/06/20 3105.TW 1.000000 1.000000 1.000000 67.500000 67.200000 67.700000 66.500000 2484.000000 465.000000 694.000000 
2016/06/21 3105.TW 1.000000 1.000000 -1.000000 67.200000 67.300000 67.400000 66.400000 3072.000000 1154.000000 600.000000 
2016/06/22 3105.TW 1.000000 1.000000 -1.000000 67.300000 67.300000 67.700000 66.500000 2623.000000 506.000000 921.000000 
2016/06/23 3105.TW 1.000000 1.000000 -1.000000 67.000000 67.200000 67.400000 66.300000 3520.000000 1000.000000 697.000000 
2016/06/24 3105.TW 1.000000 -1.000000 -1.000000 66.900000 62.800000 66.900000 60.500000 11474.000000 1346.000000 2019.000000 
2016/06/27 3105.TW -1.000000 -1.000000 -1.000000 61.900000 62.500000 63.100000 61.900000 4522.000000 788.000000 1383.000000 
2016/06/28 3105.TW -1.000000 -1.000000 -1.000000 61.900000 63.800000 63.800000 61.500000 2846.000000 845.000000 540.000000 
2016/06/29 3105.TW 1.000000 1.000000 -1.000000 64.300000 65.700000 65.700000 63.800000 4946.000000 2583.000000 1735.000000 
2016/06/30 3105.TW -1.000000 1.000000 -1.000000 65.800000 65.300000 66.600000 64.800000 5209.000000 1111.000000 1666.000000 
2016/07/01 3105.TW 1.000000 1.000000 -1.000000 66.100000 65.500000 66.100000 65.000000 2813.000000 1351.000000 1110.000000 
2016/07/04 3105.TW 1.000000 1.000000 1.000000 65.700000 67.000000 67.000000 65.300000 4500.000000 1583.000000 608.000000 
2016/07/05 3105.TW 1.000000 1.000000 1.000000 66.200000 66.200000 67.000000 66.200000 2858.000000 202.000000 1622.000000 
2016/07/06 3105.TW -1.000000 -1.000000 -1.000000 66.000000 61.900000 66.000000 61.800000 9692.000000 885.000000 5326.000000 
2016/07/07 3105.TW -1.000000 -1.000000 -1.000000 62.500000 61.100000 63.300000 60.800000 7400.000000 1252.000000 3640.000000 
2016/07/11 3105.TW -1.000000 -1.000000 -1.000000 61.400000 63.300000 63.300000 61.400000 10483.000000 6582.000000 4763.000000 
2016/07/12 3105.TW -1.000000 1.000000 -1.000000 63.500000 63.300000 63.800000 62.500000 3811.000000 2080.000000 1456.000000 
2016/07/13 3105.TW -1.000000 1.000000 -1.000000 63.900000 64.500000 64.500000 63.400000 4574.000000 3209.000000 1035.000000 
2016/07/14 3105.TW -1.000000 1.000000 -1.000000 64.000000 62.700000 64.300000 62.700000 4888.000000 482.000000 2033.000000 
2016/07/15 3105.TW -1.000000 1.000000 -1.000000 63.000000 61.300000 63.100000 61.100000 11689.000000 619.000000 5353.000000 
2016/07/18 3105.TW -1.000000 0.000000 -1.000000 61.100000 59.600000 61.300000 59.200000 11059.000000 1880.000000 1447.000000 
2016/07/19 3105.TW -1.000000 -1.000000 -1.000000 59.600000 58.600000 60.300000 58.200000 10660.000000 2396.000000 2759.000000 
2016/07/20 3105.TW -1.000000 -1.000000 -1.000000 58.300000 57.500000 58.600000 57.300000 9844.000000 2492.000000 2379.000000 
2016/07/21 3105.TW -1.000000 -1.000000 -1.000000 59.000000 60.800000 60.900000 58.900000 13530.000000 5953.000000 1942.000000 
2016/07/22 3105.TW -1.000000 -1.000000 -1.000000 61.300000 59.300000 61.900000 59.100000 9101.000000 1050.000000 2038.000000 
2016/07/25 3105.TW -1.000000 -1.000000 -1.000000 59.500000 58.300000 60.200000 57.500000 11610.000000 1174.000000 4872.000000 
2016/07/26 3105.TW -1.000000 -1.000000 -1.000000 58.900000 59.200000 59.900000 58.400000 12717.000000 2170.000000 1755.000000 
2016/07/27 3105.TW -1.000000 -1.000000 -1.000000 60.100000 59.300000 60.700000 59.300000 8736.000000 1740.000000 1081.000000 
2016/07/28 3105.TW -1.000000 -1.000000 -1.000000 59.600000 58.500000 59.800000 58.100000 6289.000000 930.000000 455.000000 
2016/07/29 3105.TW -1.000000 -1.000000 -1.000000 58.700000 58.500000 59.000000 58.000000 4027.000000 897.000000 888.000000 
2016/08/01 3105.TW -1.000000 -1.000000 -1.000000 59.000000 60.500000 60.500000 58.700000 7799.000000 2936.000000 880.000000 
2016/08/02 3105.TW -1.000000 1.000000 1.000000 60.700000 61.100000 61.500000 60.500000 6943.000000 2390.000000 569.000000 
2016/08/03 3105.TW -1.000000 1.000000 1.000000 60.500000 61.300000 61.400000 59.800000 5132.000000 2782.000000 857.000000 
2016/08/04 3105.TW -1.000000 1.000000 1.000000 61.300000 60.700000 61.400000 60.500000 4850.000000 1146.000000 1662.000000 
2016/08/05 3105.TW 1.000000 1.000000 1.000000 62.200000 61.800000 62.200000 61.300000 9920.000000 4908.000000 968.000000 
2016/08/08 3105.TW -1.000000 1.000000 1.000000 62.600000 62.500000 62.800000 62.100000 8437.000000 4724.000000 934.000000 
2016/08/09 3105.TW -1.000000 1.000000 1.000000 63.100000 63.100000 64.000000 62.800000 11865.000000 7880.000000 1760.000000 
2016/08/10 3105.TW -1.000000 1.000000 1.000000 64.000000 64.000000 64.500000 63.200000 9447.000000 5139.000000 1115.000000 
2016/08/11 3105.TW 1.000000 -1.000000 1.000000 64.000000 63.400000 64.000000 62.500000 6820.000000 4513.000000 1605.000000 
2016/08/12 3105.TW 1.000000 -1.000000 1.000000 63.600000 61.800000 63.800000 61.400000 8323.000000 3732.000000 2740.000000 
2016/08/15 3105.TW 1.000000 -1.000000 1.000000 62.600000 62.200000 62.700000 61.800000 2754.000000 1168.000000 394.000000 
2016/08/16 3105.TW 1.000000 1.000000 1.000000 62.600000 62.400000 62.700000 61.600000 2135.000000 988.000000 236.000000 
2016/08/17 3105.TW 1.000000 0.000000 1.000000 62.500000 63.400000 63.900000 62.000000 5149.000000 1988.000000 632.000000 
2016/08/18 3105.TW 1.000000 1.000000 1.000000 63.400000 63.000000 63.900000 62.700000 2905.000000 1350.000000 1330.000000 
2016/08/19 3105.TW 1.000000 -1.000000 1.000000 63.000000 62.500000 63.400000 62.100000 3277.000000 1320.000000 760.000000 
2016/08/22 3105.TW 1.000000 -1.000000 1.000000 62.300000 61.800000 62.400000 61.400000 3215.000000 1388.000000 1160.000000 
2016/08/23 3105.TW 1.000000 -1.000000 -1.000000 61.900000 61.800000 62.100000 61.600000 2064.000000 961.000000 685.000000 
2016/08/24 3105.TW 1.000000 -1.000000 1.000000 61.900000 62.600000 62.900000 61.700000 5871.000000 1155.000000 874.000000 
2016/08/25 3105.TW 1.000000 -1.000000 1.000000 62.600000 62.000000 62.600000 61.900000 2241.000000 468.000000 165.000000 
2016/08/26 3105.TW 1.000000 -1.000000 -1.000000 61.500000 60.700000 61.500000 60.000000 8911.000000 3394.000000 975.000000 
2016/08/29 3105.TW 1.000000 -1.000000 -1.000000 60.700000 61.900000 61.900000 60.700000 4606.000000 2938.000000 181.000000 
2016/08/30 3105.TW 1.000000 -1.000000 1.000000 62.300000 63.100000 63.500000 62.100000 5894.000000 1430.000000 119.000000 
2016/08/31 3105.TW 1.000000 -1.000000 1.000000 63.000000 63.700000 63.700000 62.700000 5044.000000 2711.000000 440.000000 
2016/09/01 3105.TW 1.000000 -1.000000 1.000000 63.900000 63.400000 64.300000 63.000000 4771.000000 2366.000000 449.000000 
2016/09/02 3105.TW 1.000000 -1.000000 1.000000 63.300000 62.400000 63.500000 62.100000 2782.000000 1085.000000 814.000000 
2016/09/05 3105.TW -1.000000 -1.000000 -1.000000 59.000000 57.500000 59.200000 56.200000 17066.000000 4311.000000 1949.000000 
2016/09/06 3105.TW -1.000000 -1.000000 -1.000000 58.000000 60.400000 60.400000 57.900000 5839.000000 2545.000000 1252.000000 
2016/09/07 3105.TW -1.000000 -1.000000 -1.000000 60.500000 60.000000 60.900000 59.600000 4026.000000 2347.000000 983.000000 
2016/09/08 3105.TW -1.000000 -1.000000 -1.000000 60.000000 60.000000 60.600000 59.600000 2320.000000 1155.000000 501.000000 
2016/09/09 3105.TW -1.000000 -1.000000 -1.000000 59.800000 59.000000 60.300000 59.000000 4134.000000 819.000000 1794.000000 
2016/09/23 3105.TW 1.000000 1.000000 1.000000 83.200000 81.200000 84.500000 81.000000 5190.000000 1001.000000 1898.000000 
2016/09/26 3105.TW 1.000000 1.000000 1.000000 81.300000 83.900000 84.000000 81.300000 4353.000000 1968.000000 741.000000 
2016/09/29 3105.TW 1.000000 1.000000 1.000000 84.800000 92.100000 92.100000 84.800000 10791.000000 3323.000000 2506.000000 
2016/09/30 3105.TW 1.000000 1.000000 1.000000 92.800000 92.000000 93.900000 90.200000 6538.000000 2384.000000 1731.000000 
2016/10/03 3105.TW 1.000000 1.000000 1.000000 92.400000 91.000000 94.000000 91.000000 4417.000000 1037.000000 1410.000000 
2016/10/04 3105.TW 1.000000 1.000000 1.000000 93.000000 92.000000 93.000000 91.300000 3163.000000 875.000000 956.000000 
2016/10/05 3105.TW 1.000000 1.000000 1.000000 91.500000 91.000000 92.300000 90.700000 3584.000000 655.000000 292.000000 
2016/10/06 3105.TW 1.000000 1.000000 1.000000 92.000000 90.900000 92.500000 90.900000 2113.000000 867.000000 459.000000 
2016/10/07 3105.TW 1.000000 1.000000 1.000000 92.100000 90.600000 92.100000 89.500000 3333.000000 1633.000000 497.000000 
2016/10/11 3105.TW 1.000000 1.000000 1.000000 91.400000 92.700000 93.800000 89.700000 3064.000000 1687.000000 146.000000 
2016/10/12 3105.TW 1.000000 1.000000 1.000000 91.600000 92.700000 93.000000 90.900000 2139.000000 1360.000000 328.000000 
2016/10/13 3105.TW 1.000000 1.000000 1.000000 93.000000 92.500000 93.500000 92.100000 1873.000000 1332.000000 623.000000 
2016/10/14 3105.TW 1.000000 1.000000 1.000000 92.000000 91.200000 92.900000 91.000000 1532.000000 890.000000 337.000000 
2016/10/17 3105.TW 1.000000 1.000000 -1.000000 91.500000 91.100000 91.700000 90.500000 811.000000 328.000000 258.000000 
2016/10/18 3105.TW 1.000000 1.000000 -1.000000 91.500000 92.000000 92.200000 90.800000 1235.000000 426.000000 362.000000 
2016/10/19 3105.TW 1.000000 1.000000 -1.000000 92.000000 92.600000 93.300000 91.600000 1797.000000 613.000000 389.000000 
2016/10/20 3105.TW 1.000000 1.000000 -1.000000 92.600000 92.000000 93.500000 92.000000 1584.000000 863.000000 520.000000 
2016/10/21 3105.TW 1.000000 1.000000 -1.000000 92.200000 93.000000 93.000000 91.600000 1586.000000 1177.000000 341.000000 
2016/10/24 3105.TW 1.000000 1.000000 -1.000000 93.000000 92.400000 93.000000 91.700000 2054.000000 896.000000 712.000000 
2016/10/25 3105.TW 1.000000 1.000000 -1.000000 93.000000 93.500000 93.500000 92.100000 3033.000000 1143.000000 1157.000000 
2016/10/26 3105.TW 1.000000 1.000000 -1.000000 93.500000 96.000000 97.100000 93.100000 6749.000000 2302.000000 2215.000000 
2016/10/27 3105.TW 1.000000 1.000000 -1.000000 96.000000 96.900000 97.000000 95.000000 3110.000000 1724.000000 1077.000000 
2016/10/28 3105.TW 1.000000 1.000000 -1.000000 96.800000 93.100000 96.800000 93.100000 4557.000000 2536.000000 1843.000000 
2016/10/31 3105.TW -1.000000 1.000000 -1.000000 90.500000 87.700000 90.800000 87.200000 9274.000000 3289.000000 3103.000000 
2016/11/01 3105.TW -1.000000 1.000000 -1.000000 87.500000 88.100000 88.800000 87.300000 2319.000000 617.000000 894.000000 
2016/11/02 3105.TW -1.000000 1.000000 -1.000000 87.200000 82.200000 87.200000 82.200000 4363.000000 473.000000 1028.000000 
2016/11/03 3105.TW -1.000000 1.000000 -1.000000 80.700000 81.200000 83.400000 78.200000 6428.000000 1573.000000 2943.000000 
2016/11/04 3105.TW -1.000000 1.000000 -1.000000 79.900000 80.500000 81.300000 79.500000 2534.000000 142.000000 1268.000000 
2016/11/07 3105.TW -1.000000 1.000000 -1.000000 81.200000 84.900000 85.800000 80.800000 3110.000000 476.000000 931.000000 
2016/11/08 3105.TW -1.000000 1.000000 -1.000000 84.400000 85.000000 85.300000 83.100000 3093.000000 993.000000 1224.000000 
2016/11/09 3105.TW -1.000000 1.000000 -1.000000 85.800000 81.000000 85.800000 80.700000 3678.000000 752.000000 1550.000000 
2016/11/10 3105.TW -1.000000 1.000000 -1.000000 83.600000 83.500000 85.000000 83.500000 2961.000000 914.000000 1488.000000 
2016/11/11 3105.TW -1.000000 1.000000 -1.000000 81.300000 83.000000 83.800000 80.500000 3355.000000 1327.000000 1926.000000 
2016/11/14 3105.TW -1.000000 1.000000 -1.000000 82.000000 78.800000 82.700000 78.800000 2484.000000 238.000000 1341.000000 
2016/11/15 3105.TW -1.000000 1.000000 -1.000000 78.500000 80.900000 80.900000 77.100000 2545.000000 567.000000 543.000000 
2016/11/16 3105.TW -1.000000 1.000000 -1.000000 82.600000 81.600000 83.400000 81.100000 3097.000000 999.000000 1862.000000 
2016/11/17 3105.TW -1.000000 1.000000 -1.000000 81.100000 82.400000 82.400000 81.100000 1602.000000 900.000000 697.000000 
2016/11/18 3105.TW -1.000000 1.000000 -1.000000 82.000000 82.400000 83.200000 82.000000 2316.000000 470.000000 1591.000000 
2016/11/21 3105.TW -1.000000 1.000000 -1.000000 81.700000 82.000000 82.400000 81.600000 1985.000000 1249.000000 1683.000000 
2016/11/22 3105.TW -1.000000 1.000000 -1.000000 82.500000 87.600000 87.900000 82.500000 5491.000000 1905.000000 1022.000000 
2016/11/23 3105.TW -1.000000 1.000000 1.000000 87.500000 86.400000 87.600000 85.900000 2784.000000 1350.000000 1613.000000 
2016/11/24 3105.TW -1.000000 1.000000 1.000000 86.000000 86.000000 86.500000 85.100000 1680.000000 977.000000 1156.000000 
2016/11/25 3105.TW -1.000000 1.000000 1.000000 86.800000 85.800000 87.500000 85.800000 1708.000000 880.000000 1019.000000 
2016/11/28 3105.TW -1.000000 1.000000 1.000000 85.300000 87.000000 87.500000 85.200000 2949.000000 1217.000000 1681.000000 
2016/11/29 3105.TW 1.000000 1.000000 1.000000 86.700000 92.300000 92.300000 85.000000 4088.000000 2972.000000 922.000000 
2016/11/30 3105.TW 1.000000 1.000000 1.000000 91.800000 90.700000 92.300000 90.300000 1827.000000 380.000000 679.000000 
2016/12/01 3105.TW 1.000000 1.000000 1.000000 90.300000 89.400000 91.500000 89.400000 1405.000000 245.000000 483.000000 
2016/12/02 3105.TW 1.000000 1.000000 1.000000 88.200000 89.300000 89.300000 88.100000 1186.000000 560.000000 502.000000 
2016/12/05 3105.TW 1.000000 1.000000 1.000000 89.100000 88.000000 89.100000 87.300000 2180.000000 841.000000 1708.000000 
2016/12/06 3105.TW 1.000000 1.000000 1.000000 87.400000 89.600000 89.600000 87.400000 2482.000000 1154.000000 1271.000000 
2016/12/07 3105.TW 1.000000 1.000000 1.000000 90.500000 89.000000 90.500000 88.800000 2670.000000 1324.000000 2273.000000 
2016/12/08 3105.TW 1.000000 1.000000 1.000000 89.900000 91.900000 92.700000 89.300000 3431.000000 1579.000000 544.000000 
2016/12/09 3105.TW 1.000000 1.000000 1.000000 91.000000 92.000000 92.500000 90.600000 2661.000000 862.000000 1462.000000 
2016/12/12 3105.TW 1.000000 1.000000 1.000000 92.000000 92.900000 93.000000 91.300000 2990.000000 1238.000000 338.000000 
2016/12/13 3105.TW 1.000000 1.000000 1.000000 92.200000 90.100000 92.400000 90.100000 2102.000000 763.000000 1575.000000 
2016/12/14 3105.TW 1.000000 1.000000 -1.000000 90.500000 90.600000 91.600000 90.300000 1610.000000 852.000000 648.000000 
2016/12/15 3105.TW 1.000000 1.000000 -1.000000 90.400000 90.500000 91.100000 90.200000 801.000000 364.000000 511.000000 
2016/12/16 3105.TW 1.000000 1.000000 -1.000000 90.300000 91.000000 91.500000 90.300000 2329.000000 647.000000 1284.000000 
2016/12/19 3105.TW 1.000000 1.000000 -1.000000 90.500000 89.800000 91.400000 89.300000 1867.000000 920.000000 1141.000000 
2016/12/20 3105.TW 1.000000 1.000000 -1.000000 90.000000 89.000000 90.200000 88.100000 2183.000000 976.000000 1478.000000 
2016/12/21 3105.TW 1.000000 1.000000 -1.000000 89.600000 90.100000 90.800000 89.500000 979.000000 482.000000 277.000000 
2016/12/22 3105.TW 1.000000 1.000000 -1.000000 90.100000 89.100000 90.100000 88.900000 843.000000 211.000000 385.000000 
2016/12/23 3105.TW 1.000000 -1.000000 -1.000000 88.400000 89.100000 89.500000 88.200000 621.000000 126.000000 277.000000 
2016/12/26 3105.TW 1.000000 -1.000000 -1.000000 88.800000 88.800000 89.300000 88.400000 384.000000 75.000000 228.000000 
2016/12/27 3105.TW -1.000000 -1.000000 -1.000000 89.000000 90.100000 90.400000 88.500000 925.000000 205.000000 348.000000 
2016/12/28 3105.TW -1.000000 -1.000000 -1.000000 90.500000 90.600000 91.700000 90.100000 1321.000000 325.000000 377.000000 
2016/12/29 3105.TW 1.000000 -1.000000 -1.000000 90.000000 90.800000 91.000000 89.600000 404.000000 166.000000 126.000000 
2016/12/30 3105.TW 1.000000 -1.000000 -1.000000 91.200000 90.900000 91.400000 90.500000 799.000000 207.000000 447.000000 
2017/01/03 3105.TW 1.000000 -1.000000 -1.000000 90.900000 89.500000 91.100000 89.100000 1348.000000 143.000000 504.000000 
2017/01/04 3105.TW -1.000000 -1.000000 -1.000000 90.300000 89.400000 90.300000 89.200000 625.000000 263.000000 295.000000 
2017/01/05 3105.TW 0.000000 -1.000000 -1.000000 89.500000 89.000000 89.600000 88.500000 1734.000000 330.000000 1103.000000 
2017/01/06 3105.TW -1.000000 -1.000000 -1.000000 89.000000 89.700000 89.700000 88.600000 1505.000000 823.000000 528.000000 
2017/01/09 3105.TW -1.000000 -1.000000 -1.000000 89.700000 90.000000 90.100000 89.000000 1565.000000 721.000000 862.000000 
2017/01/10 3105.TW -1.000000 -1.000000 -1.000000 89.500000 89.500000 89.700000 89.200000 1116.000000 396.000000 721.000000 
2017/01/11 3105.TW -1.000000 -1.000000 -1.000000 89.300000 88.000000 89.400000 87.100000 3443.000000 353.000000 1218.000000 
2017/01/12 3105.TW -1.000000 -1.000000 -1.000000 87.100000 87.400000 87.600000 87.100000 3255.000000 747.000000 2112.000000 
2017/01/13 3105.TW -1.000000 -1.000000 -1.000000 87.000000 87.000000 87.400000 85.700000 3923.000000 1755.000000 2826.000000 
2017/01/16 3105.TW -1.000000 -1.000000 -1.000000 87.000000 85.800000 87.200000 85.500000 2818.000000 1549.000000 1684.000000 
2017/01/17 3105.TW -1.000000 -1.000000 -1.000000 85.600000 87.300000 87.300000 84.800000 3048.000000 958.000000 1597.000000 
2017/01/18 3105.TW -1.000000 -1.000000 -1.000000 87.000000 88.700000 88.800000 87.000000 2835.000000 1055.000000 764.000000 
2017/01/19 3105.TW -1.000000 -1.000000 -1.000000 88.600000 88.400000 89.400000 87.700000 3425.000000 2150.000000 2558.000000 
2017/01/20 3105.TW -1.000000 -1.000000 -1.000000 88.400000 88.500000 88.800000 87.600000 4223.000000 2941.000000 3288.000000 
2017/01/23 3105.TW 1.000000 -1.000000 1.000000 88.700000 92.000000 92.000000 88.500000 6658.000000 3001.000000 2013.000000 
2017/01/24 3105.TW 1.000000 1.000000 1.000000 92.000000 93.800000 94.500000 91.700000 3915.000000 1805.000000 295.000000 
2017/02/02 3105.TW 1.000000 1.000000 1.000000 94.300000 96.200000 97.100000 94.300000 6797.000000 3773.000000 2846.000000 
2017/02/03 3105.TW 1.000000 1.000000 1.000000 97.000000 99.300000 103.500000 97.000000 11413.000000 4239.000000 3972.000000 
2017/02/06 3105.TW 1.000000 1.000000 1.000000 101.000000 102.000000 103.000000 100.500000 6007.000000 4437.000000 1783.000000 
2017/02/07 3105.TW 1.000000 1.000000 1.000000 102.000000 102.000000 103.000000 101.000000 5276.000000 3768.000000 2083.000000 
2017/02/08 3105.TW 1.000000 1.000000 1.000000 102.000000 102.000000 108.500000 101.000000 8959.000000 2564.000000 2970.000000 
2017/02/09 3105.TW 1.000000 1.000000 1.000000 103.000000 103.500000 106.000000 103.000000 5968.000000 2055.000000 1293.000000 
2017/02/10 3105.TW 1.000000 1.000000 1.000000 104.000000 104.500000 105.000000 103.500000 3407.000000 1490.000000 799.000000 
2017/02/13 3105.TW 1.000000 1.000000 1.000000 105.000000 114.500000 114.500000 104.000000 14383.000000 2244.000000 3356.000000 
2017/02/14 3105.TW 1.000000 1.000000 1.000000 114.000000 119.000000 122.000000 113.500000 15312.000000 6717.000000 5368.000000 
2017/02/15 3105.TW 1.000000 1.000000 1.000000 120.000000 118.000000 121.000000 115.500000 6603.000000 3367.000000 1983.000000 
2017/02/16 3105.TW 1.000000 1.000000 1.000000 118.000000 118.500000 121.000000 117.500000 5583.000000 2070.000000 1213.000000 
2017/02/17 3105.TW 1.000000 1.000000 1.000000 121.000000 130.000000 130.000000 121.000000 12191.000000 1701.000000 1783.000000 
2017/02/18 3105.TW 1.000000 1.000000 1.000000 132.000000 138.000000 141.000000 132.000000 9052.000000 159.000000 1052.000000 
2017/02/20 3105.TW 1.000000 1.000000 1.000000 129.500000 124.500000 131.000000 124.500000 11673.000000 2192.000000 3542.000000 
2017/02/21 3105.TW 1.000000 1.000000 1.000000 120.500000 122.500000 124.000000 117.500000 10532.000000 2203.000000 2481.000000 
2017/02/22 3105.TW 1.000000 1.000000 1.000000 124.000000 122.500000 126.500000 121.500000 7177.000000 902.000000 1815.000000 
2017/02/23 3105.TW 1.000000 1.000000 1.000000 125.000000 132.000000 134.500000 124.500000 16343.000000 4172.000000 1438.000000 
2017/02/24 3105.TW 1.000000 1.000000 1.000000 131.000000 130.500000 132.500000 128.500000 5719.000000 298.000000 2056.000000 
2017/03/01 3105.TW 1.000000 1.000000 1.000000 129.000000 121.000000 129.000000 120.500000 6431.000000 1273.000000 2462.000000 
2017/03/02 3105.TW 1.000000 1.000000 -1.000000 124.500000 123.500000 125.000000 118.500000 6273.000000 2402.000000 1193.000000 
2017/03/03 3105.TW 1.000000 1.000000 -1.000000 122.500000 125.000000 125.500000 121.500000 4424.000000 1310.000000 750.000000 
2017/03/06 3105.TW 1.000000 1.000000 -1.000000 124.500000 123.500000 124.500000 121.500000 2472.000000 421.000000 706.000000 
2017/03/07 3105.TW 1.000000 1.000000 -1.000000 123.500000 129.500000 131.000000 123.000000 7661.000000 2066.000000 2010.000000 
2017/03/08 3105.TW 1.000000 1.000000 -1.000000 128.000000 127.500000 128.500000 125.500000 3630.000000 485.000000 567.000000 
2017/03/09 3105.TW 1.000000 1.000000 -1.000000 127.500000 125.500000 127.500000 124.500000 2051.000000 189.000000 355.000000 
2017/03/10 3105.TW 1.000000 1.000000 -1.000000 121.000000 120.000000 122.000000 118.000000 6360.000000 990.000000 2119.000000 
2017/03/13 3105.TW 1.000000 1.000000 -1.000000 121.000000 121.500000 122.000000 119.000000 3567.000000 833.000000 725.000000 
2017/03/14 3105.TW 1.000000 1.000000 -1.000000 122.500000 122.500000 124.000000 120.500000 3984.000000 2066.000000 761.000000 
2017/03/15 3105.TW 1.000000 1.000000 -1.000000 123.500000 125.000000 127.000000 122.500000 4892.000000 1292.000000 1249.000000 
2017/03/16 3105.TW 1.000000 1.000000 -1.000000 126.000000 126.000000 131.500000 125.500000 6956.000000 732.000000 1898.000000 
2017/03/17 3105.TW 1.000000 1.000000 -1.000000 125.500000 131.000000 131.000000 125.000000 6426.000000 1913.000000 953.000000 
2017/03/20 3105.TW 1.000000 1.000000 1.000000 132.500000 137.500000 138.500000 130.500000 10227.000000 2390.000000 2839.000000 
2017/03/21 3105.TW -1.000000 1.000000 1.000000 135.500000 136.000000 137.000000 134.000000 3797.000000 1464.000000 1173.000000 
2017/03/22 3105.TW 1.000000 1.000000 1.000000 132.000000 139.000000 140.500000 131.500000 4494.000000 831.000000 1224.000000 
2017/03/23 3105.TW 1.000000 1.000000 1.000000 139.000000 132.000000 140.500000 132.000000 4758.000000 1925.000000 1307.000000 
2017/03/24 3105.TW 1.000000 1.000000 -1.000000 134.000000 133.000000 136.000000 133.000000 3221.000000 1027.000000 302.000000 
2017/03/27 3105.TW 1.000000 1.000000 1.000000 134.500000 137.000000 145.500000 132.500000 12999.000000 4467.000000 1046.000000 
2017/03/28 3105.TW 1.000000 1.000000 -1.000000 141.000000 134.500000 141.000000 128.500000 9025.000000 2454.000000 403.000000 
2017/03/29 3105.TW 1.000000 1.000000 -1.000000 136.500000 134.500000 139.500000 134.500000 4741.000000 1367.000000 250.000000 
2017/03/30 3105.TW 1.000000 1.000000 -1.000000 134.500000 133.000000 135.000000 132.000000 4401.000000 1543.000000 2221.000000 
2017/03/31 3105.TW 1.000000 1.000000 -1.000000 132.000000 135.000000 135.500000 131.000000 4072.000000 836.000000 712.000000 
2017/04/05 3105.TW 1.000000 1.000000 -1.000000 136.000000 134.500000 137.500000 134.500000 3247.000000 1770.000000 1524.000000 
2017/04/06 3105.TW 1.000000 1.000000 -1.000000 135.500000 131.000000 135.500000 131.000000 2380.000000 195.000000 636.000000 
2017/04/07 3105.TW 1.000000 1.000000 -1.000000 132.000000 134.500000 137.000000 131.000000 4012.000000 1270.000000 646.000000 
2017/04/10 3105.TW 1.000000 1.000000 -1.000000 135.500000 135.000000 137.500000 133.000000 2213.000000 197.000000 399.000000 
2017/04/11 3105.TW 1.000000 1.000000 -1.000000 135.500000 129.000000 135.500000 125.500000 4313.000000 1363.000000 784.000000 
2017/04/12 3105.TW 1.000000 1.000000 -1.000000 131.000000 125.000000 131.000000 124.500000 5243.000000 2676.000000 2290.000000 
2017/04/13 3105.TW 1.000000 1.000000 -1.000000 125.000000 125.000000 127.500000 124.500000 3244.000000 1253.000000 1876.000000 
2017/04/14 3105.TW -1.000000 1.000000 -1.000000 124.000000 123.500000 127.000000 123.500000 4149.000000 1635.000000 1793.000000 
2017/04/17 3105.TW -1.000000 1.000000 -1.000000 124.000000 123.500000 125.500000 119.000000 3489.000000 731.000000 395.000000 
2017/04/18 3105.TW -1.000000 1.000000 -1.000000 125.000000 125.000000 127.000000 124.000000 1795.000000 376.000000 987.000000 
2017/04/19 3105.TW -1.000000 1.000000 -1.000000 124.000000 127.000000 127.000000 124.000000 2288.000000 1495.000000 1253.000000 
2017/04/20 3105.TW -1.000000 1.000000 -1.000000 124.000000 123.000000 125.000000 123.000000 2112.000000 271.000000 999.000000 
2017/04/21 3105.TW -1.000000 1.000000 -1.000000 125.000000 122.000000 125.000000 122.000000 1229.000000 151.000000 709.000000 
2017/04/24 3105.TW -1.000000 1.000000 -1.000000 123.500000 123.500000 125.000000 123.000000 1351.000000 522.000000 271.000000 
2017/04/25 3105.TW -1.000000 1.000000 -1.000000 125.000000 129.000000 133.500000 124.500000 7479.000000 1849.000000 3123.000000 
2017/04/26 3105.TW -1.000000 1.000000 1.000000 128.500000 128.500000 130.500000 127.000000 3487.000000 1119.000000 1786.000000 
2017/04/27 3105.TW -1.000000 1.000000 1.000000 128.000000 130.000000 133.500000 127.000000 5181.000000 767.000000 2636.000000 
2017/04/28 3105.TW 0.000000 1.000000 1.000000 128.500000 134.500000 135.500000 127.500000 10384.000000 2064.000000 4324.000000 
2017/05/02 3105.TW -1.000000 1.000000 1.000000 132.000000 132.000000 133.000000 130.000000 4840.000000 687.000000 2210.000000 
2017/05/03 3105.TW -1.000000 1.000000 1.000000 133.500000 132.000000 134.000000 131.000000 1601.000000 167.000000 169.000000 
2017/05/04 3105.TW -1.000000 1.000000 -1.000000 131.500000 125.000000 132.000000 124.500000 5261.000000 292.000000 1226.000000 
2017/05/05 3105.TW -1.000000 1.000000 -1.000000 128.500000 123.500000 129.500000 123.000000 6522.000000 556.000000 1003.000000 
2017/05/08 3105.TW -1.000000 1.000000 -1.000000 125.000000 122.000000 126.000000 120.500000 3814.000000 1353.000000 536.000000 
2017/05/09 3105.TW -1.000000 1.000000 -1.000000 123.500000 123.500000 126.000000 122.500000 2566.000000 188.000000 342.000000 
2017/05/10 3105.TW -1.000000 1.000000 -1.000000 125.000000 124.000000 126.500000 123.000000 3396.000000 1106.000000 547.000000 
2017/05/11 3105.TW 1.000000 1.000000 -1.000000 126.000000 129.000000 129.000000 125.000000 5224.000000 1081.000000 173.000000 
2017/05/12 3105.TW 1.000000 1.000000 1.000000 129.500000 130.000000 132.000000 127.500000 4580.000000 570.000000 360.000000 
2017/05/15 3105.TW 1.000000 1.000000 1.000000 131.500000 130.000000 133.000000 130.000000 2125.000000 141.000000 149.000000 
2017/05/16 3105.TW 1.000000 1.000000 1.000000 131.500000 130.000000 131.500000 128.000000 2080.000000 516.000000 138.000000 
2017/05/17 3105.TW 1.000000 1.000000 1.000000 130.500000 129.000000 131.000000 128.000000 1158.000000 104.000000 91.000000 
2017/05/18 3105.TW 1.000000 1.000000 1.000000 127.500000 131.000000 131.500000 126.500000 1946.000000 174.000000 336.000000 
2017/05/19 3105.TW 1.000000 -1.000000 1.000000 130.000000 130.000000 131.500000 129.000000 1592.000000 165.000000 558.000000 
2017/05/22 3105.TW 1.000000 1.000000 -1.000000 129.500000 127.500000 130.500000 126.500000 2193.000000 188.000000 776.000000 
2017/05/23 3105.TW 1.000000 1.000000 -1.000000 128.000000 126.500000 128.500000 126.000000 2225.000000 177.000000 1142.000000 
2017/05/24 3105.TW -1.000000 1.000000 -1.000000 127.000000 128.000000 128.500000 126.500000 1295.000000 606.000000 334.000000 
2017/05/25 3105.TW 1.000000 -1.000000 1.000000 128.000000 131.000000 132.000000 128.000000 2797.000000 223.000000 221.000000 
2017/05/26 3105.TW 1.000000 0.000000 1.000000 130.500000 130.500000 131.000000 129.000000 1529.000000 518.000000 718.000000 
2017/05/31 3105.TW -1.000000 1.000000 1.000000 131.000000 132.000000 132.000000 129.500000 2468.000000 1461.000000 641.000000 
2017/06/01 3105.TW 1.000000 1.000000 1.000000 134.500000 134.500000 139.000000 134.000000 6980.000000 947.000000 872.000000 
2017/06/02 3105.TW 1.000000 1.000000 1.000000 135.500000 138.000000 138.000000 134.000000 2431.000000 540.000000 259.000000 
2017/06/03 3105.TW 1.000000 1.000000 1.000000 140.000000 137.000000 140.500000 136.500000 1803.000000 24.000000 0.000000 
2017/06/05 3105.TW 1.000000 1.000000 1.000000 138.000000 141.500000 142.000000 137.000000 4530.000000 1698.000000 388.000000 
2017/06/06 3105.TW 1.000000 1.000000 1.000000 143.500000 152.500000 155.000000 142.000000 14350.000000 3909.000000 1260.000000 
2017/06/07 3105.TW 1.000000 1.000000 1.000000 155.500000 152.000000 157.000000 151.000000 7474.000000 1211.000000 695.000000 
2017/06/08 3105.TW 1.000000 1.000000 1.000000 154.000000 159.000000 162.500000 153.500000 13053.000000 3608.000000 969.000000 
2017/06/09 3105.TW 1.000000 1.000000 1.000000 159.000000 160.000000 161.000000 156.500000 4914.000000 1668.000000 219.000000 
2017/06/12 3105.TW 1.000000 1.000000 1.000000 157.500000 153.000000 157.500000 152.500000 4445.000000 493.000000 725.000000 
2017/06/13 3105.TW 1.000000 1.000000 1.000000 153.000000 147.000000 154.500000 147.000000 8566.000000 2163.000000 1901.000000 
2017/06/14 3105.TW 1.000000 1.000000 -1.000000 150.000000 148.000000 151.000000 145.000000 5983.000000 1663.000000 820.000000 
2017/06/15 3105.TW 1.000000 1.000000 -1.000000 149.000000 147.000000 149.000000 145.000000 3596.000000 643.000000 381.000000 
2017/06/16 3105.TW 1.000000 1.000000 -1.000000 147.000000 150.000000 151.000000 146.500000 4905.000000 1253.000000 727.000000 
2017/06/19 3105.TW 1.000000 1.000000 -1.000000 150.500000 149.000000 152.000000 148.500000 4441.000000 824.000000 1859.000000 
2017/06/20 3105.TW 1.000000 1.000000 1.000000 150.000000 153.500000 154.500000 149.500000 5084.000000 1318.000000 512.000000 
2017/06/21 3105.TW 1.000000 1.000000 -1.000000 151.500000 150.000000 152.000000 149.000000 2817.000000 627.000000 877.000000 
2017/06/22 3105.TW 1.000000 1.000000 -1.000000 150.000000 149.500000 151.000000 147.000000 3778.000000 1382.000000 1722.000000 
2017/06/23 3105.TW 1.000000 1.000000 -1.000000 150.000000 149.000000 153.000000 149.000000 2698.000000 628.000000 330.000000 
2017/06/26 3105.TW 1.000000 1.000000 1.000000 155.000000 163.500000 163.500000 154.000000 13416.000000 3337.000000 229.000000 
2017/06/27 3105.TW 1.000000 1.000000 1.000000 165.000000 165.000000 166.000000 160.000000 8737.000000 1300.000000 1898.000000 
2017/06/28 3105.TW 1.000000 1.000000 1.000000 161.000000 158.500000 163.500000 157.000000 5932.000000 1091.000000 937.000000 
2017/06/29 3105.TW 1.000000 1.000000 1.000000 164.000000 162.000000 174.000000 158.500000 25326.000000 5578.000000 1255.000000 
2017/06/30 3105.TW 1.000000 1.000000 1.000000 162.000000 167.000000 167.000000 160.500000 8534.000000 2277.000000 676.000000 
2017/07/03 3105.TW 1.000000 1.000000 1.000000 168.000000 166.000000 169.500000 164.500000 5091.000000 944.000000 1103.000000 
2017/07/04 3105.TW 1.000000 1.000000 1.000000 167.000000 159.500000 167.000000 159.500000 4064.000000 1029.000000 1821.000000 
2017/07/05 3105.TW 1.000000 1.000000 -1.000000 160.000000 161.000000 161.000000 157.500000 3646.000000 677.000000 1289.000000 
2017/07/06 3105.TW 1.000000 1.000000 -1.000000 162.000000 160.000000 165.500000 159.000000 8385.000000 1480.000000 2389.000000 
2017/07/07 3105.TW -1.000000 1.000000 -1.000000 155.000000 156.000000 158.000000 154.500000 4540.000000 730.000000 500.000000 
2017/07/10 3105.TW 1.000000 1.000000 -1.000000 157.500000 160.000000 162.000000 156.000000 4208.000000 1244.000000 401.000000 
2017/07/11 3105.TW 1.000000 1.000000 -1.000000 161.500000 159.000000 162.500000 159.000000 3456.000000 98.000000 1001.000000 
2017/07/12 3105.TW 1.000000 1.000000 -1.000000 158.500000 166.500000 170.000000 158.000000 9230.000000 2514.000000 1243.000000 
2017/07/13 3105.TW 1.000000 1.000000 1.000000 168.000000 170.000000 173.000000 168.000000 9163.000000 2652.000000 1984.000000 
2017/07/14 3105.TW 1.000000 1.000000 1.000000 172.500000 172.500000 178.000000 169.500000 10992.000000 2209.000000 1312.000000 
2017/07/17 3105.TW 1.000000 1.000000 1.000000 175.000000 173.000000 175.500000 172.000000 3943.000000 712.000000 212.000000 
2017/07/18 3105.TW 1.000000 1.000000 1.000000 175.000000 181.000000 181.000000 173.500000 11535.000000 988.000000 2547.000000 
2017/07/19 3105.TW 1.000000 1.000000 1.000000 179.500000 180.000000 181.000000 177.500000 4131.000000 789.000000 478.000000 
2017/07/20 3105.TW 1.000000 1.000000 1.000000 181.500000 174.500000 183.000000 173.000000 8080.000000 861.000000 2917.000000 
2017/07/21 3105.TW 1.000000 1.000000 1.000000 174.500000 176.500000 178.500000 173.500000 3546.000000 576.000000 278.000000 
2017/07/24 3105.TW 1.000000 1.000000 1.000000 176.500000 178.500000 178.500000 174.000000 2278.000000 798.000000 305.000000 
2017/07/25 3105.TW 1.000000 1.000000 1.000000 180.000000 184.500000 186.000000 180.000000 6900.000000 751.000000 964.000000 
2017/07/26 3105.TW 1.000000 1.000000 1.000000 180.000000 178.500000 182.000000 178.500000 5386.000000 231.000000 1777.000000 
2017/07/27 3105.TW 1.000000 1.000000 -1.000000 179.500000 178.000000 180.500000 178.000000 2813.000000 318.000000 728.000000 
2017/07/28 3105.TW 1.000000 1.000000 -1.000000 177.500000 175.500000 177.500000 174.000000 5445.000000 1177.000000 1804.000000 
2017/07/31 3105.TW 1.000000 1.000000 -1.000000 176.500000 177.000000 180.500000 174.500000 4246.000000 714.000000 1912.000000 
2017/08/01 3105.TW 1.000000 1.000000 -1.000000 179.500000 176.000000 180.000000 175.500000 5890.000000 738.000000 1980.000000 
2017/08/02 3105.TW 1.000000 1.000000 -1.000000 179.000000 181.000000 182.000000 177.500000 8640.000000 2207.000000 3052.000000 
2017/08/03 3105.TW 1.000000 1.000000 -1.000000 180.000000 175.000000 180.000000 175.000000 5499.000000 657.000000 2837.000000 
2017/08/04 3105.TW 1.000000 1.000000 -1.000000 175.000000 170.000000 176.500000 167.500000 7946.000000 1358.000000 3800.000000 
2017/08/07 3105.TW 1.000000 1.000000 -1.000000 173.000000 177.000000 178.000000 173.000000 5715.000000 1063.000000 796.000000 
2017/08/08 3105.TW 1.000000 1.000000 -1.000000 180.000000 175.000000 182.500000 175.000000 5785.000000 1010.000000 1670.000000 
2017/08/09 3105.TW 1.000000 1.000000 -1.000000 174.500000 170.000000 174.500000 169.000000 4406.000000 609.000000 1641.000000 
2017/08/10 3105.TW -1.000000 1.000000 -1.000000 170.000000 166.500000 170.500000 164.000000 3961.000000 579.000000 470.000000 
2017/08/11 3105.TW -1.000000 1.000000 -1.000000 162.000000 170.500000 171.500000 162.000000 3299.000000 539.000000 1077.000000 
2017/08/14 3105.TW -1.000000 1.000000 -1.000000 170.000000 163.500000 170.000000 163.000000 3635.000000 348.000000 1004.000000 
2017/08/15 3105.TW -1.000000 1.000000 -1.000000 167.000000 169.500000 170.000000 166.500000 3688.000000 1392.000000 950.000000 
2017/08/16 3105.TW -1.000000 1.000000 -1.000000 168.500000 171.500000 172.500000 168.000000 3032.000000 913.000000 868.000000 
2017/08/17 3105.TW 1.000000 1.000000 -1.000000 175.000000 176.000000 177.000000 172.500000 5721.000000 2131.000000 1082.000000 
2017/08/18 3105.TW 1.000000 1.000000 1.000000 174.000000 177.500000 180.000000 172.000000 4453.000000 905.000000 469.000000 
2017/08/21 3105.TW -1.000000 1.000000 1.000000 179.000000 175.000000 179.500000 174.000000 2835.000000 531.000000 1167.000000 
2017/08/22 3105.TW -1.000000 1.000000 1.000000 177.000000 178.500000 178.500000 174.500000 2422.000000 778.000000 245.000000 
2017/08/23 3105.TW -1.000000 1.000000 1.000000 180.000000 176.000000 180.500000 176.000000 4577.000000 640.000000 890.000000 
2017/08/24 3105.TW 1.000000 1.000000 1.000000 177.000000 179.000000 180.000000 175.000000 3570.000000 644.000000 242.000000 
2017/08/25 3105.TW -1.000000 1.000000 -1.000000 177.000000 175.000000 179.000000 174.500000 4236.000000 942.000000 2387.000000 
2017/08/28 3105.TW -1.000000 1.000000 -1.000000 173.500000 168.500000 173.500000 167.500000 6968.000000 1074.000000 3498.000000 
2017/08/29 3105.TW -1.000000 1.000000 -1.000000 168.000000 172.500000 175.500000 167.000000 3595.000000 1626.000000 241.000000 
2017/08/30 3105.TW -1.000000 1.000000 -1.000000 174.000000 172.500000 174.500000 171.500000 1458.000000 326.000000 195.000000 
2017/08/31 3105.TW -1.000000 1.000000 -1.000000 174.000000 174.000000 174.500000 172.500000 1767.000000 639.000000 488.000000 
2017/09/01 3105.TW 1.000000 1.000000 -1.000000 175.500000 174.500000 176.000000 173.500000 1346.000000 315.000000 135.000000 
2017/09/04 3105.TW -1.000000 1.000000 -1.000000 174.500000 173.000000 178.000000 173.000000 2533.000000 343.000000 302.000000 
2017/09/05 3105.TW 1.000000 1.000000 -1.000000 173.000000 175.500000 176.000000 173.000000 1446.000000 292.000000 185.000000 
2017/09/06 3105.TW 1.000000 1.000000 1.000000 176.000000 175.000000 182.500000 175.000000 8118.000000 777.000000 1275.000000 
2017/09/07 3105.TW 1.000000 1.000000 -1.000000 177.000000 170.500000 178.500000 170.500000 3568.000000 485.000000 544.000000 
2017/09/08 3105.TW 1.000000 1.000000 -1.000000 172.000000 172.000000 172.500000 169.000000 2567.000000 531.000000 405.000000 
2017/09/11 3105.TW 1.000000 1.000000 -1.000000 173.500000 169.500000 173.500000 169.000000 2457.000000 369.000000 410.000000 
2017/09/12 3105.TW 1.000000 1.000000 -1.000000 173.000000 175.500000 178.000000 171.000000 3930.000000 1115.000000 619.000000 
2017/09/13 3105.TW 1.000000 1.000000 1.000000 179.500000 185.000000 187.000000 176.000000 17048.000000 3752.000000 904.000000 
2017/09/14 3105.TW 1.000000 1.000000 1.000000 190.500000 188.000000 192.500000 183.500000 13832.000000 2395.000000 1129.000000 
2017/09/15 3105.TW 1.000000 1.000000 1.000000 190.500000 194.500000 196.000000 185.500000 9068.000000 2628.000000 1369.000000 
2017/09/18 3105.TW 1.000000 1.000000 1.000000 195.000000 194.500000 199.500000 192.000000 7276.000000 1051.000000 947.000000 
2017/09/19 3105.TW 1.000000 1.000000 1.000000 196.000000 188.000000 197.000000 187.000000 5205.000000 1039.000000 1005.000000 
2017/09/20 3105.TW 1.000000 1.000000 1.000000 189.000000 189.500000 192.000000 185.500000 3288.000000 821.000000 605.000000 
2017/09/21 3105.TW 1.000000 1.000000 1.000000 189.000000 193.500000 194.500000 188.500000 3610.000000 1022.000000 1108.000000 
2017/09/22 3105.TW 1.000000 1.000000 1.000000 192.000000 187.000000 192.000000 186.000000 3463.000000 857.000000 726.000000 
2017/09/25 3105.TW 1.000000 1.000000 -1.000000 189.000000 189.000000 190.500000 182.000000 4754.000000 2150.000000 1125.000000 
2017/09/26 3105.TW 1.000000 1.000000 -1.000000 189.000000 182.500000 189.500000 182.000000 5115.000000 1470.000000 2034.000000 
2017/09/27 3105.TW 1.000000 1.000000 -1.000000 184.000000 186.500000 187.500000 184.000000 2425.000000 663.000000 517.000000 
2017/09/28 3105.TW 1.000000 1.000000 1.000000 189.500000 194.000000 196.000000 189.000000 7733.000000 2530.000000 630.000000 
2017/09/29 3105.TW 1.000000 1.000000 1.000000 195.500000 194.000000 198.500000 193.500000 6413.000000 1650.000000 671.000000 
2017/09/30 3105.TW 1.000000 1.000000 1.000000 197.500000 197.500000 201.500000 197.000000 5502.000000 0.000000 0.000000 
2017/10/02 3105.TW 1.000000 1.000000 1.000000 199.500000 198.500000 200.500000 196.500000 3762.000000 1658.000000 636.000000 
2017/10/03 3105.TW 1.000000 1.000000 1.000000 201.000000 208.000000 209.000000 201.000000 10660.000000 2340.000000 1382.000000 
2017/10/05 3105.TW 1.000000 1.000000 1.000000 209.000000 207.500000 210.000000 205.000000 5306.000000 1086.000000 2265.000000 
2017/10/06 3105.TW 1.000000 1.000000 1.000000 211.500000 210.500000 216.000000 209.000000 5821.000000 1283.000000 707.000000 
2017/10/11 3105.TW 1.000000 1.000000 1.000000 210.500000 218.000000 218.000000 209.000000 6152.000000 2689.000000 1567.000000 
2017/10/12 3105.TW 1.000000 1.000000 1.000000 222.000000 236.000000 239.500000 221.500000 12843.000000 2239.000000 1612.000000 
2017/10/13 3105.TW 1.000000 1.000000 1.000000 230.000000 233.000000 233.000000 223.000000 6655.000000 1141.000000 2136.000000 
2017/10/16 3105.TW 1.000000 1.000000 1.000000 232.500000 228.500000 234.500000 226.000000 4318.000000 673.000000 875.000000 
2017/10/17 3105.TW 1.000000 1.000000 1.000000 228.500000 229.500000 239.000000 226.500000 8375.000000 1316.000000 1321.000000 
2017/10/18 3105.TW 1.000000 1.000000 1.000000 231.000000 228.500000 233.000000 227.500000 3481.000000 634.000000 381.000000 
2017/10/19 3105.TW 1.000000 1.000000 1.000000 231.000000 234.000000 241.000000 230.500000 6404.000000 664.000000 383.000000 
2017/10/20 3105.TW 1.000000 1.000000 1.000000 232.500000 232.000000 238.500000 229.000000 3766.000000 430.000000 835.000000 
2017/10/23 3105.TW 1.000000 1.000000 1.000000 234.500000 242.000000 242.000000 232.000000 4604.000000 1524.000000 433.000000 
2017/10/24 3105.TW 1.000000 1.000000 1.000000 242.000000 250.000000 259.000000 240.000000 9017.000000 1102.000000 882.000000 
2017/10/25 3105.TW 1.000000 1.000000 1.000000 254.000000 259.000000 261.000000 251.000000 6397.000000 1863.000000 1079.000000 
2017/10/26 3105.TW 1.000000 1.000000 1.000000 257.500000 254.500000 262.500000 254.500000 5999.000000 1033.000000 2206.000000 
2017/10/27 3105.TW 1.000000 1.000000 1.000000 256.000000 233.000000 258.500000 229.500000 10553.000000 1863.000000 2101.000000 
2017/10/30 3105.TW 1.000000 1.000000 -1.000000 241.000000 240.500000 245.000000 215.000000 13947.000000 2664.000000 763.000000 
2017/10/31 3105.TW 1.000000 1.000000 -1.000000 248.500000 246.500000 249.000000 238.000000 10798.000000 2301.000000 2280.000000 
2017/11/01 3105.TW 1.000000 1.000000 1.000000 246.000000 258.000000 258.500000 244.500000 9698.000000 2403.000000 680.000000 
2017/11/02 3105.TW 1.000000 1.000000 1.000000 258.000000 263.000000 266.000000 255.000000 7725.000000 1236.000000 656.000000 
2017/11/03 3105.TW 1.000000 1.000000 1.000000 265.000000 276.500000 280.000000 264.500000 10270.000000 1155.000000 792.000000 
2017/11/06 3105.TW 1.000000 1.000000 1.000000 281.000000 261.500000 281.000000 261.000000 9634.000000 551.000000 2881.000000 
2017/11/07 3105.TW 1.000000 1.000000 1.000000 265.000000 260.000000 268.000000 256.000000 7240.000000 1168.000000 1639.000000 
2017/11/08 3105.TW 1.000000 1.000000 1.000000 263.500000 272.000000 272.000000 258.000000 6848.000000 2043.000000 808.000000 
2017/11/09 3105.TW 1.000000 1.000000 1.000000 272.000000 261.000000 278.000000 258.000000 8169.000000 1721.000000 1672.000000 
2017/11/10 3105.TW 1.000000 1.000000 -1.000000 261.000000 265.000000 267.000000 256.500000 6614.000000 1900.000000 1378.000000 
2017/11/13 3105.TW 1.000000 1.000000 -1.000000 268.000000 272.000000 275.000000 263.000000 8254.000000 1905.000000 721.000000 
2017/11/14 3105.TW 1.000000 1.000000 -1.000000 276.000000 269.000000 276.500000 265.000000 7900.000000 2462.000000 1843.000000 
2017/11/15 3105.TW 1.000000 1.000000 -1.000000 269.000000 265.000000 274.000000 265.000000 5270.000000 944.000000 1807.000000 
2017/11/16 3105.TW 1.000000 1.000000 -1.000000 265.000000 272.000000 276.500000 265.000000 8035.000000 2385.000000 1210.000000 
2017/11/17 3105.TW 1.000000 1.000000 1.000000 277.000000 293.500000 298.500000 276.000000 15244.000000 5279.000000 2516.000000 
2017/11/20 3105.TW 1.000000 1.000000 1.000000 303.000000 278.000000 303.500000 278.000000 12033.000000 1072.000000 4784.000000 
2017/11/21 3105.TW 1.000000 1.000000 1.000000 282.500000 294.500000 299.000000 279.500000 11217.000000 3440.000000 1345.000000 
2017/11/22 3105.TW 1.000000 1.000000 1.000000 293.000000 292.000000 296.000000 285.500000 13158.000000 3049.000000 3216.000000 
2017/11/23 3105.TW 1.000000 1.000000 1.000000 294.500000 288.500000 295.500000 287.000000 7986.000000 1976.000000 2775.000000 
2017/11/24 3105.TW 1.000000 1.000000 1.000000 292.000000 293.000000 300.500000 291.000000 9487.000000 1830.000000 1373.000000 
2017/11/27 3105.TW 1.000000 1.000000 1.000000 297.000000 298.000000 306.000000 296.000000 10117.000000 3654.000000 2090.000000 
2017/11/28 3105.TW 1.000000 1.000000 1.000000 301.000000 302.000000 303.000000 292.500000 6875.000000 2228.000000 1812.000000 
2017/11/29 3105.TW 1.000000 1.000000 1.000000 309.000000 315.000000 318.500000 306.000000 11518.000000 1612.000000 1282.000000 
2017/11/30 3105.TW 1.000000 1.000000 1.000000 308.500000 320.000000 320.000000 301.000000 34582.000000 26975.000000 26682.000000 
