2015/12/22 6488.TW 1.000000 1.000000 0.000000 81.200000 80.200000 83.500000 80.200000 1393.000000 161.000000 97.000000 
2015/12/23 6488.TW 1.000000 1.000000 -1.000000 81.500000 80.000000 81.700000 79.600000 559.000000 43.000000 23.000000 
2015/12/24 6488.TW 1.000000 1.000000 -1.000000 81.100000 79.900000 81.300000 79.100000 455.000000 0.000000 63.000000 
2015/12/25 6488.TW 1.000000 1.000000 -1.000000 80.400000 78.700000 80.400000 78.500000 419.000000 4.000000 134.000000 
2015/12/28 6488.TW 1.000000 1.000000 -1.000000 79.400000 78.500000 80.000000 78.100000 224.000000 14.000000 10.000000 
2015/12/29 6488.TW -1.000000 1.000000 -1.000000 78.200000 78.000000 78.700000 77.500000 269.000000 5.000000 31.000000 
2015/12/30 6488.TW -1.000000 1.000000 -1.000000 78.200000 78.100000 78.800000 77.400000 272.000000 14.000000 12.000000 
2015/12/31 6488.TW -1.000000 1.000000 -1.000000 78.400000 77.600000 78.500000 77.500000 460.000000 124.000000 62.000000 
2016/01/04 6488.TW -1.000000 1.000000 -1.000000 78.100000 76.800000 78.100000 75.700000 537.000000 180.000000 149.000000 
2016/01/05 6488.TW -1.000000 1.000000 -1.000000 76.500000 76.300000 77.100000 75.800000 345.000000 121.000000 9.000000 
2016/01/06 6488.TW -1.000000 1.000000 -1.000000 76.600000 77.000000 77.100000 75.800000 596.000000 231.000000 98.000000 
2016/01/07 6488.TW -1.000000 1.000000 -1.000000 76.500000 76.600000 77.600000 74.000000 1364.000000 400.000000 393.000000 
2016/01/08 6488.TW -1.000000 1.000000 -1.000000 76.600000 76.000000 77.100000 76.000000 379.000000 37.000000 87.000000 
2016/01/11 6488.TW -1.000000 -1.000000 -1.000000 76.000000 73.300000 76.000000 72.400000 819.000000 72.000000 266.000000 
2016/01/12 6488.TW -1.000000 -1.000000 -1.000000 73.000000 71.600000 74.000000 70.600000 666.000000 242.000000 14.000000 
2016/01/13 6488.TW -1.000000 -1.000000 -1.000000 72.600000 71.300000 73.300000 70.600000 315.000000 125.000000 108.000000 
2016/01/14 6488.TW -1.000000 -1.000000 -1.000000 70.000000 68.800000 70.700000 68.800000 463.000000 81.000000 40.000000 
2016/01/15 6488.TW -1.000000 -1.000000 -1.000000 69.100000 69.400000 70.400000 69.100000 406.000000 197.000000 42.000000 
2016/01/18 6488.TW -1.000000 -1.000000 -1.000000 68.000000 72.900000 73.200000 68.000000 503.000000 152.000000 49.000000 
2016/01/19 6488.TW -1.000000 1.000000 -1.000000 73.000000 72.200000 73.000000 71.600000 216.000000 59.000000 26.000000 
2016/01/20 6488.TW -1.000000 1.000000 1.000000 73.200000 73.500000 75.200000 72.200000 677.000000 228.000000 10.000000 
2016/01/21 6488.TW -1.000000 -1.000000 1.000000 74.300000 72.300000 74.800000 72.000000 449.000000 106.000000 43.000000 
2016/01/22 6488.TW -1.000000 1.000000 1.000000 73.100000 72.500000 73.300000 72.400000 177.000000 59.000000 44.000000 
2016/01/25 6488.TW -1.000000 1.000000 1.000000 72.700000 72.400000 73.200000 72.400000 286.000000 97.000000 142.000000 
2016/01/26 6488.TW -1.000000 1.000000 1.000000 72.500000 72.100000 72.500000 71.900000 100.000000 41.000000 20.000000 
2016/01/27 6488.TW -1.000000 -1.000000 1.000000 72.800000 72.500000 73.000000 71.900000 163.000000 48.000000 32.000000 
2016/01/28 6488.TW -1.000000 1.000000 1.000000 72.000000 72.400000 72.800000 72.000000 74.000000 23.000000 20.000000 
2016/01/29 6488.TW -1.000000 1.000000 1.000000 72.400000 72.800000 72.800000 72.000000 195.000000 17.000000 36.000000 
2016/01/30 6488.TW -1.000000 1.000000 1.000000 73.000000 74.000000 75.100000 73.000000 233.000000 0.000000 0.000000 
2016/02/01 6488.TW -1.000000 1.000000 1.000000 74.000000 72.900000 74.000000 72.500000 314.000000 16.000000 62.000000 
2016/02/02 6488.TW -1.000000 0.000000 1.000000 72.800000 71.900000 72.800000 71.000000 232.000000 12.000000 67.000000 
2016/02/03 6488.TW -1.000000 -1.000000 -1.000000 71.600000 70.500000 71.600000 70.500000 465.000000 9.000000 212.000000 
2016/02/15 6488.TW -1.000000 -1.000000 -1.000000 69.600000 71.600000 71.800000 69.600000 203.000000 24.000000 13.000000 
2016/02/16 6488.TW -1.000000 -1.000000 1.000000 72.500000 72.700000 74.200000 71.900000 227.000000 16.000000 19.000000 
2016/02/17 6488.TW 1.000000 -1.000000 1.000000 72.700000 72.100000 72.900000 72.100000 215.000000 5.000000 33.000000 
2016/02/18 6488.TW 1.000000 -1.000000 1.000000 72.300000 74.300000 74.500000 72.300000 537.000000 58.000000 93.000000 
2016/02/19 6488.TW 1.000000 -1.000000 1.000000 75.600000 79.000000 80.200000 75.600000 1827.000000 5.000000 108.000000 
2016/02/22 6488.TW 1.000000 -1.000000 1.000000 79.000000 79.300000 80.800000 78.100000 1374.000000 41.000000 252.000000 
2016/02/23 6488.TW 1.000000 1.000000 1.000000 80.000000 80.100000 81.500000 79.400000 1603.000000 49.000000 80.000000 
2016/02/24 6488.TW 1.000000 1.000000 1.000000 80.700000 79.200000 81.000000 79.000000 1121.000000 25.000000 7.000000 
2016/02/25 6488.TW 1.000000 1.000000 1.000000 80.400000 79.500000 80.400000 79.500000 378.000000 23.000000 5.000000 
2016/02/26 6488.TW 1.000000 1.000000 1.000000 80.000000 79.500000 82.500000 79.500000 847.000000 225.000000 24.000000 
2016/03/01 6488.TW 1.000000 1.000000 1.000000 79.300000 80.000000 80.400000 78.100000 870.000000 291.000000 173.000000 
2016/03/02 6488.TW 1.000000 1.000000 1.000000 81.800000 80.100000 82.800000 80.100000 1059.000000 267.000000 15.000000 
2016/03/03 6488.TW 1.000000 1.000000 1.000000 80.800000 80.300000 82.300000 80.100000 1558.000000 873.000000 122.000000 
2016/03/04 6488.TW 1.000000 1.000000 1.000000 81.700000 83.000000 84.200000 80.900000 2588.000000 444.000000 20.000000 
2016/03/07 6488.TW 1.000000 -1.000000 1.000000 85.000000 80.400000 85.800000 80.000000 3166.000000 457.000000 291.000000 
2016/03/08 6488.TW 1.000000 -1.000000 1.000000 81.700000 80.100000 81.700000 78.800000 1148.000000 240.000000 143.000000 
2016/03/09 6488.TW 1.000000 -1.000000 1.000000 80.100000 79.700000 80.400000 79.500000 776.000000 251.000000 139.000000 
2016/03/10 6488.TW 1.000000 1.000000 -1.000000 80.100000 80.000000 80.300000 79.800000 486.000000 249.000000 124.000000 
2016/03/11 6488.TW 1.000000 -1.000000 -1.000000 80.300000 79.800000 80.400000 79.200000 540.000000 115.000000 43.000000 
2016/03/14 6488.TW 1.000000 1.000000 -1.000000 80.400000 80.800000 81.200000 79.900000 849.000000 260.000000 160.000000 
2016/03/15 6488.TW 1.000000 -1.000000 -1.000000 81.000000 78.200000 81.200000 77.800000 834.000000 132.000000 137.000000 
2016/03/16 6488.TW 1.000000 1.000000 -1.000000 78.500000 78.500000 79.200000 78.200000 293.000000 100.000000 93.000000 
2016/03/17 6488.TW 1.000000 -1.000000 -1.000000 78.700000 77.000000 79.400000 76.600000 585.000000 102.000000 220.000000 
2016/03/18 6488.TW 1.000000 1.000000 -1.000000 78.500000 77.400000 79.800000 77.400000 2247.000000 1335.000000 1561.000000 
2016/03/21 6488.TW -1.000000 1.000000 -1.000000 78.000000 78.000000 78.400000 77.200000 458.000000 79.000000 89.000000 
2016/03/22 6488.TW -1.000000 -1.000000 -1.000000 78.100000 78.300000 78.800000 77.500000 518.000000 44.000000 79.000000 
2016/03/23 6488.TW -1.000000 -1.000000 -1.000000 78.500000 77.900000 78.600000 77.900000 181.000000 32.000000 43.000000 
2016/03/24 6488.TW -1.000000 -1.000000 -1.000000 78.000000 78.300000 78.300000 77.000000 349.000000 96.000000 63.000000 
2016/03/25 6488.TW -1.000000 -1.000000 -1.000000 78.300000 78.100000 78.400000 77.600000 303.000000 78.000000 99.000000 
2016/03/28 6488.TW 1.000000 -1.000000 -1.000000 78.500000 79.700000 79.700000 78.100000 486.000000 18.000000 136.000000 
2016/03/29 6488.TW -1.000000 -1.000000 -1.000000 80.500000 77.500000 81.300000 77.300000 1414.000000 287.000000 378.000000 
2016/03/30 6488.TW -1.000000 -1.000000 -1.000000 78.500000 77.900000 78.500000 76.900000 1135.000000 330.000000 182.000000 
2016/03/31 6488.TW -1.000000 -1.000000 -1.000000 78.500000 76.100000 78.600000 75.300000 1031.000000 99.000000 369.000000 
2016/04/01 6488.TW -1.000000 -1.000000 -1.000000 75.500000 73.700000 75.800000 72.700000 1033.000000 56.000000 346.000000 
2016/04/06 6488.TW -1.000000 -1.000000 -1.000000 73.600000 71.800000 73.600000 71.500000 970.000000 106.000000 320.000000 
2016/04/07 6488.TW -1.000000 -1.000000 -1.000000 72.000000 73.100000 73.900000 71.500000 793.000000 21.000000 262.000000 
2016/04/08 6488.TW -1.000000 -1.000000 -1.000000 73.000000 72.200000 73.200000 72.000000 247.000000 25.000000 117.000000 
2016/04/11 6488.TW -1.000000 -1.000000 -1.000000 71.800000 72.000000 72.800000 71.600000 467.000000 52.000000 152.000000 
2016/04/12 6488.TW -1.000000 -1.000000 -1.000000 72.500000 72.100000 73.000000 71.600000 566.000000 75.000000 260.000000 
2016/04/13 6488.TW -1.000000 -1.000000 -1.000000 72.100000 73.600000 73.700000 72.100000 441.000000 77.000000 109.000000 
2016/04/14 6488.TW -1.000000 -1.000000 -1.000000 73.600000 73.300000 74.000000 72.500000 460.000000 135.000000 120.000000 
2016/04/15 6488.TW -1.000000 -1.000000 -1.000000 73.500000 73.100000 73.500000 72.500000 316.000000 61.000000 128.000000 
2016/04/18 6488.TW -1.000000 1.000000 1.000000 73.500000 74.700000 74.900000 73.200000 662.000000 203.000000 222.000000 
2016/04/19 6488.TW -1.000000 1.000000 1.000000 74.500000 73.200000 74.500000 73.100000 399.000000 67.000000 193.000000 
2016/04/20 6488.TW -1.000000 1.000000 -1.000000 73.300000 72.100000 74.000000 72.100000 462.000000 183.000000 254.000000 
2016/04/21 6488.TW -1.000000 1.000000 -1.000000 72.500000 72.200000 72.500000 71.900000 288.000000 77.000000 125.000000 
2016/04/22 6488.TW -1.000000 -1.000000 -1.000000 71.800000 72.200000 72.500000 71.700000 429.000000 82.000000 148.000000 
2016/04/25 6488.TW -1.000000 1.000000 -1.000000 71.700000 73.700000 73.800000 71.500000 435.000000 155.000000 142.000000 
2016/04/26 6488.TW -1.000000 1.000000 1.000000 73.700000 74.300000 74.500000 73.200000 432.000000 89.000000 129.000000 
2016/04/27 6488.TW -1.000000 1.000000 1.000000 74.500000 73.800000 74.500000 73.100000 414.000000 84.000000 139.000000 
2016/04/28 6488.TW -1.000000 1.000000 1.000000 74.300000 73.800000 74.400000 73.200000 622.000000 129.000000 258.000000 
2016/04/29 6488.TW -1.000000 1.000000 1.000000 73.300000 74.100000 74.100000 73.000000 525.000000 133.000000 238.000000 
2016/05/03 6488.TW -1.000000 1.000000 1.000000 72.600000 72.500000 73.000000 72.400000 551.000000 124.000000 317.000000 
2016/05/04 6488.TW -1.000000 -1.000000 -1.000000 69.800000 65.400000 69.800000 65.300000 1874.000000 241.000000 194.000000 
2016/05/05 6488.TW -1.000000 -1.000000 -1.000000 65.000000 66.800000 66.800000 63.200000 900.000000 61.000000 41.000000 
2016/05/06 6488.TW -1.000000 -1.000000 -1.000000 66.800000 66.700000 66.800000 65.000000 838.000000 142.000000 116.000000 
2016/05/09 6488.TW -1.000000 -1.000000 -1.000000 66.000000 67.000000 67.100000 65.900000 291.000000 132.000000 11.000000 
2016/05/10 6488.TW -1.000000 -1.000000 -1.000000 66.100000 66.600000 66.600000 65.600000 754.000000 276.000000 115.000000 
2016/05/11 6488.TW -1.000000 -1.000000 -1.000000 67.000000 66.300000 67.100000 65.800000 671.000000 133.000000 68.000000 
2016/05/12 6488.TW -1.000000 -1.000000 -1.000000 66.000000 66.000000 66.500000 65.900000 594.000000 173.000000 84.000000 
2016/05/13 6488.TW -1.000000 -1.000000 -1.000000 66.700000 67.300000 67.800000 66.000000 582.000000 272.000000 177.000000 
2016/05/16 6488.TW -1.000000 -1.000000 1.000000 67.000000 67.500000 68.300000 66.100000 388.000000 178.000000 114.000000 
2016/05/17 6488.TW -1.000000 -1.000000 1.000000 67.500000 68.000000 68.400000 67.400000 222.000000 69.000000 13.000000 
2016/05/18 6488.TW -1.000000 -1.000000 1.000000 68.400000 66.500000 68.400000 66.000000 176.000000 40.000000 117.000000 
2016/05/19 6488.TW -1.000000 -1.000000 1.000000 67.300000 66.200000 67.300000 65.800000 216.000000 73.000000 22.000000 
2016/05/20 6488.TW -1.000000 -1.000000 1.000000 66.200000 66.300000 66.500000 65.800000 163.000000 45.000000 24.000000 
2016/05/23 6488.TW -1.000000 -1.000000 1.000000 67.300000 67.700000 68.000000 66.600000 193.000000 54.000000 15.000000 
2016/05/24 6488.TW -1.000000 -1.000000 1.000000 68.000000 67.500000 68.100000 66.900000 204.000000 53.000000 13.000000 
2016/05/25 6488.TW -1.000000 -1.000000 1.000000 68.000000 67.800000 68.300000 67.500000 269.000000 56.000000 43.000000 
2016/05/26 6488.TW -1.000000 -1.000000 1.000000 68.000000 69.600000 70.400000 68.000000 706.000000 170.000000 102.000000 
2016/05/27 6488.TW -1.000000 -1.000000 1.000000 69.300000 69.900000 69.900000 68.500000 265.000000 143.000000 52.000000 
2016/05/30 6488.TW -1.000000 -1.000000 1.000000 69.900000 70.600000 70.600000 69.500000 226.000000 93.000000 47.000000 
2016/05/31 6488.TW -1.000000 -1.000000 1.000000 70.800000 68.900000 71.200000 68.900000 1420.000000 1187.000000 1110.000000 
2016/06/01 6488.TW 1.000000 -1.000000 1.000000 69.400000 69.600000 70.200000 69.000000 335.000000 107.000000 36.000000 
2016/06/02 6488.TW 1.000000 -1.000000 1.000000 69.800000 69.200000 70.200000 68.700000 126.000000 55.000000 54.000000 
2016/06/03 6488.TW 1.000000 -1.000000 1.000000 71.200000 70.100000 71.200000 69.600000 286.000000 69.000000 37.000000 
2016/06/04 6488.TW 1.000000 -1.000000 1.000000 70.100000 69.100000 70.100000 68.800000 239.000000 0.000000 0.000000 
2016/06/06 6488.TW 1.000000 -1.000000 1.000000 68.700000 69.900000 69.900000 68.500000 278.000000 127.000000 36.000000 
2016/06/07 6488.TW 1.000000 -1.000000 1.000000 69.300000 69.900000 69.900000 69.000000 238.000000 107.000000 10.000000 
2016/06/08 6488.TW 1.000000 -1.000000 1.000000 69.300000 69.100000 69.700000 69.100000 245.000000 76.000000 33.000000 
2016/06/13 6488.TW 1.000000 -1.000000 1.000000 69.000000 68.000000 69.000000 67.900000 143.000000 61.000000 22.000000 
2016/06/14 6488.TW 1.000000 -1.000000 -1.000000 68.900000 67.500000 68.900000 67.200000 283.000000 26.000000 43.000000 
2016/06/15 6488.TW -1.000000 -1.000000 -1.000000 67.600000 67.100000 67.800000 66.900000 229.000000 21.000000 35.000000 
2016/06/16 6488.TW 1.000000 -1.000000 -1.000000 67.100000 67.100000 67.300000 66.700000 203.000000 47.000000 38.000000 
2016/06/17 6488.TW 1.000000 -1.000000 -1.000000 67.400000 67.600000 67.700000 67.300000 122.000000 46.000000 29.000000 
2016/06/20 6488.TW 1.000000 -1.000000 1.000000 68.100000 68.100000 68.200000 67.800000 100.000000 26.000000 9.000000 
2016/06/21 6488.TW 1.000000 -1.000000 1.000000 68.700000 68.800000 69.800000 68.000000 260.000000 61.000000 101.000000 
2016/06/22 6488.TW 1.000000 -1.000000 1.000000 69.100000 69.400000 69.700000 69.000000 309.000000 132.000000 92.000000 
2016/06/23 6488.TW 1.000000 -1.000000 1.000000 70.700000 71.500000 71.700000 70.300000 600.000000 145.000000 65.000000 
2016/06/24 6488.TW 1.000000 -1.000000 1.000000 72.000000 70.200000 72.000000 69.400000 482.000000 122.000000 39.000000 
2016/06/27 6488.TW 1.000000 -1.000000 1.000000 69.900000 70.300000 70.500000 69.900000 220.000000 70.000000 10.000000 
2016/06/28 6488.TW -1.000000 -1.000000 1.000000 69.300000 70.000000 70.300000 69.300000 221.000000 68.000000 20.000000 
2016/06/29 6488.TW 1.000000 -1.000000 1.000000 70.600000 71.200000 71.800000 70.400000 458.000000 152.000000 41.000000 
2016/06/30 6488.TW 1.000000 -1.000000 1.000000 71.900000 71.400000 71.900000 71.300000 285.000000 115.000000 48.000000 
2016/07/01 6488.TW 1.000000 -1.000000 1.000000 71.500000 71.200000 71.900000 70.900000 278.000000 102.000000 52.000000 
2016/07/04 6488.TW 1.000000 -1.000000 1.000000 71.200000 70.800000 71.200000 70.500000 272.000000 93.000000 47.000000 
2016/07/05 6488.TW 1.000000 -1.000000 1.000000 70.800000 71.000000 71.300000 70.800000 168.000000 72.000000 29.000000 
2016/07/06 6488.TW 1.000000 -1.000000 1.000000 71.000000 70.300000 71.200000 70.200000 228.000000 72.000000 81.000000 
2016/07/07 6488.TW 1.000000 -1.000000 1.000000 70.300000 70.900000 71.000000 70.300000 249.000000 88.000000 81.000000 
2016/07/11 6488.TW 1.000000 -1.000000 1.000000 71.400000 71.600000 71.900000 71.100000 527.000000 142.000000 103.000000 
2016/07/12 6488.TW 1.000000 -1.000000 1.000000 71.900000 72.000000 72.400000 71.600000 1146.000000 329.000000 190.000000 
2016/07/13 6488.TW 1.000000 -1.000000 -1.000000 68.100000 68.100000 68.500000 67.600000 582.000000 125.000000 70.000000 
2016/07/14 6488.TW 1.000000 -1.000000 -1.000000 68.400000 67.300000 68.400000 67.000000 380.000000 85.000000 33.000000 
2016/07/15 6488.TW 1.000000 -1.000000 -1.000000 67.300000 67.500000 68.000000 67.300000 152.000000 20.000000 15.000000 
2016/07/18 6488.TW -1.000000 -1.000000 -1.000000 67.500000 67.200000 67.800000 67.100000 192.000000 35.000000 12.000000 
2016/07/19 6488.TW -1.000000 -1.000000 -1.000000 67.500000 67.000000 67.500000 66.800000 148.000000 15.000000 10.000000 
2016/07/20 6488.TW -1.000000 -1.000000 -1.000000 66.900000 66.600000 67.100000 66.600000 199.000000 32.000000 37.000000 
2016/07/21 6488.TW -1.000000 -1.000000 -1.000000 66.200000 66.700000 67.400000 66.200000 170.000000 29.000000 39.000000 
2016/07/22 6488.TW -1.000000 -1.000000 -1.000000 66.900000 66.800000 66.900000 66.500000 162.000000 61.000000 41.000000 
2016/07/25 6488.TW -1.000000 -1.000000 -1.000000 67.700000 67.400000 68.100000 67.100000 171.000000 10.000000 19.000000 
2016/07/26 6488.TW -1.000000 -1.000000 -1.000000 67.400000 67.000000 67.400000 67.000000 73.000000 10.000000 14.000000 
2016/07/27 6488.TW -1.000000 -1.000000 -1.000000 67.700000 66.600000 67.700000 66.600000 246.000000 31.000000 28.000000 
2016/07/28 6488.TW -1.000000 -1.000000 -1.000000 66.600000 66.500000 67.000000 66.500000 121.000000 24.000000 7.000000 
2016/07/29 6488.TW -1.000000 -1.000000 -1.000000 66.600000 65.300000 66.600000 65.100000 349.000000 25.000000 116.000000 
2016/08/01 6488.TW -1.000000 -1.000000 -1.000000 65.500000 65.200000 65.600000 65.100000 232.000000 16.000000 37.000000 
2016/08/02 6488.TW -1.000000 -1.000000 -1.000000 65.800000 65.500000 65.800000 65.100000 191.000000 27.000000 2.000000 
2016/08/03 6488.TW -1.000000 -1.000000 -1.000000 65.400000 64.900000 65.400000 64.900000 132.000000 16.000000 5.000000 
2016/08/04 6488.TW -1.000000 -1.000000 -1.000000 64.900000 64.900000 65.400000 64.900000 107.000000 11.000000 16.000000 
2016/08/05 6488.TW -1.000000 1.000000 1.000000 65.900000 67.300000 68.100000 65.900000 611.000000 89.000000 0.000000 
2016/08/08 6488.TW -1.000000 1.000000 1.000000 67.500000 66.600000 67.700000 66.500000 194.000000 4.000000 24.000000 
2016/08/09 6488.TW -1.000000 -1.000000 1.000000 66.600000 66.200000 67.100000 66.200000 130.000000 12.000000 13.000000 
2016/08/10 6488.TW -1.000000 -1.000000 1.000000 67.400000 66.500000 67.400000 65.900000 87.000000 31.000000 18.000000 
2016/08/11 6488.TW -1.000000 -1.000000 1.000000 66.500000 66.200000 67.200000 65.900000 114.000000 28.000000 27.000000 
2016/08/12 6488.TW -1.000000 -1.000000 1.000000 65.900000 65.200000 66.500000 65.000000 185.000000 22.000000 19.000000 
2016/08/15 6488.TW -1.000000 -1.000000 -1.000000 64.700000 65.000000 65.200000 64.600000 103.000000 25.000000 6.000000 
2016/08/16 6488.TW -1.000000 -1.000000 -1.000000 65.800000 65.200000 65.800000 65.100000 134.000000 9.000000 1.000000 
2016/08/17 6488.TW -1.000000 -1.000000 -1.000000 65.600000 64.800000 65.600000 64.400000 243.000000 20.000000 32.000000 
2016/08/18 6488.TW -1.000000 -1.000000 -1.000000 64.800000 64.800000 64.800000 64.800000 0.000000 0.000000 0.000000 
2016/08/19 6488.TW 1.000000 -1.000000 1.000000 69.500000 67.100000 69.600000 67.100000 3102.000000 776.000000 562.000000 
2016/08/22 6488.TW 1.000000 -1.000000 1.000000 67.600000 68.600000 68.900000 67.500000 866.000000 371.000000 226.000000 
2016/08/23 6488.TW 1.000000 -1.000000 1.000000 69.000000 68.500000 69.100000 68.500000 1295.000000 1098.000000 304.000000 
2016/08/24 6488.TW 1.000000 1.000000 1.000000 69.100000 71.600000 72.700000 69.000000 2629.000000 1176.000000 8.000000 
2016/08/25 6488.TW 1.000000 1.000000 1.000000 73.000000 74.500000 76.800000 73.000000 3565.000000 1966.000000 553.000000 
2016/08/26 6488.TW 1.000000 1.000000 1.000000 75.000000 76.000000 76.400000 74.600000 3239.000000 2134.000000 518.000000 
2016/08/29 6488.TW 1.000000 1.000000 1.000000 77.000000 75.500000 77.100000 74.900000 2609.000000 1596.000000 493.000000 
2016/08/30 6488.TW 1.000000 1.000000 1.000000 76.900000 74.900000 77.300000 74.700000 1721.000000 891.000000 189.000000 
2016/08/31 6488.TW 1.000000 1.000000 1.000000 76.900000 76.000000 78.100000 75.600000 2087.000000 783.000000 314.000000 
2016/09/01 6488.TW 1.000000 1.000000 1.000000 76.100000 76.100000 76.800000 75.000000 802.000000 308.000000 44.000000 
2016/09/02 6488.TW 1.000000 1.000000 1.000000 76.000000 76.800000 76.800000 75.100000 798.000000 503.000000 10.000000 
2016/09/05 6488.TW 1.000000 1.000000 1.000000 78.200000 80.000000 82.000000 78.200000 3832.000000 2000.000000 496.000000 
2016/09/06 6488.TW 1.000000 1.000000 1.000000 80.900000 79.900000 81.000000 79.400000 1919.000000 1164.000000 251.000000 
2016/09/07 6488.TW 1.000000 1.000000 1.000000 79.900000 80.100000 80.900000 79.800000 1151.000000 641.000000 145.000000 
2016/09/08 6488.TW 1.000000 1.000000 1.000000 80.500000 79.000000 81.900000 78.700000 2344.000000 1432.000000 185.000000 
2016/09/09 6488.TW 1.000000 1.000000 1.000000 79.500000 79.600000 80.300000 79.200000 734.000000 378.000000 83.000000 
2016/09/10 6488.TW 1.000000 1.000000 1.000000 77.000000 77.700000 78.300000 77.000000 437.000000 0.000000 0.000000 
2016/09/12 6488.TW 1.000000 1.000000 -1.000000 77.300000 77.300000 78.400000 77.100000 820.000000 604.000000 50.000000 
2016/09/13 6488.TW 1.000000 1.000000 -1.000000 78.100000 78.400000 78.700000 77.400000 1148.000000 797.000000 119.000000 
2016/09/14 6488.TW 1.000000 1.000000 -1.000000 77.600000 78.600000 78.600000 76.500000 705.000000 382.000000 49.000000 
2016/09/19 6488.TW 1.000000 1.000000 -1.000000 78.400000 79.300000 79.900000 78.100000 842.000000 459.000000 87.000000 
2016/09/20 6488.TW 1.000000 1.000000 -1.000000 79.300000 78.500000 79.300000 77.800000 931.000000 423.000000 168.000000 
2016/09/21 6488.TW 1.000000 1.000000 -1.000000 78.800000 78.000000 78.900000 77.800000 993.000000 276.000000 66.000000 
2016/09/22 6488.TW 1.000000 1.000000 -1.000000 78.900000 78.400000 79.000000 77.900000 752.000000 504.000000 26.000000 
2016/09/23 6488.TW 1.000000 1.000000 -1.000000 78.900000 79.000000 80.700000 78.700000 1294.000000 225.000000 169.000000 
2016/09/26 6488.TW 1.000000 1.000000 -1.000000 78.900000 76.800000 78.900000 76.800000 560.000000 49.000000 50.000000 
2016/09/29 6488.TW 1.000000 1.000000 -1.000000 76.700000 76.900000 77.800000 75.500000 464.000000 135.000000 79.000000 
2016/09/30 6488.TW 1.000000 1.000000 -1.000000 77.800000 77.100000 78.700000 77.000000 421.000000 69.000000 90.000000 
2016/10/03 6488.TW 1.000000 1.000000 -1.000000 77.200000 77.300000 78.000000 77.100000 215.000000 92.000000 52.000000 
2016/10/04 6488.TW 1.000000 1.000000 -1.000000 77.500000 76.500000 77.500000 76.500000 210.000000 26.000000 74.000000 
2016/10/05 6488.TW -1.000000 1.000000 -1.000000 76.400000 76.100000 77.000000 76.100000 161.000000 59.000000 31.000000 
2016/10/06 6488.TW -1.000000 1.000000 -1.000000 76.500000 76.800000 77.800000 76.400000 466.000000 140.000000 54.000000 
2016/10/07 6488.TW -1.000000 1.000000 -1.000000 76.500000 75.700000 76.500000 75.400000 426.000000 86.000000 20.000000 
2016/10/11 6488.TW -1.000000 1.000000 -1.000000 75.600000 74.300000 76.300000 74.000000 423.000000 84.000000 25.000000 
2016/10/12 6488.TW -1.000000 1.000000 -1.000000 74.000000 75.700000 76.400000 74.000000 526.000000 213.000000 40.000000 
2016/10/13 6488.TW -1.000000 1.000000 -1.000000 75.700000 75.200000 76.200000 75.000000 180.000000 90.000000 22.000000 
2016/10/14 6488.TW -1.000000 1.000000 -1.000000 75.200000 73.000000 75.800000 72.500000 655.000000 153.000000 284.000000 
2016/10/17 6488.TW -1.000000 1.000000 -1.000000 72.000000 71.500000 72.500000 70.200000 24922.000000 523.000000 207.000000 
2016/10/18 6488.TW -1.000000 1.000000 -1.000000 73.000000 77.700000 78.200000 73.000000 1633.000000 471.000000 297.000000 
2016/10/19 6488.TW -1.000000 1.000000 1.000000 77.800000 77.000000 78.500000 76.600000 877.000000 175.000000 95.000000 
2016/10/20 6488.TW -1.000000 1.000000 1.000000 77.400000 79.100000 79.800000 77.400000 1639.000000 750.000000 45.000000 
2016/10/21 6488.TW -1.000000 1.000000 1.000000 79.600000 78.200000 80.400000 77.800000 1112.000000 426.000000 156.000000 
2016/10/24 6488.TW -1.000000 1.000000 1.000000 78.700000 77.800000 78.700000 77.700000 223.000000 0.000000 8.000000 
2016/10/25 6488.TW -1.000000 1.000000 1.000000 78.800000 77.800000 78.800000 77.600000 204.000000 2.000000 25.000000 
2016/10/26 6488.TW -1.000000 1.000000 1.000000 77.800000 78.000000 78.800000 77.500000 164.000000 63.000000 10.000000 
2016/10/27 6488.TW -1.000000 1.000000 -1.000000 78.000000 76.600000 78.000000 76.600000 265.000000 9.000000 92.000000 
2016/10/28 6488.TW 1.000000 1.000000 -1.000000 78.000000 77.000000 78.000000 76.200000 154.000000 55.000000 7.000000 
2016/10/31 6488.TW 1.000000 1.000000 -1.000000 76.100000 77.900000 77.900000 76.100000 165.000000 92.000000 13.000000 
2016/11/01 6488.TW 1.000000 1.000000 1.000000 78.200000 81.500000 81.800000 78.100000 3880.000000 2231.000000 751.000000 
2016/11/02 6488.TW 1.000000 1.000000 1.000000 82.600000 81.400000 83.700000 80.500000 4140.000000 1865.000000 563.000000 
2016/11/03 6488.TW 1.000000 1.000000 1.000000 83.200000 82.000000 83.500000 81.600000 3007.000000 1046.000000 615.000000 
2016/11/04 6488.TW 1.000000 1.000000 1.000000 81.000000 81.900000 82.300000 80.500000 1342.000000 516.000000 353.000000 
2016/11/07 6488.TW 1.000000 1.000000 1.000000 83.600000 81.200000 84.000000 81.200000 2243.000000 671.000000 749.000000 
2016/11/08 6488.TW 1.000000 1.000000 1.000000 81.900000 81.000000 82.200000 80.600000 1231.000000 510.000000 358.000000 
2016/11/09 6488.TW 1.000000 1.000000 -1.000000 81.200000 76.000000 81.500000 75.600000 1952.000000 658.000000 404.000000 
2016/11/10 6488.TW 1.000000 1.000000 -1.000000 79.000000 79.900000 81.100000 78.600000 1433.000000 678.000000 51.000000 
2016/11/11 6488.TW 1.000000 1.000000 -1.000000 79.000000 80.500000 82.400000 79.000000 1971.000000 1219.000000 672.000000 
2016/11/14 6488.TW 1.000000 1.000000 1.000000 80.900000 82.600000 83.000000 80.200000 1160.000000 426.000000 321.000000 
2016/11/15 6488.TW 1.000000 1.000000 1.000000 83.500000 82.000000 83.500000 81.200000 1070.000000 475.000000 178.000000 
2016/11/16 6488.TW 1.000000 1.000000 1.000000 82.000000 90.200000 90.200000 82.000000 5811.000000 1432.000000 638.000000 
2016/11/17 6488.TW 1.000000 1.000000 1.000000 92.600000 99.200000 99.200000 90.600000 10092.000000 2960.000000 1261.000000 
2016/11/18 6488.TW 1.000000 1.000000 1.000000 99.400000 97.800000 100.500000 96.000000 5822.000000 1337.000000 893.000000 
2016/11/21 6488.TW 1.000000 1.000000 1.000000 99.000000 99.000000 103.000000 97.500000 6210.000000 1124.000000 589.000000 
2016/11/22 6488.TW 1.000000 1.000000 1.000000 100.500000 100.000000 101.000000 97.500000 4037.000000 1153.000000 605.000000 
2016/11/23 6488.TW 1.000000 1.000000 1.000000 103.000000 97.200000 103.500000 97.200000 4629.000000 1237.000000 243.000000 
2016/11/24 6488.TW 1.000000 1.000000 1.000000 99.000000 102.500000 102.500000 96.300000 6288.000000 1330.000000 277.000000 
2016/11/25 6488.TW 1.000000 1.000000 1.000000 103.500000 100.000000 103.500000 100.000000 3904.000000 184.000000 269.000000 
2016/11/28 6488.TW 1.000000 1.000000 1.000000 99.800000 98.100000 101.500000 98.100000 3283.000000 982.000000 603.000000 
2016/11/29 6488.TW 1.000000 1.000000 1.000000 98.900000 99.400000 101.500000 98.900000 4083.000000 1450.000000 1249.000000 
2016/11/30 6488.TW 1.000000 1.000000 1.000000 99.500000 98.100000 100.500000 97.200000 1761.000000 132.000000 484.000000 
2016/12/01 6488.TW 1.000000 1.000000 -1.000000 97.500000 93.600000 99.000000 92.500000 4283.000000 610.000000 1056.000000 
2016/12/02 6488.TW 1.000000 1.000000 -1.000000 92.000000 91.700000 92.400000 90.600000 2610.000000 605.000000 643.000000 
2016/12/05 6488.TW 1.000000 1.000000 -1.000000 91.900000 91.300000 93.000000 91.000000 1462.000000 98.000000 526.000000 
2016/12/06 6488.TW 1.000000 1.000000 -1.000000 93.000000 91.500000 95.500000 91.500000 4088.000000 986.000000 1086.000000 
2016/12/07 6488.TW 1.000000 1.000000 -1.000000 92.200000 93.000000 93.200000 91.200000 2655.000000 1393.000000 768.000000 
2016/12/08 6488.TW 1.000000 1.000000 -1.000000 95.200000 100.000000 101.000000 94.500000 8970.000000 1558.000000 2026.000000 
2016/12/09 6488.TW 1.000000 1.000000 1.000000 99.000000 99.600000 100.500000 97.500000 3071.000000 636.000000 262.000000 
2016/12/12 6488.TW 1.000000 1.000000 1.000000 100.500000 98.000000 101.500000 98.000000 2860.000000 592.000000 254.000000 
2016/12/13 6488.TW 1.000000 1.000000 1.000000 99.000000 98.900000 100.500000 98.300000 2263.000000 518.000000 388.000000 
2016/12/14 6488.TW 1.000000 1.000000 1.000000 100.000000 108.500000 108.500000 100.000000 9311.000000 1074.000000 209.000000 
2016/12/15 6488.TW 1.000000 1.000000 1.000000 111.000000 113.500000 118.500000 110.000000 14498.000000 1462.000000 2004.000000 
2016/12/16 6488.TW 1.000000 1.000000 1.000000 115.000000 114.000000 118.500000 112.500000 5873.000000 557.000000 1366.000000 
2016/12/19 6488.TW 1.000000 1.000000 1.000000 113.000000 109.000000 118.000000 108.000000 6847.000000 999.000000 828.000000 
2016/12/20 6488.TW 1.000000 1.000000 1.000000 111.500000 119.500000 119.500000 110.500000 10161.000000 1136.000000 1095.000000 
2016/12/21 6488.TW 1.000000 1.000000 1.000000 121.500000 116.000000 122.500000 116.000000 9507.000000 518.000000 763.000000 
2016/12/22 6488.TW 1.000000 1.000000 1.000000 117.500000 116.500000 118.000000 114.000000 4298.000000 661.000000 637.000000 
2016/12/23 6488.TW 1.000000 1.000000 1.000000 117.000000 114.000000 117.500000 112.500000 4399.000000 393.000000 881.000000 
2016/12/26 6488.TW 1.000000 1.000000 -1.000000 118.000000 112.000000 118.500000 111.500000 5256.000000 627.000000 828.000000 
2016/12/27 6488.TW 1.000000 1.000000 -1.000000 113.000000 109.000000 113.000000 108.500000 4225.000000 567.000000 933.000000 
2016/12/28 6488.TW 1.000000 1.000000 -1.000000 110.000000 118.000000 119.500000 110.000000 10656.000000 883.000000 495.000000 
2016/12/29 6488.TW 1.000000 1.000000 1.000000 116.500000 116.000000 118.000000 115.000000 3576.000000 192.000000 642.000000 
2016/12/30 6488.TW 1.000000 1.000000 -1.000000 116.500000 115.000000 118.500000 114.500000 3305.000000 189.000000 392.000000 
2017/01/03 6488.TW 1.000000 1.000000 -1.000000 115.000000 115.000000 116.500000 113.000000 2651.000000 266.000000 227.000000 
2017/01/04 6488.TW 1.000000 1.000000 -1.000000 117.000000 118.000000 125.500000 115.000000 16148.000000 1393.000000 1664.000000 
2017/01/05 6488.TW 1.000000 1.000000 -1.000000 117.500000 117.000000 118.000000 115.500000 4841.000000 344.000000 1098.000000 
2017/01/06 6488.TW 1.000000 1.000000 -1.000000 117.000000 115.000000 119.000000 114.000000 3220.000000 81.000000 312.000000 
2017/01/09 6488.TW 1.000000 1.000000 -1.000000 118.500000 112.500000 119.000000 112.000000 6071.000000 294.000000 657.000000 
2017/01/10 6488.TW 1.000000 1.000000 -1.000000 113.000000 110.500000 114.500000 108.500000 4361.000000 138.000000 891.000000 
2017/01/11 6488.TW 1.000000 1.000000 -1.000000 111.500000 108.000000 112.000000 106.000000 4082.000000 1189.000000 653.000000 
2017/01/12 6488.TW 1.000000 1.000000 -1.000000 110.500000 111.500000 114.500000 110.000000 6564.000000 1361.000000 1491.000000 
2017/01/13 6488.TW 1.000000 1.000000 -1.000000 112.000000 115.000000 118.000000 109.500000 5533.000000 899.000000 119.000000 
2017/01/16 6488.TW 1.000000 1.000000 -1.000000 116.500000 118.000000 120.500000 114.500000 6887.000000 371.000000 508.000000 
2017/01/17 6488.TW 1.000000 1.000000 1.000000 118.500000 121.000000 121.000000 117.500000 4357.000000 383.000000 175.000000 
2017/01/18 6488.TW 1.000000 1.000000 1.000000 122.000000 128.500000 132.500000 121.000000 10301.000000 996.000000 427.000000 
2017/01/19 6488.TW 1.000000 1.000000 1.000000 129.500000 137.500000 140.000000 127.000000 9912.000000 2360.000000 557.000000 
2017/01/20 6488.TW 1.000000 1.000000 1.000000 142.000000 134.000000 147.000000 132.000000 9743.000000 1667.000000 2416.000000 
2017/01/23 6488.TW 1.000000 1.000000 1.000000 138.000000 147.000000 147.000000 136.000000 12666.000000 2668.000000 2684.000000 
2017/01/24 6488.TW 1.000000 1.000000 1.000000 147.000000 143.000000 151.500000 142.000000 12137.000000 2521.000000 3034.000000 
2017/02/02 6488.TW 1.000000 1.000000 1.000000 144.500000 147.000000 152.500000 143.000000 8356.000000 667.000000 1088.000000 
2017/02/03 6488.TW 1.000000 1.000000 1.000000 148.000000 143.000000 150.000000 141.500000 6651.000000 1214.000000 1211.000000 
2017/02/06 6488.TW 1.000000 1.000000 1.000000 143.000000 140.500000 143.500000 139.500000 2240.000000 199.000000 163.000000 
2017/02/07 6488.TW 1.000000 1.000000 1.000000 141.500000 144.000000 148.500000 141.500000 4076.000000 145.000000 368.000000 
2017/02/08 6488.TW 1.000000 1.000000 1.000000 148.000000 158.000000 158.000000 147.500000 9460.000000 869.000000 112.000000 
2017/02/09 6488.TW 1.000000 1.000000 1.000000 163.000000 173.500000 173.500000 161.500000 9730.000000 882.000000 626.000000 
2017/02/10 6488.TW 1.000000 1.000000 1.000000 179.000000 168.500000 185.000000 167.000000 13256.000000 1099.000000 1699.000000 
2017/02/13 6488.TW 1.000000 1.000000 1.000000 172.000000 171.000000 177.000000 168.500000 7599.000000 245.000000 1534.000000 
2017/02/14 6488.TW 1.000000 1.000000 1.000000 174.000000 170.000000 175.000000 162.500000 7202.000000 867.000000 340.000000 
2017/02/15 6488.TW 1.000000 1.000000 1.000000 173.000000 170.000000 176.000000 170.000000 5756.000000 634.000000 1004.000000 
2017/02/16 6488.TW 1.000000 1.000000 1.000000 174.000000 180.000000 187.000000 174.000000 15685.000000 946.000000 1019.000000 
2017/02/17 6488.TW 1.000000 1.000000 1.000000 182.500000 182.500000 185.000000 177.000000 8697.000000 971.000000 2094.000000 
2017/02/18 6488.TW 1.000000 1.000000 1.000000 189.000000 191.000000 195.500000 184.500000 8423.000000 0.000000 181.000000 
2017/02/20 6488.TW 1.000000 1.000000 1.000000 194.000000 180.000000 194.500000 176.000000 9507.000000 458.000000 2056.000000 
2017/02/21 6488.TW 1.000000 1.000000 1.000000 183.000000 185.500000 187.000000 171.500000 12122.000000 651.000000 310.000000 
2017/02/22 6488.TW 1.000000 1.000000 1.000000 189.000000 201.500000 202.000000 189.000000 15085.000000 1394.000000 1350.000000 
2017/02/23 6488.TW 1.000000 1.000000 1.000000 198.000000 191.500000 201.000000 191.500000 6126.000000 333.000000 1474.000000 
2017/02/24 6488.TW 1.000000 1.000000 1.000000 190.000000 191.500000 191.500000 185.500000 4257.000000 242.000000 849.000000 
2017/03/01 6488.TW 1.000000 1.000000 -1.000000 197.000000 187.000000 199.500000 187.000000 7635.000000 102.000000 1145.000000 
2017/03/02 6488.TW 1.000000 1.000000 -1.000000 190.500000 184.500000 192.500000 182.500000 7198.000000 752.000000 61.000000 
2017/03/03 6488.TW 1.000000 1.000000 -1.000000 186.000000 189.000000 190.000000 185.000000 3912.000000 80.000000 74.000000 
2017/03/06 6488.TW 1.000000 1.000000 -1.000000 189.500000 187.000000 190.500000 186.000000 2120.000000 41.000000 294.000000 
2017/03/07 6488.TW 1.000000 1.000000 -1.000000 192.500000 191.500000 195.500000 189.000000 6793.000000 163.000000 1333.000000 
2017/03/08 6488.TW 1.000000 1.000000 -1.000000 190.500000 188.500000 190.500000 185.500000 3938.000000 206.000000 636.000000 
2017/03/09 6488.TW 1.000000 1.000000 -1.000000 187.000000 184.000000 188.000000 183.500000 3682.000000 209.000000 1453.000000 
2017/03/10 6488.TW 1.000000 1.000000 -1.000000 184.500000 184.000000 185.000000 176.000000 4878.000000 297.000000 669.000000 
2017/03/13 6488.TW 1.000000 1.000000 -1.000000 185.000000 189.000000 193.000000 183.000000 6375.000000 655.000000 493.000000 
2017/03/14 6488.TW 1.000000 1.000000 -1.000000 192.000000 187.500000 196.000000 187.500000 4662.000000 403.000000 181.000000 
2017/03/15 6488.TW 1.000000 1.000000 -1.000000 192.000000 187.500000 194.000000 187.500000 4181.000000 443.000000 562.000000 
2017/03/16 6488.TW 1.000000 1.000000 -1.000000 190.500000 193.500000 195.000000 188.000000 5964.000000 350.000000 218.000000 
2017/03/17 6488.TW 1.000000 1.000000 1.000000 195.000000 212.500000 212.500000 194.000000 16000.000000 373.000000 925.000000 
2017/03/20 6488.TW 1.000000 1.000000 1.000000 217.000000 216.000000 230.000000 215.500000 15375.000000 903.000000 1125.000000 
2017/03/21 6488.TW 1.000000 1.000000 1.000000 218.000000 219.000000 220.000000 214.000000 5598.000000 371.000000 130.000000 
2017/03/22 6488.TW 1.000000 1.000000 1.000000 209.000000 240.500000 240.500000 206.500000 15954.000000 2867.000000 816.000000 
2017/03/23 6488.TW 1.000000 1.000000 1.000000 246.000000 229.500000 257.500000 226.500000 20177.000000 1775.000000 3502.000000 
2017/03/24 6488.TW 1.000000 1.000000 1.000000 229.500000 218.000000 234.000000 218.000000 10232.000000 692.000000 2586.000000 
2017/03/27 6488.TW 1.000000 1.000000 -1.000000 214.000000 218.500000 225.000000 213.000000 8539.000000 1185.000000 1618.000000 
2017/03/28 6488.TW 1.000000 1.000000 -1.000000 223.000000 214.500000 226.500000 203.000000 9437.000000 448.000000 1402.000000 
2017/03/29 6488.TW 1.000000 1.000000 -1.000000 217.000000 222.500000 225.500000 214.500000 6483.000000 158.000000 565.000000 
2017/03/30 6488.TW 1.000000 1.000000 1.000000 226.000000 229.500000 238.500000 222.000000 11336.000000 133.000000 699.000000 
2017/03/31 6488.TW 1.000000 1.000000 1.000000 234.500000 227.000000 238.000000 226.000000 6850.000000 81.000000 434.000000 
2017/04/05 6488.TW 1.000000 1.000000 1.000000 231.000000 231.500000 232.000000 226.000000 3463.000000 161.000000 550.000000 
2017/04/06 6488.TW 1.000000 1.000000 1.000000 232.000000 239.000000 244.000000 230.000000 8162.000000 267.000000 656.000000 
2017/04/07 6488.TW 1.000000 1.000000 1.000000 250.000000 245.500000 252.000000 239.000000 10199.000000 475.000000 347.000000 
2017/04/10 6488.TW 1.000000 1.000000 1.000000 246.500000 256.000000 266.000000 245.500000 9638.000000 450.000000 311.000000 
2017/04/11 6488.TW 1.000000 1.000000 1.000000 257.000000 240.000000 259.500000 240.000000 8958.000000 342.000000 1371.000000 
2017/04/12 6488.TW 1.000000 1.000000 1.000000 242.000000 249.000000 249.000000 238.000000 6134.000000 368.000000 429.000000 
2017/04/13 6488.TW 1.000000 1.000000 -1.000000 247.000000 236.000000 251.000000 236.000000 6072.000000 387.000000 867.000000 
2017/04/14 6488.TW 1.000000 1.000000 -1.000000 236.000000 225.000000 239.500000 225.000000 3495.000000 567.000000 107.000000 
2017/04/17 6488.TW 1.000000 1.000000 -1.000000 236.000000 231.000000 241.000000 229.000000 3612.000000 239.000000 276.000000 
2017/04/18 6488.TW 1.000000 1.000000 -1.000000 233.000000 246.000000 250.000000 232.500000 5111.000000 1561.000000 516.000000 
2017/04/19 6488.TW 1.000000 1.000000 -1.000000 243.500000 240.000000 247.000000 238.500000 4085.000000 378.000000 190.000000 
2017/04/20 6488.TW 1.000000 1.000000 -1.000000 241.000000 222.500000 245.000000 218.000000 10050.000000 828.000000 373.000000 
2017/04/21 6488.TW -1.000000 1.000000 -1.000000 222.500000 224.000000 228.000000 218.000000 10759.000000 2389.000000 1881.000000 
2017/04/24 6488.TW -1.000000 1.000000 -1.000000 213.000000 212.500000 216.000000 206.000000 11060.000000 3312.000000 1505.000000 
2017/04/25 6488.TW 1.000000 1.000000 -1.000000 219.000000 223.000000 223.000000 218.000000 6799.000000 1112.000000 1097.000000 
2017/04/26 6488.TW 1.000000 1.000000 -1.000000 221.500000 225.500000 231.500000 219.500000 6460.000000 380.000000 1149.000000 
2017/04/27 6488.TW 1.000000 1.000000 -1.000000 226.000000 223.000000 232.000000 223.000000 5247.000000 566.000000 1109.000000 
2017/04/28 6488.TW -1.000000 1.000000 -1.000000 225.000000 216.000000 226.000000 216.000000 5347.000000 575.000000 1652.000000 
2017/05/02 6488.TW -1.000000 1.000000 -1.000000 216.500000 215.500000 218.500000 211.000000 4729.000000 680.000000 693.000000 
2017/05/03 6488.TW -1.000000 1.000000 -1.000000 215.500000 211.500000 219.000000 209.500000 5598.000000 962.000000 1272.000000 
2017/05/04 6488.TW -1.000000 1.000000 -1.000000 212.500000 219.000000 219.000000 208.500000 4884.000000 705.000000 1043.000000 
2017/05/05 6488.TW -1.000000 1.000000 -1.000000 219.000000 210.000000 219.000000 210.000000 7577.000000 1242.000000 3815.000000 
2017/05/08 6488.TW -1.000000 1.000000 -1.000000 213.000000 220.000000 221.000000 211.000000 7729.000000 1865.000000 1908.000000 
2017/05/09 6488.TW -1.000000 1.000000 -1.000000 220.000000 215.500000 221.000000 211.500000 6840.000000 1467.000000 1482.000000 
2017/05/10 6488.TW -1.000000 1.000000 -1.000000 217.500000 215.000000 219.500000 215.000000 4792.000000 947.000000 1591.000000 
2017/05/11 6488.TW -1.000000 1.000000 -1.000000 215.000000 225.000000 228.000000 213.500000 11457.000000 1348.000000 1816.000000 
2017/05/12 6488.TW 1.000000 1.000000 1.000000 227.500000 241.500000 245.000000 226.000000 17735.000000 4501.000000 1719.000000 
2017/05/15 6488.TW 1.000000 1.000000 1.000000 247.500000 240.000000 249.000000 240.000000 11078.000000 1535.000000 2474.000000 
2017/05/16 6488.TW 1.000000 1.000000 1.000000 244.000000 235.000000 244.500000 227.000000 11514.000000 3457.000000 2903.000000 
2017/05/17 6488.TW -1.000000 1.000000 1.000000 236.000000 239.500000 241.000000 235.500000 5231.000000 880.000000 690.000000 
2017/05/18 6488.TW -1.000000 1.000000 1.000000 239.500000 236.000000 247.500000 236.000000 9781.000000 1000.000000 1579.000000 
2017/05/19 6488.TW 1.000000 1.000000 1.000000 237.500000 235.000000 238.000000 233.000000 3442.000000 400.000000 338.000000 
2017/05/22 6488.TW 1.000000 1.000000 1.000000 238.500000 242.500000 243.000000 236.500000 4137.000000 476.000000 673.000000 
2017/05/23 6488.TW 1.000000 1.000000 1.000000 244.000000 241.000000 246.500000 239.500000 5455.000000 1031.000000 861.000000 
2017/05/24 6488.TW 1.000000 1.000000 1.000000 242.000000 239.000000 243.500000 238.000000 2557.000000 494.000000 581.000000 
2017/05/25 6488.TW 1.000000 1.000000 1.000000 242.000000 242.500000 248.000000 240.500000 6714.000000 1394.000000 786.000000 
2017/05/26 6488.TW 1.000000 1.000000 1.000000 245.000000 242.500000 245.000000 241.000000 3316.000000 1055.000000 1054.000000 
2017/05/31 6488.TW 1.000000 1.000000 1.000000 244.000000 243.500000 244.000000 238.000000 15644.000000 13345.000000 11582.000000 
2017/06/01 6488.TW 1.000000 1.000000 1.000000 245.000000 243.500000 246.000000 242.500000 3252.000000 832.000000 358.000000 
2017/06/02 6488.TW 1.000000 1.000000 1.000000 245.000000 248.500000 251.500000 243.500000 4687.000000 421.000000 347.000000 
2017/06/03 6488.TW 1.000000 1.000000 1.000000 251.000000 258.500000 258.500000 248.000000 4446.000000 0.000000 65.000000 
2017/06/05 6488.TW 1.000000 1.000000 1.000000 263.000000 257.000000 263.500000 256.500000 4182.000000 682.000000 354.000000 
2017/06/06 6488.TW 1.000000 1.000000 1.000000 255.500000 246.000000 255.500000 246.000000 4222.000000 319.000000 972.000000 
2017/06/07 6488.TW 1.000000 1.000000 -1.000000 247.000000 242.000000 250.000000 240.500000 4124.000000 494.000000 1369.000000 
2017/06/08 6488.TW 1.000000 1.000000 -1.000000 248.000000 244.000000 251.000000 242.000000 4594.000000 505.000000 579.000000 
2017/06/09 6488.TW 1.000000 1.000000 -1.000000 245.000000 238.500000 246.000000 236.000000 4035.000000 241.000000 727.000000 
2017/06/12 6488.TW -1.000000 1.000000 -1.000000 234.000000 231.000000 236.000000 230.000000 3058.000000 192.000000 778.000000 
2017/06/13 6488.TW -1.000000 1.000000 -1.000000 233.000000 229.500000 236.000000 228.500000 2999.000000 610.000000 744.000000 
2017/06/14 6488.TW -1.000000 1.000000 -1.000000 231.500000 222.500000 232.500000 218.000000 4535.000000 1159.000000 521.000000 
2017/06/15 6488.TW -1.000000 1.000000 -1.000000 224.000000 227.000000 228.500000 221.500000 4271.000000 373.000000 1153.000000 
2017/06/16 6488.TW -1.000000 1.000000 -1.000000 224.500000 218.500000 225.000000 217.500000 5456.000000 330.000000 598.000000 
2017/06/19 6488.TW -1.000000 0.000000 -1.000000 221.000000 219.000000 227.500000 216.500000 7687.000000 578.000000 2837.000000 
2017/06/20 6488.TW -1.000000 -1.000000 -1.000000 222.000000 219.000000 224.000000 218.000000 5074.000000 393.000000 899.000000 
2017/06/21 6488.TW -1.000000 -1.000000 -1.000000 218.500000 224.500000 225.500000 216.000000 5803.000000 2209.000000 1093.000000 
2017/06/22 6488.TW -1.000000 1.000000 -1.000000 227.500000 230.000000 231.000000 224.500000 5392.000000 1510.000000 1012.000000 
2017/06/23 6488.TW -1.000000 1.000000 -1.000000 229.000000 222.500000 229.500000 222.500000 3164.000000 384.000000 586.000000 
2017/06/26 6488.TW -1.000000 1.000000 -1.000000 223.500000 226.500000 226.500000 223.500000 2372.000000 580.000000 559.000000 
2017/06/27 6488.TW -1.000000 1.000000 -1.000000 226.000000 226.000000 228.500000 223.000000 2583.000000 538.000000 717.000000 
2017/06/28 6488.TW -1.000000 -1.000000 -1.000000 223.500000 221.500000 223.500000 215.000000 5427.000000 899.000000 1248.000000 
2017/06/29 6488.TW -1.000000 -1.000000 -1.000000 223.500000 215.000000 224.000000 214.000000 3729.000000 624.000000 823.000000 
2017/06/30 6488.TW -1.000000 -1.000000 -1.000000 210.500000 212.500000 214.000000 207.000000 4958.000000 924.000000 1949.000000 
2017/07/03 6488.TW -1.000000 -1.000000 -1.000000 213.500000 205.000000 214.500000 203.000000 6624.000000 934.000000 1949.000000 
2017/07/04 6488.TW -1.000000 -1.000000 -1.000000 204.500000 217.000000 217.000000 204.500000 6737.000000 609.000000 758.000000 
2017/07/05 6488.TW -1.000000 -1.000000 -1.000000 215.500000 210.500000 216.000000 210.000000 3453.000000 268.000000 675.000000 
2017/07/06 6488.TW -1.000000 -1.000000 -1.000000 212.000000 218.000000 225.000000 210.500000 5261.000000 387.000000 455.000000 
2017/07/07 6488.TW -1.000000 -1.000000 1.000000 216.500000 218.000000 220.500000 212.500000 3139.000000 242.000000 138.000000 
2017/07/10 6488.TW -1.000000 -1.000000 1.000000 223.000000 218.000000 225.500000 218.000000 3632.000000 292.000000 244.000000 
2017/07/11 6488.TW -1.000000 -1.000000 1.000000 223.000000 221.500000 224.000000 220.500000 2709.000000 125.000000 320.000000 
2017/07/12 6488.TW 1.000000 1.000000 1.000000 223.000000 233.500000 233.500000 223.000000 5887.000000 2175.000000 293.000000 
2017/07/13 6488.TW 1.000000 -1.000000 1.000000 238.000000 241.000000 244.000000 238.000000 7170.000000 1774.000000 1951.000000 
2017/07/14 6488.TW 1.000000 1.000000 1.000000 247.000000 243.000000 249.000000 239.000000 6286.000000 409.000000 814.000000 
2017/07/17 6488.TW 1.000000 1.000000 1.000000 241.000000 238.000000 242.500000 236.000000 2966.000000 508.000000 341.000000 
2017/07/18 6488.TW 1.000000 1.000000 1.000000 241.000000 244.000000 248.000000 239.500000 4920.000000 835.000000 350.000000 
2017/07/19 6488.TW 1.000000 1.000000 1.000000 248.000000 240.500000 248.000000 238.500000 3155.000000 643.000000 393.000000 
2017/07/20 6488.TW 1.000000 1.000000 1.000000 242.000000 242.000000 246.500000 240.000000 2293.000000 334.000000 28.000000 
2017/07/21 6488.TW 1.000000 1.000000 1.000000 243.000000 248.000000 249.000000 241.000000 4673.000000 477.000000 310.000000 
2017/07/24 6488.TW 1.000000 1.000000 1.000000 246.000000 247.000000 249.000000 244.000000 3134.000000 295.000000 213.000000 
2017/07/25 6488.TW 1.000000 1.000000 1.000000 246.000000 250.000000 250.000000 241.500000 5516.000000 115.000000 285.000000 
2017/07/26 6488.TW 1.000000 1.000000 1.000000 260.000000 269.000000 274.000000 260.000000 13951.000000 1959.000000 2351.000000 
2017/07/27 6488.TW 1.000000 1.000000 1.000000 267.500000 268.000000 272.000000 266.000000 5280.000000 296.000000 1034.000000 
2017/07/28 6488.TW 1.000000 1.000000 1.000000 270.000000 244.000000 271.500000 242.000000 10100.000000 775.000000 1831.000000 
2017/07/31 6488.TW 1.000000 1.000000 -1.000000 244.000000 238.500000 247.500000 238.500000 5209.000000 878.000000 1143.000000 
2017/08/01 6488.TW 1.000000 1.000000 -1.000000 242.000000 250.000000 252.500000 241.500000 5620.000000 1013.000000 921.000000 
2017/08/02 6488.TW 1.000000 1.000000 1.000000 252.000000 256.000000 256.000000 246.500000 5652.000000 1037.000000 622.000000 
2017/08/03 6488.TW 1.000000 1.000000 1.000000 253.000000 260.000000 262.500000 251.500000 6119.000000 1040.000000 1358.000000 
2017/08/04 6488.TW 1.000000 1.000000 1.000000 260.000000 260.000000 263.000000 258.000000 4409.000000 1608.000000 1372.000000 
2017/08/07 6488.TW 1.000000 1.000000 1.000000 265.000000 278.500000 278.500000 264.500000 8778.000000 1595.000000 1019.000000 
2017/08/08 6488.TW 1.000000 1.000000 1.000000 282.000000 268.000000 282.000000 264.500000 5972.000000 1225.000000 479.000000 
2017/08/09 6488.TW 1.000000 1.000000 -1.000000 247.000000 242.500000 252.000000 242.000000 14940.000000 842.000000 6337.000000 
2017/08/10 6488.TW 1.000000 1.000000 -1.000000 248.000000 242.500000 249.500000 238.500000 9906.000000 2350.000000 2689.000000 
2017/08/11 6488.TW -1.000000 1.000000 -1.000000 236.500000 237.000000 245.500000 232.000000 9882.000000 1585.000000 2519.000000 
2017/08/14 6488.TW 1.000000 1.000000 -1.000000 240.000000 239.500000 243.500000 234.500000 8528.000000 3132.000000 1914.000000 
2017/08/15 6488.TW -1.000000 -1.000000 -1.000000 247.000000 238.500000 248.000000 236.000000 6148.000000 1336.000000 834.000000 
2017/08/16 6488.TW -1.000000 -1.000000 -1.000000 238.500000 239.500000 244.500000 237.000000 3938.000000 783.000000 885.000000 
2017/08/17 6488.TW 1.000000 1.000000 -1.000000 241.000000 246.500000 246.500000 238.000000 4578.000000 1390.000000 1029.000000 
2017/08/18 6488.TW 0.000000 1.000000 -1.000000 244.000000 248.000000 248.000000 241.000000 3242.000000 610.000000 308.000000 
2017/08/21 6488.TW -1.000000 1.000000 -1.000000 249.500000 245.000000 250.000000 245.000000 2171.000000 366.000000 269.000000 
2017/08/22 6488.TW 1.000000 1.000000 -1.000000 248.000000 252.000000 257.000000 246.500000 6432.000000 1084.000000 1084.000000 
2017/08/23 6488.TW -1.000000 1.000000 1.000000 255.000000 250.000000 256.500000 245.000000 5402.000000 481.000000 949.000000 
2017/08/24 6488.TW -1.000000 -1.000000 -1.000000 251.500000 248.000000 254.000000 248.000000 3627.000000 940.000000 845.000000 
2017/08/25 6488.TW 1.000000 -1.000000 -1.000000 249.500000 250.000000 253.500000 247.000000 4388.000000 798.000000 1354.000000 
2017/08/28 6488.TW 1.000000 -1.000000 1.000000 254.500000 252.500000 258.000000 252.500000 5655.000000 524.000000 1301.000000 
2017/08/29 6488.TW 1.000000 1.000000 1.000000 256.500000 252.000000 256.500000 249.500000 3822.000000 793.000000 829.000000 
2017/08/30 6488.TW -1.000000 -1.000000 -1.000000 249.000000 240.000000 249.000000 236.500000 12135.000000 1331.000000 3767.000000 
2017/08/31 6488.TW -1.000000 -1.000000 -1.000000 240.000000 239.500000 242.000000 233.000000 11126.000000 6373.000000 5822.000000 
2017/09/01 6488.TW -1.000000 1.000000 -1.000000 243.500000 246.500000 249.500000 241.000000 7749.000000 1567.000000 1233.000000 
2017/09/04 6488.TW -1.000000 1.000000 -1.000000 244.500000 245.500000 248.500000 242.000000 2539.000000 665.000000 109.000000 
2017/09/05 6488.TW -1.000000 1.000000 1.000000 248.000000 262.000000 263.000000 248.000000 11535.000000 1569.000000 1033.000000 
2017/09/06 6488.TW 1.000000 1.000000 1.000000 262.000000 259.000000 270.000000 255.000000 8676.000000 1497.000000 1156.000000 
2017/09/07 6488.TW 1.000000 1.000000 1.000000 263.500000 255.000000 267.500000 254.000000 4554.000000 485.000000 290.000000 
2017/09/08 6488.TW 1.000000 1.000000 1.000000 261.000000 270.000000 271.500000 258.500000 8453.000000 1013.000000 879.000000 
2017/09/11 6488.TW 1.000000 1.000000 1.000000 275.000000 288.000000 293.500000 270.500000 17340.000000 779.000000 1267.000000 
2017/09/12 6488.TW 1.000000 1.000000 1.000000 290.000000 286.500000 290.000000 281.000000 8077.000000 2020.000000 879.000000 
2017/09/13 6488.TW 1.000000 1.000000 1.000000 291.000000 275.500000 299.500000 273.500000 13742.000000 2009.000000 913.000000 
2017/09/14 6488.TW 1.000000 1.000000 1.000000 282.500000 299.000000 302.500000 278.500000 12575.000000 891.000000 1000.000000 
2017/09/15 6488.TW 1.000000 1.000000 1.000000 299.000000 299.000000 303.000000 292.000000 9256.000000 2173.000000 540.000000 
2017/09/18 6488.TW 1.000000 1.000000 1.000000 306.000000 316.500000 319.000000 302.000000 10837.000000 748.000000 1184.000000 
2017/09/19 6488.TW 1.000000 1.000000 1.000000 315.000000 307.000000 317.000000 304.000000 7164.000000 1277.000000 1003.000000 
2017/09/20 6488.TW 1.000000 1.000000 1.000000 307.500000 303.000000 314.000000 297.000000 6929.000000 725.000000 1087.000000 
2017/09/21 6488.TW 1.000000 1.000000 1.000000 311.500000 309.000000 315.000000 303.000000 7063.000000 603.000000 1098.000000 
2017/09/22 6488.TW 1.000000 1.000000 1.000000 312.500000 308.000000 313.500000 303.000000 5902.000000 821.000000 359.000000 
2017/09/25 6488.TW 1.000000 1.000000 1.000000 316.500000 315.500000 324.000000 313.000000 9843.000000 1421.000000 1202.000000 
2017/09/26 6488.TW 1.000000 1.000000 1.000000 315.500000 293.000000 315.500000 288.000000 9577.000000 1093.000000 1937.000000 
2017/09/27 6488.TW 1.000000 1.000000 -1.000000 293.000000 313.000000 313.500000 286.500000 8992.000000 1408.000000 870.000000 
2017/09/28 6488.TW 1.000000 1.000000 1.000000 314.000000 308.000000 315.500000 305.500000 5053.000000 541.000000 834.000000 
2017/09/29 6488.TW 1.000000 1.000000 -1.000000 305.000000 296.000000 305.000000 291.000000 6449.000000 1361.000000 1383.000000 
2017/09/30 6488.TW 1.000000 1.000000 -1.000000 300.000000 301.500000 305.000000 298.000000 2506.000000 66.000000 52.000000 
2017/10/02 6488.TW 1.000000 1.000000 -1.000000 303.500000 306.000000 310.500000 298.000000 4632.000000 1242.000000 1002.000000 
2017/10/03 6488.TW 1.000000 1.000000 -1.000000 309.000000 317.000000 317.500000 308.500000 6239.000000 669.000000 510.000000 
2017/10/05 6488.TW 1.000000 1.000000 1.000000 324.000000 324.500000 332.000000 321.500000 11187.000000 2365.000000 3484.000000 
2017/10/06 6488.TW 1.000000 1.000000 1.000000 322.000000 330.000000 330.000000 317.000000 5923.000000 2351.000000 1220.000000 
2017/10/11 6488.TW 1.000000 1.000000 1.000000 336.000000 325.000000 337.500000 322.500000 5132.000000 1221.000000 1066.000000 
2017/10/12 6488.TW 1.000000 1.000000 1.000000 326.000000 335.500000 342.000000 325.000000 8447.000000 1194.000000 1545.000000 
2017/10/13 6488.TW 1.000000 1.000000 1.000000 334.000000 333.500000 337.500000 328.500000 3827.000000 591.000000 698.000000 
2017/10/16 6488.TW 1.000000 1.000000 1.000000 337.000000 333.500000 347.000000 333.500000 6077.000000 1471.000000 790.000000 
2017/10/17 6488.TW 1.000000 1.000000 1.000000 337.500000 342.000000 344.500000 330.500000 5374.000000 1624.000000 232.000000 
2017/10/18 6488.TW 1.000000 1.000000 1.000000 345.500000 343.500000 347.500000 333.500000 5008.000000 1481.000000 759.000000 
2017/10/19 6488.TW 1.000000 1.000000 1.000000 343.500000 365.000000 368.000000 340.500000 8432.000000 2124.000000 1081.000000 
2017/10/20 6488.TW 1.000000 1.000000 1.000000 360.000000 359.500000 372.500000 357.000000 7758.000000 1225.000000 2350.000000 
2017/10/23 6488.TW 1.000000 1.000000 1.000000 361.500000 353.500000 362.500000 353.500000 3649.000000 173.000000 1130.000000 
2017/10/24 6488.TW 1.000000 1.000000 -1.000000 354.500000 344.000000 356.000000 344.000000 4262.000000 184.000000 980.000000 
2017/10/25 6488.TW 1.000000 1.000000 -1.000000 346.000000 336.000000 352.000000 336.000000 5752.000000 984.000000 2417.000000 
2017/10/26 6488.TW 1.000000 1.000000 -1.000000 332.000000 348.500000 350.500000 332.000000 5426.000000 1119.000000 568.000000 
2017/10/27 6488.TW 1.000000 1.000000 -1.000000 348.000000 330.000000 350.000000 324.500000 6564.000000 509.000000 831.000000 
2017/10/30 6488.TW 1.000000 1.000000 -1.000000 336.000000 344.500000 347.000000 332.500000 5067.000000 1577.000000 587.000000 
2017/10/31 6488.TW 1.000000 1.000000 -1.000000 345.500000 348.500000 351.000000 341.000000 3624.000000 399.000000 983.000000 
2017/11/01 6488.TW 1.000000 1.000000 -1.000000 345.500000 342.000000 347.500000 340.500000 2818.000000 442.000000 1086.000000 
2017/11/02 6488.TW 1.000000 1.000000 -1.000000 340.000000 340.500000 345.500000 337.000000 3496.000000 642.000000 1144.000000 
2017/11/03 6488.TW 1.000000 1.000000 -1.000000 339.500000 328.500000 339.500000 324.000000 4832.000000 458.000000 708.000000 
2017/11/06 6488.TW 1.000000 1.000000 -1.000000 335.000000 341.000000 341.000000 328.500000 3409.000000 927.000000 403.000000 
2017/11/07 6488.TW 1.000000 1.000000 -1.000000 339.000000 348.000000 350.500000 338.000000 4992.000000 1012.000000 822.000000 
2017/11/08 6488.TW 1.000000 1.000000 -1.000000 350.000000 342.500000 356.500000 342.500000 8190.000000 1635.000000 2881.000000 
2017/11/09 6488.TW -1.000000 1.000000 -1.000000 352.000000 335.000000 353.000000 328.500000 7570.000000 1666.000000 1950.000000 
2017/11/10 6488.TW 1.000000 1.000000 -1.000000 338.000000 368.500000 368.500000 332.000000 11601.000000 3752.000000 1176.000000 
2017/11/13 6488.TW 1.000000 1.000000 1.000000 382.000000 385.000000 401.000000 373.000000 15399.000000 2943.000000 1692.000000 
2017/11/14 6488.TW 1.000000 1.000000 1.000000 390.500000 393.000000 401.500000 381.000000 11335.000000 1523.000000 1128.000000 
2017/11/15 6488.TW 1.000000 1.000000 1.000000 389.000000 401.000000 401.000000 386.500000 5062.000000 610.000000 566.000000 
2017/11/16 6488.TW 1.000000 1.000000 1.000000 400.000000 398.500000 406.000000 396.000000 5295.000000 1256.000000 552.000000 
2017/11/17 6488.TW 1.000000 1.000000 1.000000 405.000000 402.000000 409.500000 401.000000 4794.000000 761.000000 902.000000 
2017/11/20 6488.TW 1.000000 1.000000 1.000000 400.000000 394.500000 404.000000 392.500000 3625.000000 677.000000 503.000000 
2017/11/21 6488.TW 1.000000 1.000000 1.000000 397.500000 433.500000 433.500000 397.500000 11141.000000 2237.000000 1349.000000 
2017/11/22 6488.TW 1.000000 1.000000 1.000000 442.000000 420.000000 448.000000 415.000000 10082.000000 884.000000 2510.000000 
2017/11/23 6488.TW 1.000000 1.000000 1.000000 421.500000 421.000000 426.000000 412.000000 5119.000000 632.000000 1117.000000 
2017/11/24 6488.TW 1.000000 1.000000 1.000000 422.000000 414.500000 422.500000 412.000000 3214.000000 389.000000 376.000000 
2017/11/27 6488.TW 1.000000 1.000000 1.000000 421.000000 415.000000 433.000000 415.000000 5663.000000 752.000000 1546.000000 
2017/11/28 6488.TW 1.000000 1.000000 1.000000 417.000000 414.500000 419.000000 408.000000 5451.000000 700.000000 1303.000000 
2017/11/29 6488.TW 1.000000 1.000000 -1.000000 418.000000 417.500000 424.000000 414.000000 3340.000000 903.000000 585.000000 
2017/11/30 6488.TW 1.000000 1.000000 -1.000000 410.000000 403.500000 412.500000 393.000000 8382.000000 1440.000000 3002.000000 
