2015/08/21 2317.TW 1.000000 1.000000 0.000000 86.300000 85.500000 87.200000 85.500000 46004.000000 25843.000000 17984.000000 
2015/08/24 2317.TW -1.000000 -1.000000 -1.000000 83.000000 81.600000 84.900000 77.900000 88531.000000 31551.000000 33371.000000 
2015/08/25 2317.TW -1.000000 -1.000000 -1.000000 81.000000 85.000000 85.000000 81.000000 60830.000000 26697.000000 21598.000000 
2015/08/26 2317.TW -1.000000 -1.000000 -1.000000 84.000000 83.500000 84.700000 83.100000 58577.000000 20162.000000 44717.000000 
2015/08/27 2317.TW -1.000000 -1.000000 -1.000000 84.000000 84.600000 85.300000 84.000000 68806.000000 30239.000000 50994.000000 
2015/08/28 2317.TW -1.000000 -1.000000 1.000000 86.900000 88.600000 89.200000 86.200000 65098.000000 27215.000000 14787.000000 
2015/08/31 2317.TW 1.000000 -1.000000 1.000000 89.500000 92.500000 92.500000 88.800000 62543.000000 31649.000000 26503.000000 
2015/09/01 2317.TW 1.000000 -1.000000 1.000000 91.500000 89.800000 91.500000 89.400000 60905.000000 20452.000000 19201.000000 
2015/09/02 2317.TW 1.000000 -1.000000 1.000000 89.400000 90.600000 91.200000 89.100000 105711.000000 27814.000000 14696.000000 
2015/09/03 2317.TW -1.000000 -1.000000 -1.000000 84.000000 83.900000 84.700000 83.500000 103080.000000 28799.000000 13018.000000 
2015/09/04 2317.TW -1.000000 -1.000000 -1.000000 84.000000 83.000000 84.300000 83.000000 43337.000000 9907.000000 14057.000000 
2015/09/07 2317.TW -1.000000 -1.000000 -1.000000 82.900000 82.900000 83.700000 82.600000 18976.000000 5022.000000 8593.000000 
2015/09/08 2317.TW -1.000000 -1.000000 -1.000000 82.900000 82.800000 83.400000 82.700000 14479.000000 3746.000000 7508.000000 
2015/09/09 2317.TW -1.000000 -1.000000 -1.000000 83.700000 85.500000 85.500000 83.700000 42327.000000 23873.000000 7544.000000 
2015/09/10 2317.TW -1.000000 -1.000000 -1.000000 85.000000 84.600000 85.000000 84.300000 30899.000000 11336.000000 12589.000000 
2015/09/11 2317.TW -1.000000 -1.000000 -1.000000 84.600000 84.700000 84.900000 84.200000 27669.000000 9197.000000 12363.000000 
2015/09/14 2317.TW -1.000000 -1.000000 -1.000000 85.000000 85.100000 85.400000 84.300000 20558.000000 7998.000000 5645.000000 
2015/09/15 2317.TW -1.000000 -1.000000 -1.000000 85.300000 84.700000 85.400000 84.300000 23574.000000 8763.000000 12559.000000 
2015/09/16 2317.TW -1.000000 -1.000000 -1.000000 85.200000 85.000000 85.200000 84.500000 24895.000000 14972.000000 13031.000000 
2015/09/17 2317.TW -1.000000 -1.000000 1.000000 85.700000 85.500000 86.400000 85.300000 33680.000000 20972.000000 17731.000000 
2015/09/18 2317.TW -1.000000 -1.000000 1.000000 85.500000 85.500000 85.900000 85.000000 37020.000000 26049.000000 27292.000000 
2015/09/21 2317.TW 1.000000 -1.000000 -1.000000 84.700000 84.200000 84.900000 84.000000 29324.000000 9491.000000 20128.000000 
2015/09/22 2317.TW 1.000000 -1.000000 -1.000000 84.500000 85.100000 85.100000 84.500000 18616.000000 15924.000000 8830.000000 
2015/09/23 2317.TW 1.000000 -1.000000 -1.000000 84.400000 84.100000 84.600000 83.900000 29795.000000 14756.000000 20557.000000 
2015/09/24 2317.TW -1.000000 -1.000000 -1.000000 84.400000 83.600000 84.600000 82.700000 21977.000000 8774.000000 13311.000000 
2015/09/25 2317.TW -1.000000 -1.000000 -1.000000 84.000000 84.300000 84.700000 83.500000 19031.000000 13292.000000 10215.000000 
2015/09/30 2317.TW -1.000000 -1.000000 1.000000 83.900000 85.600000 85.600000 83.600000 49123.000000 38277.000000 30605.000000 
2015/10/01 2317.TW -1.000000 -1.000000 1.000000 84.900000 85.900000 86.000000 84.700000 27904.000000 17850.000000 12455.000000 
2015/10/02 2317.TW -1.000000 -1.000000 1.000000 86.200000 85.700000 86.300000 85.100000 23535.000000 16282.000000 11221.000000 
2015/10/05 2317.TW 1.000000 -1.000000 1.000000 86.200000 86.000000 86.200000 84.900000 21822.000000 13882.000000 10786.000000 
2015/10/06 2317.TW 1.000000 -1.000000 1.000000 86.500000 86.400000 86.900000 86.100000 25192.000000 17391.000000 10124.000000 
2015/10/07 2317.TW 1.000000 -1.000000 1.000000 86.200000 86.900000 86.900000 86.000000 27500.000000 20071.000000 11640.000000 
2015/10/08 2317.TW 1.000000 -1.000000 1.000000 87.400000 86.700000 87.500000 86.400000 21720.000000 14334.000000 8726.000000 
2015/10/12 2317.TW 1.000000 -1.000000 1.000000 87.800000 88.100000 88.500000 87.600000 46200.000000 32612.000000 10079.000000 
2015/10/13 2317.TW 1.000000 -1.000000 1.000000 88.200000 87.500000 88.300000 87.000000 29718.000000 17786.000000 15268.000000 
2015/10/14 2317.TW 1.000000 -1.000000 1.000000 87.500000 86.100000 87.500000 86.000000 30643.000000 10083.000000 12995.000000 
2015/10/15 2317.TW 1.000000 -1.000000 1.000000 87.300000 86.700000 88.000000 86.700000 41667.000000 32882.000000 12998.000000 
2015/10/16 2317.TW 1.000000 -1.000000 1.000000 87.600000 87.800000 87.800000 87.200000 23106.000000 20255.000000 5412.000000 
2015/10/19 2317.TW 1.000000 -1.000000 1.000000 88.200000 87.700000 88.200000 86.900000 26009.000000 18821.000000 14120.000000 
2015/10/20 2317.TW 1.000000 -1.000000 1.000000 87.900000 87.100000 88.000000 86.900000 21952.000000 16057.000000 13852.000000 
2015/10/21 2317.TW 1.000000 -1.000000 1.000000 87.500000 86.400000 87.800000 86.300000 18577.000000 8809.000000 8897.000000 
2015/10/22 2317.TW 1.000000 -1.000000 -1.000000 86.200000 86.600000 86.600000 85.900000 23162.000000 12595.000000 14219.000000 
2015/10/23 2317.TW 1.000000 -1.000000 -1.000000 87.800000 87.400000 87.800000 87.000000 26950.000000 22778.000000 7862.000000 
2015/10/26 2317.TW 1.000000 -1.000000 1.000000 88.600000 88.700000 88.700000 88.200000 36417.000000 25805.000000 6425.000000 
2015/10/27 2317.TW 1.000000 -1.000000 1.000000 89.000000 88.600000 89.000000 87.500000 36848.000000 27005.000000 17815.000000 
2015/10/28 2317.TW 1.000000 -1.000000 1.000000 88.300000 88.000000 88.500000 87.500000 20204.000000 10327.000000 11316.000000 
2015/10/29 2317.TW 1.000000 -1.000000 -1.000000 88.000000 86.800000 88.300000 86.600000 29810.000000 12898.000000 21336.000000 
2015/10/30 2317.TW 1.000000 -1.000000 -1.000000 87.000000 86.600000 87.400000 86.000000 25675.000000 16182.000000 16476.000000 
2015/11/02 2317.TW 1.000000 -1.000000 -1.000000 87.200000 87.400000 87.400000 86.200000 16295.000000 12874.000000 7612.000000 
2015/11/03 2317.TW 1.000000 -1.000000 -1.000000 87.600000 87.800000 88.000000 86.800000 25997.000000 18541.000000 8861.000000 
2015/11/04 2317.TW 1.000000 1.000000 1.000000 88.200000 88.700000 89.000000 87.800000 42234.000000 27583.000000 6043.000000 
2015/11/05 2317.TW 1.000000 -1.000000 1.000000 88.700000 88.200000 88.700000 88.200000 20266.000000 9500.000000 9340.000000 
2015/11/06 2317.TW -1.000000 -1.000000 -1.000000 87.900000 86.600000 88.500000 86.500000 36227.000000 6937.000000 28238.000000 
2015/11/09 2317.TW -1.000000 -1.000000 -1.000000 86.500000 86.000000 86.900000 85.800000 22494.000000 4257.000000 12524.000000 
2015/11/10 2317.TW -1.000000 -1.000000 -1.000000 85.100000 84.500000 85.400000 84.500000 39128.000000 4672.000000 28160.000000 
2015/11/11 2317.TW -1.000000 -1.000000 -1.000000 84.000000 83.400000 85.000000 83.000000 47016.000000 6154.000000 27256.000000 
2015/11/12 2317.TW -1.000000 -1.000000 -1.000000 83.500000 83.900000 84.300000 83.400000 22272.000000 3941.000000 13687.000000 
2015/11/13 2317.TW -1.000000 -1.000000 -1.000000 83.500000 83.600000 84.700000 83.200000 27333.000000 9439.000000 19360.000000 
2015/11/16 2317.TW -1.000000 -1.000000 -1.000000 82.700000 82.800000 83.500000 82.600000 35694.000000 7194.000000 28322.000000 
2015/11/17 2317.TW -1.000000 -1.000000 -1.000000 84.500000 85.000000 85.400000 84.200000 37553.000000 22398.000000 11841.000000 
2015/11/18 2317.TW -1.000000 -1.000000 -1.000000 85.500000 84.800000 85.500000 84.200000 26483.000000 19003.000000 13491.000000 
2015/11/19 2317.TW -1.000000 1.000000 -1.000000 85.500000 85.500000 85.600000 84.600000 18369.000000 11964.000000 6443.000000 
2015/11/20 2317.TW -1.000000 1.000000 1.000000 86.300000 86.000000 86.300000 85.600000 26811.000000 22161.000000 6387.000000 
2015/11/23 2317.TW -1.000000 1.000000 1.000000 86.100000 85.500000 86.300000 85.200000 17480.000000 11635.000000 9912.000000 
2015/11/24 2317.TW -1.000000 -1.000000 -1.000000 85.200000 84.300000 85.500000 84.300000 18971.000000 12343.000000 12265.000000 
2015/11/25 2317.TW -1.000000 -1.000000 -1.000000 84.000000 84.300000 84.600000 83.700000 17383.000000 8563.000000 7576.000000 
2015/11/26 2317.TW -1.000000 -1.000000 -1.000000 85.000000 85.400000 86.000000 84.800000 18799.000000 15863.000000 4295.000000 
2015/11/27 2317.TW -1.000000 -1.000000 1.000000 85.100000 85.000000 85.400000 84.300000 14448.000000 6897.000000 5644.000000 
2015/11/30 2317.TW -1.000000 -1.000000 -1.000000 83.300000 84.000000 84.800000 83.000000 71529.000000 52898.000000 55270.000000 
2015/12/01 2317.TW -1.000000 1.000000 1.000000 85.100000 86.000000 86.000000 84.500000 38202.000000 34409.000000 13944.000000 
2015/12/02 2317.TW -1.000000 1.000000 1.000000 86.100000 85.700000 86.200000 85.100000 20896.000000 15683.000000 10145.000000 
2015/12/03 2317.TW -1.000000 1.000000 1.000000 84.600000 84.700000 85.300000 84.600000 14450.000000 7765.000000 9481.000000 
2015/12/04 2317.TW -1.000000 1.000000 -1.000000 84.200000 84.200000 84.400000 83.800000 20520.000000 9818.000000 15477.000000 
2015/12/07 2317.TW -1.000000 -1.000000 -1.000000 84.600000 84.700000 85.800000 84.600000 19529.000000 15888.000000 6723.000000 
2015/12/08 2317.TW -1.000000 -1.000000 -1.000000 84.900000 83.900000 84.900000 83.900000 24909.000000 13164.000000 19589.000000 
2015/12/09 2317.TW -1.000000 -1.000000 -1.000000 83.900000 83.300000 84.300000 83.200000 20179.000000 8869.000000 14115.000000 
2015/12/10 2317.TW -1.000000 -1.000000 -1.000000 83.000000 82.900000 83.300000 82.500000 29670.000000 10195.000000 22107.000000 
2015/12/11 2317.TW -1.000000 -1.000000 -1.000000 83.900000 83.100000 84.000000 82.800000 37343.000000 22498.000000 26223.000000 
2015/12/14 2317.TW -1.000000 -1.000000 -1.000000 81.000000 80.800000 81.300000 80.200000 41451.000000 12527.000000 28386.000000 
2015/12/15 2317.TW -1.000000 -1.000000 -1.000000 80.900000 80.000000 81.300000 79.600000 51309.000000 12598.000000 21945.000000 
2015/12/16 2317.TW -1.000000 -1.000000 -1.000000 81.500000 80.200000 81.500000 79.800000 30971.000000 12247.000000 13224.000000 
2015/12/17 2317.TW -1.000000 -1.000000 -1.000000 80.500000 82.400000 82.400000 80.200000 27078.000000 13729.000000 11555.000000 
2015/12/18 2317.TW -1.000000 -1.000000 -1.000000 81.400000 81.200000 81.700000 80.900000 29887.000000 21023.000000 21682.000000 
2015/12/21 2317.TW -1.000000 -1.000000 -1.000000 80.500000 81.400000 82.000000 80.300000 17792.000000 7069.000000 10842.000000 
2015/12/22 2317.TW -1.000000 -1.000000 -1.000000 81.400000 80.700000 81.700000 80.500000 18413.000000 6465.000000 12851.000000 
2015/12/23 2317.TW -1.000000 -1.000000 -1.000000 81.000000 81.300000 81.700000 80.800000 18028.000000 13624.000000 5975.000000 
2015/12/24 2317.TW -1.000000 -1.000000 1.000000 81.700000 81.600000 81.900000 81.400000 11631.000000 8054.000000 4243.000000 
2015/12/25 2317.TW -1.000000 -1.000000 1.000000 81.500000 81.600000 81.800000 81.100000 7990.000000 2478.000000 4085.000000 
2015/12/28 2317.TW -1.000000 -1.000000 1.000000 81.500000 81.000000 81.800000 81.000000 12509.000000 7184.000000 8390.000000 
2015/12/29 2317.TW -1.000000 -1.000000 1.000000 81.000000 80.700000 81.200000 80.600000 18037.000000 7071.000000 12624.000000 
2015/12/30 2317.TW -1.000000 -1.000000 -1.000000 81.100000 80.900000 81.200000 80.600000 14246.000000 5358.000000 6955.000000 
2015/12/31 2317.TW -1.000000 -1.000000 1.000000 80.900000 80.800000 81.200000 80.400000 13764.000000 4001.000000 7439.000000 
2016/01/04 2317.TW -1.000000 -1.000000 -1.000000 81.200000 79.000000 81.200000 78.600000 35223.000000 6708.000000 25837.000000 
2016/01/05 2317.TW -1.000000 -1.000000 -1.000000 79.000000 79.100000 80.300000 78.800000 30125.000000 11772.000000 21727.000000 
2016/01/06 2317.TW -1.000000 -1.000000 -1.000000 78.300000 79.000000 79.100000 77.300000 42558.000000 15525.000000 23507.000000 
2016/01/07 2317.TW -1.000000 -1.000000 -1.000000 77.500000 78.300000 78.500000 77.000000 40523.000000 10631.000000 21080.000000 
2016/01/08 2317.TW -1.000000 -1.000000 -1.000000 77.200000 78.000000 78.300000 77.200000 27621.000000 9531.000000 18577.000000 
2016/01/11 2317.TW -1.000000 -1.000000 -1.000000 77.100000 75.400000 77.200000 75.300000 52038.000000 13522.000000 34140.000000 
2016/01/12 2317.TW -1.000000 -1.000000 -1.000000 76.000000 76.300000 76.500000 75.400000 31184.000000 16224.000000 13698.000000 
2016/01/13 2317.TW -1.000000 -1.000000 -1.000000 77.000000 76.600000 77.300000 76.300000 22766.000000 13270.000000 13812.000000 
2016/01/14 2317.TW -1.000000 -1.000000 -1.000000 75.300000 76.000000 76.000000 74.600000 23290.000000 6387.000000 11586.000000 
2016/01/15 2317.TW -1.000000 -1.000000 -1.000000 76.300000 75.300000 76.600000 74.300000 39925.000000 8263.000000 24743.000000 
2016/01/18 2317.TW -1.000000 -1.000000 -1.000000 73.300000 74.900000 75.300000 73.100000 26696.000000 11223.000000 15519.000000 
2016/01/19 2317.TW -1.000000 -1.000000 -1.000000 75.500000 75.300000 75.700000 74.700000 21056.000000 9096.000000 13540.000000 
2016/01/20 2317.TW -1.000000 -1.000000 -1.000000 74.900000 73.100000 74.900000 73.100000 38246.000000 14969.000000 26774.000000 
2016/01/21 2317.TW -1.000000 -1.000000 -1.000000 73.300000 72.700000 74.100000 72.700000 31465.000000 19867.000000 19147.000000 
2016/01/22 2317.TW -1.000000 -1.000000 -1.000000 73.500000 74.800000 74.800000 73.400000 33147.000000 23400.000000 14222.000000 
2016/01/25 2317.TW -1.000000 -1.000000 1.000000 76.200000 76.000000 76.200000 75.500000 27077.000000 16066.000000 14653.000000 
2016/01/26 2317.TW -1.000000 -1.000000 1.000000 75.300000 75.500000 75.800000 75.000000 16787.000000 10750.000000 11807.000000 
2016/01/27 2317.TW -1.000000 -1.000000 1.000000 76.000000 75.300000 76.000000 75.100000 18326.000000 12548.000000 10554.000000 
2016/01/28 2317.TW -1.000000 -1.000000 1.000000 73.700000 75.100000 75.400000 73.700000 29878.000000 18282.000000 19664.000000 
2016/01/29 2317.TW -1.000000 -1.000000 1.000000 74.500000 77.800000 77.800000 74.500000 47981.000000 31149.000000 21220.000000 
2016/01/30 2317.TW -1.000000 -1.000000 1.000000 78.100000 78.200000 78.700000 78.100000 12963.000000 4694.000000 667.000000 
2016/02/01 2317.TW 1.000000 -1.000000 1.000000 79.100000 79.500000 79.500000 78.200000 30157.000000 22695.000000 12977.000000 
2016/02/02 2317.TW -1.000000 -1.000000 1.000000 79.800000 78.400000 79.900000 78.400000 20297.000000 11150.000000 11654.000000 
2016/02/03 2317.TW -1.000000 -1.000000 1.000000 78.000000 76.600000 78.100000 76.300000 37096.000000 14291.000000 27407.000000 
2016/02/15 2317.TW -1.000000 -1.000000 1.000000 73.900000 74.700000 75.500000 73.800000 62767.000000 31334.000000 51482.000000 
2016/02/16 2317.TW 1.000000 -1.000000 -1.000000 74.800000 76.600000 77.000000 74.800000 31952.000000 19478.000000 17787.000000 
2016/02/17 2317.TW 1.000000 -1.000000 1.000000 77.000000 76.700000 77.000000 75.600000 30569.000000 20291.000000 22523.000000 
2016/02/18 2317.TW 1.000000 -1.000000 1.000000 77.000000 77.700000 77.800000 76.800000 37358.000000 30395.000000 23734.000000 
2016/02/19 2317.TW 1.000000 -1.000000 1.000000 77.700000 76.700000 77.700000 76.200000 26453.000000 13974.000000 19903.000000 
2016/02/22 2317.TW 1.000000 -1.000000 1.000000 76.200000 76.700000 77.700000 76.100000 19171.000000 10379.000000 11459.000000 
2016/02/23 2317.TW 1.000000 -1.000000 1.000000 76.600000 77.000000 77.200000 76.600000 12491.000000 5624.000000 7227.000000 
2016/02/24 2317.TW 1.000000 -1.000000 1.000000 77.000000 76.500000 78.000000 76.200000 21320.000000 8554.000000 12996.000000 
2016/02/25 2317.TW 1.000000 -1.000000 1.000000 76.500000 78.500000 80.000000 76.300000 57175.000000 15598.000000 17402.000000 
2016/02/26 2317.TW 1.000000 -1.000000 1.000000 77.500000 78.000000 78.000000 76.500000 40829.000000 23712.000000 17000.000000 
2016/03/01 2317.TW 1.000000 -1.000000 1.000000 76.800000 77.700000 77.900000 76.800000 33627.000000 19957.000000 24333.000000 
2016/03/02 2317.TW 1.000000 -1.000000 1.000000 78.700000 79.500000 79.500000 78.200000 37017.000000 24079.000000 12362.000000 
2016/03/03 2317.TW 1.000000 -1.000000 1.000000 80.500000 80.500000 80.500000 79.500000 47911.000000 33233.000000 18012.000000 
2016/03/04 2317.TW 1.000000 -1.000000 1.000000 81.000000 82.900000 83.000000 80.500000 64065.000000 31865.000000 16832.000000 
2016/03/07 2317.TW 1.000000 -1.000000 1.000000 83.100000 81.600000 83.800000 81.500000 41415.000000 16802.000000 15295.000000 
2016/03/08 2317.TW 1.000000 -1.000000 1.000000 81.600000 83.000000 83.000000 81.100000 35496.000000 17203.000000 12151.000000 
2016/03/09 2317.TW 1.000000 -1.000000 1.000000 82.700000 82.800000 83.300000 82.200000 22546.000000 13968.000000 10247.000000 
2016/03/10 2317.TW 1.000000 -1.000000 1.000000 83.300000 83.000000 83.500000 82.800000 22370.000000 13542.000000 6981.000000 
2016/03/11 2317.TW 1.000000 -1.000000 1.000000 83.000000 83.200000 83.200000 82.300000 21411.000000 15309.000000 9781.000000 
2016/03/14 2317.TW 1.000000 1.000000 1.000000 83.800000 84.000000 84.000000 83.400000 25702.000000 16666.000000 4193.000000 
2016/03/15 2317.TW 1.000000 -1.000000 1.000000 84.000000 82.300000 84.200000 82.000000 34133.000000 16905.000000 15535.000000 
2016/03/16 2317.TW 1.000000 -1.000000 1.000000 82.600000 83.000000 84.000000 82.600000 26269.000000 13593.000000 5879.000000 
2016/03/17 2317.TW 1.000000 1.000000 1.000000 83.900000 82.500000 84.100000 82.500000 25511.000000 17135.000000 9118.000000 
2016/03/18 2317.TW 1.000000 1.000000 1.000000 83.000000 84.000000 84.000000 82.900000 61108.000000 52135.000000 30590.000000 
2016/03/21 2317.TW 1.000000 1.000000 1.000000 84.400000 84.500000 84.600000 83.500000 26059.000000 19389.000000 4333.000000 
2016/03/22 2317.TW 1.000000 1.000000 1.000000 84.500000 84.300000 84.500000 83.500000 23501.000000 18175.000000 11177.000000 
2016/03/23 2317.TW 1.000000 1.000000 1.000000 84.000000 84.200000 84.500000 83.600000 21766.000000 16943.000000 10843.000000 
2016/03/24 2317.TW 1.000000 1.000000 1.000000 84.100000 84.500000 84.900000 83.500000 22311.000000 16327.000000 6345.000000 
2016/03/25 2317.TW 1.000000 1.000000 1.000000 84.800000 83.800000 84.800000 83.800000 9546.000000 5225.000000 2385.000000 
2016/03/28 2317.TW 1.000000 1.000000 1.000000 84.700000 84.500000 85.000000 84.300000 25893.000000 12121.000000 2750.000000 
2016/03/29 2317.TW 1.000000 1.000000 -1.000000 85.000000 83.700000 85.000000 83.200000 25066.000000 11165.000000 7529.000000 
2016/03/30 2317.TW 1.000000 1.000000 -1.000000 83.700000 83.700000 83.700000 83.700000 0.000000 0.000000 0.000000 
2016/03/31 2317.TW 1.000000 1.000000 -1.000000 86.100000 84.800000 86.800000 84.000000 82367.000000 44971.000000 32992.000000 
2016/04/01 2317.TW 1.000000 1.000000 -1.000000 84.100000 83.000000 84.600000 83.000000 32984.000000 11328.000000 22530.000000 
2016/04/06 2317.TW -1.000000 1.000000 -1.000000 83.200000 81.200000 83.200000 81.200000 42845.000000 22733.000000 27283.000000 
2016/04/07 2317.TW -1.000000 1.000000 -1.000000 81.000000 81.500000 81.900000 80.300000 27720.000000 15062.000000 14944.000000 
2016/04/08 2317.TW -1.000000 1.000000 -1.000000 81.100000 81.900000 81.900000 80.900000 19159.000000 14247.000000 8778.000000 
2016/04/11 2317.TW -1.000000 1.000000 -1.000000 81.800000 81.200000 81.900000 80.700000 11173.000000 6280.000000 5581.000000 
2016/04/12 2317.TW -1.000000 1.000000 -1.000000 81.800000 82.000000 82.600000 81.200000 15336.000000 10364.000000 4391.000000 
2016/04/13 2317.TW -1.000000 1.000000 -1.000000 82.300000 83.700000 83.800000 82.300000 34119.000000 24021.000000 10587.000000 
2016/04/14 2317.TW 1.000000 1.000000 -1.000000 83.000000 82.400000 83.800000 82.400000 23562.000000 12198.000000 17904.000000 
2016/04/15 2317.TW -1.000000 1.000000 -1.000000 82.200000 82.900000 83.200000 81.700000 18495.000000 15107.000000 9794.000000 
2016/04/18 2317.TW 1.000000 1.000000 -1.000000 83.200000 82.600000 83.200000 82.500000 14088.000000 11977.000000 7705.000000 
2016/04/19 2317.TW -1.000000 1.000000 -1.000000 82.800000 81.500000 83.300000 81.200000 18744.000000 7001.000000 12925.000000 
2016/04/20 2317.TW -1.000000 1.000000 -1.000000 81.100000 79.200000 82.400000 79.200000 51459.000000 13439.000000 30761.000000 
2016/04/21 2317.TW -1.000000 1.000000 -1.000000 79.800000 80.300000 80.500000 79.500000 20871.000000 14659.000000 6337.000000 
2016/04/22 2317.TW -1.000000 1.000000 -1.000000 81.100000 81.000000 81.100000 80.300000 17411.000000 13998.000000 4639.000000 
2016/04/25 2317.TW -1.000000 1.000000 -1.000000 81.100000 80.300000 81.400000 80.200000 14004.000000 8113.000000 9716.000000 
2016/04/26 2317.TW -1.000000 1.000000 -1.000000 80.000000 80.200000 81.200000 80.000000 18296.000000 12715.000000 11015.000000 
2016/04/27 2317.TW -1.000000 1.000000 -1.000000 79.900000 79.500000 80.200000 79.300000 25054.000000 14439.000000 18343.000000 
2016/04/28 2317.TW -1.000000 1.000000 -1.000000 80.000000 78.600000 80.200000 78.600000 30086.000000 16640.000000 19953.000000 
2016/04/29 2317.TW -1.000000 1.000000 -1.000000 77.100000 77.100000 77.700000 77.100000 38516.000000 13834.000000 28506.000000 
2016/05/03 2317.TW -1.000000 1.000000 -1.000000 77.000000 75.600000 77.100000 75.600000 31440.000000 7045.000000 25178.000000 
2016/05/04 2317.TW -1.000000 1.000000 -1.000000 75.600000 75.700000 76.400000 74.900000 33608.000000 11673.000000 23445.000000 
2016/05/05 2317.TW -1.000000 1.000000 -1.000000 75.700000 75.400000 76.100000 75.000000 24900.000000 9800.000000 18625.000000 
2016/05/06 2317.TW -1.000000 -1.000000 -1.000000 75.400000 73.800000 75.500000 73.600000 46281.000000 13187.000000 33108.000000 
2016/05/09 2317.TW -1.000000 -1.000000 -1.000000 74.000000 72.600000 74.200000 72.500000 38311.000000 8893.000000 26520.000000 
2016/05/10 2317.TW -1.000000 -1.000000 -1.000000 72.600000 74.800000 74.800000 72.500000 29747.000000 17028.000000 15749.000000 
2016/05/11 2317.TW -1.000000 -1.000000 -1.000000 74.800000 74.000000 75.500000 73.400000 27890.000000 7564.000000 21329.000000 
2016/05/12 2317.TW -1.000000 -1.000000 -1.000000 73.900000 73.300000 74.100000 73.000000 26316.000000 6038.000000 19931.000000 
2016/05/13 2317.TW -1.000000 -1.000000 -1.000000 75.000000 74.400000 75.400000 73.500000 63340.000000 7150.000000 47446.000000 
2016/05/16 2317.TW -1.000000 -1.000000 -1.000000 74.100000 74.000000 74.400000 73.500000 26475.000000 7112.000000 20521.000000 
2016/05/17 2317.TW -1.000000 -1.000000 -1.000000 74.200000 74.300000 74.700000 74.000000 29031.000000 8485.000000 23606.000000 
2016/05/18 2317.TW -1.000000 -1.000000 1.000000 74.300000 74.400000 74.500000 73.500000 28907.000000 12563.000000 22692.000000 
2016/05/19 2317.TW -1.000000 -1.000000 1.000000 74.400000 74.200000 74.700000 73.800000 25349.000000 8555.000000 19834.000000 
2016/05/20 2317.TW -1.000000 -1.000000 1.000000 74.300000 74.000000 74.800000 74.000000 24262.000000 10357.000000 17559.000000 
2016/05/23 2317.TW -1.000000 1.000000 1.000000 74.400000 77.400000 77.700000 74.200000 52975.000000 30077.000000 16940.000000 
2016/05/24 2317.TW -1.000000 -1.000000 1.000000 77.300000 76.400000 77.400000 76.400000 26755.000000 12222.000000 17101.000000 
2016/05/25 2317.TW -1.000000 -1.000000 1.000000 77.500000 78.400000 79.700000 77.400000 46903.000000 17694.000000 19314.000000 
2016/05/26 2317.TW -1.000000 1.000000 1.000000 78.500000 78.100000 79.000000 78.000000 18308.000000 5486.000000 10339.000000 
2016/05/27 2317.TW -1.000000 1.000000 1.000000 78.600000 78.400000 78.900000 78.100000 20092.000000 10683.000000 11635.000000 
2016/05/30 2317.TW 1.000000 -1.000000 1.000000 79.000000 79.500000 79.900000 78.500000 25266.000000 17628.000000 5218.000000 
2016/05/31 2317.TW 1.000000 -1.000000 1.000000 79.500000 80.100000 80.100000 79.100000 66579.000000 56510.000000 53750.000000 
2016/06/01 2317.TW 1.000000 -1.000000 1.000000 79.600000 80.600000 81.000000 79.600000 28491.000000 16980.000000 11221.000000 
2016/06/02 2317.TW 1.000000 -1.000000 1.000000 80.700000 79.300000 80.800000 79.200000 29010.000000 16437.000000 19580.000000 
2016/06/03 2317.TW 1.000000 -1.000000 1.000000 79.500000 80.000000 80.200000 79.500000 17415.000000 11895.000000 4551.000000 
2016/06/04 2317.TW 1.000000 -1.000000 1.000000 79.900000 80.200000 80.300000 79.700000 5533.000000 819.000000 300.000000 
2016/06/06 2317.TW 1.000000 -1.000000 1.000000 79.800000 80.200000 81.400000 79.600000 21625.000000 9785.000000 9577.000000 
2016/06/07 2317.TW 1.000000 -1.000000 1.000000 80.800000 81.100000 81.200000 80.600000 31493.000000 18192.000000 9902.000000 
2016/06/08 2317.TW 1.000000 -1.000000 1.000000 81.500000 81.300000 82.000000 81.100000 37352.000000 24115.000000 16931.000000 
2016/06/13 2317.TW 1.000000 -1.000000 1.000000 79.900000 78.600000 80.000000 78.600000 48285.000000 15851.000000 32302.000000 
2016/06/14 2317.TW 1.000000 -1.000000 -1.000000 78.000000 79.900000 79.900000 78.000000 26411.000000 16664.000000 14144.000000 
2016/06/15 2317.TW 1.000000 -1.000000 1.000000 79.300000 80.200000 80.300000 79.200000 21567.000000 14215.000000 9222.000000 
2016/06/16 2317.TW 1.000000 -1.000000 -1.000000 79.500000 78.800000 79.600000 78.600000 28763.000000 10256.000000 22580.000000 
2016/06/17 2317.TW 1.000000 -1.000000 -1.000000 79.200000 79.300000 80.100000 79.000000 33517.000000 23790.000000 24025.000000 
2016/06/20 2317.TW 1.000000 -1.000000 1.000000 80.400000 80.500000 80.800000 80.100000 25730.000000 16886.000000 9496.000000 
2016/06/21 2317.TW 1.000000 -1.000000 1.000000 80.300000 80.700000 81.000000 80.100000 24934.000000 15420.000000 14845.000000 
2016/06/22 2317.TW 1.000000 -1.000000 1.000000 80.700000 81.500000 81.500000 80.700000 27196.000000 13909.000000 6779.000000 
2016/06/23 2317.TW 1.000000 -1.000000 1.000000 82.000000 82.900000 83.000000 82.000000 49044.000000 18465.000000 8387.000000 
2016/06/24 2317.TW 1.000000 -1.000000 1.000000 83.200000 81.500000 83.200000 80.600000 64171.000000 15415.000000 29549.000000 
2016/06/27 2317.TW 1.000000 -1.000000 1.000000 81.000000 82.000000 82.100000 80.800000 20747.000000 5915.000000 4826.000000 
2016/06/28 2317.TW 1.000000 -1.000000 1.000000 81.200000 82.500000 82.500000 80.800000 26680.000000 14550.000000 13559.000000 
2016/06/29 2317.TW 1.000000 -1.000000 1.000000 82.000000 82.500000 82.900000 82.000000 20874.000000 11057.000000 6064.000000 
2016/06/30 2317.TW 1.000000 -1.000000 1.000000 82.700000 82.500000 82.900000 82.200000 27818.000000 17827.000000 13096.000000 
2016/07/01 2317.TW 1.000000 1.000000 1.000000 82.500000 82.700000 83.400000 82.500000 25594.000000 13321.000000 4069.000000 
2016/07/04 2317.TW 1.000000 1.000000 1.000000 83.300000 83.300000 83.500000 83.000000 25249.000000 10369.000000 3479.000000 
2016/07/05 2317.TW 1.000000 1.000000 1.000000 83.000000 83.000000 83.300000 82.600000 17271.000000 8933.000000 10544.000000 
2016/07/06 2317.TW 1.000000 1.000000 -1.000000 82.500000 81.500000 82.500000 81.500000 26714.000000 5279.000000 19118.000000 
2016/07/07 2317.TW 1.000000 1.000000 -1.000000 82.000000 82.100000 82.300000 81.700000 16965.000000 6422.000000 4851.000000 
2016/07/11 2317.TW 1.000000 -1.000000 -1.000000 82.200000 82.500000 83.000000 82.200000 33141.000000 21557.000000 21914.000000 
2016/07/12 2317.TW 1.000000 1.000000 1.000000 82.600000 83.300000 83.500000 82.600000 32631.000000 19048.000000 11135.000000 
2016/07/13 2317.TW 1.000000 1.000000 1.000000 83.900000 83.500000 83.900000 83.000000 30235.000000 16737.000000 15603.000000 
2016/07/14 2317.TW 1.000000 1.000000 1.000000 83.500000 83.500000 83.600000 83.000000 19335.000000 12868.000000 8043.000000 
2016/07/15 2317.TW 1.000000 1.000000 1.000000 83.700000 84.500000 84.800000 83.700000 34164.000000 18074.000000 6509.000000 
2016/07/18 2317.TW 1.000000 1.000000 1.000000 85.400000 86.000000 86.000000 85.000000 42514.000000 21429.000000 3839.000000 
2016/07/19 2317.TW 1.000000 1.000000 1.000000 86.400000 86.200000 86.400000 85.600000 34955.000000 18830.000000 5608.000000 
2016/07/20 2317.TW 1.000000 1.000000 1.000000 85.800000 86.000000 86.300000 85.600000 28845.000000 15320.000000 9539.000000 
2016/07/21 2317.TW 1.000000 1.000000 1.000000 86.300000 87.400000 88.000000 86.200000 51008.000000 20766.000000 8425.000000 
2016/07/22 2317.TW 1.000000 1.000000 1.000000 87.700000 87.600000 87.900000 87.200000 34960.000000 21979.000000 11593.000000 
2016/07/25 2317.TW 1.000000 1.000000 1.000000 87.400000 87.600000 88.000000 85.600000 34005.000000 13184.000000 11681.000000 
2016/07/26 2317.TW 1.000000 1.000000 1.000000 87.500000 87.800000 87.900000 86.700000 28924.000000 19270.000000 6871.000000 
2016/07/27 2317.TW 1.000000 1.000000 1.000000 88.400000 89.000000 89.500000 88.300000 47025.000000 22895.000000 4051.000000 
2016/07/28 2317.TW 1.000000 1.000000 1.000000 89.400000 89.000000 89.400000 88.500000 28784.000000 15009.000000 8032.000000 
2016/07/29 2317.TW 1.000000 1.000000 1.000000 89.000000 87.900000 89.000000 87.900000 29463.000000 7823.000000 16109.000000 
2016/08/01 2317.TW 1.000000 1.000000 1.000000 87.800000 88.800000 89.000000 87.800000 35253.000000 26435.000000 6711.000000 
2016/08/02 2317.TW 1.000000 1.000000 1.000000 88.800000 88.500000 89.000000 88.500000 17858.000000 5777.000000 5855.000000 
2016/08/03 2317.TW 1.000000 1.000000 -1.000000 87.500000 87.500000 88.300000 87.400000 28265.000000 9470.000000 16275.000000 
2016/08/04 2317.TW 1.000000 1.000000 -1.000000 88.000000 88.000000 88.000000 87.500000 16706.000000 9592.000000 4673.000000 
2016/08/05 2317.TW 1.000000 1.000000 -1.000000 88.000000 88.400000 88.800000 87.800000 21978.000000 12833.000000 6237.000000 
2016/08/08 2317.TW 1.000000 1.000000 1.000000 89.200000 90.000000 90.000000 89.000000 38004.000000 23947.000000 6083.000000 
2016/08/09 2317.TW 1.000000 1.000000 1.000000 90.000000 89.900000 90.100000 89.200000 27157.000000 15619.000000 7037.000000 
2016/08/10 2317.TW 1.000000 1.000000 1.000000 89.900000 90.000000 90.000000 89.600000 21468.000000 11739.000000 7848.000000 
2016/08/11 2317.TW 1.000000 1.000000 -1.000000 89.400000 89.500000 89.700000 88.400000 32700.000000 17944.000000 12522.000000 
2016/08/12 2317.TW 1.000000 1.000000 -1.000000 86.500000 86.200000 87.800000 86.000000 120063.000000 18215.000000 75876.000000 
2016/08/15 2317.TW 1.000000 1.000000 -1.000000 85.800000 87.200000 87.200000 85.500000 42295.000000 9042.000000 19516.000000 
2016/08/16 2317.TW 1.000000 1.000000 -1.000000 87.000000 86.200000 87.200000 86.100000 35385.000000 11284.000000 22446.000000 
2016/08/17 2317.TW -1.000000 1.000000 -1.000000 86.000000 85.000000 86.100000 84.800000 71503.000000 17551.000000 49042.000000 
2016/08/18 2317.TW -1.000000 1.000000 -1.000000 84.900000 85.700000 86.000000 84.500000 41302.000000 10648.000000 30815.000000 
2016/08/19 2317.TW -1.000000 1.000000 -1.000000 86.000000 85.300000 86.700000 85.200000 37607.000000 10966.000000 23146.000000 
2016/08/22 2317.TW -1.000000 1.000000 -1.000000 85.200000 85.400000 85.600000 85.000000 25393.000000 6395.000000 15119.000000 
2016/08/23 2317.TW -1.000000 1.000000 -1.000000 85.200000 85.800000 85.900000 85.200000 32195.000000 8773.000000 24115.000000 
2016/08/24 2317.TW -1.000000 1.000000 -1.000000 86.200000 86.700000 87.100000 86.100000 43804.000000 9910.000000 20592.000000 
2016/08/25 2317.TW -1.000000 1.000000 1.000000 86.900000 88.500000 88.500000 86.900000 57438.000000 19251.000000 20839.000000 
2016/08/26 2317.TW 1.000000 1.000000 1.000000 88.900000 88.500000 89.000000 88.100000 38908.000000 6871.000000 15258.000000 
2016/08/29 2317.TW 1.000000 1.000000 1.000000 89.000000 89.300000 89.700000 88.400000 63998.000000 12123.000000 17278.000000 
2016/08/30 2317.TW 1.000000 1.000000 1.000000 89.300000 89.000000 89.500000 88.700000 45965.000000 8236.000000 15350.000000 
2016/08/31 2317.TW 1.000000 1.000000 1.000000 88.700000 88.000000 88.900000 88.000000 68837.000000 16933.000000 32102.000000 
2016/09/01 2317.TW -1.000000 1.000000 -1.000000 87.200000 87.400000 87.800000 86.800000 103890.000000 8877.000000 29267.000000 
2016/09/02 2317.TW -1.000000 -1.000000 -1.000000 76.600000 77.200000 77.900000 76.300000 158665.000000 14852.000000 31550.000000 
2016/09/05 2317.TW -1.000000 -1.000000 -1.000000 77.900000 78.200000 78.400000 77.600000 44626.000000 12088.000000 9725.000000 
2016/09/06 2317.TW -1.000000 1.000000 -1.000000 78.800000 79.800000 79.900000 78.600000 51022.000000 20111.000000 11318.000000 
2016/09/07 2317.TW -1.000000 -1.000000 -1.000000 80.400000 79.500000 80.800000 79.500000 59400.000000 17416.000000 26648.000000 
2016/09/08 2317.TW -1.000000 -1.000000 -1.000000 79.600000 78.500000 79.700000 78.500000 50257.000000 12506.000000 35933.000000 
2016/09/09 2317.TW -1.000000 -1.000000 -1.000000 77.800000 77.700000 77.900000 77.500000 36760.000000 3555.000000 22103.000000 
2016/09/10 2317.TW -1.000000 -1.000000 -1.000000 76.800000 78.000000 78.300000 76.700000 23404.000000 1328.000000 4516.000000 
2016/09/12 2317.TW -1.000000 -1.000000 -1.000000 78.000000 77.500000 78.200000 77.500000 31238.000000 2872.000000 22955.000000 
2016/09/13 2317.TW -1.000000 -1.000000 -1.000000 78.300000 77.200000 78.500000 76.800000 37724.000000 12646.000000 24626.000000 
2016/09/14 2317.TW -1.000000 -1.000000 -1.000000 77.200000 77.400000 78.200000 77.200000 43960.000000 19751.000000 32348.000000 
2016/09/19 2317.TW -1.000000 -1.000000 -1.000000 79.900000 80.400000 80.500000 79.200000 76667.000000 40621.000000 18041.000000 
2016/09/20 2317.TW -1.000000 -1.000000 1.000000 80.500000 80.200000 80.700000 80.000000 41417.000000 24897.000000 12416.000000 
2016/09/21 2317.TW -1.000000 -1.000000 1.000000 79.900000 80.000000 80.100000 79.300000 29175.000000 11146.000000 9307.000000 
2016/09/22 2317.TW -1.000000 -1.000000 1.000000 80.300000 79.600000 80.800000 79.300000 31625.000000 10820.000000 12640.000000 
2016/09/23 2317.TW -1.000000 -1.000000 1.000000 79.900000 79.800000 80.000000 79.400000 30789.000000 17506.000000 21318.000000 
2016/09/26 2317.TW -1.000000 -1.000000 1.000000 79.100000 78.900000 79.400000 78.600000 32605.000000 15451.000000 21918.000000 
2016/09/29 2317.TW -1.000000 -1.000000 1.000000 79.800000 79.800000 80.000000 79.300000 49890.000000 34964.000000 27406.000000 
2016/09/30 2317.TW -1.000000 -1.000000 1.000000 79.200000 79.000000 79.500000 79.000000 33181.000000 12132.000000 24878.000000 
2016/10/03 2317.TW -1.000000 -1.000000 1.000000 79.800000 79.200000 79.800000 79.200000 23921.000000 13677.000000 13440.000000 
2016/10/04 2317.TW -1.000000 -1.000000 1.000000 79.000000 79.500000 79.500000 78.900000 19840.000000 11788.000000 10516.000000 
2016/10/05 2317.TW 1.000000 -1.000000 1.000000 79.100000 79.600000 79.800000 79.100000 14225.000000 7245.000000 3586.000000 
2016/10/06 2317.TW 1.000000 -1.000000 1.000000 80.200000 80.200000 80.300000 80.000000 24816.000000 10316.000000 3812.000000 
2016/10/07 2317.TW 1.000000 -1.000000 1.000000 80.500000 80.000000 80.500000 80.000000 15319.000000 6166.000000 2385.000000 
2016/10/11 2317.TW 1.000000 -1.000000 1.000000 81.000000 81.100000 81.900000 80.500000 51745.000000 24830.000000 10788.000000 
2016/10/12 2317.TW 1.000000 -1.000000 1.000000 81.500000 81.600000 81.700000 80.900000 38593.000000 15863.000000 11767.000000 
2016/10/13 2317.TW 1.000000 -1.000000 1.000000 82.100000 81.800000 82.400000 81.600000 34881.000000 15604.000000 14611.000000 
2016/10/14 2317.TW 1.000000 -1.000000 1.000000 81.600000 81.200000 81.700000 80.700000 22420.000000 9332.000000 3131.000000 
2016/10/17 2317.TW 1.000000 -1.000000 1.000000 80.800000 81.900000 82.000000 80.400000 29656.000000 17195.000000 9042.000000 
2016/10/18 2317.TW 1.000000 -1.000000 1.000000 81.900000 82.100000 82.200000 81.600000 32868.000000 23469.000000 7975.000000 
2016/10/19 2317.TW 1.000000 -1.000000 1.000000 82.200000 82.400000 82.500000 82.200000 38455.000000 21368.000000 8102.000000 
2016/10/20 2317.TW 1.000000 -1.000000 1.000000 82.800000 83.500000 83.500000 82.700000 40043.000000 16246.000000 1768.000000 
2016/10/21 2317.TW 1.000000 -1.000000 1.000000 84.000000 84.300000 85.000000 83.900000 65474.000000 28985.000000 26198.000000 
2016/10/24 2317.TW 1.000000 -1.000000 1.000000 84.900000 84.200000 85.000000 84.100000 31339.000000 12114.000000 11066.000000 
2016/10/25 2317.TW 1.000000 -1.000000 1.000000 84.600000 85.700000 85.900000 84.500000 49323.000000 19600.000000 10388.000000 
2016/10/26 2317.TW 1.000000 -1.000000 1.000000 85.200000 85.600000 85.900000 85.000000 36417.000000 19136.000000 10693.000000 
2016/10/27 2317.TW 1.000000 -1.000000 1.000000 85.900000 85.400000 86.400000 85.000000 36900.000000 19516.000000 13999.000000 
2016/10/28 2317.TW 1.000000 -1.000000 1.000000 85.900000 84.800000 85.900000 84.600000 30166.000000 14961.000000 10408.000000 
2016/10/31 2317.TW 1.000000 -1.000000 1.000000 84.700000 85.300000 85.300000 83.600000 31250.000000 15228.000000 10189.000000 
2016/11/01 2317.TW 1.000000 -1.000000 1.000000 85.300000 84.600000 85.400000 84.400000 23258.000000 11777.000000 11383.000000 
2016/11/02 2317.TW 1.000000 -1.000000 -1.000000 84.000000 82.600000 84.400000 82.600000 51614.000000 13697.000000 23463.000000 
2016/11/03 2317.TW 1.000000 -1.000000 -1.000000 82.100000 81.700000 83.000000 81.600000 43613.000000 15046.000000 20873.000000 
2016/11/04 2317.TW 1.000000 -1.000000 -1.000000 81.600000 82.000000 82.500000 81.600000 25605.000000 8965.000000 15623.000000 
2016/11/07 2317.TW 1.000000 -1.000000 -1.000000 82.500000 83.500000 83.600000 82.300000 30230.000000 10712.000000 13616.000000 
2016/11/08 2317.TW 1.000000 -1.000000 -1.000000 83.900000 83.000000 84.000000 82.600000 20390.000000 9175.000000 6193.000000 
2016/11/09 2317.TW -1.000000 -1.000000 -1.000000 84.000000 80.400000 84.200000 80.100000 70379.000000 12682.000000 22916.000000 
2016/11/10 2317.TW -1.000000 -1.000000 -1.000000 82.400000 81.500000 82.400000 81.500000 48547.000000 16253.000000 23164.000000 
2016/11/11 2317.TW -1.000000 -1.000000 -1.000000 79.500000 79.000000 80.300000 79.000000 73171.000000 14381.000000 43992.000000 
2016/11/14 2317.TW -1.000000 -1.000000 -1.000000 79.500000 79.000000 79.600000 78.600000 46012.000000 13483.000000 27536.000000 
2016/11/15 2317.TW -1.000000 -1.000000 -1.000000 78.700000 79.000000 79.800000 78.700000 34163.000000 15076.000000 24033.000000 
2016/11/16 2317.TW -1.000000 -1.000000 -1.000000 79.400000 79.000000 79.900000 79.000000 39145.000000 14471.000000 30338.000000 
2016/11/17 2317.TW -1.000000 -1.000000 -1.000000 79.800000 80.600000 80.600000 79.300000 31890.000000 19869.000000 12136.000000 
2016/11/18 2317.TW -1.000000 -1.000000 -1.000000 80.600000 80.900000 81.300000 79.800000 32172.000000 14936.000000 19658.000000 
2016/11/21 2317.TW -1.000000 -1.000000 -1.000000 80.900000 80.900000 81.100000 80.500000 14359.000000 7229.000000 7337.000000 
2016/11/22 2317.TW -1.000000 -1.000000 1.000000 81.300000 81.200000 81.700000 81.000000 29079.000000 17565.000000 7198.000000 
2016/11/23 2317.TW -1.000000 -1.000000 1.000000 81.800000 82.000000 82.300000 81.700000 27269.000000 12174.000000 5934.000000 
2016/11/24 2317.TW -1.000000 -1.000000 1.000000 81.500000 81.100000 81.700000 81.100000 17929.000000 5740.000000 9374.000000 
2016/11/25 2317.TW -1.000000 -1.000000 1.000000 80.900000 80.500000 81.000000 80.400000 16544.000000 3834.000000 7709.000000 
2016/11/28 2317.TW -1.000000 -1.000000 1.000000 81.400000 81.300000 81.400000 80.700000 15494.000000 10280.000000 5103.000000 
2016/11/29 2317.TW -1.000000 -1.000000 1.000000 82.000000 82.000000 82.800000 81.600000 41901.000000 28458.000000 10187.000000 
2016/11/30 2317.TW -1.000000 -1.000000 1.000000 82.200000 82.000000 82.900000 81.300000 51346.000000 36478.000000 35649.000000 
2016/12/01 2317.TW 1.000000 1.000000 1.000000 82.700000 82.400000 82.700000 81.700000 26195.000000 17381.000000 7878.000000 
2016/12/02 2317.TW -1.000000 1.000000 1.000000 81.500000 81.700000 81.900000 81.300000 29232.000000 15012.000000 15834.000000 
2016/12/05 2317.TW -1.000000 1.000000 1.000000 81.600000 81.300000 81.900000 81.100000 16512.000000 9678.000000 7809.000000 
2016/12/06 2317.TW -1.000000 1.000000 1.000000 82.100000 82.300000 82.400000 81.900000 29763.000000 25647.000000 7081.000000 
2016/12/07 2317.TW 1.000000 1.000000 1.000000 83.200000 83.100000 83.400000 82.800000 38119.000000 24634.000000 4036.000000 
2016/12/08 2317.TW 1.000000 1.000000 1.000000 84.000000 84.800000 84.800000 83.700000 83403.000000 48834.000000 5422.000000 
2016/12/09 2317.TW 1.000000 1.000000 1.000000 85.500000 85.000000 85.600000 84.700000 47934.000000 33165.000000 6258.000000 
2016/12/12 2317.TW 1.000000 1.000000 1.000000 84.500000 83.400000 84.900000 83.300000 35560.000000 12508.000000 7254.000000 
2016/12/13 2317.TW 1.000000 1.000000 1.000000 84.000000 84.400000 84.400000 83.600000 36528.000000 28617.000000 5758.000000 
2016/12/14 2317.TW 1.000000 1.000000 1.000000 84.900000 83.700000 85.000000 83.700000 30200.000000 13469.000000 9434.000000 
2016/12/15 2317.TW 1.000000 1.000000 1.000000 83.500000 84.200000 84.300000 83.500000 33238.000000 12033.000000 13120.000000 
2016/12/16 2317.TW 1.000000 1.000000 1.000000 83.900000 83.600000 84.500000 83.600000 38932.000000 25636.000000 21485.000000 
2016/12/19 2317.TW 1.000000 1.000000 -1.000000 83.500000 82.800000 83.700000 82.800000 24352.000000 6358.000000 6613.000000 
2016/12/20 2317.TW 1.000000 1.000000 -1.000000 83.500000 83.700000 83.800000 83.000000 23623.000000 15594.000000 4656.000000 
2016/12/21 2317.TW 1.000000 1.000000 -1.000000 84.100000 83.300000 84.200000 83.300000 34041.000000 20943.000000 14340.000000 
2016/12/22 2317.TW 1.000000 1.000000 -1.000000 83.600000 82.800000 83.600000 82.700000 28034.000000 12631.000000 13596.000000 
2016/12/23 2317.TW 1.000000 1.000000 -1.000000 82.700000 82.700000 83.500000 82.600000 21894.000000 10587.000000 9661.000000 
2016/12/26 2317.TW 1.000000 1.000000 -1.000000 82.800000 83.300000 83.300000 82.800000 8158.000000 3491.000000 1909.000000 
2016/12/27 2317.TW 1.000000 1.000000 -1.000000 83.500000 83.500000 83.600000 83.000000 8564.000000 2520.000000 2628.000000 
2016/12/28 2317.TW 1.000000 1.000000 1.000000 83.100000 84.000000 84.000000 83.100000 18399.000000 8091.000000 6072.000000 
2016/12/29 2317.TW 1.000000 1.000000 1.000000 83.100000 83.600000 84.300000 83.100000 23803.000000 8260.000000 11270.000000 
2016/12/30 2317.TW 1.000000 1.000000 1.000000 84.200000 84.200000 84.400000 84.000000 21650.000000 10051.000000 3939.000000 
2017/01/03 2317.TW 1.000000 1.000000 1.000000 83.700000 84.300000 84.300000 83.700000 15416.000000 4700.000000 5625.000000 
2017/01/04 2317.TW 1.000000 1.000000 1.000000 84.300000 84.200000 84.600000 84.200000 23873.000000 13123.000000 7247.000000 
2017/01/05 2317.TW 1.000000 1.000000 1.000000 84.400000 84.000000 84.500000 83.800000 25436.000000 11536.000000 17058.000000 
2017/01/06 2317.TW -1.000000 1.000000 -1.000000 84.500000 83.800000 84.500000 83.800000 23041.000000 12986.000000 11764.000000 
2017/01/09 2317.TW -1.000000 1.000000 -1.000000 84.100000 83.500000 84.300000 83.500000 16896.000000 6742.000000 6847.000000 
2017/01/10 2317.TW 1.000000 1.000000 -1.000000 83.900000 84.000000 84.100000 83.600000 15941.000000 9289.000000 3750.000000 
2017/01/11 2317.TW -1.000000 1.000000 -1.000000 84.400000 84.200000 84.400000 83.400000 28156.000000 18687.000000 7295.000000 
2017/01/12 2317.TW 1.000000 1.000000 -1.000000 84.200000 84.300000 84.400000 83.600000 29006.000000 21820.000000 5316.000000 
2017/01/13 2317.TW 0.000000 1.000000 -1.000000 84.300000 84.200000 84.400000 83.900000 22849.000000 16789.000000 12188.000000 
2017/01/16 2317.TW -1.000000 -1.000000 -1.000000 84.000000 83.500000 84.000000 83.500000 16511.000000 4224.000000 7440.000000 
2017/01/17 2317.TW 1.000000 -1.000000 -1.000000 83.800000 84.000000 84.000000 83.500000 14589.000000 6856.000000 7605.000000 
2017/01/18 2317.TW -1.000000 -1.000000 -1.000000 84.000000 83.300000 84.100000 83.300000 19364.000000 11368.000000 10051.000000 
2017/01/19 2317.TW 1.000000 -1.000000 -1.000000 83.300000 83.500000 83.800000 83.000000 25925.000000 11938.000000 14704.000000 
2017/01/20 2317.TW 1.000000 -1.000000 -1.000000 84.000000 83.400000 84.000000 83.400000 20360.000000 11937.000000 9061.000000 
2017/01/23 2317.TW 1.000000 -1.000000 -1.000000 83.500000 84.000000 84.000000 83.400000 27882.000000 20391.000000 12215.000000 
2017/01/24 2317.TW 1.000000 -1.000000 -1.000000 83.600000 83.700000 84.000000 83.600000 25450.000000 13725.000000 12457.000000 
2017/02/02 2317.TW 1.000000 -1.000000 1.000000 85.700000 84.100000 85.700000 83.200000 76617.000000 52889.000000 47726.000000 
2017/02/03 2317.TW -1.000000 1.000000 -1.000000 83.800000 83.700000 84.100000 83.500000 42945.000000 23636.000000 36877.000000 
2017/02/06 2317.TW 1.000000 1.000000 1.000000 84.200000 85.000000 85.000000 84.000000 46843.000000 29984.000000 10300.000000 
2017/02/07 2317.TW 1.000000 1.000000 1.000000 85.500000 85.800000 85.800000 84.600000 59871.000000 35167.000000 7062.000000 
2017/02/08 2317.TW 1.000000 1.000000 1.000000 86.000000 87.500000 87.500000 85.800000 102313.000000 52388.000000 24753.000000 
2017/02/09 2317.TW 1.000000 1.000000 1.000000 88.000000 88.900000 88.900000 87.700000 96977.000000 53479.000000 11667.000000 
2017/02/10 2317.TW 1.000000 1.000000 1.000000 89.000000 89.100000 89.800000 88.500000 83063.000000 48843.000000 23523.000000 
2017/02/13 2317.TW 1.000000 1.000000 1.000000 89.400000 89.900000 89.900000 88.800000 53359.000000 29488.000000 8820.000000 
2017/02/14 2317.TW 1.000000 1.000000 1.000000 90.600000 90.000000 90.700000 89.600000 74367.000000 50525.000000 16470.000000 
2017/02/15 2317.TW 1.000000 1.000000 1.000000 90.500000 90.900000 91.000000 90.100000 75729.000000 49659.000000 13422.000000 
2017/02/16 2317.TW 1.000000 1.000000 1.000000 91.500000 91.000000 91.800000 90.000000 48156.000000 28531.000000 9376.000000 
2017/02/17 2317.TW 1.000000 1.000000 1.000000 90.400000 90.000000 90.900000 90.000000 30378.000000 14532.000000 8556.000000 
2017/02/18 2317.TW 1.000000 1.000000 1.000000 90.000000 89.900000 90.300000 89.600000 11329.000000 381.000000 300.000000 
2017/02/20 2317.TW 1.000000 1.000000 1.000000 90.000000 90.100000 90.200000 89.800000 27647.000000 18945.000000 4409.000000 
2017/02/21 2317.TW 1.000000 1.000000 1.000000 91.000000 90.500000 91.000000 89.800000 34780.000000 19972.000000 8754.000000 
2017/02/22 2317.TW 1.000000 1.000000 1.000000 90.700000 90.500000 90.900000 90.000000 28270.000000 15889.000000 7142.000000 
2017/02/23 2317.TW 1.000000 1.000000 1.000000 89.800000 90.300000 90.700000 89.800000 34602.000000 17116.000000 13425.000000 
2017/02/24 2317.TW 1.000000 1.000000 -1.000000 89.800000 89.500000 90.300000 89.500000 31979.000000 15855.000000 15217.000000 
2017/03/01 2317.TW 1.000000 1.000000 -1.000000 90.400000 89.000000 90.400000 89.000000 31755.000000 20605.000000 16009.000000 
2017/03/02 2317.TW 1.000000 1.000000 -1.000000 90.100000 89.600000 90.300000 88.800000 34409.000000 19438.000000 12866.000000 
2017/03/03 2317.TW 1.000000 1.000000 -1.000000 89.700000 88.800000 89.700000 88.600000 30053.000000 14454.000000 11339.000000 
2017/03/06 2317.TW 1.000000 1.000000 -1.000000 88.800000 89.900000 89.900000 88.500000 18566.000000 7408.000000 3363.000000 
2017/03/07 2317.TW 1.000000 1.000000 -1.000000 89.900000 90.500000 90.700000 89.600000 30331.000000 8190.000000 5223.000000 
2017/03/08 2317.TW 1.000000 1.000000 -1.000000 90.800000 90.700000 91.000000 90.100000 35419.000000 22463.000000 9316.000000 
2017/03/09 2317.TW 1.000000 1.000000 -1.000000 90.200000 89.300000 90.300000 89.300000 34394.000000 6240.000000 24093.000000 
2017/03/10 2317.TW 1.000000 1.000000 -1.000000 88.900000 89.900000 90.000000 88.000000 37663.000000 9184.000000 15043.000000 
2017/03/13 2317.TW 1.000000 1.000000 -1.000000 90.200000 90.000000 90.200000 89.500000 15413.000000 8357.000000 6385.000000 
2017/03/14 2317.TW 1.000000 1.000000 -1.000000 90.000000 90.000000 90.500000 89.900000 20694.000000 13563.000000 6581.000000 
2017/03/15 2317.TW 1.000000 1.000000 -1.000000 89.900000 90.100000 90.400000 89.700000 17686.000000 11445.000000 4800.000000 
2017/03/16 2317.TW -1.000000 1.000000 -1.000000 90.500000 90.900000 91.400000 90.400000 38965.000000 18643.000000 6428.000000 
2017/03/17 2317.TW 1.000000 1.000000 1.000000 91.300000 91.400000 91.400000 91.000000 46804.000000 38948.000000 11764.000000 
2017/03/20 2317.TW 1.000000 1.000000 1.000000 91.300000 91.300000 91.400000 90.900000 17143.000000 7433.000000 4967.000000 
2017/03/21 2317.TW 1.000000 1.000000 1.000000 91.300000 91.500000 91.800000 91.300000 30748.000000 17207.000000 8141.000000 
2017/03/22 2317.TW 1.000000 1.000000 1.000000 90.800000 91.500000 91.500000 90.500000 24414.000000 12035.000000 10579.000000 
2017/03/23 2317.TW 1.000000 1.000000 -1.000000 91.700000 91.300000 91.700000 90.800000 17900.000000 10021.000000 9275.000000 
2017/03/24 2317.TW 1.000000 1.000000 -1.000000 90.500000 90.600000 91.000000 90.500000 19736.000000 8230.000000 12193.000000 
2017/03/27 2317.TW 1.000000 1.000000 -1.000000 90.000000 90.500000 91.000000 89.800000 29369.000000 22166.000000 18253.000000 
2017/03/28 2317.TW 1.000000 1.000000 -1.000000 90.900000 91.200000 91.300000 90.600000 27415.000000 20284.000000 8311.000000 
2017/03/29 2317.TW 1.000000 1.000000 -1.000000 91.700000 91.500000 91.800000 91.000000 23560.000000 14136.000000 9269.000000 
2017/03/30 2317.TW 1.000000 1.000000 -1.000000 91.500000 91.400000 91.600000 91.200000 18736.000000 10699.000000 8575.000000 
2017/03/31 2317.TW 1.000000 1.000000 -1.000000 91.400000 91.000000 91.600000 91.000000 27343.000000 16384.000000 15298.000000 
2017/04/05 2317.TW 1.000000 1.000000 1.000000 96.000000 98.000000 98.400000 95.600000 173213.000000 96650.000000 22378.000000 
2017/04/06 2317.TW 1.000000 1.000000 1.000000 98.200000 97.300000 98.600000 96.700000 64743.000000 33625.000000 20493.000000 
2017/04/07 2317.TW 1.000000 1.000000 1.000000 97.000000 96.100000 97.700000 95.200000 63424.000000 29513.000000 26088.000000 
2017/04/10 2317.TW 1.000000 1.000000 1.000000 96.000000 96.500000 96.500000 95.600000 38875.000000 19982.000000 11853.000000 
2017/04/11 2317.TW 1.000000 1.000000 1.000000 96.900000 96.900000 97.600000 96.500000 47063.000000 29354.000000 10666.000000 
2017/04/12 2317.TW 1.000000 1.000000 1.000000 97.400000 97.300000 97.400000 96.600000 40251.000000 30643.000000 11160.000000 
2017/04/13 2317.TW 1.000000 1.000000 1.000000 97.700000 98.500000 99.300000 97.500000 61732.000000 26049.000000 12196.000000 
2017/04/14 2317.TW 1.000000 1.000000 1.000000 97.700000 96.700000 97.800000 96.700000 35857.000000 1924.000000 9604.000000 
2017/04/17 2317.TW 1.000000 1.000000 1.000000 96.700000 97.300000 97.300000 95.600000 28643.000000 10997.000000 3991.000000 
2017/04/18 2317.TW 1.000000 1.000000 1.000000 97.900000 97.000000 98.000000 96.800000 15171.000000 4984.000000 6685.000000 
2017/04/19 2317.TW 1.000000 1.000000 -1.000000 96.500000 95.800000 96.500000 95.800000 30855.000000 14413.000000 17870.000000 
2017/04/20 2317.TW 1.000000 1.000000 -1.000000 96.000000 96.000000 96.200000 95.500000 25323.000000 14575.000000 9681.000000 
2017/04/21 2317.TW 1.000000 1.000000 -1.000000 96.200000 96.500000 96.800000 96.200000 14640.000000 7147.000000 5026.000000 
2017/04/24 2317.TW 1.000000 1.000000 -1.000000 97.700000 97.000000 97.700000 96.500000 15424.000000 8981.000000 3272.000000 
2017/04/25 2317.TW 1.000000 1.000000 -1.000000 97.700000 97.900000 97.900000 97.100000 35547.000000 23473.000000 3587.000000 
2017/04/26 2317.TW 1.000000 1.000000 1.000000 98.700000 98.200000 98.700000 98.000000 39698.000000 28818.000000 10537.000000 
2017/04/27 2317.TW 1.000000 1.000000 1.000000 98.300000 98.300000 98.500000 97.900000 26802.000000 19058.000000 10240.000000 
2017/04/28 2317.TW 1.000000 1.000000 1.000000 98.500000 98.800000 99.500000 98.000000 47127.000000 17535.000000 15131.000000 
2017/05/02 2317.TW 1.000000 1.000000 1.000000 99.800000 100.000000 100.500000 99.800000 146012.000000 104690.000000 93273.000000 
2017/05/03 2317.TW 1.000000 1.000000 1.000000 100.000000 100.500000 101.500000 100.000000 43600.000000 13026.000000 4361.000000 
2017/05/04 2317.TW 1.000000 1.000000 1.000000 100.500000 100.500000 101.000000 100.000000 27759.000000 7589.000000 7829.000000 
2017/05/05 2317.TW 1.000000 1.000000 1.000000 100.000000 100.000000 101.000000 100.000000 22247.000000 6461.000000 9196.000000 
2017/05/08 2317.TW 1.000000 1.000000 1.000000 101.000000 101.000000 101.500000 100.000000 23208.000000 10490.000000 7665.000000 
2017/05/09 2317.TW 1.000000 1.000000 1.000000 102.000000 104.000000 105.500000 101.500000 106300.000000 21031.000000 10086.000000 
2017/05/10 2317.TW 1.000000 1.000000 1.000000 105.500000 104.000000 105.500000 103.000000 44983.000000 19935.000000 9873.000000 
2017/05/11 2317.TW 1.000000 1.000000 1.000000 104.000000 104.000000 104.000000 103.000000 39792.000000 14132.000000 11294.000000 
2017/05/12 2317.TW 1.000000 1.000000 1.000000 104.000000 102.500000 105.000000 102.000000 59018.000000 13743.000000 16400.000000 
2017/05/15 2317.TW 1.000000 1.000000 1.000000 103.000000 104.000000 104.500000 102.500000 33740.000000 14516.000000 6178.000000 
2017/05/16 2317.TW 1.000000 1.000000 1.000000 104.000000 103.500000 104.000000 102.500000 37905.000000 21517.000000 21688.000000 
2017/05/17 2317.TW 1.000000 1.000000 -1.000000 103.000000 103.000000 103.500000 102.000000 27976.000000 13690.000000 12753.000000 
2017/05/18 2317.TW 1.000000 1.000000 -1.000000 101.000000 102.000000 102.000000 100.500000 48593.000000 10826.000000 19527.000000 
2017/05/19 2317.TW 1.000000 1.000000 -1.000000 102.000000 101.500000 102.500000 101.500000 18776.000000 4086.000000 5929.000000 
2017/05/22 2317.TW 1.000000 1.000000 -1.000000 102.500000 102.500000 102.500000 102.000000 19574.000000 9462.000000 8361.000000 
2017/05/23 2317.TW 1.000000 1.000000 -1.000000 103.000000 104.000000 104.500000 102.500000 47835.000000 18316.000000 7946.000000 
2017/05/24 2317.TW 1.000000 1.000000 -1.000000 103.500000 104.000000 104.500000 103.500000 22404.000000 10563.000000 9173.000000 
2017/05/25 2317.TW 1.000000 1.000000 1.000000 104.500000 105.000000 105.000000 104.000000 29549.000000 12989.000000 5465.000000 
2017/05/26 2317.TW 1.000000 1.000000 1.000000 104.000000 104.500000 104.500000 104.000000 32313.000000 14688.000000 17189.000000 
2017/05/31 2317.TW 1.000000 1.000000 -1.000000 103.500000 103.000000 104.000000 103.000000 39270.000000 16372.000000 29126.000000 
2017/06/01 2317.TW 1.000000 1.000000 -1.000000 103.500000 104.500000 104.500000 103.000000 27442.000000 14228.000000 5802.000000 
2017/06/02 2317.TW 1.000000 1.000000 -1.000000 105.000000 105.500000 105.500000 104.500000 38195.000000 25639.000000 11095.000000 
2017/06/03 2317.TW 1.000000 1.000000 -1.000000 105.000000 105.000000 105.500000 104.500000 9968.000000 574.000000 529.000000 
2017/06/05 2317.TW 1.000000 1.000000 -1.000000 105.000000 105.500000 106.000000 105.000000 29383.000000 13050.000000 6739.000000 
2017/06/06 2317.TW 1.000000 1.000000 -1.000000 105.500000 105.000000 105.500000 105.000000 21309.000000 8220.000000 11857.000000 
2017/06/07 2317.TW 1.000000 1.000000 -1.000000 105.000000 105.000000 105.500000 104.500000 27310.000000 13227.000000 15156.000000 
2017/06/08 2317.TW 1.000000 1.000000 -1.000000 105.000000 105.000000 105.500000 104.500000 15154.000000 5014.000000 6152.000000 
2017/06/09 2317.TW 1.000000 1.000000 -1.000000 105.000000 105.000000 106.000000 105.000000 34929.000000 11975.000000 20923.000000 
2017/06/12 2317.TW -1.000000 1.000000 -1.000000 103.000000 102.000000 103.500000 102.000000 49986.000000 12513.000000 26476.000000 
2017/06/13 2317.TW -1.000000 1.000000 -1.000000 101.000000 102.000000 102.500000 101.000000 42832.000000 11399.000000 21203.000000 
2017/06/14 2317.TW -1.000000 1.000000 -1.000000 102.500000 102.000000 103.000000 101.000000 41192.000000 20163.000000 11591.000000 
2017/06/15 2317.TW -1.000000 1.000000 -1.000000 102.500000 102.500000 103.000000 102.000000 22904.000000 14506.000000 9899.000000 
2017/06/16 2317.TW 1.000000 1.000000 -1.000000 102.500000 105.000000 105.000000 102.500000 55593.000000 20392.000000 15285.000000 
2017/06/19 2317.TW 1.000000 1.000000 1.000000 106.000000 109.500000 110.000000 106.000000 91950.000000 27921.000000 10679.000000 
2017/06/20 2317.TW 1.000000 1.000000 1.000000 111.500000 114.500000 115.000000 111.500000 90853.000000 16794.000000 11314.000000 
2017/06/21 2317.TW 1.000000 1.000000 1.000000 113.500000 113.000000 114.000000 112.000000 69995.000000 16540.000000 29235.000000 
2017/06/22 2317.TW 1.000000 1.000000 1.000000 113.000000 112.500000 114.500000 112.000000 59438.000000 13225.000000 19720.000000 
2017/06/23 2317.TW 1.000000 1.000000 1.000000 113.000000 112.500000 114.000000 112.500000 37931.000000 9711.000000 9057.000000 
2017/06/26 2317.TW 1.000000 1.000000 1.000000 113.500000 120.000000 121.000000 113.000000 139000.000000 20598.000000 15281.000000 
2017/06/27 2317.TW 1.000000 1.000000 1.000000 119.000000 121.500000 122.500000 119.000000 83973.000000 20080.000000 28685.000000 
2017/06/28 2317.TW 1.000000 1.000000 1.000000 120.000000 118.000000 121.000000 118.000000 99402.000000 16781.000000 40714.000000 
2017/06/29 2317.TW 1.000000 1.000000 1.000000 119.500000 119.000000 120.000000 118.500000 48518.000000 11375.000000 15319.000000 
2017/06/30 2317.TW 1.000000 1.000000 1.000000 117.500000 117.000000 118.000000 116.000000 68373.000000 18236.000000 33050.000000 
2017/07/03 2317.TW 1.000000 1.000000 1.000000 116.000000 116.500000 118.000000 116.000000 48447.000000 10262.000000 14320.000000 
2017/07/04 2317.TW 1.000000 1.000000 -1.000000 116.500000 113.000000 117.000000 113.000000 65450.000000 12747.000000 16613.000000 
2017/07/05 2317.TW 1.000000 1.000000 -1.000000 113.500000 116.000000 116.000000 113.000000 58319.000000 12894.000000 18143.000000 
2017/07/06 2317.TW 1.000000 1.000000 -1.000000 115.500000 115.500000 115.500000 114.000000 31861.000000 11751.000000 14388.000000 
2017/07/07 2317.TW 1.000000 1.000000 -1.000000 114.500000 114.500000 115.000000 114.000000 32708.000000 6987.000000 16353.000000 
2017/07/10 2317.TW 1.000000 1.000000 -1.000000 115.000000 115.500000 116.000000 114.500000 45153.000000 13455.000000 12691.000000 
2017/07/11 2317.TW 1.000000 1.000000 -1.000000 117.000000 118.500000 118.500000 116.500000 75118.000000 18811.000000 10328.000000 
2017/07/12 2317.TW 1.000000 1.000000 1.000000 118.500000 118.500000 119.500000 118.000000 91356.000000 19555.000000 16778.000000 
2017/07/13 2317.TW 1.000000 1.000000 -1.000000 115.500000 115.500000 116.000000 115.000000 83079.000000 16541.000000 16525.000000 
2017/07/14 2317.TW 1.000000 1.000000 -1.000000 116.000000 115.500000 116.000000 115.000000 35813.000000 10739.000000 11159.000000 
2017/07/17 2317.TW 1.000000 1.000000 -1.000000 116.000000 115.500000 116.000000 115.000000 35526.000000 10378.000000 11386.000000 
2017/07/18 2317.TW 1.000000 1.000000 -1.000000 115.500000 117.000000 117.000000 115.000000 34634.000000 14774.000000 7462.000000 
2017/07/19 2317.TW 1.000000 1.000000 -1.000000 117.500000 117.000000 118.000000 117.000000 30175.000000 13521.000000 8509.000000 
2017/07/20 2317.TW 1.000000 1.000000 -1.000000 118.000000 116.500000 118.500000 116.500000 34665.000000 8672.000000 13738.000000 
2017/07/21 2317.TW 1.000000 1.000000 -1.000000 116.500000 115.000000 116.500000 114.500000 32812.000000 4745.000000 13316.000000 
2017/07/24 2317.TW -1.000000 1.000000 -1.000000 114.500000 116.000000 116.000000 114.000000 28835.000000 13581.000000 7133.000000 
2017/07/25 2317.TW -1.000000 1.000000 -1.000000 116.500000 117.000000 117.500000 116.000000 39264.000000 16544.000000 11572.000000 
2017/07/26 2317.TW -1.000000 1.000000 -1.000000 117.500000 115.500000 117.500000 115.500000 27988.000000 10142.000000 12116.000000 
2017/07/27 2317.TW -1.000000 1.000000 -1.000000 117.000000 117.500000 118.500000 117.000000 47889.000000 12779.000000 9934.000000 
2017/07/28 2317.TW 1.000000 1.000000 -1.000000 117.500000 117.500000 118.000000 116.500000 28597.000000 7354.000000 10314.000000 
2017/07/31 2317.TW 1.000000 1.000000 -1.000000 116.500000 117.500000 117.500000 116.500000 26664.000000 14738.000000 14391.000000 
2017/08/01 2317.TW 1.000000 1.000000 -1.000000 116.500000 116.500000 117.500000 116.500000 24369.000000 8915.000000 16447.000000 
2017/08/02 2317.TW 1.000000 1.000000 -1.000000 118.500000 118.500000 119.500000 117.500000 42047.000000 12328.000000 9799.000000 
2017/08/03 2317.TW 1.000000 1.000000 -1.000000 117.500000 119.000000 119.000000 117.500000 32872.000000 15334.000000 11690.000000 
2017/08/04 2317.TW 1.000000 1.000000 1.000000 119.000000 119.500000 119.500000 118.500000 22973.000000 10138.000000 8206.000000 
2017/08/07 2317.TW 1.000000 1.000000 1.000000 119.500000 121.500000 122.000000 119.500000 55573.000000 7153.000000 8637.000000 
2017/08/08 2317.TW 1.000000 1.000000 1.000000 122.000000 121.000000 122.500000 119.500000 35847.000000 8116.000000 8987.000000 
2017/08/09 2317.TW -1.000000 1.000000 -1.000000 119.500000 118.000000 120.500000 117.500000 47422.000000 7677.000000 25582.000000 
2017/08/10 2317.TW 1.000000 1.000000 -1.000000 118.000000 116.000000 118.000000 115.000000 48174.000000 8745.000000 16066.000000 
2017/08/11 2317.TW 1.000000 1.000000 -1.000000 114.500000 116.500000 117.000000 114.500000 46202.000000 12006.000000 21900.000000 
2017/08/14 2317.TW -1.000000 1.000000 -1.000000 116.500000 114.000000 116.500000 114.000000 45566.000000 9770.000000 18775.000000 
2017/08/15 2317.TW -1.000000 1.000000 -1.000000 115.500000 115.500000 116.000000 114.500000 23934.000000 10145.000000 6723.000000 
2017/08/16 2317.TW -1.000000 1.000000 -1.000000 115.000000 115.000000 116.000000 114.500000 28874.000000 7407.000000 21819.000000 
2017/08/17 2317.TW -1.000000 1.000000 -1.000000 115.000000 116.000000 116.000000 115.000000 18417.000000 8925.000000 9880.000000 
2017/08/18 2317.TW 1.000000 1.000000 -1.000000 114.500000 115.500000 116.000000 114.000000 28090.000000 13577.000000 18941.000000 
2017/08/21 2317.TW -1.000000 1.000000 -1.000000 114.500000 115.000000 115.000000 114.000000 18951.000000 3887.000000 12016.000000 
2017/08/22 2317.TW -1.000000 1.000000 -1.000000 115.500000 115.000000 116.000000 115.000000 18867.000000 6375.000000 11110.000000 
2017/08/23 2317.TW -1.000000 1.000000 -1.000000 115.500000 115.000000 116.500000 115.000000 30660.000000 8323.000000 16369.000000 
2017/08/24 2317.TW -1.000000 1.000000 -1.000000 115.000000 116.000000 116.000000 115.000000 27856.000000 12134.000000 18956.000000 
2017/08/25 2317.TW -1.000000 1.000000 -1.000000 116.000000 116.000000 116.500000 115.500000 20842.000000 8499.000000 9875.000000 
2017/08/28 2317.TW -1.000000 1.000000 -1.000000 116.500000 115.500000 116.500000 115.000000 19889.000000 8368.000000 12634.000000 
2017/08/29 2317.TW -1.000000 1.000000 -1.000000 115.000000 115.500000 115.500000 115.000000 17097.000000 5572.000000 10386.000000 
2017/08/30 2317.TW -1.000000 1.000000 -1.000000 116.000000 117.500000 117.500000 116.000000 34362.000000 14972.000000 12002.000000 
2017/08/31 2317.TW -1.000000 1.000000 1.000000 118.500000 117.500000 119.000000 117.000000 34283.000000 15574.000000 17696.000000 
2017/09/01 2317.TW -1.000000 1.000000 1.000000 117.000000 117.500000 118.000000 117.000000 17581.000000 5996.000000 6808.000000 
2017/09/04 2317.TW -1.000000 1.000000 1.000000 116.500000 116.500000 117.500000 116.000000 19131.000000 6113.000000 9076.000000 
2017/09/05 2317.TW -1.000000 1.000000 -1.000000 116.500000 116.500000 117.000000 115.500000 28541.000000 16371.000000 18513.000000 
2017/09/06 2317.TW -1.000000 1.000000 -1.000000 116.000000 115.500000 116.500000 115.000000 30304.000000 17947.000000 16502.000000 
2017/09/07 2317.TW -1.000000 1.000000 -1.000000 115.500000 115.500000 116.500000 115.000000 25406.000000 8454.000000 14950.000000 
2017/09/08 2317.TW 1.000000 1.000000 -1.000000 116.000000 117.000000 117.500000 115.500000 39680.000000 16230.000000 17378.000000 
2017/09/11 2317.TW 1.000000 1.000000 -1.000000 117.500000 116.000000 118.000000 115.500000 21045.000000 4844.000000 9111.000000 
2017/09/12 2317.TW 1.000000 1.000000 -1.000000 117.000000 117.000000 117.500000 116.000000 19715.000000 9651.000000 9164.000000 
2017/09/13 2317.TW 1.000000 1.000000 -1.000000 116.500000 115.500000 117.500000 115.500000 24576.000000 3654.000000 15290.000000 
2017/09/14 2317.TW -1.000000 1.000000 -1.000000 115.500000 114.500000 115.500000 114.000000 31054.000000 8032.000000 15718.000000 
2017/09/15 2317.TW -1.000000 1.000000 -1.000000 114.000000 115.000000 115.000000 114.000000 53128.000000 32405.000000 41468.000000 
2017/09/18 2317.TW -1.000000 -1.000000 -1.000000 114.000000 114.000000 115.000000 113.000000 46674.000000 8858.000000 23100.000000 
2017/09/19 2317.TW -1.000000 -1.000000 -1.000000 113.500000 110.000000 114.000000 110.000000 98361.000000 9108.000000 45137.000000 
2017/09/20 2317.TW -1.000000 -1.000000 -1.000000 109.000000 106.500000 110.000000 106.500000 98940.000000 23504.000000 41965.000000 
2017/09/21 2317.TW -1.000000 -1.000000 -1.000000 105.500000 111.000000 112.000000 105.000000 105629.000000 23252.000000 32955.000000 
2017/09/22 2317.TW -1.000000 -1.000000 -1.000000 109.000000 108.000000 110.000000 108.000000 58634.000000 9610.000000 23007.000000 
2017/09/25 2317.TW -1.000000 -1.000000 -1.000000 107.000000 105.000000 107.000000 105.000000 71182.000000 14070.000000 38026.000000 
2017/09/26 2317.TW -1.000000 -1.000000 -1.000000 104.000000 103.500000 106.000000 103.000000 72853.000000 15420.000000 41089.000000 
2017/09/27 2317.TW -1.000000 -1.000000 -1.000000 105.000000 105.000000 105.500000 104.500000 37849.000000 11772.000000 18256.000000 
2017/09/28 2317.TW -1.000000 -1.000000 -1.000000 106.000000 104.500000 106.000000 104.000000 36877.000000 15035.000000 21077.000000 
2017/09/29 2317.TW -1.000000 -1.000000 -1.000000 104.500000 105.000000 105.500000 103.500000 35552.000000 20490.000000 15982.000000 
2017/09/30 2317.TW -1.000000 -1.000000 -1.000000 106.000000 107.000000 107.000000 105.500000 15842.000000 1501.000000 898.000000 
2017/10/02 2317.TW -1.000000 -1.000000 1.000000 108.000000 107.000000 108.000000 107.000000 24692.000000 11171.000000 10925.000000 
2017/10/03 2317.TW -1.000000 -1.000000 1.000000 107.500000 106.000000 108.000000 106.000000 26016.000000 11303.000000 16202.000000 
2017/10/05 2317.TW -1.000000 -1.000000 1.000000 106.500000 106.000000 107.000000 105.000000 22523.000000 9260.000000 12276.000000 
2017/10/06 2317.TW -1.000000 -1.000000 1.000000 106.500000 106.500000 107.000000 106.000000 22385.000000 10524.000000 12490.000000 
2017/10/11 2317.TW -1.000000 -1.000000 1.000000 107.500000 107.000000 109.000000 107.000000 44155.000000 24565.000000 21549.000000 
2017/10/12 2317.TW -1.000000 -1.000000 1.000000 108.500000 108.000000 109.000000 107.500000 41864.000000 15801.000000 23293.000000 
2017/10/13 2317.TW -1.000000 -1.000000 1.000000 108.000000 108.000000 108.000000 107.000000 26951.000000 12695.000000 15966.000000 
2017/10/16 2317.TW -1.000000 -1.000000 1.000000 109.000000 109.500000 110.000000 108.000000 34884.000000 15898.000000 12601.000000 
2017/10/17 2317.TW -1.000000 -1.000000 1.000000 111.000000 110.500000 111.000000 109.500000 40473.000000 23907.000000 14154.000000 
2017/10/18 2317.TW -1.000000 -1.000000 1.000000 111.500000 111.500000 112.000000 110.000000 39251.000000 25630.000000 12929.000000 
2017/10/19 2317.TW 1.000000 -1.000000 1.000000 112.000000 113.000000 113.500000 111.500000 44807.000000 24592.000000 10312.000000 
2017/10/20 2317.TW 1.000000 -1.000000 1.000000 112.000000 112.000000 113.000000 111.000000 28951.000000 12672.000000 10956.000000 
2017/10/23 2317.TW -1.000000 -1.000000 1.000000 112.500000 109.500000 113.000000 109.000000 31138.000000 11455.000000 11530.000000 
2017/10/24 2317.TW 1.000000 -1.000000 1.000000 110.000000 109.500000 111.500000 109.000000 28243.000000 14549.000000 15396.000000 
2017/10/25 2317.TW 1.000000 -1.000000 1.000000 111.000000 111.000000 111.500000 110.000000 29879.000000 14468.000000 12104.000000 
2017/10/26 2317.TW 1.000000 -1.000000 1.000000 110.000000 110.500000 111.500000 110.000000 19616.000000 8433.000000 10311.000000 
2017/10/27 2317.TW 1.000000 -1.000000 1.000000 111.500000 110.000000 112.000000 110.000000 27119.000000 12337.000000 11025.000000 
2017/10/30 2317.TW 1.000000 -1.000000 1.000000 113.000000 111.500000 114.000000 111.500000 42080.000000 19636.000000 14986.000000 
2017/10/31 2317.TW 1.000000 -1.000000 1.000000 112.500000 112.000000 113.000000 111.500000 33161.000000 15812.000000 19367.000000 
2017/11/01 2317.TW 1.000000 -1.000000 1.000000 112.500000 112.000000 113.000000 111.500000 21097.000000 8646.000000 10107.000000 
2017/11/02 2317.TW 1.000000 -1.000000 1.000000 111.500000 112.500000 113.000000 111.500000 23730.000000 15873.000000 6425.000000 
2017/11/03 2317.TW 1.000000 -1.000000 1.000000 113.000000 113.000000 114.500000 112.500000 34131.000000 15316.000000 13543.000000 
2017/11/06 2317.TW 1.000000 -1.000000 1.000000 114.500000 113.000000 114.500000 113.000000 22917.000000 7545.000000 10410.000000 
2017/11/07 2317.TW 1.000000 -1.000000 1.000000 114.000000 112.000000 114.000000 112.000000 30062.000000 9909.000000 17819.000000 
2017/11/08 2317.TW 1.000000 -1.000000 1.000000 112.500000 111.000000 113.000000 111.000000 25853.000000 7500.000000 16707.000000 
2017/11/09 2317.TW 1.000000 -1.000000 -1.000000 111.000000 108.500000 111.500000 108.500000 41021.000000 9127.000000 19748.000000 
2017/11/10 2317.TW -1.000000 -1.000000 -1.000000 106.500000 107.500000 108.000000 106.000000 51985.000000 15551.000000 29910.000000 
2017/11/13 2317.TW -1.000000 -1.000000 -1.000000 107.500000 107.000000 108.000000 106.500000 24376.000000 12181.000000 11113.000000 
2017/11/14 2317.TW -1.000000 -1.000000 -1.000000 108.000000 106.000000 108.000000 106.000000 27612.000000 9125.000000 18920.000000 
2017/11/15 2317.TW -1.000000 -1.000000 -1.000000 103.000000 103.000000 104.500000 103.000000 127904.000000 15793.000000 91853.000000 
2017/11/16 2317.TW -1.000000 -1.000000 -1.000000 102.500000 104.000000 104.500000 102.500000 48894.000000 13396.000000 26366.000000 
2017/11/17 2317.TW -1.000000 -1.000000 -1.000000 105.500000 105.500000 106.500000 105.500000 53510.000000 14978.000000 34488.000000 
2017/11/20 2317.TW -1.000000 -1.000000 -1.000000 105.500000 104.000000 105.500000 104.000000 35011.000000 5987.000000 24221.000000 
2017/11/21 2317.TW -1.000000 -1.000000 -1.000000 104.500000 104.000000 105.000000 104.000000 34836.000000 11026.000000 22097.000000 
2017/11/22 2317.TW -1.000000 -1.000000 -1.000000 104.000000 104.000000 105.000000 104.000000 47708.000000 16616.000000 33136.000000 
2017/11/23 2317.TW -1.000000 -1.000000 -1.000000 104.000000 106.000000 106.000000 104.000000 31314.000000 10751.000000 9307.000000 
2017/11/24 2317.TW -1.000000 -1.000000 -1.000000 105.000000 104.500000 106.000000 104.500000 23222.000000 5562.000000 14519.000000 
2017/11/27 2317.TW -1.000000 -1.000000 -1.000000 104.500000 103.000000 105.000000 103.000000 36177.000000 5938.000000 21841.000000 
2017/11/28 2317.TW -1.000000 -1.000000 -1.000000 103.000000 102.500000 103.500000 102.000000 38066.000000 9657.000000 24110.000000 
2017/11/29 2317.TW -1.000000 -1.000000 -1.000000 103.000000 103.000000 103.500000 102.500000 29980.000000 7453.000000 14542.000000 
2017/11/30 2317.TW -1.000000 -1.000000 -1.000000 102.000000 100.000000 102.500000 100.000000 78888.000000 24084.000000 51286.000000 
