2015/08/21 3008.TW 1.000000 1.000000 0.000000 2750.000000 2780.000000 2805.000000 2725.000000 1214.000000 397.000000 437.000000 
2015/08/24 3008.TW -1.000000 -1.000000 -1.000000 2635.000000 2680.000000 2825.000000 2520.000000 2193.000000 584.000000 697.000000 
2015/08/25 3008.TW -1.000000 -1.000000 1.000000 2750.000000 2945.000000 2945.000000 2720.000000 1366.000000 663.000000 255.000000 
2015/08/26 3008.TW -1.000000 -1.000000 1.000000 2900.000000 2880.000000 2995.000000 2840.000000 1640.000000 413.000000 639.000000 
2015/08/27 3008.TW -1.000000 -1.000000 1.000000 2960.000000 2960.000000 3030.000000 2940.000000 1381.000000 495.000000 476.000000 
2015/08/28 3008.TW -1.000000 -1.000000 1.000000 3020.000000 3000.000000 3050.000000 2985.000000 1034.000000 361.000000 297.000000 
2015/08/31 3008.TW 1.000000 -1.000000 1.000000 2995.000000 3020.000000 3020.000000 2965.000000 638.000000 356.000000 364.000000 
2015/09/01 3008.TW 1.000000 -1.000000 1.000000 3000.000000 2980.000000 3015.000000 2970.000000 542.000000 212.000000 206.000000 
2015/09/02 3008.TW -1.000000 -1.000000 1.000000 2915.000000 2950.000000 2970.000000 2890.000000 623.000000 227.000000 237.000000 
2015/09/03 3008.TW 1.000000 -1.000000 -1.000000 2935.000000 2865.000000 2935.000000 2835.000000 876.000000 219.000000 195.000000 
2015/09/04 3008.TW -1.000000 -1.000000 -1.000000 2865.000000 2700.000000 2900.000000 2685.000000 1364.000000 344.000000 388.000000 
2015/09/07 3008.TW -1.000000 -1.000000 -1.000000 2685.000000 2605.000000 2685.000000 2560.000000 1917.000000 597.000000 401.000000 
2015/09/08 3008.TW -1.000000 -1.000000 -1.000000 2600.000000 2580.000000 2690.000000 2580.000000 1192.000000 231.000000 335.000000 
2015/09/09 3008.TW -1.000000 -1.000000 -1.000000 2675.000000 2830.000000 2830.000000 2665.000000 1571.000000 642.000000 248.000000 
2015/09/10 3008.TW -1.000000 -1.000000 -1.000000 2790.000000 2750.000000 2790.000000 2720.000000 714.000000 246.000000 228.000000 
2015/09/11 3008.TW -1.000000 -1.000000 -1.000000 2785.000000 2815.000000 2850.000000 2785.000000 807.000000 171.000000 269.000000 
2015/09/14 3008.TW -1.000000 -1.000000 1.000000 2900.000000 2900.000000 2925.000000 2865.000000 699.000000 246.000000 153.000000 
2015/09/15 3008.TW -1.000000 -1.000000 1.000000 2900.000000 2745.000000 2910.000000 2740.000000 1003.000000 190.000000 469.000000 
2015/09/16 3008.TW -1.000000 -1.000000 -1.000000 2745.000000 2780.000000 2830.000000 2715.000000 1010.000000 251.000000 358.000000 
2015/09/17 3008.TW 1.000000 -1.000000 1.000000 2840.000000 2910.000000 2925.000000 2815.000000 1302.000000 698.000000 280.000000 
2015/09/18 3008.TW 1.000000 -1.000000 1.000000 2910.000000 2895.000000 2925.000000 2860.000000 676.000000 260.000000 225.000000 
2015/09/21 3008.TW 1.000000 -1.000000 1.000000 2830.000000 2790.000000 2840.000000 2755.000000 928.000000 314.000000 384.000000 
2015/09/22 3008.TW -1.000000 -1.000000 -1.000000 2810.000000 2805.000000 2855.000000 2800.000000 528.000000 94.000000 83.000000 
2015/09/23 3008.TW -1.000000 -1.000000 -1.000000 2750.000000 2740.000000 2770.000000 2710.000000 732.000000 134.000000 361.000000 
2015/09/24 3008.TW -1.000000 -1.000000 -1.000000 2775.000000 2685.000000 2790.000000 2685.000000 759.000000 95.000000 257.000000 
2015/09/25 3008.TW -1.000000 -1.000000 -1.000000 2625.000000 2730.000000 2730.000000 2565.000000 1557.000000 476.000000 555.000000 
2015/09/30 3008.TW -1.000000 -1.000000 -1.000000 2625.000000 2560.000000 2665.000000 2560.000000 2609.000000 631.000000 1430.000000 
2015/10/01 3008.TW -1.000000 -1.000000 -1.000000 2575.000000 2470.000000 2615.000000 2470.000000 2112.000000 538.000000 715.000000 
2015/10/02 3008.TW -1.000000 -1.000000 -1.000000 2470.000000 2570.000000 2570.000000 2430.000000 1982.000000 764.000000 625.000000 
2015/10/05 3008.TW -1.000000 -1.000000 -1.000000 2580.000000 2480.000000 2580.000000 2475.000000 1555.000000 413.000000 680.000000 
2015/10/06 3008.TW -1.000000 -1.000000 -1.000000 2580.000000 2690.000000 2715.000000 2580.000000 2233.000000 964.000000 657.000000 
2015/10/07 3008.TW 1.000000 -1.000000 1.000000 2735.000000 2675.000000 2740.000000 2660.000000 1445.000000 601.000000 491.000000 
2015/10/08 3008.TW 1.000000 -1.000000 1.000000 2680.000000 2610.000000 2730.000000 2610.000000 879.000000 129.000000 310.000000 
2015/10/12 3008.TW -1.000000 -1.000000 1.000000 2610.000000 2700.000000 2710.000000 2610.000000 1370.000000 692.000000 633.000000 
2015/10/13 3008.TW -1.000000 -1.000000 1.000000 2685.000000 2630.000000 2695.000000 2590.000000 1248.000000 388.000000 547.000000 
2015/10/14 3008.TW -1.000000 -1.000000 -1.000000 2610.000000 2550.000000 2625.000000 2550.000000 1516.000000 459.000000 940.000000 
2015/10/15 3008.TW -1.000000 -1.000000 -1.000000 2590.000000 2585.000000 2640.000000 2580.000000 1256.000000 483.000000 471.000000 
2015/10/16 3008.TW -1.000000 -1.000000 -1.000000 2690.000000 2585.000000 2690.000000 2585.000000 1690.000000 589.000000 661.000000 
2015/10/19 3008.TW -1.000000 -1.000000 -1.000000 2590.000000 2450.000000 2605.000000 2420.000000 1989.000000 485.000000 465.000000 
2015/10/20 3008.TW -1.000000 -1.000000 -1.000000 2450.000000 2415.000000 2510.000000 2370.000000 2137.000000 622.000000 965.000000 
2015/10/21 3008.TW -1.000000 -1.000000 -1.000000 2440.000000 2415.000000 2465.000000 2410.000000 1423.000000 548.000000 596.000000 
2015/10/22 3008.TW -1.000000 -1.000000 -1.000000 2445.000000 2450.000000 2495.000000 2440.000000 897.000000 210.000000 274.000000 
2015/10/23 3008.TW -1.000000 -1.000000 -1.000000 2520.000000 2440.000000 2525.000000 2440.000000 1052.000000 416.000000 325.000000 
2015/10/26 3008.TW -1.000000 -1.000000 1.000000 2495.000000 2555.000000 2565.000000 2485.000000 1851.000000 830.000000 579.000000 
2015/10/27 3008.TW -1.000000 -1.000000 1.000000 2530.000000 2530.000000 2530.000000 2480.000000 1260.000000 657.000000 718.000000 
2015/10/28 3008.TW -1.000000 -1.000000 1.000000 2510.000000 2510.000000 2565.000000 2510.000000 681.000000 273.000000 151.000000 
2015/10/29 3008.TW -1.000000 -1.000000 1.000000 2585.000000 2525.000000 2590.000000 2525.000000 694.000000 318.000000 127.000000 
2015/10/30 3008.TW 1.000000 -1.000000 1.000000 2515.000000 2535.000000 2550.000000 2490.000000 547.000000 208.000000 241.000000 
2015/11/02 3008.TW 1.000000 -1.000000 1.000000 2535.000000 2640.000000 2690.000000 2525.000000 1405.000000 597.000000 306.000000 
2015/11/03 3008.TW 1.000000 1.000000 1.000000 2680.000000 2745.000000 2750.000000 2670.000000 1923.000000 967.000000 608.000000 
2015/11/04 3008.TW 1.000000 -1.000000 1.000000 2780.000000 2810.000000 2825.000000 2765.000000 1239.000000 643.000000 283.000000 
2015/11/05 3008.TW 1.000000 -1.000000 1.000000 2845.000000 2940.000000 2965.000000 2840.000000 1558.000000 987.000000 329.000000 
2015/11/06 3008.TW 1.000000 -1.000000 1.000000 2910.000000 2720.000000 2910.000000 2720.000000 2048.000000 562.000000 741.000000 
2015/11/09 3008.TW -1.000000 -1.000000 1.000000 2700.000000 2620.000000 2740.000000 2620.000000 1420.000000 447.000000 629.000000 
2015/11/10 3008.TW -1.000000 -1.000000 -1.000000 2545.000000 2590.000000 2650.000000 2545.000000 1262.000000 342.000000 628.000000 
2015/11/11 3008.TW -1.000000 -1.000000 -1.000000 2590.000000 2490.000000 2620.000000 2490.000000 1462.000000 207.000000 593.000000 
2015/11/12 3008.TW -1.000000 -1.000000 -1.000000 2535.000000 2560.000000 2560.000000 2460.000000 1146.000000 271.000000 377.000000 
2015/11/13 3008.TW -1.000000 -1.000000 -1.000000 2505.000000 2510.000000 2575.000000 2500.000000 743.000000 87.000000 187.000000 
2015/11/16 3008.TW 1.000000 -1.000000 -1.000000 2490.000000 2515.000000 2540.000000 2445.000000 842.000000 185.000000 223.000000 
2015/11/17 3008.TW 1.000000 -1.000000 -1.000000 2580.000000 2585.000000 2630.000000 2570.000000 1020.000000 272.000000 131.000000 
2015/11/18 3008.TW 1.000000 -1.000000 1.000000 2585.000000 2560.000000 2600.000000 2550.000000 711.000000 243.000000 263.000000 
2015/11/19 3008.TW 1.000000 -1.000000 1.000000 2630.000000 2670.000000 2670.000000 2600.000000 909.000000 431.000000 103.000000 
2015/11/20 3008.TW 1.000000 -1.000000 1.000000 2680.000000 2735.000000 2750.000000 2660.000000 1138.000000 620.000000 190.000000 
2015/11/23 3008.TW 1.000000 -1.000000 1.000000 2745.000000 2715.000000 2750.000000 2680.000000 661.000000 361.000000 118.000000 
2015/11/24 3008.TW -1.000000 -1.000000 1.000000 2630.000000 2465.000000 2655.000000 2460.000000 2232.000000 325.000000 739.000000 
2015/11/25 3008.TW 0.000000 -1.000000 -1.000000 2480.000000 2510.000000 2535.000000 2450.000000 1171.000000 465.000000 397.000000 
2015/11/26 3008.TW 0.000000 -1.000000 -1.000000 2510.000000 2525.000000 2560.000000 2510.000000 916.000000 364.000000 163.000000 
2015/11/27 3008.TW -1.000000 -1.000000 -1.000000 2540.000000 2505.000000 2550.000000 2505.000000 607.000000 275.000000 253.000000 
2015/11/30 3008.TW -1.000000 -1.000000 -1.000000 2510.000000 2515.000000 2530.000000 2485.000000 1091.000000 781.000000 663.000000 
2015/12/01 3008.TW -1.000000 -1.000000 -1.000000 2525.000000 2600.000000 2620.000000 2525.000000 1217.000000 626.000000 378.000000 
2015/12/02 3008.TW -1.000000 -1.000000 1.000000 2560.000000 2610.000000 2610.000000 2540.000000 1042.000000 596.000000 450.000000 
2015/12/03 3008.TW -1.000000 -1.000000 1.000000 2565.000000 2550.000000 2585.000000 2550.000000 694.000000 183.000000 375.000000 
2015/12/04 3008.TW -1.000000 -1.000000 -1.000000 2540.000000 2530.000000 2545.000000 2465.000000 1181.000000 320.000000 585.000000 
2015/12/07 3008.TW -1.000000 -1.000000 -1.000000 2500.000000 2395.000000 2510.000000 2285.000000 2929.000000 837.000000 920.000000 
2015/12/08 3008.TW -1.000000 -1.000000 -1.000000 2355.000000 2350.000000 2410.000000 2350.000000 944.000000 102.000000 410.000000 
2015/12/09 3008.TW -1.000000 -1.000000 -1.000000 2355.000000 2305.000000 2395.000000 2305.000000 1148.000000 233.000000 406.000000 
2015/12/10 3008.TW -1.000000 -1.000000 -1.000000 2305.000000 2290.000000 2330.000000 2290.000000 1127.000000 253.000000 410.000000 
2015/12/11 3008.TW -1.000000 -1.000000 -1.000000 2295.000000 2320.000000 2340.000000 2295.000000 821.000000 421.000000 222.000000 
2015/12/14 3008.TW -1.000000 -1.000000 -1.000000 2290.000000 2195.000000 2290.000000 2185.000000 1043.000000 265.000000 188.000000 
2015/12/15 3008.TW -1.000000 -1.000000 -1.000000 2215.000000 2150.000000 2245.000000 2150.000000 1098.000000 228.000000 221.000000 
2015/12/16 3008.TW -1.000000 -1.000000 -1.000000 2200.000000 2140.000000 2205.000000 2045.000000 2461.000000 864.000000 867.000000 
2015/12/17 3008.TW -1.000000 -1.000000 -1.000000 2165.000000 2230.000000 2235.000000 2140.000000 1380.000000 556.000000 389.000000 
2015/12/18 3008.TW -1.000000 -1.000000 -1.000000 2205.000000 2250.000000 2250.000000 2180.000000 1043.000000 557.000000 344.000000 
2015/12/21 3008.TW -1.000000 -1.000000 -1.000000 2210.000000 2285.000000 2285.000000 2200.000000 656.000000 185.000000 164.000000 
2015/12/22 3008.TW -1.000000 -1.000000 1.000000 2300.000000 2320.000000 2355.000000 2300.000000 1063.000000 554.000000 370.000000 
2015/12/23 3008.TW -1.000000 -1.000000 1.000000 2305.000000 2230.000000 2330.000000 2230.000000 668.000000 200.000000 163.000000 
2015/12/24 3008.TW -1.000000 -1.000000 1.000000 2295.000000 2270.000000 2325.000000 2245.000000 757.000000 247.000000 54.000000 
2015/12/25 3008.TW -1.000000 -1.000000 1.000000 2265.000000 2295.000000 2295.000000 2240.000000 221.000000 13.000000 36.000000 
2015/12/28 3008.TW -1.000000 -1.000000 1.000000 2310.000000 2275.000000 2310.000000 2255.000000 391.000000 196.000000 145.000000 
2015/12/29 3008.TW -1.000000 -1.000000 1.000000 2275.000000 2255.000000 2275.000000 2210.000000 403.000000 142.000000 110.000000 
2015/12/30 3008.TW -1.000000 -1.000000 1.000000 2290.000000 2260.000000 2295.000000 2260.000000 457.000000 190.000000 144.000000 
2015/12/31 3008.TW -1.000000 -1.000000 1.000000 2280.000000 2270.000000 2280.000000 2230.000000 295.000000 116.000000 111.000000 
2016/01/04 3008.TW -1.000000 -1.000000 1.000000 2255.000000 2175.000000 2270.000000 2175.000000 678.000000 203.000000 287.000000 
2016/01/05 3008.TW -1.000000 -1.000000 -1.000000 2130.000000 2110.000000 2155.000000 2100.000000 1750.000000 839.000000 958.000000 
2016/01/06 3008.TW -1.000000 -1.000000 -1.000000 1910.000000 1960.000000 1965.000000 1900.000000 3026.000000 1153.000000 708.000000 
2016/01/07 3008.TW -1.000000 -1.000000 -1.000000 1930.000000 1830.000000 1945.000000 1815.000000 2607.000000 1153.000000 1072.000000 
2016/01/08 3008.TW -1.000000 -1.000000 -1.000000 1800.000000 1975.000000 2000.000000 1790.000000 2099.000000 989.000000 494.000000 
2016/01/11 3008.TW -1.000000 -1.000000 -1.000000 1960.000000 1935.000000 2010.000000 1930.000000 1168.000000 448.000000 405.000000 
2016/01/12 3008.TW -1.000000 -1.000000 -1.000000 1960.000000 1840.000000 2010.000000 1825.000000 1475.000000 481.000000 445.000000 
2016/01/13 3008.TW -1.000000 -1.000000 -1.000000 1900.000000 1965.000000 1965.000000 1885.000000 1313.000000 653.000000 337.000000 
2016/01/14 3008.TW -1.000000 -1.000000 -1.000000 1880.000000 1855.000000 1900.000000 1835.000000 1724.000000 497.000000 590.000000 
2016/01/15 3008.TW -1.000000 -1.000000 -1.000000 1985.000000 2020.000000 2040.000000 1945.000000 2235.000000 1082.000000 418.000000 
2016/01/18 3008.TW -1.000000 -1.000000 1.000000 1975.000000 1995.000000 2070.000000 1965.000000 1464.000000 430.000000 699.000000 
2016/01/19 3008.TW -1.000000 -1.000000 1.000000 2000.000000 2025.000000 2025.000000 1980.000000 808.000000 117.000000 396.000000 
2016/01/20 3008.TW -1.000000 -1.000000 1.000000 2000.000000 1900.000000 2010.000000 1885.000000 1583.000000 551.000000 752.000000 
2016/01/21 3008.TW -1.000000 -1.000000 1.000000 1970.000000 2035.000000 2035.000000 1940.000000 1513.000000 686.000000 248.000000 
2016/01/22 3008.TW -1.000000 -1.000000 1.000000 2045.000000 1995.000000 2070.000000 1990.000000 1120.000000 309.000000 516.000000 
2016/01/25 3008.TW -1.000000 -1.000000 1.000000 2075.000000 2075.000000 2140.000000 2065.000000 1311.000000 406.000000 263.000000 
2016/01/26 3008.TW -1.000000 -1.000000 1.000000 2060.000000 2240.000000 2240.000000 2045.000000 1548.000000 643.000000 427.000000 
2016/01/27 3008.TW -1.000000 -1.000000 1.000000 2210.000000 2160.000000 2210.000000 2115.000000 1820.000000 494.000000 1047.000000 
2016/01/28 3008.TW 0.000000 -1.000000 1.000000 2080.000000 2260.000000 2285.000000 2080.000000 2213.000000 818.000000 544.000000 
2016/01/29 3008.TW 1.000000 -1.000000 1.000000 2250.000000 2375.000000 2450.000000 2225.000000 2356.000000 944.000000 733.000000 
2016/01/30 3008.TW 1.000000 -1.000000 1.000000 2435.000000 2500.000000 2515.000000 2420.000000 1141.000000 140.000000 72.000000 
2016/02/01 3008.TW 1.000000 -1.000000 1.000000 2485.000000 2350.000000 2550.000000 2350.000000 2260.000000 640.000000 1106.000000 
2016/02/02 3008.TW 1.000000 -1.000000 1.000000 2370.000000 2350.000000 2395.000000 2290.000000 1479.000000 471.000000 734.000000 
2016/02/03 3008.TW 1.000000 -1.000000 1.000000 2310.000000 2350.000000 2385.000000 2310.000000 1094.000000 435.000000 416.000000 
2016/02/15 3008.TW 1.000000 -1.000000 1.000000 2260.000000 2385.000000 2400.000000 2260.000000 1454.000000 554.000000 593.000000 
2016/02/16 3008.TW 1.000000 1.000000 1.000000 2420.000000 2570.000000 2585.000000 2400.000000 1873.000000 745.000000 426.000000 
2016/02/17 3008.TW 1.000000 -1.000000 1.000000 2555.000000 2455.000000 2575.000000 2455.000000 1547.000000 290.000000 685.000000 
2016/02/18 3008.TW 1.000000 -1.000000 1.000000 2515.000000 2465.000000 2560.000000 2465.000000 1731.000000 543.000000 557.000000 
2016/02/19 3008.TW 1.000000 -1.000000 1.000000 2445.000000 2535.000000 2555.000000 2445.000000 1047.000000 390.000000 168.000000 
2016/02/22 3008.TW 1.000000 -1.000000 1.000000 2560.000000 2555.000000 2610.000000 2545.000000 1022.000000 339.000000 226.000000 
2016/02/23 3008.TW 1.000000 -1.000000 1.000000 2590.000000 2560.000000 2615.000000 2555.000000 1177.000000 528.000000 408.000000 
2016/02/24 3008.TW 1.000000 -1.000000 1.000000 2540.000000 2555.000000 2575.000000 2525.000000 773.000000 238.000000 253.000000 
2016/02/25 3008.TW 1.000000 1.000000 1.000000 2585.000000 2540.000000 2585.000000 2530.000000 684.000000 292.000000 162.000000 
2016/02/26 3008.TW 1.000000 1.000000 1.000000 2575.000000 2535.000000 2595.000000 2535.000000 656.000000 264.000000 137.000000 
2016/03/01 3008.TW 1.000000 1.000000 1.000000 2585.000000 2720.000000 2740.000000 2575.000000 2121.000000 888.000000 552.000000 
2016/03/02 3008.TW 1.000000 1.000000 1.000000 2840.000000 2740.000000 2840.000000 2730.000000 1285.000000 416.000000 405.000000 
2016/03/03 3008.TW 1.000000 1.000000 1.000000 2765.000000 2685.000000 2770.000000 2660.000000 1188.000000 421.000000 444.000000 
2016/03/04 3008.TW 1.000000 1.000000 1.000000 2695.000000 2760.000000 2760.000000 2695.000000 844.000000 326.000000 129.000000 
2016/03/07 3008.TW 1.000000 1.000000 1.000000 2775.000000 2695.000000 2775.000000 2685.000000 951.000000 256.000000 340.000000 
2016/03/08 3008.TW 1.000000 1.000000 -1.000000 2695.000000 2635.000000 2695.000000 2535.000000 1479.000000 467.000000 455.000000 
2016/03/09 3008.TW 1.000000 1.000000 -1.000000 2650.000000 2575.000000 2655.000000 2565.000000 1209.000000 363.000000 645.000000 
2016/03/10 3008.TW 1.000000 1.000000 -1.000000 2590.000000 2565.000000 2660.000000 2565.000000 1111.000000 301.000000 438.000000 
2016/03/11 3008.TW 1.000000 1.000000 -1.000000 2600.000000 2610.000000 2615.000000 2545.000000 821.000000 237.000000 181.000000 
2016/03/14 3008.TW 1.000000 1.000000 -1.000000 2655.000000 2620.000000 2685.000000 2620.000000 752.000000 209.000000 179.000000 
2016/03/15 3008.TW 1.000000 1.000000 -1.000000 2630.000000 2470.000000 2640.000000 2470.000000 1259.000000 315.000000 503.000000 
2016/03/16 3008.TW 1.000000 1.000000 -1.000000 2500.000000 2590.000000 2605.000000 2500.000000 1135.000000 429.000000 125.000000 
2016/03/17 3008.TW 1.000000 1.000000 -1.000000 2630.000000 2540.000000 2650.000000 2535.000000 966.000000 231.000000 231.000000 
2016/03/18 3008.TW 1.000000 1.000000 -1.000000 2550.000000 2560.000000 2615.000000 2520.000000 1029.000000 445.000000 490.000000 
2016/03/21 3008.TW 1.000000 1.000000 -1.000000 2605.000000 2565.000000 2615.000000 2550.000000 554.000000 168.000000 201.000000 
2016/03/22 3008.TW 1.000000 1.000000 -1.000000 2565.000000 2600.000000 2600.000000 2545.000000 535.000000 284.000000 101.000000 
2016/03/23 3008.TW 1.000000 1.000000 -1.000000 2590.000000 2585.000000 2595.000000 2555.000000 594.000000 327.000000 234.000000 
2016/03/24 3008.TW -1.000000 1.000000 -1.000000 2565.000000 2545.000000 2565.000000 2490.000000 747.000000 224.000000 199.000000 
2016/03/25 3008.TW -1.000000 1.000000 -1.000000 2545.000000 2470.000000 2555.000000 2465.000000 715.000000 89.000000 271.000000 
2016/03/28 3008.TW -1.000000 1.000000 -1.000000 2485.000000 2435.000000 2490.000000 2425.000000 671.000000 251.000000 153.000000 
2016/03/29 3008.TW -1.000000 1.000000 -1.000000 2440.000000 2420.000000 2490.000000 2410.000000 653.000000 234.000000 261.000000 
2016/03/30 3008.TW -1.000000 1.000000 -1.000000 2490.000000 2580.000000 2580.000000 2485.000000 1084.000000 421.000000 81.000000 
2016/03/31 3008.TW -1.000000 1.000000 -1.000000 2600.000000 2495.000000 2600.000000 2495.000000 1035.000000 532.000000 502.000000 
2016/04/01 3008.TW -1.000000 1.000000 -1.000000 2495.000000 2510.000000 2525.000000 2490.000000 509.000000 382.000000 183.000000 
2016/04/06 3008.TW -1.000000 1.000000 -1.000000 2390.000000 2475.000000 2500.000000 2375.000000 1218.000000 828.000000 568.000000 
2016/04/07 3008.TW -1.000000 1.000000 -1.000000 2485.000000 2515.000000 2545.000000 2475.000000 960.000000 675.000000 416.000000 
2016/04/08 3008.TW -1.000000 1.000000 -1.000000 2485.000000 2445.000000 2490.000000 2425.000000 856.000000 400.000000 370.000000 
2016/04/11 3008.TW -1.000000 1.000000 -1.000000 2445.000000 2485.000000 2485.000000 2425.000000 623.000000 346.000000 265.000000 
2016/04/12 3008.TW -1.000000 1.000000 -1.000000 2455.000000 2375.000000 2470.000000 2340.000000 1252.000000 529.000000 399.000000 
2016/04/13 3008.TW -1.000000 1.000000 -1.000000 2385.000000 2405.000000 2465.000000 2375.000000 1152.000000 539.000000 305.000000 
2016/04/14 3008.TW -1.000000 1.000000 -1.000000 2430.000000 2375.000000 2460.000000 2330.000000 1088.000000 388.000000 346.000000 
2016/04/15 3008.TW -1.000000 1.000000 -1.000000 2300.000000 2465.000000 2470.000000 2290.000000 2021.000000 770.000000 549.000000 
2016/04/18 3008.TW -1.000000 1.000000 -1.000000 2430.000000 2440.000000 2450.000000 2400.000000 686.000000 308.000000 182.000000 
2016/04/19 3008.TW -1.000000 1.000000 -1.000000 2470.000000 2380.000000 2480.000000 2380.000000 1004.000000 300.000000 408.000000 
2016/04/20 3008.TW -1.000000 1.000000 -1.000000 2380.000000 2355.000000 2420.000000 2355.000000 1006.000000 297.000000 358.000000 
2016/04/21 3008.TW -1.000000 1.000000 -1.000000 2385.000000 2360.000000 2390.000000 2325.000000 741.000000 277.000000 312.000000 
2016/04/22 3008.TW -1.000000 1.000000 -1.000000 2325.000000 2240.000000 2335.000000 2240.000000 1731.000000 596.000000 878.000000 
2016/04/25 3008.TW -1.000000 1.000000 -1.000000 2240.000000 2170.000000 2240.000000 2135.000000 1958.000000 770.000000 1020.000000 
2016/04/26 3008.TW -1.000000 1.000000 -1.000000 2210.000000 2250.000000 2295.000000 2205.000000 1177.000000 464.000000 343.000000 
2016/04/27 3008.TW -1.000000 1.000000 -1.000000 2200.000000 2240.000000 2250.000000 2180.000000 1394.000000 533.000000 745.000000 
2016/04/28 3008.TW -1.000000 1.000000 -1.000000 2280.000000 2240.000000 2280.000000 2225.000000 996.000000 569.000000 409.000000 
2016/04/29 3008.TW -1.000000 1.000000 -1.000000 2215.000000 2270.000000 2270.000000 2205.000000 896.000000 537.000000 445.000000 
2016/05/03 3008.TW -1.000000 1.000000 -1.000000 2240.000000 2295.000000 2305.000000 2225.000000 960.000000 527.000000 468.000000 
2016/05/04 3008.TW -1.000000 1.000000 1.000000 2290.000000 2280.000000 2325.000000 2240.000000 1017.000000 451.000000 382.000000 
2016/05/05 3008.TW -1.000000 1.000000 1.000000 2300.000000 2305.000000 2325.000000 2260.000000 834.000000 327.000000 308.000000 
2016/05/06 3008.TW -1.000000 -1.000000 1.000000 2285.000000 2335.000000 2340.000000 2280.000000 791.000000 359.000000 270.000000 
2016/05/09 3008.TW 1.000000 0.000000 1.000000 2420.000000 2500.000000 2530.000000 2405.000000 1843.000000 891.000000 621.000000 
2016/05/10 3008.TW 1.000000 1.000000 1.000000 2490.000000 2530.000000 2530.000000 2465.000000 828.000000 406.000000 257.000000 
2016/05/11 3008.TW 1.000000 1.000000 1.000000 2550.000000 2690.000000 2700.000000 2545.000000 1808.000000 916.000000 420.000000 
2016/05/12 3008.TW 1.000000 1.000000 1.000000 2700.000000 2640.000000 2700.000000 2615.000000 904.000000 368.000000 343.000000 
2016/05/13 3008.TW 1.000000 1.000000 1.000000 2605.000000 2635.000000 2635.000000 2545.000000 754.000000 282.000000 292.000000 
2016/05/16 3008.TW 1.000000 0.000000 1.000000 2600.000000 2570.000000 2625.000000 2570.000000 733.000000 337.000000 414.000000 
2016/05/17 3008.TW 1.000000 1.000000 1.000000 2610.000000 2620.000000 2680.000000 2610.000000 843.000000 244.000000 271.000000 
2016/05/18 3008.TW 1.000000 1.000000 1.000000 2600.000000 2620.000000 2645.000000 2565.000000 901.000000 426.000000 459.000000 
2016/05/19 3008.TW 1.000000 1.000000 1.000000 2635.000000 2600.000000 2635.000000 2585.000000 492.000000 219.000000 197.000000 
2016/05/20 3008.TW 1.000000 1.000000 1.000000 2600.000000 2645.000000 2665.000000 2600.000000 804.000000 363.000000 238.000000 
2016/05/23 3008.TW 1.000000 1.000000 1.000000 2690.000000 2710.000000 2760.000000 2645.000000 1305.000000 424.000000 389.000000 
2016/05/24 3008.TW 1.000000 1.000000 1.000000 2700.000000 2675.000000 2740.000000 2675.000000 562.000000 225.000000 187.000000 
2016/05/25 3008.TW 1.000000 1.000000 1.000000 2730.000000 2730.000000 2785.000000 2710.000000 1209.000000 655.000000 451.000000 
2016/05/26 3008.TW 1.000000 1.000000 1.000000 2755.000000 2685.000000 2765.000000 2685.000000 786.000000 342.000000 449.000000 
2016/05/27 3008.TW 1.000000 -1.000000 1.000000 2700.000000 2685.000000 2715.000000 2670.000000 672.000000 330.000000 315.000000 
2016/05/30 3008.TW 1.000000 1.000000 1.000000 2700.000000 2755.000000 2760.000000 2690.000000 755.000000 333.000000 155.000000 
2016/05/31 3008.TW 1.000000 1.000000 1.000000 2755.000000 2720.000000 2785.000000 2720.000000 727.000000 299.000000 269.000000 
2016/06/01 3008.TW 1.000000 1.000000 1.000000 2740.000000 2830.000000 2840.000000 2735.000000 1136.000000 414.000000 137.000000 
2016/06/02 3008.TW 1.000000 1.000000 1.000000 2870.000000 2830.000000 2910.000000 2825.000000 919.000000 242.000000 212.000000 
2016/06/03 3008.TW 1.000000 1.000000 1.000000 2850.000000 2855.000000 2875.000000 2840.000000 381.000000 125.000000 126.000000 
2016/06/04 3008.TW 1.000000 1.000000 1.000000 2880.000000 2895.000000 2895.000000 2845.000000 187.000000 9.000000 4.000000 
2016/06/06 3008.TW 1.000000 1.000000 1.000000 2935.000000 2890.000000 2945.000000 2870.000000 754.000000 357.000000 218.000000 
2016/06/07 3008.TW 1.000000 1.000000 1.000000 2920.000000 3020.000000 3025.000000 2905.000000 1328.000000 620.000000 487.000000 
2016/06/08 3008.TW 1.000000 1.000000 1.000000 3030.000000 3000.000000 3035.000000 2980.000000 902.000000 553.000000 552.000000 
2016/06/13 3008.TW 1.000000 1.000000 1.000000 2945.000000 2925.000000 2960.000000 2900.000000 773.000000 389.000000 548.000000 
2016/06/14 3008.TW 1.000000 1.000000 1.000000 2925.000000 3015.000000 3015.000000 2910.000000 630.000000 323.000000 206.000000 
2016/06/15 3008.TW 1.000000 1.000000 1.000000 3025.000000 3065.000000 3080.000000 2985.000000 655.000000 261.000000 200.000000 
2016/06/16 3008.TW 1.000000 1.000000 1.000000 3020.000000 2955.000000 3020.000000 2955.000000 971.000000 393.000000 554.000000 
2016/06/17 3008.TW 1.000000 1.000000 -1.000000 3005.000000 2965.000000 3025.000000 2965.000000 578.000000 320.000000 238.000000 
2016/06/20 3008.TW 1.000000 1.000000 -1.000000 3000.000000 2985.000000 3020.000000 2980.000000 401.000000 175.000000 157.000000 
2016/06/21 3008.TW 1.000000 1.000000 -1.000000 2990.000000 3035.000000 3035.000000 2980.000000 494.000000 248.000000 167.000000 
2016/06/22 3008.TW 1.000000 1.000000 1.000000 3030.000000 3050.000000 3060.000000 3025.000000 498.000000 239.000000 198.000000 
2016/06/23 3008.TW 1.000000 1.000000 1.000000 3065.000000 3080.000000 3085.000000 3035.000000 478.000000 261.000000 190.000000 
2016/06/24 3008.TW 1.000000 1.000000 -1.000000 3075.000000 2900.000000 3090.000000 2825.000000 1243.000000 399.000000 615.000000 
2016/06/27 3008.TW 1.000000 1.000000 -1.000000 2900.000000 2810.000000 2900.000000 2800.000000 1222.000000 340.000000 730.000000 
2016/06/28 3008.TW 1.000000 1.000000 -1.000000 2790.000000 2910.000000 2915.000000 2780.000000 831.000000 282.000000 234.000000 
2016/06/29 3008.TW 1.000000 1.000000 -1.000000 2935.000000 2920.000000 2975.000000 2920.000000 665.000000 325.000000 225.000000 
2016/06/30 3008.TW 1.000000 1.000000 -1.000000 2975.000000 2945.000000 2975.000000 2930.000000 555.000000 334.000000 279.000000 
2016/07/01 3008.TW 1.000000 1.000000 -1.000000 2960.000000 2965.000000 2985.000000 2925.000000 495.000000 207.000000 106.000000 
2016/07/04 3008.TW 1.000000 1.000000 -1.000000 2950.000000 2985.000000 2995.000000 2945.000000 371.000000 199.000000 146.000000 
2016/07/05 3008.TW 1.000000 1.000000 -1.000000 2980.000000 2950.000000 2980.000000 2950.000000 340.000000 143.000000 158.000000 
2016/07/06 3008.TW -1.000000 1.000000 -1.000000 2915.000000 2860.000000 2935.000000 2860.000000 702.000000 300.000000 385.000000 
2016/07/07 3008.TW -1.000000 1.000000 -1.000000 2900.000000 2875.000000 2925.000000 2875.000000 507.000000 260.000000 236.000000 
2016/07/11 3008.TW -1.000000 1.000000 -1.000000 2990.000000 2990.000000 2990.000000 2940.000000 733.000000 534.000000 62.000000 
2016/07/12 3008.TW 1.000000 1.000000 1.000000 3015.000000 3180.000000 3195.000000 3015.000000 1312.000000 801.000000 257.000000 
2016/07/13 3008.TW 1.000000 1.000000 1.000000 3180.000000 3175.000000 3180.000000 3125.000000 617.000000 267.000000 320.000000 
2016/07/14 3008.TW 1.000000 1.000000 1.000000 3125.000000 3120.000000 3145.000000 3080.000000 595.000000 247.000000 330.000000 
2016/07/15 3008.TW 1.000000 1.000000 1.000000 3280.000000 3430.000000 3430.000000 3260.000000 2040.000000 1082.000000 596.000000 
2016/07/18 3008.TW 1.000000 1.000000 1.000000 3500.000000 3505.000000 3525.000000 3445.000000 1102.000000 507.000000 246.000000 
2016/07/19 3008.TW 1.000000 1.000000 1.000000 3490.000000 3450.000000 3495.000000 3440.000000 668.000000 309.000000 379.000000 
2016/07/20 3008.TW 1.000000 1.000000 1.000000 3400.000000 3400.000000 3425.000000 3380.000000 839.000000 386.000000 553.000000 
2016/07/21 3008.TW 1.000000 1.000000 1.000000 3375.000000 3385.000000 3460.000000 3360.000000 859.000000 435.000000 497.000000 
2016/07/22 3008.TW 1.000000 1.000000 1.000000 3415.000000 3380.000000 3415.000000 3340.000000 700.000000 230.000000 368.000000 
2016/07/25 3008.TW 1.000000 1.000000 1.000000 3385.000000 3340.000000 3430.000000 3340.000000 498.000000 170.000000 212.000000 
2016/07/26 3008.TW 1.000000 1.000000 1.000000 3350.000000 3410.000000 3410.000000 3325.000000 534.000000 268.000000 194.000000 
2016/07/27 3008.TW 1.000000 1.000000 1.000000 3460.000000 3515.000000 3595.000000 3445.000000 920.000000 479.000000 153.000000 
2016/07/28 3008.TW 1.000000 1.000000 1.000000 3525.000000 3500.000000 3580.000000 3500.000000 782.000000 388.000000 315.000000 
2016/07/29 3008.TW 1.000000 1.000000 1.000000 3515.000000 3420.000000 3515.000000 3420.000000 512.000000 146.000000 349.000000 
2016/08/01 3008.TW 1.000000 1.000000 -1.000000 3455.000000 3510.000000 3520.000000 3450.000000 540.000000 216.000000 140.000000 
2016/08/02 3008.TW 1.000000 1.000000 1.000000 3525.000000 3585.000000 3605.000000 3520.000000 615.000000 268.000000 132.000000 
2016/08/03 3008.TW 1.000000 1.000000 1.000000 3515.000000 3545.000000 3555.000000 3515.000000 447.000000 152.000000 228.000000 
2016/08/04 3008.TW 1.000000 1.000000 1.000000 3590.000000 3590.000000 3640.000000 3590.000000 643.000000 216.000000 276.000000 
2016/08/05 3008.TW 1.000000 1.000000 1.000000 3645.000000 3635.000000 3650.000000 3595.000000 472.000000 173.000000 176.000000 
2016/08/08 3008.TW 1.000000 1.000000 1.000000 3820.000000 3815.000000 3945.000000 3775.000000 1211.000000 477.000000 298.000000 
2016/08/09 3008.TW 1.000000 1.000000 1.000000 3785.000000 3780.000000 3825.000000 3780.000000 649.000000 274.000000 422.000000 
2016/08/10 3008.TW 1.000000 1.000000 1.000000 3785.000000 3820.000000 3880.000000 3785.000000 466.000000 135.000000 204.000000 
2016/08/11 3008.TW 1.000000 1.000000 1.000000 3795.000000 3750.000000 3840.000000 3740.000000 639.000000 226.000000 346.000000 
2016/08/12 3008.TW 1.000000 1.000000 1.000000 3800.000000 3800.000000 3810.000000 3760.000000 586.000000 228.000000 208.000000 
2016/08/15 3008.TW 1.000000 1.000000 -1.000000 3795.000000 3735.000000 3805.000000 3730.000000 645.000000 283.000000 490.000000 
2016/08/16 3008.TW 1.000000 1.000000 -1.000000 3760.000000 3775.000000 3820.000000 3755.000000 456.000000 270.000000 193.000000 
2016/08/17 3008.TW 1.000000 1.000000 -1.000000 3775.000000 3775.000000 3800.000000 3750.000000 574.000000 200.000000 242.000000 
2016/08/18 3008.TW 1.000000 1.000000 -1.000000 3730.000000 3655.000000 3760.000000 3655.000000 703.000000 225.000000 227.000000 
2016/08/19 3008.TW 1.000000 1.000000 -1.000000 3690.000000 3610.000000 3720.000000 3610.000000 593.000000 242.000000 226.000000 
2016/08/22 3008.TW 1.000000 1.000000 -1.000000 3600.000000 3605.000000 3635.000000 3570.000000 473.000000 189.000000 139.000000 
2016/08/23 3008.TW 1.000000 1.000000 -1.000000 3630.000000 3640.000000 3670.000000 3615.000000 383.000000 133.000000 131.000000 
2016/08/24 3008.TW 1.000000 1.000000 -1.000000 3640.000000 3635.000000 3650.000000 3615.000000 247.000000 96.000000 113.000000 
2016/08/25 3008.TW 1.000000 1.000000 -1.000000 3640.000000 3585.000000 3665.000000 3580.000000 446.000000 85.000000 260.000000 
2016/08/26 3008.TW 1.000000 1.000000 -1.000000 3595.000000 3640.000000 3660.000000 3590.000000 457.000000 221.000000 215.000000 
2016/08/29 3008.TW 1.000000 1.000000 -1.000000 3625.000000 3615.000000 3640.000000 3585.000000 244.000000 77.000000 110.000000 
2016/08/30 3008.TW 0.000000 1.000000 -1.000000 3600.000000 3585.000000 3635.000000 3515.000000 838.000000 313.000000 415.000000 
2016/08/31 3008.TW 1.000000 1.000000 -1.000000 3600.000000 3560.000000 3610.000000 3540.000000 405.000000 140.000000 158.000000 
2016/09/01 3008.TW 1.000000 1.000000 -1.000000 3635.000000 3705.000000 3740.000000 3625.000000 893.000000 243.000000 210.000000 
2016/09/02 3008.TW 0.000000 1.000000 -1.000000 3720.000000 3635.000000 3720.000000 3635.000000 553.000000 151.000000 345.000000 
2016/09/05 3008.TW -1.000000 1.000000 -1.000000 3660.000000 3700.000000 3710.000000 3660.000000 379.000000 176.000000 175.000000 
2016/09/06 3008.TW -1.000000 1.000000 -1.000000 3715.000000 3650.000000 3745.000000 3650.000000 569.000000 232.000000 214.000000 
2016/09/07 3008.TW -1.000000 1.000000 -1.000000 3690.000000 3720.000000 3735.000000 3675.000000 386.000000 164.000000 100.000000 
2016/09/08 3008.TW -1.000000 1.000000 -1.000000 3730.000000 3685.000000 3735.000000 3660.000000 473.000000 202.000000 283.000000 
2016/09/09 3008.TW -1.000000 1.000000 -1.000000 3640.000000 3605.000000 3645.000000 3565.000000 645.000000 177.000000 261.000000 
2016/09/10 3008.TW -1.000000 1.000000 -1.000000 3515.000000 3450.000000 3535.000000 3450.000000 576.000000 26.000000 152.000000 
2016/09/12 3008.TW -1.000000 1.000000 -1.000000 3350.000000 3325.000000 3375.000000 3315.000000 1113.000000 340.000000 556.000000 
2016/09/13 3008.TW -1.000000 1.000000 -1.000000 3425.000000 3495.000000 3495.000000 3395.000000 1101.000000 333.000000 260.000000 
2016/09/14 3008.TW -1.000000 1.000000 -1.000000 3510.000000 3595.000000 3610.000000 3510.000000 987.000000 599.000000 406.000000 
2016/09/19 3008.TW 1.000000 1.000000 1.000000 3740.000000 3800.000000 3865.000000 3710.000000 1711.000000 995.000000 777.000000 
2016/09/20 3008.TW 1.000000 1.000000 1.000000 3815.000000 3820.000000 3850.000000 3795.000000 721.000000 473.000000 325.000000 
2016/09/21 3008.TW 1.000000 1.000000 1.000000 3775.000000 3840.000000 3840.000000 3755.000000 503.000000 209.000000 93.000000 
2016/09/22 3008.TW 1.000000 1.000000 1.000000 3870.000000 3775.000000 3870.000000 3775.000000 436.000000 143.000000 198.000000 
2016/09/23 3008.TW 1.000000 1.000000 1.000000 3770.000000 3830.000000 3830.000000 3765.000000 446.000000 305.000000 212.000000 
2016/09/26 3008.TW 1.000000 1.000000 1.000000 3795.000000 3765.000000 3795.000000 3730.000000 383.000000 189.000000 170.000000 
2016/09/29 3008.TW 1.000000 1.000000 1.000000 3805.000000 3845.000000 3870.000000 3775.000000 769.000000 525.000000 283.000000 
2016/09/30 3008.TW 1.000000 1.000000 1.000000 3760.000000 3780.000000 3810.000000 3760.000000 468.000000 129.000000 294.000000 
2016/10/03 3008.TW 1.000000 1.000000 1.000000 3815.000000 3840.000000 3880.000000 3815.000000 395.000000 147.000000 35.000000 
2016/10/04 3008.TW 1.000000 1.000000 1.000000 3840.000000 3910.000000 3930.000000 3830.000000 473.000000 191.000000 92.000000 
2016/10/05 3008.TW 1.000000 1.000000 1.000000 3910.000000 3870.000000 3980.000000 3870.000000 593.000000 203.000000 312.000000 
2016/10/06 3008.TW 1.000000 1.000000 1.000000 3895.000000 3805.000000 3895.000000 3775.000000 714.000000 216.000000 395.000000 
2016/10/07 3008.TW 1.000000 1.000000 -1.000000 3790.000000 3770.000000 3800.000000 3765.000000 426.000000 112.000000 343.000000 
2016/10/11 3008.TW -1.000000 1.000000 -1.000000 3750.000000 3680.000000 3815.000000 3665.000000 768.000000 166.000000 476.000000 
2016/10/12 3008.TW 1.000000 1.000000 -1.000000 3710.000000 3800.000000 3800.000000 3710.000000 562.000000 293.000000 278.000000 
2016/10/13 3008.TW 1.000000 1.000000 -1.000000 3820.000000 3730.000000 3850.000000 3700.000000 844.000000 305.000000 341.000000 
2016/10/14 3008.TW 1.000000 1.000000 -1.000000 3655.000000 3665.000000 3750.000000 3650.000000 971.000000 219.000000 427.000000 
2016/10/17 3008.TW 1.000000 1.000000 -1.000000 3690.000000 3695.000000 3720.000000 3630.000000 528.000000 213.000000 242.000000 
2016/10/18 3008.TW 1.000000 1.000000 -1.000000 3670.000000 3700.000000 3705.000000 3670.000000 344.000000 145.000000 190.000000 
2016/10/19 3008.TW 1.000000 1.000000 -1.000000 3715.000000 3710.000000 3740.000000 3695.000000 514.000000 85.000000 246.000000 
2016/10/20 3008.TW -1.000000 1.000000 -1.000000 3700.000000 3675.000000 3710.000000 3650.000000 377.000000 197.000000 218.000000 
2016/10/21 3008.TW -1.000000 1.000000 -1.000000 3685.000000 3710.000000 3730.000000 3675.000000 293.000000 90.000000 124.000000 
2016/10/24 3008.TW -1.000000 1.000000 -1.000000 3720.000000 3770.000000 3790.000000 3710.000000 475.000000 172.000000 230.000000 
2016/10/25 3008.TW -1.000000 1.000000 -1.000000 3780.000000 3715.000000 3815.000000 3710.000000 484.000000 111.000000 268.000000 
2016/10/26 3008.TW -1.000000 1.000000 -1.000000 3670.000000 3780.000000 3785.000000 3655.000000 595.000000 251.000000 277.000000 
2016/10/27 3008.TW -1.000000 1.000000 -1.000000 3750.000000 3715.000000 3775.000000 3715.000000 330.000000 71.000000 203.000000 
2016/10/28 3008.TW -1.000000 1.000000 -1.000000 3735.000000 3735.000000 3750.000000 3695.000000 232.000000 96.000000 98.000000 
2016/10/31 3008.TW -1.000000 1.000000 -1.000000 3735.000000 3735.000000 3745.000000 3695.000000 250.000000 74.000000 123.000000 
2016/11/01 3008.TW -1.000000 1.000000 -1.000000 3715.000000 3650.000000 3725.000000 3650.000000 438.000000 79.000000 291.000000 
2016/11/02 3008.TW -1.000000 -1.000000 -1.000000 3645.000000 3570.000000 3645.000000 3565.000000 498.000000 85.000000 213.000000 
2016/11/03 3008.TW -1.000000 -1.000000 -1.000000 3565.000000 3515.000000 3610.000000 3515.000000 432.000000 64.000000 223.000000 
2016/11/04 3008.TW -1.000000 -1.000000 -1.000000 3500.000000 3495.000000 3530.000000 3480.000000 433.000000 114.000000 273.000000 
2016/11/07 3008.TW -1.000000 -1.000000 -1.000000 3450.000000 3565.000000 3625.000000 3450.000000 906.000000 327.000000 587.000000 
2016/11/08 3008.TW -1.000000 -1.000000 -1.000000 3595.000000 3535.000000 3600.000000 3520.000000 511.000000 163.000000 208.000000 
2016/11/09 3008.TW -1.000000 -1.000000 -1.000000 3590.000000 3340.000000 3615.000000 3325.000000 1189.000000 425.000000 498.000000 
2016/11/10 3008.TW -1.000000 -1.000000 -1.000000 3505.000000 3545.000000 3565.000000 3495.000000 939.000000 396.000000 456.000000 
2016/11/11 3008.TW -1.000000 -1.000000 -1.000000 3455.000000 3395.000000 3475.000000 3360.000000 1051.000000 336.000000 660.000000 
2016/11/14 3008.TW -1.000000 -1.000000 -1.000000 3390.000000 3280.000000 3415.000000 3210.000000 1266.000000 509.000000 609.000000 
2016/11/15 3008.TW -1.000000 -1.000000 -1.000000 3280.000000 3325.000000 3345.000000 3250.000000 765.000000 269.000000 344.000000 
2016/11/16 3008.TW -1.000000 -1.000000 -1.000000 3370.000000 3385.000000 3415.000000 3370.000000 569.000000 199.000000 230.000000 
2016/11/17 3008.TW -1.000000 -1.000000 -1.000000 3385.000000 3355.000000 3390.000000 3340.000000 453.000000 204.000000 248.000000 
2016/11/18 3008.TW -1.000000 -1.000000 -1.000000 3390.000000 3500.000000 3515.000000 3375.000000 665.000000 292.000000 197.000000 
2016/11/21 3008.TW -1.000000 -1.000000 1.000000 3500.000000 3500.000000 3530.000000 3475.000000 413.000000 192.000000 169.000000 
2016/11/22 3008.TW -1.000000 -1.000000 1.000000 3555.000000 3510.000000 3590.000000 3510.000000 565.000000 260.000000 281.000000 
2016/11/23 3008.TW -1.000000 -1.000000 1.000000 3530.000000 3520.000000 3565.000000 3510.000000 383.000000 206.000000 165.000000 
2016/11/24 3008.TW -1.000000 -1.000000 1.000000 3520.000000 3515.000000 3535.000000 3480.000000 239.000000 94.000000 90.000000 
2016/11/25 3008.TW -1.000000 -1.000000 1.000000 3535.000000 3570.000000 3580.000000 3520.000000 334.000000 198.000000 67.000000 
2016/11/28 3008.TW -1.000000 1.000000 1.000000 3595.000000 3620.000000 3630.000000 3575.000000 330.000000 158.000000 90.000000 
2016/11/29 3008.TW -1.000000 1.000000 1.000000 3610.000000 3640.000000 3670.000000 3600.000000 373.000000 192.000000 153.000000 
2016/11/30 3008.TW 1.000000 -1.000000 1.000000 3650.000000 3690.000000 3690.000000 3630.000000 513.000000 370.000000 264.000000 
2016/12/01 3008.TW 1.000000 1.000000 1.000000 3700.000000 3650.000000 3715.000000 3645.000000 453.000000 202.000000 237.000000 
2016/12/02 3008.TW 1.000000 -1.000000 1.000000 3680.000000 3610.000000 3685.000000 3600.000000 508.000000 242.000000 280.000000 
2016/12/05 3008.TW 1.000000 -1.000000 1.000000 3610.000000 3580.000000 3630.000000 3570.000000 256.000000 104.000000 183.000000 
2016/12/06 3008.TW 1.000000 -1.000000 1.000000 3665.000000 3675.000000 3770.000000 3650.000000 809.000000 198.000000 246.000000 
2016/12/07 3008.TW 1.000000 1.000000 1.000000 3750.000000 3750.000000 3755.000000 3710.000000 603.000000 320.000000 152.000000 
2016/12/08 3008.TW 1.000000 1.000000 1.000000 3810.000000 3750.000000 3810.000000 3740.000000 672.000000 249.000000 391.000000 
2016/12/09 3008.TW 1.000000 1.000000 1.000000 3705.000000 3730.000000 3750.000000 3705.000000 366.000000 211.000000 161.000000 
2016/12/12 3008.TW 1.000000 1.000000 1.000000 3750.000000 3735.000000 3755.000000 3730.000000 334.000000 205.000000 180.000000 
2016/12/13 3008.TW 1.000000 1.000000 1.000000 3700.000000 3750.000000 3750.000000 3695.000000 378.000000 221.000000 242.000000 
2016/12/14 3008.TW 1.000000 1.000000 1.000000 3750.000000 3735.000000 3750.000000 3720.000000 355.000000 129.000000 233.000000 
2016/12/15 3008.TW 1.000000 -1.000000 1.000000 3700.000000 3695.000000 3725.000000 3685.000000 498.000000 301.000000 319.000000 
2016/12/16 3008.TW 1.000000 -1.000000 1.000000 3710.000000 3750.000000 3750.000000 3705.000000 535.000000 355.000000 251.000000 
2016/12/19 3008.TW 1.000000 -1.000000 1.000000 3715.000000 3665.000000 3730.000000 3665.000000 447.000000 191.000000 225.000000 
2016/12/20 3008.TW 1.000000 -1.000000 -1.000000 3675.000000 3620.000000 3700.000000 3620.000000 408.000000 147.000000 199.000000 
2016/12/21 3008.TW 1.000000 -1.000000 -1.000000 3625.000000 3640.000000 3680.000000 3625.000000 363.000000 169.000000 246.000000 
2016/12/22 3008.TW 1.000000 -1.000000 -1.000000 3640.000000 3600.000000 3650.000000 3600.000000 272.000000 118.000000 171.000000 
2016/12/23 3008.TW -1.000000 -1.000000 -1.000000 3570.000000 3550.000000 3595.000000 3550.000000 339.000000 75.000000 210.000000 
2016/12/26 3008.TW -1.000000 -1.000000 -1.000000 3575.000000 3570.000000 3590.000000 3540.000000 121.000000 33.000000 40.000000 
2016/12/27 3008.TW -1.000000 -1.000000 -1.000000 3570.000000 3590.000000 3595.000000 3570.000000 76.000000 21.000000 27.000000 
2016/12/28 3008.TW 1.000000 -1.000000 1.000000 3660.000000 3725.000000 3750.000000 3645.000000 537.000000 154.000000 54.000000 
2016/12/29 3008.TW 1.000000 -1.000000 1.000000 3725.000000 3725.000000 3770.000000 3710.000000 571.000000 319.000000 317.000000 
2016/12/30 3008.TW 1.000000 -1.000000 1.000000 3750.000000 3790.000000 3805.000000 3750.000000 527.000000 239.000000 85.000000 
2017/01/03 3008.TW 1.000000 1.000000 1.000000 3805.000000 3795.000000 3810.000000 3780.000000 215.000000 64.000000 94.000000 
2017/01/04 3008.TW 1.000000 1.000000 1.000000 3815.000000 3780.000000 3820.000000 3780.000000 342.000000 183.000000 152.000000 
2017/01/05 3008.TW 1.000000 1.000000 1.000000 3840.000000 4050.000000 4050.000000 3840.000000 1716.000000 838.000000 530.000000 
2017/01/06 3008.TW 1.000000 1.000000 1.000000 4050.000000 4145.000000 4155.000000 4025.000000 1055.000000 698.000000 254.000000 
2017/01/09 3008.TW 1.000000 1.000000 1.000000 4175.000000 4010.000000 4245.000000 3995.000000 787.000000 251.000000 366.000000 
2017/01/10 3008.TW 1.000000 1.000000 1.000000 3990.000000 4135.000000 4135.000000 3990.000000 515.000000 238.000000 163.000000 
2017/01/11 3008.TW 1.000000 1.000000 1.000000 4180.000000 4170.000000 4230.000000 4170.000000 659.000000 408.000000 289.000000 
2017/01/12 3008.TW 1.000000 1.000000 1.000000 4140.000000 4240.000000 4240.000000 4130.000000 573.000000 386.000000 133.000000 
2017/01/13 3008.TW 1.000000 1.000000 1.000000 4240.000000 4240.000000 4240.000000 4175.000000 765.000000 474.000000 340.000000 
2017/01/16 3008.TW 1.000000 1.000000 1.000000 4220.000000 4250.000000 4250.000000 4195.000000 415.000000 297.000000 231.000000 
2017/01/17 3008.TW 1.000000 1.000000 1.000000 4260.000000 4400.000000 4410.000000 4260.000000 786.000000 396.000000 97.000000 
2017/01/18 3008.TW 1.000000 1.000000 1.000000 4390.000000 4445.000000 4450.000000 4370.000000 621.000000 408.000000 315.000000 
2017/01/19 3008.TW 1.000000 1.000000 1.000000 4410.000000 4295.000000 4420.000000 4275.000000 773.000000 330.000000 567.000000 
2017/01/20 3008.TW 1.000000 1.000000 1.000000 4280.000000 4390.000000 4390.000000 4220.000000 819.000000 488.000000 466.000000 
2017/01/23 3008.TW 1.000000 1.000000 1.000000 4380.000000 4355.000000 4455.000000 4335.000000 540.000000 261.000000 240.000000 
2017/01/24 3008.TW 1.000000 1.000000 1.000000 4440.000000 4450.000000 4475.000000 4400.000000 813.000000 623.000000 394.000000 
2017/02/02 3008.TW 1.000000 1.000000 1.000000 4550.000000 4550.000000 4580.000000 4490.000000 1227.000000 932.000000 619.000000 
2017/02/03 3008.TW 1.000000 1.000000 1.000000 4530.000000 4490.000000 4560.000000 4450.000000 584.000000 400.000000 325.000000 
2017/02/06 3008.TW 1.000000 1.000000 1.000000 4500.000000 4505.000000 4520.000000 4425.000000 486.000000 285.000000 176.000000 
2017/02/07 3008.TW 1.000000 1.000000 1.000000 4520.000000 4480.000000 4525.000000 4455.000000 458.000000 312.000000 221.000000 
2017/02/08 3008.TW 1.000000 1.000000 -1.000000 4485.000000 4470.000000 4530.000000 4470.000000 411.000000 251.000000 265.000000 
2017/02/09 3008.TW 1.000000 1.000000 1.000000 4515.000000 4610.000000 4630.000000 4500.000000 721.000000 339.000000 259.000000 
2017/02/10 3008.TW 1.000000 1.000000 1.000000 4610.000000 4740.000000 4810.000000 4610.000000 678.000000 410.000000 218.000000 
2017/02/13 3008.TW 1.000000 1.000000 1.000000 4730.000000 4705.000000 4780.000000 4685.000000 447.000000 206.000000 305.000000 
2017/02/14 3008.TW 1.000000 1.000000 1.000000 4660.000000 4715.000000 4770.000000 4660.000000 501.000000 253.000000 303.000000 
2017/02/15 3008.TW 1.000000 1.000000 1.000000 4715.000000 4695.000000 4735.000000 4695.000000 348.000000 143.000000 276.000000 
2017/02/16 3008.TW 1.000000 1.000000 -1.000000 4715.000000 4560.000000 4780.000000 4540.000000 733.000000 212.000000 490.000000 
2017/02/17 3008.TW 1.000000 1.000000 -1.000000 4585.000000 4530.000000 4625.000000 4530.000000 656.000000 206.000000 399.000000 
2017/02/18 3008.TW 1.000000 1.000000 -1.000000 4575.000000 4500.000000 4585.000000 4495.000000 177.000000 3.000000 0.000000 
2017/02/20 3008.TW 1.000000 1.000000 -1.000000 4510.000000 4495.000000 4650.000000 4480.000000 466.000000 112.000000 137.000000 
2017/02/21 3008.TW 1.000000 1.000000 -1.000000 4515.000000 4560.000000 4560.000000 4495.000000 236.000000 100.000000 65.000000 
2017/02/22 3008.TW 1.000000 1.000000 -1.000000 4640.000000 4680.000000 4730.000000 4635.000000 606.000000 191.000000 127.000000 
2017/02/23 3008.TW 1.000000 1.000000 1.000000 4725.000000 4745.000000 4800.000000 4720.000000 464.000000 165.000000 146.000000 
2017/02/24 3008.TW 1.000000 1.000000 -1.000000 4745.000000 4560.000000 4745.000000 4560.000000 626.000000 150.000000 479.000000 
2017/03/01 3008.TW 1.000000 1.000000 -1.000000 4510.000000 4475.000000 4555.000000 4475.000000 713.000000 240.000000 455.000000 
2017/03/02 3008.TW 1.000000 1.000000 -1.000000 4560.000000 4485.000000 4600.000000 4450.000000 567.000000 257.000000 211.000000 
2017/03/03 3008.TW -1.000000 1.000000 -1.000000 4450.000000 4465.000000 4535.000000 4450.000000 312.000000 97.000000 175.000000 
2017/03/06 3008.TW 1.000000 1.000000 -1.000000 4530.000000 4500.000000 4560.000000 4495.000000 362.000000 146.000000 110.000000 
2017/03/07 3008.TW -1.000000 1.000000 -1.000000 4500.000000 4445.000000 4535.000000 4400.000000 386.000000 124.000000 88.000000 
2017/03/08 3008.TW -1.000000 1.000000 -1.000000 4480.000000 4440.000000 4490.000000 4410.000000 325.000000 134.000000 226.000000 
2017/03/09 3008.TW 1.000000 1.000000 -1.000000 4455.000000 4485.000000 4485.000000 4390.000000 330.000000 117.000000 154.000000 
2017/03/10 3008.TW -1.000000 1.000000 -1.000000 4470.000000 4505.000000 4505.000000 4435.000000 269.000000 76.000000 76.000000 
2017/03/13 3008.TW -1.000000 1.000000 -1.000000 4525.000000 4650.000000 4660.000000 4525.000000 554.000000 318.000000 118.000000 
2017/03/14 3008.TW -1.000000 1.000000 1.000000 4695.000000 4645.000000 4710.000000 4615.000000 305.000000 153.000000 95.000000 
2017/03/15 3008.TW -1.000000 1.000000 1.000000 4640.000000 4590.000000 4640.000000 4570.000000 325.000000 141.000000 176.000000 
2017/03/16 3008.TW -1.000000 1.000000 -1.000000 4640.000000 4665.000000 4680.000000 4640.000000 330.000000 197.000000 116.000000 
2017/03/17 3008.TW 1.000000 1.000000 1.000000 4685.000000 4760.000000 4760.000000 4650.000000 418.000000 306.000000 213.000000 
2017/03/20 3008.TW 1.000000 1.000000 1.000000 4750.000000 4720.000000 4760.000000 4710.000000 169.000000 43.000000 64.000000 
2017/03/21 3008.TW 1.000000 1.000000 1.000000 4750.000000 4810.000000 4850.000000 4750.000000 414.000000 168.000000 107.000000 
2017/03/22 3008.TW 1.000000 1.000000 1.000000 4725.000000 4740.000000 4765.000000 4685.000000 412.000000 138.000000 212.000000 
2017/03/23 3008.TW 1.000000 1.000000 1.000000 4795.000000 4750.000000 4800.000000 4740.000000 162.000000 77.000000 53.000000 
2017/03/24 3008.TW 1.000000 1.000000 1.000000 4785.000000 4790.000000 4795.000000 4730.000000 250.000000 195.000000 88.000000 
2017/03/27 3008.TW 1.000000 1.000000 1.000000 4785.000000 4795.000000 4815.000000 4740.000000 195.000000 138.000000 47.000000 
2017/03/28 3008.TW 1.000000 1.000000 -1.000000 4800.000000 4735.000000 4815.000000 4685.000000 375.000000 185.000000 154.000000 
2017/03/29 3008.TW 1.000000 1.000000 -1.000000 4750.000000 4690.000000 4750.000000 4690.000000 348.000000 170.000000 183.000000 
2017/03/30 3008.TW 1.000000 1.000000 -1.000000 4715.000000 4690.000000 4740.000000 4690.000000 277.000000 185.000000 149.000000 
2017/03/31 3008.TW 1.000000 1.000000 -1.000000 4690.000000 4780.000000 4790.000000 4690.000000 286.000000 163.000000 135.000000 
2017/04/05 3008.TW 1.000000 1.000000 -1.000000 4820.000000 4820.000000 4840.000000 4715.000000 492.000000 304.000000 232.000000 
2017/04/06 3008.TW 1.000000 1.000000 -1.000000 4675.000000 4600.000000 4705.000000 4600.000000 869.000000 222.000000 480.000000 
2017/04/07 3008.TW 1.000000 1.000000 -1.000000 4600.000000 4700.000000 4705.000000 4540.000000 686.000000 337.000000 278.000000 
2017/04/10 3008.TW 1.000000 1.000000 -1.000000 4730.000000 4615.000000 4730.000000 4615.000000 246.000000 74.000000 119.000000 
2017/04/11 3008.TW 1.000000 1.000000 -1.000000 4585.000000 4520.000000 4635.000000 4520.000000 383.000000 133.000000 239.000000 
2017/04/12 3008.TW -1.000000 1.000000 -1.000000 4520.000000 4475.000000 4540.000000 4435.000000 581.000000 277.000000 391.000000 
2017/04/13 3008.TW -1.000000 1.000000 -1.000000 4425.000000 4410.000000 4495.000000 4385.000000 576.000000 208.000000 337.000000 
2017/04/14 3008.TW 1.000000 1.000000 -1.000000 4650.000000 4800.000000 4820.000000 4630.000000 1274.000000 472.000000 184.000000 
2017/04/17 3008.TW 1.000000 1.000000 1.000000 4815.000000 4780.000000 4815.000000 4730.000000 347.000000 170.000000 124.000000 
2017/04/18 3008.TW 1.000000 1.000000 1.000000 4810.000000 4780.000000 4810.000000 4765.000000 444.000000 310.000000 285.000000 
2017/04/19 3008.TW 0.000000 1.000000 1.000000 4745.000000 4720.000000 4760.000000 4720.000000 309.000000 141.000000 226.000000 
2017/04/20 3008.TW -1.000000 1.000000 1.000000 4720.000000 4725.000000 4810.000000 4700.000000 340.000000 159.000000 92.000000 
2017/04/21 3008.TW 1.000000 1.000000 1.000000 4795.000000 4875.000000 4885.000000 4780.000000 658.000000 369.000000 146.000000 
2017/04/24 3008.TW 1.000000 1.000000 1.000000 4905.000000 4895.000000 4980.000000 4845.000000 486.000000 198.000000 190.000000 
2017/04/25 3008.TW 1.000000 1.000000 1.000000 4905.000000 4970.000000 4970.000000 4855.000000 446.000000 225.000000 222.000000 
2017/04/26 3008.TW 1.000000 1.000000 1.000000 4970.000000 5000.000000 5010.000000 4955.000000 510.000000 293.000000 118.000000 
2017/04/27 3008.TW 1.000000 1.000000 1.000000 4975.000000 5010.000000 5015.000000 4965.000000 179.000000 92.000000 54.000000 
2017/04/28 3008.TW 1.000000 1.000000 1.000000 4985.000000 5015.000000 5015.000000 4985.000000 230.000000 118.000000 130.000000 
2017/05/02 3008.TW 1.000000 1.000000 1.000000 5015.000000 5000.000000 5070.000000 5000.000000 308.000000 154.000000 132.000000 
2017/05/03 3008.TW 1.000000 1.000000 1.000000 4975.000000 5020.000000 5040.000000 4970.000000 173.000000 118.000000 50.000000 
2017/05/04 3008.TW 1.000000 1.000000 1.000000 5000.000000 4970.000000 5030.000000 4970.000000 249.000000 121.000000 115.000000 
2017/05/05 3008.TW 1.000000 1.000000 -1.000000 4970.000000 4935.000000 5010.000000 4935.000000 225.000000 88.000000 136.000000 
2017/05/08 3008.TW 1.000000 1.000000 -1.000000 4960.000000 4935.000000 4965.000000 4870.000000 374.000000 112.000000 163.000000 
2017/05/09 3008.TW 1.000000 1.000000 -1.000000 4950.000000 4995.000000 5030.000000 4905.000000 328.000000 145.000000 88.000000 
2017/05/10 3008.TW 1.000000 1.000000 -1.000000 4975.000000 4945.000000 4990.000000 4945.000000 166.000000 66.000000 100.000000 
2017/05/11 3008.TW 1.000000 1.000000 -1.000000 4975.000000 4960.000000 5015.000000 4940.000000 286.000000 134.000000 143.000000 
2017/05/12 3008.TW 1.000000 1.000000 -1.000000 4945.000000 4885.000000 4970.000000 4875.000000 316.000000 58.000000 222.000000 
2017/05/15 3008.TW 1.000000 1.000000 -1.000000 4900.000000 4900.000000 4915.000000 4855.000000 227.000000 75.000000 82.000000 
2017/05/16 3008.TW 1.000000 1.000000 -1.000000 4920.000000 4870.000000 4925.000000 4870.000000 256.000000 145.000000 148.000000 
2017/05/17 3008.TW 1.000000 1.000000 -1.000000 4865.000000 4820.000000 4880.000000 4795.000000 391.000000 126.000000 256.000000 
2017/05/18 3008.TW 1.000000 1.000000 -1.000000 4755.000000 4855.000000 4920.000000 4755.000000 479.000000 134.000000 195.000000 
2017/05/19 3008.TW 1.000000 1.000000 -1.000000 4855.000000 4810.000000 4865.000000 4810.000000 303.000000 133.000000 199.000000 
2017/05/22 3008.TW 1.000000 1.000000 -1.000000 4880.000000 4900.000000 4900.000000 4840.000000 175.000000 104.000000 40.000000 
2017/05/23 3008.TW -1.000000 1.000000 -1.000000 4890.000000 4875.000000 4895.000000 4855.000000 214.000000 98.000000 96.000000 
2017/05/24 3008.TW -1.000000 1.000000 -1.000000 4885.000000 4860.000000 4895.000000 4855.000000 231.000000 96.000000 155.000000 
2017/05/25 3008.TW -1.000000 1.000000 -1.000000 4860.000000 4805.000000 4880.000000 4800.000000 312.000000 49.000000 202.000000 
2017/05/26 3008.TW -1.000000 1.000000 -1.000000 4815.000000 4835.000000 4860.000000 4805.000000 300.000000 143.000000 158.000000 
2017/05/31 3008.TW -1.000000 1.000000 -1.000000 4825.000000 4750.000000 4825.000000 4750.000000 389.000000 225.000000 304.000000 
2017/06/01 3008.TW -1.000000 1.000000 -1.000000 4750.000000 4715.000000 4800.000000 4705.000000 377.000000 109.000000 159.000000 
2017/06/02 3008.TW -1.000000 1.000000 -1.000000 4765.000000 4845.000000 4845.000000 4760.000000 362.000000 244.000000 139.000000 
2017/06/03 3008.TW -1.000000 1.000000 -1.000000 4850.000000 4855.000000 4865.000000 4815.000000 74.000000 0.000000 3.000000 
2017/06/05 3008.TW -1.000000 1.000000 -1.000000 4850.000000 4850.000000 4865.000000 4800.000000 236.000000 77.000000 127.000000 
2017/06/06 3008.TW -1.000000 1.000000 -1.000000 4850.000000 4790.000000 4850.000000 4790.000000 224.000000 74.000000 153.000000 
2017/06/07 3008.TW -1.000000 1.000000 -1.000000 4790.000000 4765.000000 4870.000000 4765.000000 347.000000 115.000000 236.000000 
2017/06/08 3008.TW -1.000000 1.000000 -1.000000 4790.000000 4775.000000 4830.000000 4775.000000 264.000000 138.000000 163.000000 
2017/06/09 3008.TW -1.000000 1.000000 -1.000000 4800.000000 4840.000000 4870.000000 4800.000000 362.000000 216.000000 190.000000 
2017/06/12 3008.TW -1.000000 1.000000 -1.000000 4780.000000 4805.000000 4820.000000 4780.000000 145.000000 70.000000 73.000000 
2017/06/13 3008.TW -1.000000 1.000000 -1.000000 4815.000000 4810.000000 4855.000000 4790.000000 290.000000 147.000000 185.000000 
2017/06/14 3008.TW -1.000000 1.000000 -1.000000 4830.000000 4695.000000 4845.000000 4680.000000 425.000000 77.000000 141.000000 
2017/06/15 3008.TW -1.000000 -1.000000 -1.000000 4720.000000 4695.000000 4750.000000 4670.000000 397.000000 186.000000 188.000000 
2017/06/16 3008.TW -1.000000 1.000000 -1.000000 4680.000000 4730.000000 4750.000000 4635.000000 378.000000 189.000000 173.000000 
2017/06/19 3008.TW 1.000000 1.000000 -1.000000 4730.000000 4835.000000 4845.000000 4730.000000 331.000000 147.000000 63.000000 
2017/06/20 3008.TW -1.000000 1.000000 1.000000 4810.000000 4845.000000 4890.000000 4810.000000 247.000000 63.000000 48.000000 
2017/06/21 3008.TW -1.000000 1.000000 1.000000 4850.000000 4835.000000 4890.000000 4825.000000 365.000000 176.000000 110.000000 
2017/06/22 3008.TW 1.000000 1.000000 1.000000 4850.000000 4890.000000 4890.000000 4840.000000 220.000000 143.000000 78.000000 
2017/06/23 3008.TW 1.000000 1.000000 1.000000 4915.000000 4965.000000 4985.000000 4915.000000 487.000000 253.000000 51.000000 
2017/06/26 3008.TW 1.000000 1.000000 1.000000 4945.000000 5000.000000 5010.000000 4920.000000 268.000000 117.000000 72.000000 
2017/06/27 3008.TW 1.000000 1.000000 1.000000 5020.000000 4970.000000 5040.000000 4970.000000 287.000000 185.000000 110.000000 
2017/06/28 3008.TW 1.000000 1.000000 1.000000 4970.000000 4860.000000 4980.000000 4860.000000 437.000000 195.000000 231.000000 
2017/06/29 3008.TW 1.000000 1.000000 1.000000 4930.000000 4895.000000 4960.000000 4885.000000 269.000000 126.000000 96.000000 
2017/06/30 3008.TW -1.000000 1.000000 -1.000000 4885.000000 4850.000000 4890.000000 4810.000000 365.000000 167.000000 260.000000 
2017/07/03 3008.TW -1.000000 1.000000 -1.000000 4840.000000 4760.000000 4840.000000 4760.000000 370.000000 115.000000 294.000000 
2017/07/04 3008.TW -1.000000 1.000000 -1.000000 4790.000000 4770.000000 4815.000000 4765.000000 257.000000 87.000000 165.000000 
2017/07/05 3008.TW 1.000000 1.000000 -1.000000 4800.000000 4815.000000 4830.000000 4770.000000 306.000000 155.000000 200.000000 
2017/07/06 3008.TW 1.000000 1.000000 1.000000 4890.000000 4970.000000 4970.000000 4885.000000 595.000000 344.000000 164.000000 
2017/07/07 3008.TW 1.000000 1.000000 1.000000 4915.000000 4960.000000 4965.000000 4915.000000 332.000000 177.000000 156.000000 
2017/07/10 3008.TW 1.000000 1.000000 1.000000 4970.000000 5090.000000 5095.000000 4970.000000 631.000000 376.000000 174.000000 
2017/07/11 3008.TW 1.000000 1.000000 1.000000 5190.000000 5285.000000 5325.000000 5160.000000 853.000000 536.000000 236.000000 
2017/07/12 3008.TW 1.000000 1.000000 1.000000 5290.000000 5430.000000 5430.000000 5260.000000 680.000000 472.000000 239.000000 
2017/07/13 3008.TW 1.000000 1.000000 1.000000 5435.000000 5335.000000 5450.000000 5305.000000 567.000000 332.000000 396.000000 
2017/07/14 3008.TW 1.000000 1.000000 1.000000 5125.000000 5170.000000 5195.000000 5115.000000 1114.000000 311.000000 685.000000 
2017/07/17 3008.TW 1.000000 1.000000 1.000000 5170.000000 5210.000000 5270.000000 5115.000000 695.000000 179.000000 450.000000 
2017/07/18 3008.TW 1.000000 1.000000 1.000000 5295.000000 5450.000000 5450.000000 5260.000000 707.000000 397.000000 261.000000 
2017/07/19 3008.TW 1.000000 1.000000 1.000000 5500.000000 5580.000000 5610.000000 5490.000000 846.000000 648.000000 327.000000 
2017/07/20 3008.TW 1.000000 1.000000 1.000000 5595.000000 5580.000000 5635.000000 5510.000000 630.000000 446.000000 329.000000 
2017/07/21 3008.TW 1.000000 1.000000 1.000000 5525.000000 5425.000000 5530.000000 5425.000000 481.000000 181.000000 355.000000 
2017/07/24 3008.TW 1.000000 1.000000 1.000000 5380.000000 5485.000000 5495.000000 5380.000000 318.000000 183.000000 223.000000 
2017/07/25 3008.TW 1.000000 1.000000 1.000000 5535.000000 5600.000000 5600.000000 5520.000000 322.000000 209.000000 135.000000 
2017/07/26 3008.TW 1.000000 1.000000 1.000000 5600.000000 5495.000000 5610.000000 5495.000000 396.000000 166.000000 281.000000 
2017/07/27 3008.TW 1.000000 1.000000 1.000000 5515.000000 5520.000000 5600.000000 5515.000000 345.000000 219.000000 216.000000 
2017/07/28 3008.TW 1.000000 1.000000 1.000000 5520.000000 5445.000000 5530.000000 5420.000000 396.000000 126.000000 279.000000 
2017/07/31 3008.TW 1.000000 1.000000 -1.000000 5435.000000 5510.000000 5510.000000 5415.000000 304.000000 182.000000 198.000000 
2017/08/01 3008.TW 1.000000 1.000000 -1.000000 5545.000000 5500.000000 5550.000000 5500.000000 314.000000 203.000000 192.000000 
2017/08/02 3008.TW 1.000000 1.000000 1.000000 5645.000000 5765.000000 5810.000000 5620.000000 695.000000 373.000000 189.000000 
2017/08/03 3008.TW 1.000000 1.000000 1.000000 5750.000000 5705.000000 5750.000000 5655.000000 403.000000 203.000000 279.000000 
2017/08/04 3008.TW 1.000000 1.000000 1.000000 5670.000000 5740.000000 5750.000000 5665.000000 279.000000 180.000000 154.000000 
2017/08/07 3008.TW 1.000000 1.000000 1.000000 5750.000000 5695.000000 5790.000000 5695.000000 240.000000 64.000000 130.000000 
2017/08/08 3008.TW 1.000000 1.000000 1.000000 5760.000000 5650.000000 5760.000000 5650.000000 268.000000 112.000000 176.000000 
2017/08/09 3008.TW 1.000000 1.000000 -1.000000 5615.000000 5540.000000 5640.000000 5540.000000 266.000000 61.000000 164.000000 
2017/08/10 3008.TW 1.000000 1.000000 -1.000000 5545.000000 5380.000000 5550.000000 5350.000000 482.000000 167.000000 264.000000 
2017/08/11 3008.TW 1.000000 1.000000 -1.000000 5410.000000 5565.000000 5565.000000 5410.000000 395.000000 244.000000 154.000000 
2017/08/14 3008.TW 1.000000 1.000000 -1.000000 5635.000000 5510.000000 5640.000000 5490.000000 213.000000 104.000000 85.000000 
2017/08/15 3008.TW 1.000000 1.000000 -1.000000 5625.000000 5600.000000 5670.000000 5580.000000 264.000000 114.000000 66.000000 
2017/08/16 3008.TW -1.000000 1.000000 -1.000000 5560.000000 5565.000000 5635.000000 5560.000000 399.000000 203.000000 241.000000 
2017/08/17 3008.TW -1.000000 1.000000 -1.000000 5525.000000 5540.000000 5565.000000 5525.000000 265.000000 142.000000 109.000000 
2017/08/18 3008.TW 1.000000 1.000000 -1.000000 5485.000000 5530.000000 5565.000000 5480.000000 141.000000 63.000000 75.000000 
2017/08/21 3008.TW 1.000000 1.000000 -1.000000 5520.000000 5565.000000 5590.000000 5505.000000 111.000000 39.000000 51.000000 
2017/08/22 3008.TW 1.000000 1.000000 -1.000000 5575.000000 5605.000000 5645.000000 5575.000000 256.000000 146.000000 110.000000 
2017/08/23 3008.TW 1.000000 1.000000 -1.000000 5640.000000 5680.000000 5685.000000 5640.000000 249.000000 173.000000 75.000000 
2017/08/24 3008.TW 1.000000 1.000000 1.000000 5700.000000 6000.000000 6020.000000 5690.000000 862.000000 630.000000 128.000000 
2017/08/25 3008.TW 1.000000 1.000000 1.000000 6000.000000 6000.000000 6075.000000 5955.000000 484.000000 347.000000 258.000000 
2017/08/28 3008.TW 1.000000 1.000000 1.000000 5995.000000 5825.000000 6015.000000 5820.000000 496.000000 165.000000 401.000000 
2017/08/29 3008.TW 1.000000 1.000000 1.000000 5830.000000 5730.000000 5850.000000 5705.000000 462.000000 116.000000 381.000000 
2017/08/30 3008.TW 1.000000 1.000000 -1.000000 5805.000000 5820.000000 5895.000000 5800.000000 416.000000 223.000000 230.000000 
2017/08/31 3008.TW 1.000000 1.000000 -1.000000 5875.000000 5830.000000 5875.000000 5790.000000 223.000000 130.000000 122.000000 
2017/09/01 3008.TW 1.000000 1.000000 -1.000000 5850.000000 5870.000000 5890.000000 5820.000000 263.000000 129.000000 62.000000 
2017/09/04 3008.TW 1.000000 1.000000 -1.000000 5870.000000 5845.000000 5945.000000 5845.000000 279.000000 75.000000 102.000000 
2017/09/05 3008.TW 1.000000 1.000000 1.000000 5855.000000 5935.000000 5945.000000 5855.000000 291.000000 193.000000 123.000000 
2017/09/06 3008.TW 1.000000 1.000000 1.000000 5980.000000 5895.000000 5995.000000 5850.000000 384.000000 240.000000 177.000000 
2017/09/07 3008.TW 1.000000 1.000000 1.000000 5955.000000 5945.000000 6000.000000 5895.000000 406.000000 287.000000 152.000000 
2017/09/08 3008.TW 1.000000 1.000000 1.000000 5990.000000 5970.000000 5995.000000 5955.000000 266.000000 156.000000 129.000000 
2017/09/11 3008.TW 1.000000 1.000000 -1.000000 5980.000000 5825.000000 5985.000000 5815.000000 321.000000 118.000000 178.000000 
2017/09/12 3008.TW 1.000000 1.000000 -1.000000 5880.000000 5860.000000 5925.000000 5790.000000 389.000000 123.000000 226.000000 
2017/09/13 3008.TW 1.000000 1.000000 -1.000000 5860.000000 5635.000000 5860.000000 5635.000000 777.000000 146.000000 452.000000 
2017/09/14 3008.TW 1.000000 1.000000 -1.000000 5640.000000 5650.000000 5675.000000 5595.000000 524.000000 332.000000 372.000000 
2017/09/15 3008.TW 1.000000 1.000000 -1.000000 5590.000000 5720.000000 5750.000000 5530.000000 655.000000 466.000000 411.000000 
2017/09/18 3008.TW 1.000000 1.000000 -1.000000 5805.000000 5820.000000 5845.000000 5745.000000 376.000000 271.000000 166.000000 
2017/09/19 3008.TW 1.000000 1.000000 -1.000000 5850.000000 5835.000000 5915.000000 5805.000000 416.000000 268.000000 143.000000 
2017/09/20 3008.TW 1.000000 1.000000 -1.000000 5870.000000 5690.000000 5870.000000 5650.000000 501.000000 268.000000 287.000000 
2017/09/21 3008.TW -1.000000 1.000000 -1.000000 5605.000000 5700.000000 5730.000000 5590.000000 517.000000 116.000000 351.000000 
2017/09/22 3008.TW -1.000000 1.000000 -1.000000 5650.000000 5365.000000 5720.000000 5365.000000 851.000000 204.000000 531.000000 
2017/09/25 3008.TW -1.000000 1.000000 -1.000000 5300.000000 5330.000000 5475.000000 5260.000000 993.000000 364.000000 596.000000 
2017/09/26 3008.TW -1.000000 1.000000 -1.000000 5300.000000 5115.000000 5350.000000 5115.000000 1093.000000 462.000000 792.000000 
2017/09/27 3008.TW -1.000000 1.000000 -1.000000 5300.000000 5400.000000 5450.000000 5300.000000 926.000000 515.000000 438.000000 
2017/09/28 3008.TW -1.000000 1.000000 -1.000000 5475.000000 5370.000000 5475.000000 5345.000000 557.000000 370.000000 329.000000 
2017/09/29 3008.TW -1.000000 1.000000 -1.000000 5335.000000 5330.000000 5390.000000 5300.000000 464.000000 276.000000 293.000000 
2017/09/30 3008.TW -1.000000 1.000000 -1.000000 5380.000000 5375.000000 5470.000000 5375.000000 116.000000 7.000000 20.000000 
2017/10/02 3008.TW -1.000000 1.000000 -1.000000 5410.000000 5455.000000 5570.000000 5410.000000 404.000000 169.000000 211.000000 
2017/10/03 3008.TW -1.000000 1.000000 1.000000 5490.000000 5545.000000 5550.000000 5440.000000 368.000000 192.000000 239.000000 
2017/10/05 3008.TW -1.000000 1.000000 1.000000 5610.000000 5590.000000 5640.000000 5570.000000 248.000000 126.000000 140.000000 
2017/10/06 3008.TW -1.000000 1.000000 1.000000 5590.000000 5490.000000 5635.000000 5430.000000 445.000000 232.000000 213.000000 
2017/10/11 3008.TW -1.000000 1.000000 -1.000000 5570.000000 5420.000000 5600.000000 5420.000000 381.000000 223.000000 230.000000 
2017/10/12 3008.TW -1.000000 1.000000 1.000000 5495.000000 5635.000000 5660.000000 5495.000000 550.000000 297.000000 251.000000 
2017/10/13 3008.TW -1.000000 -1.000000 1.000000 5505.000000 5550.000000 5600.000000 5495.000000 755.000000 431.000000 453.000000 
2017/10/16 3008.TW 1.000000 1.000000 1.000000 5590.000000 5775.000000 5775.000000 5575.000000 689.000000 419.000000 175.000000 
2017/10/17 3008.TW 1.000000 1.000000 1.000000 5800.000000 5725.000000 5850.000000 5690.000000 621.000000 443.000000 322.000000 
2017/10/18 3008.TW -1.000000 1.000000 1.000000 5760.000000 5595.000000 5765.000000 5555.000000 593.000000 275.000000 285.000000 
2017/10/19 3008.TW -1.000000 1.000000 1.000000 5625.000000 5745.000000 5745.000000 5610.000000 329.000000 209.000000 110.000000 
2017/10/20 3008.TW -1.000000 1.000000 1.000000 5635.000000 5575.000000 5675.000000 5570.000000 424.000000 167.000000 269.000000 
2017/10/23 3008.TW -1.000000 1.000000 -1.000000 5640.000000 5530.000000 5640.000000 5515.000000 316.000000 167.000000 215.000000 
2017/10/24 3008.TW 1.000000 1.000000 -1.000000 5580.000000 5590.000000 5625.000000 5520.000000 221.000000 113.000000 102.000000 
2017/10/25 3008.TW 1.000000 1.000000 1.000000 5610.000000 5630.000000 5635.000000 5570.000000 178.000000 109.000000 68.000000 
2017/10/26 3008.TW 1.000000 1.000000 1.000000 5645.000000 5565.000000 5715.000000 5565.000000 287.000000 102.000000 156.000000 
2017/10/27 3008.TW 1.000000 -1.000000 1.000000 5625.000000 5555.000000 5695.000000 5550.000000 224.000000 58.000000 52.000000 
2017/10/30 3008.TW 1.000000 1.000000 1.000000 5700.000000 5730.000000 5800.000000 5680.000000 678.000000 326.000000 165.000000 
2017/10/31 3008.TW 1.000000 -1.000000 1.000000 5755.000000 5715.000000 5795.000000 5700.000000 263.000000 114.000000 116.000000 
2017/11/01 3008.TW 1.000000 1.000000 1.000000 5790.000000 5780.000000 5800.000000 5750.000000 212.000000 146.000000 73.000000 
2017/11/02 3008.TW 1.000000 1.000000 1.000000 5750.000000 5775.000000 5775.000000 5730.000000 165.000000 114.000000 99.000000 
2017/11/03 3008.TW 1.000000 1.000000 1.000000 5830.000000 5985.000000 5995.000000 5830.000000 854.000000 591.000000 359.000000 
2017/11/06 3008.TW 1.000000 1.000000 1.000000 5950.000000 5875.000000 5950.000000 5825.000000 463.000000 290.000000 207.000000 
2017/11/07 3008.TW 1.000000 1.000000 1.000000 5930.000000 5885.000000 5930.000000 5870.000000 314.000000 227.000000 266.000000 
2017/11/08 3008.TW 1.000000 1.000000 1.000000 5895.000000 5905.000000 5990.000000 5885.000000 330.000000 153.000000 188.000000 
2017/11/09 3008.TW 1.000000 1.000000 1.000000 5880.000000 5755.000000 5940.000000 5720.000000 757.000000 589.000000 615.000000 
2017/11/10 3008.TW 1.000000 1.000000 -1.000000 5750.000000 5740.000000 5775.000000 5670.000000 280.000000 85.000000 157.000000 
2017/11/13 3008.TW -1.000000 1.000000 -1.000000 5740.000000 5700.000000 5760.000000 5685.000000 185.000000 125.000000 122.000000 
2017/11/14 3008.TW -1.000000 1.000000 -1.000000 5685.000000 5585.000000 5700.000000 5570.000000 291.000000 75.000000 163.000000 
2017/11/15 3008.TW 1.000000 1.000000 -1.000000 5570.000000 5630.000000 5640.000000 5545.000000 287.000000 156.000000 161.000000 
2017/11/16 3008.TW -1.000000 -1.000000 -1.000000 5610.000000 5600.000000 5660.000000 5560.000000 180.000000 106.000000 88.000000 
2017/11/17 3008.TW -1.000000 -1.000000 -1.000000 5680.000000 5555.000000 5680.000000 5550.000000 290.000000 110.000000 223.000000 
2017/11/20 3008.TW 1.000000 -1.000000 -1.000000 5560.000000 5550.000000 5625.000000 5505.000000 274.000000 171.000000 204.000000 
2017/11/21 3008.TW -1.000000 -1.000000 -1.000000 5595.000000 5515.000000 5600.000000 5500.000000 424.000000 201.000000 347.000000 
2017/11/22 3008.TW -1.000000 -1.000000 -1.000000 5570.000000 5555.000000 5615.000000 5520.000000 594.000000 270.000000 340.000000 
2017/11/23 3008.TW -1.000000 -1.000000 -1.000000 5620.000000 5535.000000 5620.000000 5535.000000 235.000000 97.000000 129.000000 
2017/11/24 3008.TW 1.000000 -1.000000 -1.000000 5570.000000 5580.000000 5590.000000 5540.000000 182.000000 105.000000 128.000000 
2017/11/27 3008.TW -1.000000 -1.000000 -1.000000 5610.000000 5330.000000 5625.000000 5320.000000 627.000000 215.000000 385.000000 
2017/11/28 3008.TW -1.000000 -1.000000 -1.000000 5330.000000 5340.000000 5405.000000 5180.000000 779.000000 347.000000 314.000000 
2017/11/29 3008.TW -1.000000 -1.000000 -1.000000 5380.000000 5240.000000 5415.000000 5220.000000 382.000000 136.000000 238.000000 
2017/11/30 3008.TW -1.000000 -1.000000 -1.000000 5110.000000 5140.000000 5240.000000 5100.000000 803.000000 492.000000 517.000000 
